2026-05-02 13:58:57 | INFO    | dpfl | Experiment start: algorithm=dp_fedavg, dataset=mnist, model=mlp, device=cuda
2026-05-02 13:58:57 | INFO    | dpfl | Config: nodes=500, attackers=150, rounds=300, noise_mode=post_training, attack=scale
2026-05-02 13:58:57 | INFO    | dpfl.data.mnist_dataset | Loading MNIST dataset...
2026-05-02 13:58:57 | INFO    | dpfl.data.mnist_dataset | MNIST loaded: 60000 train, 10000 test samples
2026-05-02 14:00:42 | INFO    | dpfl.core.base_simulator | Vectorized state ready: param_spec.D=50890, X_test=(10000, 1, 28, 28), train clients N=500, max_n_samples=120
2026-05-02 14:00:42 | INFO    | dpfl.core.base_simulator | Setup complete: 500 nodes (150 attackers), param_dim=50890, split=iid
2026-05-02 14:00:42 | DEBUG   | dpfl.core.base_simulator | Attacker IDs: {0, 1, 2, 3, 4, 5, 6, 7, 8, 9, 10, 11, 12, 13, 14, 15, 16, 17, 18, 19, 20, 21, 22, 23, 24, 25, 26, 27, 28, 29, 30, 31, 32, 33, 34, 35, 36, 37, 38, 39, 40, 41, 42, 43, 44, 45, 46, 47, 48, 49, 50, 51, 52, 53, 54, 55, 56, 57, 58, 59, 60, 61, 62, 63, 64, 65, 66, 67, 68, 69, 70, 71, 72, 73, 74, 75, 76, 77, 78, 79, 80, 81, 82, 83, 84, 85, 86, 87, 88, 89, 90, 91, 92, 93, 94, 95, 96, 97, 98, 99, 100, 101, 102, 103, 104, 105, 106, 107, 108, 109, 110, 111, 112, 113, 114, 115, 116, 117, 118, 119, 120, 121, 122, 123, 124, 125, 126, 127, 128, 129, 130, 131, 132, 133, 134, 135, 136, 137, 138, 139, 140, 141, 142, 143, 144, 145, 146, 147, 148, 149}
2026-05-02 14:00:42 | INFO    | dpfl.algorithms.fedavg.simulator | FedAvg data_sizes set: min=120, max=120, total=60000
2026-05-02 14:00:43 | INFO    | dpfl.core.base_simulator | Round   1/300 | Acc: 0.1089 | Loss: 2.3332 | eps: 6.34 | P: 1.00 R: 0.00 F1: 0.00
2026-05-02 14:00:43 | DEBUG   | dpfl.core.base_simulator | Update norms — honest: ['2.63', '2.65', '2.65', '2.63', '2.65'], attacker: ['2.63', '2.65', '2.64', '2.65', '2.64']
2026-05-02 14:00:43 | INFO    | dpfl.core.base_simulator | Round   2/300 | Acc: 0.1171 | Loss: 2.3275 | eps: 7.53 | P: 1.00 R: 0.00 F1: 0.00
2026-05-02 14:00:43 | DEBUG   | dpfl.core.base_simulator | Update norms — honest: ['2.65', '2.63', '2.64', '2.63', '2.64'], attacker: ['2.64', '2.64', '2.64', '2.63', '2.65']
2026-05-02 14:00:43 | INFO    | dpfl.core.base_simulator | Round   3/300 | Acc: 0.1245 | Loss: 2.3228 | eps: 8.01 | P: 1.00 R: 0.00 F1: 0.00
2026-05-02 14:00:43 | DEBUG   | dpfl.core.base_simulator | Update norms — honest: ['2.65', '2.63', '2.64', '2.63', '2.64'], attacker: ['2.64', '2.64', '2.64', '2.66', '2.65']
2026-05-02 14:00:44 | INFO    | dpfl.core.base_simulator | Round   4/300 | Acc: 0.1340 | Loss: 2.3148 | eps: 8.50 | P: 1.00 R: 0.00 F1: 0.00
2026-05-02 14:00:44 | DEBUG   | dpfl.core.base_simulator | Update norms — honest: ['2.64', '2.65', '2.64', '2.64', '2.65'], attacker: ['2.64', '2.64', '2.64', '2.66', '2.64']
2026-05-02 14:00:44 | INFO    | dpfl.core.base_simulator | Round   5/300 | Acc: 0.1418 | Loss: 2.3064 | eps: 8.99 | P: 1.00 R: 0.00 F1: 0.00
2026-05-02 14:00:44 | DEBUG   | dpfl.core.base_simulator | Update norms — honest: ['2.62', '2.64', '2.63', '2.63', '2.64'], attacker: ['2.64', '2.63', '2.64', '2.64', '2.64']
2026-05-02 14:00:44 | INFO    | dpfl.core.base_simulator | Round   6/300 | Acc: 0.1477 | Loss: 2.2993 | eps: 9.47 | P: 1.00 R: 0.00 F1: 0.00
2026-05-02 14:00:44 | DEBUG   | dpfl.core.base_simulator | Update norms — honest: ['2.63', '2.62', '2.63', '2.64', '2.65'], attacker: ['2.63', '2.64', '2.63', '2.64', '2.64']
2026-05-02 14:00:44 | INFO    | dpfl.core.base_simulator | Round   7/300 | Acc: 0.1549 | Loss: 2.2908 | eps: 9.96 | P: 1.00 R: 0.00 F1: 0.00
2026-05-02 14:00:44 | DEBUG   | dpfl.core.base_simulator | Update norms — honest: ['2.64', '2.63', '2.63', '2.64', '2.64'], attacker: ['2.64', '2.64', '2.64', '2.64', '2.63']
2026-05-02 14:00:45 | INFO    | dpfl.core.base_simulator | Round   8/300 | Acc: 0.1602 | Loss: 2.2843 | eps: 10.45 | P: 1.00 R: 0.00 F1: 0.00
2026-05-02 14:00:45 | DEBUG   | dpfl.core.base_simulator | Update norms — honest: ['2.64', '2.63', '2.65', '2.64', '2.64'], attacker: ['2.63', '2.63', '2.65', '2.63', '2.65']
2026-05-02 14:00:45 | INFO    | dpfl.core.base_simulator | Round   9/300 | Acc: 0.1669 | Loss: 2.2766 | eps: 10.93 | P: 1.00 R: 0.00 F1: 0.00
2026-05-02 14:00:45 | DEBUG   | dpfl.core.base_simulator | Update norms — honest: ['2.64', '2.64', '2.63', '2.64', '2.64'], attacker: ['2.62', '2.64', '2.65', '2.63', '2.64']
2026-05-02 14:00:45 | INFO    | dpfl.core.base_simulator | Round  10/300 | Acc: 0.1723 | Loss: 2.2686 | eps: 11.38 | P: 1.00 R: 0.00 F1: 0.00
2026-05-02 14:00:45 | DEBUG   | dpfl.core.base_simulator | Update norms — honest: ['2.64', '2.63', '2.64', '2.64', '2.64'], attacker: ['2.64', '2.65', '2.64', '2.63', '2.64']
2026-05-02 14:00:46 | INFO    | dpfl.core.base_simulator | Round  11/300 | Acc: 0.1783 | Loss: 2.2600 | eps: 11.51 | P: 1.00 R: 0.00 F1: 0.00
2026-05-02 14:00:46 | DEBUG   | dpfl.core.base_simulator | Update norms — honest: ['2.64', '2.63', '2.62', '2.64', '2.63'], attacker: ['2.62', '2.65', '2.63', '2.63', '2.64']
2026-05-02 14:00:46 | INFO    | dpfl.core.base_simulator | Round  12/300 | Acc: 0.1846 | Loss: 2.2517 | eps: 11.64 | P: 1.00 R: 0.00 F1: 0.00
2026-05-02 14:00:46 | DEBUG   | dpfl.core.base_simulator | Update norms — honest: ['2.65', '2.64', '2.63', '2.63', '2.66'], attacker: ['2.65', '2.64', '2.65', '2.64', '2.64']
2026-05-02 14:00:46 | INFO    | dpfl.core.base_simulator | Round  13/300 | Acc: 0.1909 | Loss: 2.2428 | eps: 11.76 | P: 1.00 R: 0.00 F1: 0.00
2026-05-02 14:00:46 | DEBUG   | dpfl.core.base_simulator | Update norms — honest: ['2.64', '2.66', '2.63', '2.62', '2.63'], attacker: ['2.65', '2.64', '2.64', '2.63', '2.64']
2026-05-02 14:00:47 | INFO    | dpfl.core.base_simulator | Round  14/300 | Acc: 0.1961 | Loss: 2.2331 | eps: 11.89 | P: 1.00 R: 0.00 F1: 0.00
2026-05-02 14:00:47 | DEBUG   | dpfl.core.base_simulator | Update norms — honest: ['2.65', '2.66', '2.64', '2.65', '2.65'], attacker: ['2.64', '2.65', '2.64', '2.64', '2.63']
2026-05-02 14:00:47 | INFO    | dpfl.core.base_simulator | Round  15/300 | Acc: 0.2006 | Loss: 2.2251 | eps: 12.01 | P: 1.00 R: 0.00 F1: 0.00
2026-05-02 14:00:47 | DEBUG   | dpfl.core.base_simulator | Update norms — honest: ['2.64', '2.63', '2.64', '2.64', '2.63'], attacker: ['2.64', '2.63', '2.63', '2.63', '2.63']
2026-05-02 14:00:47 | INFO    | dpfl.core.base_simulator | Round  16/300 | Acc: 0.2063 | Loss: 2.2167 | eps: 12.14 | P: 1.00 R: 0.00 F1: 0.00
2026-05-02 14:00:47 | DEBUG   | dpfl.core.base_simulator | Update norms — honest: ['2.65', '2.64', '2.65', '2.64', '2.65'], attacker: ['2.65', '2.62', '2.64', '2.65', '2.66']
2026-05-02 14:00:48 | INFO    | dpfl.core.base_simulator | Round  17/300 | Acc: 0.2128 | Loss: 2.2076 | eps: 12.26 | P: 1.00 R: 0.00 F1: 0.00
2026-05-02 14:00:48 | DEBUG   | dpfl.core.base_simulator | Update norms — honest: ['2.64', '2.64', '2.64', '2.63', '2.64'], attacker: ['2.64', '2.63', '2.62', '2.64', '2.64']
2026-05-02 14:00:48 | INFO    | dpfl.core.base_simulator | Round  18/300 | Acc: 0.2189 | Loss: 2.1979 | eps: 12.39 | P: 1.00 R: 0.00 F1: 0.00
2026-05-02 14:00:48 | DEBUG   | dpfl.core.base_simulator | Update norms — honest: ['2.64', '2.63', '2.65', '2.63', '2.65'], attacker: ['2.64', '2.62', '2.63', '2.65', '2.63']
2026-05-02 14:00:48 | INFO    | dpfl.core.base_simulator | Round  19/300 | Acc: 0.2245 | Loss: 2.1889 | eps: 12.52 | P: 1.00 R: 0.00 F1: 0.00
2026-05-02 14:00:48 | DEBUG   | dpfl.core.base_simulator | Update norms — honest: ['2.63', '2.63', '2.65', '2.64', '2.66'], attacker: ['2.63', '2.63', '2.64', '2.64', '2.65']
2026-05-02 14:00:48 | INFO    | dpfl.core.base_simulator | Round  20/300 | Acc: 0.2282 | Loss: 2.1808 | eps: 12.64 | P: 1.00 R: 0.00 F1: 0.00
2026-05-02 14:00:48 | DEBUG   | dpfl.core.base_simulator | Update norms — honest: ['2.65', '2.64', '2.64', '2.64', '2.65'], attacker: ['2.64', '2.63', '2.63', '2.65', '2.64']
2026-05-02 14:00:49 | INFO    | dpfl.core.base_simulator | Round  21/300 | Acc: 0.2333 | Loss: 2.1714 | eps: 12.77 | P: 1.00 R: 0.00 F1: 0.00
2026-05-02 14:00:49 | DEBUG   | dpfl.core.base_simulator | Update norms — honest: ['2.65', '2.65', '2.62', '2.64', '2.63'], attacker: ['2.64', '2.65', '2.65', '2.64', '2.64']
2026-05-02 14:00:49 | INFO    | dpfl.core.base_simulator | Round  22/300 | Acc: 0.2395 | Loss: 2.1606 | eps: 12.89 | P: 1.00 R: 0.00 F1: 0.00
2026-05-02 14:00:49 | DEBUG   | dpfl.core.base_simulator | Update norms — honest: ['2.63', '2.63', '2.64', '2.63', '2.64'], attacker: ['2.64', '2.65', '2.63', '2.64', '2.64']
2026-05-02 14:00:49 | INFO    | dpfl.core.base_simulator | Round  23/300 | Acc: 0.2448 | Loss: 2.1501 | eps: 13.02 | P: 1.00 R: 0.00 F1: 0.00
2026-05-02 14:00:49 | DEBUG   | dpfl.core.base_simulator | Update norms — honest: ['2.62', '2.65', '2.62', '2.63', '2.65'], attacker: ['2.63', '2.65', '2.64', '2.64', '2.64']
2026-05-02 14:00:50 | INFO    | dpfl.core.base_simulator | Round  24/300 | Acc: 0.2510 | Loss: 2.1395 | eps: 13.14 | P: 1.00 R: 0.00 F1: 0.00
2026-05-02 14:00:50 | DEBUG   | dpfl.core.base_simulator | Update norms — honest: ['2.65', '2.63', '2.64', '2.64', '2.64'], attacker: ['2.63', '2.64', '2.64', '2.65', '2.64']
2026-05-02 14:00:50 | INFO    | dpfl.core.base_simulator | Round  25/300 | Acc: 0.2564 | Loss: 2.1290 | eps: 13.27 | P: 1.00 R: 0.00 F1: 0.00
2026-05-02 14:00:50 | DEBUG   | dpfl.core.base_simulator | Update norms — honest: ['2.65', '2.65', '2.63', '2.63', '2.65'], attacker: ['2.65', '2.63', '2.63', '2.64', '2.64']
2026-05-02 14:00:50 | INFO    | dpfl.core.base_simulator | Round  26/300 | Acc: 0.2615 | Loss: 2.1192 | eps: 13.40 | P: 1.00 R: 0.00 F1: 0.00
2026-05-02 14:00:50 | DEBUG   | dpfl.core.base_simulator | Update norms — honest: ['2.64', '2.64', '2.63', '2.63', '2.63'], attacker: ['2.62', '2.65', '2.64', '2.63', '2.65']
2026-05-02 14:00:51 | INFO    | dpfl.core.base_simulator | Round  27/300 | Acc: 0.2670 | Loss: 2.1102 | eps: 13.52 | P: 1.00 R: 0.00 F1: 0.00
2026-05-02 14:00:51 | DEBUG   | dpfl.core.base_simulator | Update norms — honest: ['2.65', '2.65', '2.64', '2.64', '2.64'], attacker: ['2.64', '2.65', '2.65', '2.64', '2.65']
2026-05-02 14:00:51 | INFO    | dpfl.core.base_simulator | Round  28/300 | Acc: 0.2709 | Loss: 2.1001 | eps: 13.65 | P: 1.00 R: 0.00 F1: 0.00
2026-05-02 14:00:51 | DEBUG   | dpfl.core.base_simulator | Update norms — honest: ['2.64', '2.63', '2.63', '2.63', '2.64'], attacker: ['2.65', '2.65', '2.63', '2.66', '2.63']
2026-05-02 14:00:51 | INFO    | dpfl.core.base_simulator | Round  29/300 | Acc: 0.2746 | Loss: 2.0909 | eps: 13.77 | P: 1.00 R: 0.00 F1: 0.00
2026-05-02 14:00:51 | DEBUG   | dpfl.core.base_simulator | Update norms — honest: ['2.63', '2.64', '2.64', '2.65', '2.64'], attacker: ['2.65', '2.64', '2.64', '2.64', '2.63']
2026-05-02 14:00:52 | INFO    | dpfl.core.base_simulator | Round  30/300 | Acc: 0.2793 | Loss: 2.0823 | eps: 13.90 | P: 1.00 R: 0.00 F1: 0.00
2026-05-02 14:00:52 | DEBUG   | dpfl.core.base_simulator | Update norms — honest: ['2.63', '2.65', '2.63', '2.65', '2.64'], attacker: ['2.66', '2.64', '2.64', '2.64', '2.64']
2026-05-02 14:00:52 | INFO    | dpfl.core.base_simulator | Round  31/300 | Acc: 0.2854 | Loss: 2.0703 | eps: 14.02 | P: 1.00 R: 0.00 F1: 0.00
2026-05-02 14:00:52 | DEBUG   | dpfl.core.base_simulator | Update norms — honest: ['2.64', '2.65', '2.64', '2.64', '2.65'], attacker: ['2.65', '2.65', '2.65', '2.65', '2.64']
2026-05-02 14:00:52 | INFO    | dpfl.core.base_simulator | Round  32/300 | Acc: 0.2900 | Loss: 2.0620 | eps: 14.15 | P: 1.00 R: 0.00 F1: 0.00
2026-05-02 14:00:52 | DEBUG   | dpfl.core.base_simulator | Update norms — honest: ['2.64', '2.64', '2.64', '2.63', '2.63'], attacker: ['2.65', '2.65', '2.62', '2.63', '2.63']
2026-05-02 14:00:52 | INFO    | dpfl.core.base_simulator | Round  33/300 | Acc: 0.2943 | Loss: 2.0528 | eps: 14.28 | P: 1.00 R: 0.00 F1: 0.00
2026-05-02 14:00:52 | DEBUG   | dpfl.core.base_simulator | Update norms — honest: ['2.65', '2.65', '2.65', '2.64', '2.63'], attacker: ['2.64', '2.63', '2.64', '2.64', '2.66']
2026-05-02 14:00:53 | INFO    | dpfl.core.base_simulator | Round  34/300 | Acc: 0.2983 | Loss: 2.0449 | eps: 14.40 | P: 1.00 R: 0.00 F1: 0.00
2026-05-02 14:00:53 | DEBUG   | dpfl.core.base_simulator | Update norms — honest: ['2.65', '2.63', '2.64', '2.64', '2.65'], attacker: ['2.64', '2.64', '2.64', '2.64', '2.64']
2026-05-02 14:00:53 | INFO    | dpfl.core.base_simulator | Round  35/300 | Acc: 0.3028 | Loss: 2.0351 | eps: 14.53 | P: 1.00 R: 0.00 F1: 0.00
2026-05-02 14:00:53 | DEBUG   | dpfl.core.base_simulator | Update norms — honest: ['2.63', '2.63', '2.64', '2.64', '2.63'], attacker: ['2.65', '2.64', '2.64', '2.63', '2.64']
2026-05-02 14:00:53 | INFO    | dpfl.core.base_simulator | Round  36/300 | Acc: 0.3060 | Loss: 2.0268 | eps: 14.65 | P: 1.00 R: 0.00 F1: 0.00
2026-05-02 14:00:53 | DEBUG   | dpfl.core.base_simulator | Update norms — honest: ['2.64', '2.63', '2.65', '2.63', '2.63'], attacker: ['2.63', '2.65', '2.63', '2.64', '2.62']
2026-05-02 14:00:54 | INFO    | dpfl.core.base_simulator | Round  37/300 | Acc: 0.3097 | Loss: 2.0173 | eps: 14.78 | P: 1.00 R: 0.00 F1: 0.00
2026-05-02 14:00:54 | DEBUG   | dpfl.core.base_simulator | Update norms — honest: ['2.62', '2.64', '2.64', '2.65', '2.64'], attacker: ['2.64', '2.64', '2.63', '2.63', '2.63']
2026-05-02 14:00:54 | INFO    | dpfl.core.base_simulator | Round  38/300 | Acc: 0.3139 | Loss: 2.0092 | eps: 14.91 | P: 1.00 R: 0.00 F1: 0.00
2026-05-02 14:00:54 | DEBUG   | dpfl.core.base_simulator | Update norms — honest: ['2.64', '2.65', '2.63', '2.64', '2.64'], attacker: ['2.64', '2.63', '2.63', '2.63', '2.65']
2026-05-02 14:00:54 | INFO    | dpfl.core.base_simulator | Round  39/300 | Acc: 0.3168 | Loss: 2.0026 | eps: 15.03 | P: 1.00 R: 0.00 F1: 0.00
2026-05-02 14:00:54 | DEBUG   | dpfl.core.base_simulator | Update norms — honest: ['2.64', '2.64', '2.64', '2.64', '2.64'], attacker: ['2.63', '2.62', '2.62', '2.66', '2.64']
2026-05-02 14:00:55 | INFO    | dpfl.core.base_simulator | Round  40/300 | Acc: 0.3214 | Loss: 1.9917 | eps: 15.16 | P: 1.00 R: 0.00 F1: 0.00
2026-05-02 14:00:55 | DEBUG   | dpfl.core.base_simulator | Update norms — honest: ['2.64', '2.64', '2.64', '2.63', '2.64'], attacker: ['2.64', '2.65', '2.64', '2.64', '2.64']
2026-05-02 14:00:55 | INFO    | dpfl.core.base_simulator | Round  41/300 | Acc: 0.3257 | Loss: 1.9842 | eps: 15.28 | P: 1.00 R: 0.00 F1: 0.00
2026-05-02 14:00:55 | DEBUG   | dpfl.core.base_simulator | Update norms — honest: ['2.63', '2.63', '2.65', '2.64', '2.64'], attacker: ['2.63', '2.63', '2.64', '2.64', '2.64']
2026-05-02 14:00:55 | INFO    | dpfl.core.base_simulator | Round  42/300 | Acc: 0.3300 | Loss: 1.9772 | eps: 15.41 | P: 1.00 R: 0.00 F1: 0.00
2026-05-02 14:00:55 | DEBUG   | dpfl.core.base_simulator | Update norms — honest: ['2.64', '2.64', '2.64', '2.64', '2.64'], attacker: ['2.65', '2.64', '2.63', '2.65', '2.65']
2026-05-02 14:00:56 | INFO    | dpfl.core.base_simulator | Round  43/300 | Acc: 0.3343 | Loss: 1.9669 | eps: 15.53 | P: 1.00 R: 0.00 F1: 0.00
2026-05-02 14:00:56 | DEBUG   | dpfl.core.base_simulator | Update norms — honest: ['2.63', '2.64', '2.65', '2.62', '2.64'], attacker: ['2.65', '2.64', '2.63', '2.64', '2.64']
2026-05-02 14:00:56 | INFO    | dpfl.core.base_simulator | Round  44/300 | Acc: 0.3373 | Loss: 1.9585 | eps: 15.66 | P: 1.00 R: 0.00 F1: 0.00
2026-05-02 14:00:56 | DEBUG   | dpfl.core.base_simulator | Update norms — honest: ['2.65', '2.64', '2.64', '2.62', '2.63'], attacker: ['2.66', '2.64', '2.63', '2.62', '2.63']
2026-05-02 14:00:56 | INFO    | dpfl.core.base_simulator | Round  45/300 | Acc: 0.3399 | Loss: 1.9531 | eps: 15.79 | P: 1.00 R: 0.00 F1: 0.00
2026-05-02 14:00:56 | DEBUG   | dpfl.core.base_simulator | Update norms — honest: ['2.63', '2.63', '2.66', '2.65', '2.63'], attacker: ['2.62', '2.63', '2.63', '2.64', '2.64']
2026-05-02 14:00:56 | INFO    | dpfl.core.base_simulator | Round  46/300 | Acc: 0.3426 | Loss: 1.9482 | eps: 15.91 | P: 1.00 R: 0.00 F1: 0.00
2026-05-02 14:00:56 | DEBUG   | dpfl.core.base_simulator | Update norms — honest: ['2.64', '2.64', '2.65', '2.63', '2.63'], attacker: ['2.64', '2.63', '2.64', '2.64', '2.63']
2026-05-02 14:00:57 | INFO    | dpfl.core.base_simulator | Round  47/300 | Acc: 0.3455 | Loss: 1.9420 | eps: 16.04 | P: 1.00 R: 0.00 F1: 0.00
2026-05-02 14:00:57 | DEBUG   | dpfl.core.base_simulator | Update norms — honest: ['2.63', '2.65', '2.64', '2.63', '2.63'], attacker: ['2.64', '2.64', '2.65', '2.63', '2.63']
2026-05-02 14:00:57 | WARNING | dpfl.algorithms.fedavg.simulator | Round  47/300 | Budget exceeded (eps=16.04)
2026-05-02 14:00:58 | INFO    | dpfl | Experiment complete in 120.2s
============================================================
REPORT: DP-SGD Decentralized Federated Learning
============================================================
Timestamp:                  20260502_135857
Rounds completed:           47
Attack-active rounds:       0  (from round 50)
Final accuracy:             0.3455
Final test loss:            1.9420
Final epsilon:              16.04
Best alpha:                 2.0
Avg precision:              0.0000
Avg recall:                 0.0000
Avg F1 score:               0.0000
Avg update norm (honest):   2.6393
Avg update norm (attacker): 2.6393
============================================================
