2026-05-01 14:19:16 | INFO    | dpfl | Experiment start: algorithm=dp_fedavg, dataset=mnist, model=mlp, device=cuda
2026-05-01 14:19:16 | INFO    | dpfl | Config: nodes=300, attackers=0, rounds=50, noise_mode=post_training, attack=scale
2026-05-01 14:19:16 | INFO    | dpfl.data.mnist_dataset | Loading MNIST dataset...
2026-05-01 14:19:16 | INFO    | dpfl.data.mnist_dataset | MNIST loaded: 60000 train, 10000 test samples
2026-05-01 14:20:34 | INFO    | dpfl.core.base_simulator | Vectorized state ready: param_spec.D=25450, X_test=(10000, 1, 28, 28), train clients N=300, max_n_samples=7000
2026-05-01 14:20:34 | INFO    | dpfl.core.base_simulator | Setup complete: 300 nodes (0 attackers), param_dim=25450, split=iid
2026-05-01 14:20:34 | DEBUG   | dpfl.core.base_simulator | Attacker IDs: set()
2026-05-01 14:20:34 | INFO    | dpfl.algorithms.fedavg.simulator | FedAvg data_sizes set: min=7000, max=7000, total=2100000
2026-05-01 14:20:34 | INFO    | dpfl.core.base_simulator | Round   1/50 | Acc: 0.0935 | Loss: 2.4365 | eps: 1.09 | P: 1.00 R: 0.00 F1: 0.00
2026-05-01 14:20:34 | DEBUG   | dpfl.core.base_simulator | Update norms — honest: ['5.22', '5.20', '5.26', '5.22', '5.24'], attacker: []
2026-05-01 14:20:35 | INFO    | dpfl.core.base_simulator | Round   2/50 | Acc: 0.0980 | Loss: 2.5145 | eps: 1.27 | P: 1.00 R: 0.00 F1: 0.00
2026-05-01 14:20:35 | DEBUG   | dpfl.core.base_simulator | Update norms — honest: ['5.26', '5.25', '5.23', '5.22', '5.24'], attacker: []
2026-05-01 14:20:35 | INFO    | dpfl.core.base_simulator | Round   3/50 | Acc: 0.1008 | Loss: 2.6021 | eps: 1.38 | P: 1.00 R: 0.00 F1: 0.00
2026-05-01 14:20:35 | DEBUG   | dpfl.core.base_simulator | Update norms — honest: ['5.22', '5.20', '5.23', '5.23', '5.21'], attacker: []
2026-05-01 14:20:36 | INFO    | dpfl.core.base_simulator | Round   4/50 | Acc: 0.1032 | Loss: 2.6864 | eps: 1.44 | P: 1.00 R: 0.00 F1: 0.00
2026-05-01 14:20:36 | DEBUG   | dpfl.core.base_simulator | Update norms — honest: ['5.22', '5.22', '5.20', '5.24', '5.24'], attacker: []
2026-05-01 14:20:36 | INFO    | dpfl.core.base_simulator | Round   5/50 | Acc: 0.1049 | Loss: 2.7767 | eps: 1.49 | P: 1.00 R: 0.00 F1: 0.00
2026-05-01 14:20:36 | DEBUG   | dpfl.core.base_simulator | Update norms — honest: ['5.24', '5.21', '5.25', '5.20', '5.25'], attacker: []
2026-05-01 14:20:36 | INFO    | dpfl.core.base_simulator | Round   6/50 | Acc: 0.1079 | Loss: 2.8730 | eps: 1.55 | P: 1.00 R: 0.00 F1: 0.00
2026-05-01 14:20:36 | DEBUG   | dpfl.core.base_simulator | Update norms — honest: ['5.23', '5.22', '5.20', '5.19', '5.23'], attacker: []
2026-05-01 14:20:37 | INFO    | dpfl.core.base_simulator | Round   7/50 | Acc: 0.1106 | Loss: 2.9627 | eps: 1.60 | P: 1.00 R: 0.00 F1: 0.00
2026-05-01 14:20:37 | DEBUG   | dpfl.core.base_simulator | Update norms — honest: ['5.25', '5.21', '5.23', '5.18', '5.20'], attacker: []
2026-05-01 14:20:37 | INFO    | dpfl.core.base_simulator | Round   8/50 | Acc: 0.1124 | Loss: 3.0437 | eps: 1.66 | P: 1.00 R: 0.00 F1: 0.00
2026-05-01 14:20:37 | DEBUG   | dpfl.core.base_simulator | Update norms — honest: ['5.21', '5.24', '5.25', '5.17', '5.25'], attacker: []
2026-05-01 14:20:37 | INFO    | dpfl.core.base_simulator | Round   9/50 | Acc: 0.1150 | Loss: 3.1196 | eps: 1.71 | P: 1.00 R: 0.00 F1: 0.00
2026-05-01 14:20:37 | DEBUG   | dpfl.core.base_simulator | Update norms — honest: ['5.23', '5.24', '5.21', '5.21', '5.24'], attacker: []
2026-05-01 14:20:38 | INFO    | dpfl.core.base_simulator | Round  10/50 | Acc: 0.1170 | Loss: 3.1929 | eps: 1.77 | P: 1.00 R: 0.00 F1: 0.00
2026-05-01 14:20:38 | DEBUG   | dpfl.core.base_simulator | Update norms — honest: ['5.26', '5.22', '5.17', '5.25', '5.18'], attacker: []
2026-05-01 14:20:38 | INFO    | dpfl.core.base_simulator | Round  11/50 | Acc: 0.1200 | Loss: 3.2503 | eps: 1.82 | P: 1.00 R: 0.00 F1: 0.00
2026-05-01 14:20:38 | DEBUG   | dpfl.core.base_simulator | Update norms — honest: ['5.24', '5.21', '5.23', '5.20', '5.22'], attacker: []
2026-05-01 14:20:38 | INFO    | dpfl.core.base_simulator | Round  12/50 | Acc: 0.1222 | Loss: 3.2989 | eps: 1.88 | P: 1.00 R: 0.00 F1: 0.00
2026-05-01 14:20:38 | DEBUG   | dpfl.core.base_simulator | Update norms — honest: ['5.23', '5.23', '5.22', '5.24', '5.25'], attacker: []
2026-05-01 14:20:39 | INFO    | dpfl.core.base_simulator | Round  13/50 | Acc: 0.1241 | Loss: 3.4013 | eps: 1.94 | P: 1.00 R: 0.00 F1: 0.00
2026-05-01 14:20:39 | DEBUG   | dpfl.core.base_simulator | Update norms — honest: ['5.23', '5.18', '5.21', '5.24', '5.20'], attacker: []
2026-05-01 14:20:39 | INFO    | dpfl.core.base_simulator | Round  14/50 | Acc: 0.1272 | Loss: 3.4590 | eps: 1.99 | P: 1.00 R: 0.00 F1: 0.00
2026-05-01 14:20:39 | DEBUG   | dpfl.core.base_simulator | Update norms — honest: ['5.25', '5.22', '5.23', '5.23', '5.25'], attacker: []
2026-05-01 14:20:40 | INFO    | dpfl.core.base_simulator | Round  15/50 | Acc: 0.1291 | Loss: 3.5384 | eps: 2.05 | P: 1.00 R: 0.00 F1: 0.00
2026-05-01 14:20:40 | DEBUG   | dpfl.core.base_simulator | Update norms — honest: ['5.23', '5.28', '5.26', '5.24', '5.23'], attacker: []
2026-05-01 14:20:40 | INFO    | dpfl.core.base_simulator | Round  16/50 | Acc: 0.1297 | Loss: 3.6210 | eps: 2.10 | P: 1.00 R: 0.00 F1: 0.00
2026-05-01 14:20:40 | DEBUG   | dpfl.core.base_simulator | Update norms — honest: ['5.21', '5.25', '5.22', '5.24', '5.22'], attacker: []
2026-05-01 14:20:40 | INFO    | dpfl.core.base_simulator | Round  17/50 | Acc: 0.1319 | Loss: 3.7012 | eps: 2.16 | P: 1.00 R: 0.00 F1: 0.00
2026-05-01 14:20:40 | DEBUG   | dpfl.core.base_simulator | Update norms — honest: ['5.20', '5.23', '5.20', '5.18', '5.27'], attacker: []
2026-05-01 14:20:41 | INFO    | dpfl.core.base_simulator | Round  18/50 | Acc: 0.1357 | Loss: 3.7815 | eps: 2.21 | P: 1.00 R: 0.00 F1: 0.00
2026-05-01 14:20:41 | DEBUG   | dpfl.core.base_simulator | Update norms — honest: ['5.21', '5.19', '5.19', '5.26', '5.22'], attacker: []
2026-05-01 14:20:41 | INFO    | dpfl.core.base_simulator | Round  19/50 | Acc: 0.1375 | Loss: 3.8461 | eps: 2.27 | P: 1.00 R: 0.00 F1: 0.00
2026-05-01 14:20:41 | DEBUG   | dpfl.core.base_simulator | Update norms — honest: ['5.21', '5.27', '5.25', '5.25', '5.28'], attacker: []
2026-05-01 14:20:41 | INFO    | dpfl.core.base_simulator | Round  20/50 | Acc: 0.1374 | Loss: 3.9160 | eps: 2.32 | P: 1.00 R: 0.00 F1: 0.00
2026-05-01 14:20:41 | DEBUG   | dpfl.core.base_simulator | Update norms — honest: ['5.22', '5.21', '5.23', '5.19', '5.20'], attacker: []
2026-05-01 14:20:42 | INFO    | dpfl.core.base_simulator | Round  21/50 | Acc: 0.1390 | Loss: 3.9999 | eps: 2.36 | P: 1.00 R: 0.00 F1: 0.00
2026-05-01 14:20:42 | DEBUG   | dpfl.core.base_simulator | Update norms — honest: ['5.22', '5.18', '5.21', '5.23', '5.21'], attacker: []
2026-05-01 14:20:42 | INFO    | dpfl.core.base_simulator | Round  22/50 | Acc: 0.1411 | Loss: 4.0782 | eps: 2.39 | P: 1.00 R: 0.00 F1: 0.00
2026-05-01 14:20:42 | DEBUG   | dpfl.core.base_simulator | Update norms — honest: ['5.16', '5.22', '5.21', '5.21', '5.23'], attacker: []
2026-05-01 14:20:43 | INFO    | dpfl.core.base_simulator | Round  23/50 | Acc: 0.1418 | Loss: 4.1301 | eps: 2.42 | P: 1.00 R: 0.00 F1: 0.00
2026-05-01 14:20:43 | DEBUG   | dpfl.core.base_simulator | Update norms — honest: ['5.25', '5.27', '5.24', '5.21', '5.24'], attacker: []
2026-05-01 14:20:43 | INFO    | dpfl.core.base_simulator | Round  24/50 | Acc: 0.1424 | Loss: 4.2246 | eps: 2.45 | P: 1.00 R: 0.00 F1: 0.00
2026-05-01 14:20:43 | DEBUG   | dpfl.core.base_simulator | Update norms — honest: ['5.20', '5.20', '5.25', '5.23', '5.20'], attacker: []
2026-05-01 14:20:43 | INFO    | dpfl.core.base_simulator | Round  25/50 | Acc: 0.1430 | Loss: 4.2983 | eps: 2.48 | P: 1.00 R: 0.00 F1: 0.00
2026-05-01 14:20:43 | DEBUG   | dpfl.core.base_simulator | Update norms — honest: ['5.21', '5.29', '5.21', '5.22', '5.21'], attacker: []
2026-05-01 14:20:44 | INFO    | dpfl.core.base_simulator | Round  26/50 | Acc: 0.1449 | Loss: 4.3755 | eps: 2.51 | P: 1.00 R: 0.00 F1: 0.00
2026-05-01 14:20:44 | DEBUG   | dpfl.core.base_simulator | Update norms — honest: ['5.19', '5.22', '5.19', '5.20', '5.16'], attacker: []
2026-05-01 14:20:44 | INFO    | dpfl.core.base_simulator | Round  27/50 | Acc: 0.1466 | Loss: 4.4499 | eps: 2.54 | P: 1.00 R: 0.00 F1: 0.00
2026-05-01 14:20:44 | DEBUG   | dpfl.core.base_simulator | Update norms — honest: ['5.20', '5.22', '5.23', '5.21', '5.23'], attacker: []
2026-05-01 14:20:44 | INFO    | dpfl.core.base_simulator | Round  28/50 | Acc: 0.1477 | Loss: 4.5094 | eps: 2.56 | P: 1.00 R: 0.00 F1: 0.00
2026-05-01 14:20:44 | DEBUG   | dpfl.core.base_simulator | Update norms — honest: ['5.25', '5.23', '5.21', '5.18', '5.24'], attacker: []
2026-05-01 14:20:45 | INFO    | dpfl.core.base_simulator | Round  29/50 | Acc: 0.1492 | Loss: 4.5672 | eps: 2.59 | P: 1.00 R: 0.00 F1: 0.00
2026-05-01 14:20:45 | DEBUG   | dpfl.core.base_simulator | Update norms — honest: ['5.21', '5.21', '5.21', '5.20', '5.22'], attacker: []
2026-05-01 14:20:45 | INFO    | dpfl.core.base_simulator | Round  30/50 | Acc: 0.1521 | Loss: 4.6203 | eps: 2.62 | P: 1.00 R: 0.00 F1: 0.00
2026-05-01 14:20:45 | DEBUG   | dpfl.core.base_simulator | Update norms — honest: ['5.27', '5.22', '5.20', '5.19', '5.20'], attacker: []
2026-05-01 14:20:45 | INFO    | dpfl.core.base_simulator | Round  31/50 | Acc: 0.1528 | Loss: 4.6705 | eps: 2.65 | P: 1.00 R: 0.00 F1: 0.00
2026-05-01 14:20:45 | DEBUG   | dpfl.core.base_simulator | Update norms — honest: ['5.19', '5.19', '5.23', '5.25', '5.22'], attacker: []
2026-05-01 14:20:46 | INFO    | dpfl.core.base_simulator | Round  32/50 | Acc: 0.1535 | Loss: 4.7510 | eps: 2.68 | P: 1.00 R: 0.00 F1: 0.00
2026-05-01 14:20:46 | DEBUG   | dpfl.core.base_simulator | Update norms — honest: ['5.23', '5.24', '5.22', '5.18', '5.19'], attacker: []
2026-05-01 14:20:46 | INFO    | dpfl.core.base_simulator | Round  33/50 | Acc: 0.1541 | Loss: 4.8176 | eps: 2.71 | P: 1.00 R: 0.00 F1: 0.00
2026-05-01 14:20:46 | DEBUG   | dpfl.core.base_simulator | Update norms — honest: ['5.25', '5.22', '5.20', '5.22', '5.24'], attacker: []
2026-05-01 14:20:46 | INFO    | dpfl.core.base_simulator | Round  34/50 | Acc: 0.1552 | Loss: 4.8696 | eps: 2.74 | P: 1.00 R: 0.00 F1: 0.00
2026-05-01 14:20:46 | DEBUG   | dpfl.core.base_simulator | Update norms — honest: ['5.20', '5.19', '5.22', '5.21', '5.23'], attacker: []
2026-05-01 14:20:47 | INFO    | dpfl.core.base_simulator | Round  35/50 | Acc: 0.1553 | Loss: 4.9187 | eps: 2.76 | P: 1.00 R: 0.00 F1: 0.00
2026-05-01 14:20:47 | DEBUG   | dpfl.core.base_simulator | Update norms — honest: ['5.23', '5.22', '5.23', '5.21', '5.19'], attacker: []
2026-05-01 14:20:47 | INFO    | dpfl.core.base_simulator | Round  36/50 | Acc: 0.1562 | Loss: 4.9965 | eps: 2.79 | P: 1.00 R: 0.00 F1: 0.00
2026-05-01 14:20:47 | DEBUG   | dpfl.core.base_simulator | Update norms — honest: ['5.22', '5.22', '5.23', '5.19', '5.21'], attacker: []
2026-05-01 14:20:47 | INFO    | dpfl.core.base_simulator | Round  37/50 | Acc: 0.1577 | Loss: 5.0708 | eps: 2.82 | P: 1.00 R: 0.00 F1: 0.00
2026-05-01 14:20:47 | DEBUG   | dpfl.core.base_simulator | Update norms — honest: ['5.18', '5.28', '5.23', '5.21', '5.21'], attacker: []
2026-05-01 14:20:48 | INFO    | dpfl.core.base_simulator | Round  38/50 | Acc: 0.1585 | Loss: 5.1445 | eps: 2.85 | P: 1.00 R: 0.00 F1: 0.00
2026-05-01 14:20:48 | DEBUG   | dpfl.core.base_simulator | Update norms — honest: ['5.21', '5.22', '5.20', '5.23', '5.21'], attacker: []
2026-05-01 14:20:48 | INFO    | dpfl.core.base_simulator | Round  39/50 | Acc: 0.1597 | Loss: 5.2185 | eps: 2.88 | P: 1.00 R: 0.00 F1: 0.00
2026-05-01 14:20:48 | DEBUG   | dpfl.core.base_simulator | Update norms — honest: ['5.27', '5.29', '5.23', '5.23', '5.28'], attacker: []
2026-05-01 14:20:49 | INFO    | dpfl.core.base_simulator | Round  40/50 | Acc: 0.1599 | Loss: 5.2886 | eps: 2.91 | P: 1.00 R: 0.00 F1: 0.00
2026-05-01 14:20:49 | DEBUG   | dpfl.core.base_simulator | Update norms — honest: ['5.21', '5.22', '5.21', '5.21', '5.26'], attacker: []
2026-05-01 14:20:49 | INFO    | dpfl.core.base_simulator | Round  41/50 | Acc: 0.1598 | Loss: 5.3809 | eps: 2.94 | P: 1.00 R: 0.00 F1: 0.00
2026-05-01 14:20:49 | DEBUG   | dpfl.core.base_simulator | Update norms — honest: ['5.20', '5.24', '5.26', '5.21', '5.29'], attacker: []
2026-05-01 14:20:49 | INFO    | dpfl.core.base_simulator | Round  42/50 | Acc: 0.1614 | Loss: 5.4332 | eps: 2.96 | P: 1.00 R: 0.00 F1: 0.00
2026-05-01 14:20:49 | DEBUG   | dpfl.core.base_simulator | Update norms — honest: ['5.21', '5.24', '5.22', '5.19', '5.24'], attacker: []
2026-05-01 14:20:50 | INFO    | dpfl.core.base_simulator | Round  43/50 | Acc: 0.1629 | Loss: 5.5296 | eps: 2.99 | P: 1.00 R: 0.00 F1: 0.00
2026-05-01 14:20:50 | DEBUG   | dpfl.core.base_simulator | Update norms — honest: ['5.24', '5.24', '5.22', '5.24', '5.21'], attacker: []
2026-05-01 14:20:50 | INFO    | dpfl.core.base_simulator | Round  44/50 | Acc: 0.1648 | Loss: 5.5703 | eps: 3.02 | P: 1.00 R: 0.00 F1: 0.00
2026-05-01 14:20:50 | DEBUG   | dpfl.core.base_simulator | Update norms — honest: ['5.21', '5.22', '5.25', '5.25', '5.25'], attacker: []
2026-05-01 14:20:50 | INFO    | dpfl.core.base_simulator | Round  45/50 | Acc: 0.1653 | Loss: 5.6027 | eps: 3.05 | P: 1.00 R: 0.00 F1: 0.00
2026-05-01 14:20:50 | DEBUG   | dpfl.core.base_simulator | Update norms — honest: ['5.24', '5.19', '5.18', '5.22', '5.22'], attacker: []
2026-05-01 14:20:51 | INFO    | dpfl.core.base_simulator | Round  46/50 | Acc: 0.1665 | Loss: 5.6707 | eps: 3.08 | P: 1.00 R: 0.00 F1: 0.00
2026-05-01 14:20:51 | DEBUG   | dpfl.core.base_simulator | Update norms — honest: ['5.20', '5.21', '5.24', '5.24', '5.25'], attacker: []
2026-05-01 14:20:51 | INFO    | dpfl.core.base_simulator | Round  47/50 | Acc: 0.1671 | Loss: 5.7594 | eps: 3.11 | P: 1.00 R: 0.00 F1: 0.00
2026-05-01 14:20:51 | DEBUG   | dpfl.core.base_simulator | Update norms — honest: ['5.22', '5.24', '5.21', '5.23', '5.21'], attacker: []
2026-05-01 14:20:51 | INFO    | dpfl.core.base_simulator | Round  48/50 | Acc: 0.1678 | Loss: 5.8110 | eps: 3.14 | P: 1.00 R: 0.00 F1: 0.00
2026-05-01 14:20:51 | DEBUG   | dpfl.core.base_simulator | Update norms — honest: ['5.23', '5.20', '5.23', '5.25', '5.21'], attacker: []
2026-05-01 14:20:52 | INFO    | dpfl.core.base_simulator | Round  49/50 | Acc: 0.1685 | Loss: 5.8927 | eps: 3.17 | P: 1.00 R: 0.00 F1: 0.00
2026-05-01 14:20:52 | DEBUG   | dpfl.core.base_simulator | Update norms — honest: ['5.25', '5.22', '5.22', '5.24', '5.20'], attacker: []
2026-05-01 14:20:52 | INFO    | dpfl.core.base_simulator | Round  50/50 | Acc: 0.1698 | Loss: 5.9635 | eps: 3.19 | P: 1.00 R: 0.00 F1: 0.00
2026-05-01 14:20:52 | DEBUG   | dpfl.core.base_simulator | Update norms — honest: ['5.25', '5.24', '5.21', '5.16', '5.22'], attacker: []
2026-05-01 14:20:53 | INFO    | dpfl | Experiment complete in 96.5s
============================================================
REPORT: DP-SGD Decentralized Federated Learning
============================================================
Timestamp:                  20260501_141916
Rounds completed:           50
Attack-active rounds:       0  (from round 99999)
Final accuracy:             0.1698
Final test loss:            5.9635
Final epsilon:              3.19
Best alpha:                 6.0
Avg precision:              0.0000
Avg recall:                 0.0000
Avg F1 score:               0.0000
Avg update norm (honest):   5.2257
Avg update norm (attacker): 0.0000
============================================================
