2026-05-01 17:06:52 | INFO    | dpfl | Experiment start: algorithm=dp_fedavg, dataset=femnist, model=lenet5, device=cuda
2026-05-01 17:06:52 | INFO    | dpfl | Config: nodes=300, attackers=0, rounds=300, noise_mode=post_training, attack=scale
2026-05-01 17:06:52 | INFO    | dpfl.data.femnist_dataset | Loading FEMNIST (EMNIST byclass) dataset...
2026-05-01 17:06:53 | INFO    | dpfl.data.femnist_dataset | FEMNIST loaded: 697932 train, 116323 test samples
2026-05-01 17:12:31 | INFO    | dpfl.core.base_simulator | Vectorized state ready: param_spec.D=66126, X_test=(116323, 1, 28, 28), train clients N=300, max_n_samples=12000
2026-05-01 17:12:31 | INFO    | dpfl.core.base_simulator | Setup complete: 300 nodes (0 attackers), param_dim=66126, split=iid
2026-05-01 17:12:31 | DEBUG   | dpfl.core.base_simulator | Attacker IDs: set()
2026-05-01 17:12:31 | INFO    | dpfl.algorithms.fedavg.simulator | FedAvg data_sizes set: min=12000, max=12000, total=3600000
2026-05-01 17:13:26 | INFO    | dpfl.core.base_simulator | Round   1/300 | Acc: 0.0126 | Loss: 4.1350 | eps: 2.13 | P: 1.00 R: 0.00 F1: 0.00
2026-05-01 17:13:26 | DEBUG   | dpfl.core.base_simulator | Update norms — honest: ['7.72', '7.72', '7.72', '7.72', '7.72'], attacker: []
2026-05-01 17:14:13 | INFO    | dpfl.core.base_simulator | Round   2/300 | Acc: 0.0164 | Loss: 4.1293 | eps: 2.50 | P: 1.00 R: 0.00 F1: 0.00
2026-05-01 17:14:13 | DEBUG   | dpfl.core.base_simulator | Update norms — honest: ['7.69', '7.72', '7.70', '7.68', '7.68'], attacker: []
2026-05-01 17:14:56 | INFO    | dpfl.core.base_simulator | Round   3/300 | Acc: 0.0194 | Loss: 4.1234 | eps: 2.64 | P: 1.00 R: 0.00 F1: 0.00
2026-05-01 17:14:56 | DEBUG   | dpfl.core.base_simulator | Update norms — honest: ['7.73', '7.70', '7.70', '7.74', '7.70'], attacker: []
2026-05-01 17:15:40 | INFO    | dpfl.core.base_simulator | Round   4/300 | Acc: 0.0212 | Loss: 4.1221 | eps: 2.77 | P: 1.00 R: 0.00 F1: 0.00
2026-05-01 17:15:40 | DEBUG   | dpfl.core.base_simulator | Update norms — honest: ['7.72', '7.74', '7.72', '7.70', '7.73'], attacker: []
2026-05-01 17:16:23 | INFO    | dpfl.core.base_simulator | Round   5/300 | Acc: 0.0216 | Loss: 4.1270 | eps: 2.90 | P: 1.00 R: 0.00 F1: 0.00
2026-05-01 17:16:23 | DEBUG   | dpfl.core.base_simulator | Update norms — honest: ['7.69', '7.74', '7.72', '7.68', '7.66'], attacker: []
2026-05-01 17:17:07 | INFO    | dpfl.core.base_simulator | Round   6/300 | Acc: 0.0225 | Loss: 4.1456 | eps: 3.03 | P: 1.00 R: 0.00 F1: 0.00
2026-05-01 17:17:07 | DEBUG   | dpfl.core.base_simulator | Update norms — honest: ['7.73', '7.74', '7.69', '7.67', '7.73'], attacker: []
2026-05-01 17:17:44 | INFO    | dpfl.core.base_simulator | Round   7/300 | Acc: 0.0224 | Loss: 4.1698 | eps: 3.16 | P: 1.00 R: 0.00 F1: 0.00
2026-05-01 17:17:44 | DEBUG   | dpfl.core.base_simulator | Update norms — honest: ['7.72', '7.73', '7.75', '7.69', '7.71'], attacker: []
2026-05-01 17:18:21 | INFO    | dpfl.core.base_simulator | Round   8/300 | Acc: 0.0243 | Loss: 4.2152 | eps: 3.29 | P: 1.00 R: 0.00 F1: 0.00
2026-05-01 17:18:21 | DEBUG   | dpfl.core.base_simulator | Update norms — honest: ['7.72', '7.74', '7.72', '7.71', '7.73'], attacker: []
2026-05-01 17:18:59 | INFO    | dpfl.core.base_simulator | Round   9/300 | Acc: 0.0242 | Loss: 4.2813 | eps: 3.42 | P: 1.00 R: 0.00 F1: 0.00
2026-05-01 17:18:59 | DEBUG   | dpfl.core.base_simulator | Update norms — honest: ['7.71', '7.68', '7.70', '7.71', '7.73'], attacker: []
2026-05-01 17:19:51 | INFO    | dpfl.core.base_simulator | Round  10/300 | Acc: 0.0232 | Loss: 4.3757 | eps: 3.55 | P: 1.00 R: 0.00 F1: 0.00
2026-05-01 17:19:51 | DEBUG   | dpfl.core.base_simulator | Update norms — honest: ['7.68', '7.71', '7.71', '7.74', '7.74'], attacker: []
2026-05-01 17:20:36 | INFO    | dpfl.core.base_simulator | Round  11/300 | Acc: 0.0239 | Loss: 4.5022 | eps: 3.68 | P: 1.00 R: 0.00 F1: 0.00
2026-05-01 17:20:36 | DEBUG   | dpfl.core.base_simulator | Update norms — honest: ['7.71', '7.70', '7.73', '7.75', '7.76'], attacker: []
2026-05-01 17:21:19 | INFO    | dpfl.core.base_simulator | Round  12/300 | Acc: 0.0235 | Loss: 4.6720 | eps: 3.79 | P: 1.00 R: 0.00 F1: 0.00
2026-05-01 17:21:19 | DEBUG   | dpfl.core.base_simulator | Update norms — honest: ['7.69', '7.71', '7.72', '7.69', '7.74'], attacker: []
2026-05-01 17:22:03 | INFO    | dpfl.core.base_simulator | Round  13/300 | Acc: 0.0245 | Loss: 4.8618 | eps: 3.85 | P: 1.00 R: 0.00 F1: 0.00
2026-05-01 17:22:03 | DEBUG   | dpfl.core.base_simulator | Update norms — honest: ['7.73', '7.73', '7.73', '7.72', '7.74'], attacker: []
