2026-05-01 03:46:05 | INFO    | dpfl | Experiment start: algorithm=noise_game, dataset=mnist, model=mlp, device=cuda
2026-05-01 03:46:05 | INFO    | dpfl | Config: nodes=300, attackers=60, rounds=50, noise_mode=none, attack=scale
2026-05-01 03:46:05 | INFO    | dpfl.data.mnist_dataset | Loading MNIST dataset...
2026-05-01 03:46:05 | INFO    | dpfl.data.mnist_dataset | MNIST loaded: 60000 train, 10000 test samples
2026-05-01 03:46:24 | INFO    | dpfl.core.base_simulator | Vectorized state ready: param_spec.D=25450, X_test=(10000, 1, 28, 28), train clients N=300, max_n_samples=1200
2026-05-01 03:46:24 | INFO    | dpfl.core.base_simulator | Setup complete: 300 nodes (60 attackers), param_dim=25450, split=iid
2026-05-01 03:46:24 | DEBUG   | dpfl.core.base_simulator | Attacker IDs: {0, 1, 2, 3, 4, 5, 6, 7, 8, 9, 10, 11, 12, 13, 14, 15, 16, 17, 18, 19, 20, 21, 22, 23, 24, 25, 26, 27, 28, 29, 30, 31, 32, 33, 34, 35, 36, 37, 38, 39, 40, 41, 42, 43, 44, 45, 46, 47, 48, 49, 50, 51, 52, 53, 54, 55, 56, 57, 58, 59}
2026-05-01 03:46:45 | INFO    | dpfl.core.base_simulator | Round   1/50 | Acc: 0.1557 | Loss: 2.2106 | eps_max: 4.99 eps_avg: 1.37 | P: 0.00 R: 0.00 F1: 0.00
2026-05-01 03:46:45 | DEBUG   | dpfl.core.base_simulator | Update norms — honest: ['1.56', '1.57', '1.56', '1.55', '1.54'], attacker: ['0.11', '0.10', '0.11', '0.11', '0.11']
2026-05-01 03:47:07 | INFO    | dpfl.core.base_simulator | Round   2/50 | Acc: 0.2570 | Loss: 2.0944 | eps_max: 5.10 eps_avg: 2.36 | P: 0.00 R: 0.00 F1: 0.00
2026-05-01 03:47:07 | DEBUG   | dpfl.core.base_simulator | Update norms — honest: ['1.54', '1.54', '1.55', '1.55', '2.28'], attacker: ['0.10', '0.10', '0.10', '0.10', '0.10']
2026-05-01 03:47:31 | INFO    | dpfl.core.base_simulator | Round   3/50 | Acc: 0.3371 | Loss: 1.9721 | eps_max: 5.20 eps_avg: 3.21 | P: 0.00 R: 0.00 F1: 0.00
2026-05-01 03:47:31 | DEBUG   | dpfl.core.base_simulator | Update norms — honest: ['1.53', '2.64', '1.51', '1.52', '2.59'], attacker: ['0.11', '0.10', '0.11', '0.11', '0.11']
2026-05-01 03:47:55 | INFO    | dpfl.core.base_simulator | Round   4/50 | Acc: 0.3983 | Loss: 1.8518 | eps_max: 5.34 eps_avg: 3.80 | P: 0.00 R: 0.00 F1: 0.00
2026-05-01 03:47:55 | DEBUG   | dpfl.core.base_simulator | Update norms — honest: ['2.63', '3.83', '1.48', '1.50', '1.51'], attacker: ['0.11', '0.11', '0.11', '0.11', '0.11']
2026-05-01 03:48:16 | INFO    | dpfl.core.base_simulator | Round   5/50 | Acc: 0.4526 | Loss: 1.7344 | eps_max: 5.45 eps_avg: 4.13 | P: 0.00 R: 0.00 F1: 0.00
2026-05-01 03:48:16 | DEBUG   | dpfl.core.base_simulator | Update norms — honest: ['3.84', '3.85', '1.48', '1.97', '2.64'], attacker: ['0.11', '0.11', '0.11', '0.11', '0.11']
2026-05-01 03:48:38 | INFO    | dpfl.core.base_simulator | Round   6/50 | Acc: 0.5046 | Loss: 1.6338 | eps_max: 5.62 eps_avg: 4.40 | P: 0.00 R: 0.00 F1: 0.00
2026-05-01 03:48:38 | DEBUG   | dpfl.core.base_simulator | Update norms — honest: ['4.94', '4.73', '2.57', '2.64', '2.36'], attacker: ['0.10', '0.11', '0.11', '0.11', '0.11']
2026-05-01 03:49:01 | INFO    | dpfl.core.base_simulator | Round   7/50 | Acc: 0.5545 | Loss: 1.5317 | eps_max: 5.67 eps_avg: 4.65 | P: 0.00 R: 0.00 F1: 0.00
2026-05-01 03:49:01 | DEBUG   | dpfl.core.base_simulator | Update norms — honest: ['3.67', '3.39', '3.97', '2.24', '4.89'], attacker: ['0.10', '0.10', '0.11', '0.10', '0.11']
2026-05-01 03:49:26 | INFO    | dpfl.core.base_simulator | Round   8/50 | Acc: 0.5845 | Loss: 1.4561 | eps_max: 5.75 eps_avg: 4.94 | P: 0.00 R: 0.00 F1: 0.00
2026-05-01 03:49:26 | DEBUG   | dpfl.core.base_simulator | Update norms — honest: ['1.44', '1.43', '4.75', '2.21', '3.98'], attacker: ['0.10', '0.10', '0.10', '0.10', '0.11']
2026-05-01 03:49:50 | INFO    | dpfl.core.base_simulator | Round   9/50 | Acc: 0.6005 | Loss: 1.4140 | eps_max: 5.99 eps_avg: 5.02 | P: 0.00 R: 0.00 F1: 0.00
2026-05-01 03:49:50 | DEBUG   | dpfl.core.base_simulator | Update norms — honest: ['5.36', '4.58', '2.12', '4.99', '3.60'], attacker: ['0.10', '0.10', '0.10', '0.10', '0.10']
2026-05-01 03:50:12 | INFO    | dpfl.core.base_simulator | Round  10/50 | Acc: 0.6165 | Loss: 1.3686 | eps_max: 6.28 eps_avg: 5.17 | P: 0.00 R: 0.00 F1: 0.00
2026-05-01 03:50:12 | DEBUG   | dpfl.core.base_simulator | Update norms — honest: ['4.86', '3.93', '4.60', '3.89', '2.44'], attacker: ['0.09', '0.09', '0.10', '0.09', '0.10']
2026-05-01 03:50:33 | INFO    | dpfl.core.base_simulator | Round  11/50 | Acc: 0.6264 | Loss: 1.3159 | eps_max: 6.28 eps_avg: 5.27 | P: 0.00 R: 0.00 F1: 0.00
2026-05-01 03:50:33 | DEBUG   | dpfl.core.base_simulator | Update norms — honest: ['2.56', '2.55', '6.74', '3.73', '2.18'], attacker: ['0.09', '0.09', '0.09', '0.09', '0.09']
2026-05-01 03:50:57 | INFO    | dpfl.core.base_simulator | Round  12/50 | Acc: 0.6268 | Loss: 1.3077 | eps_max: 6.29 eps_avg: 5.38 | P: 0.00 R: 0.00 F1: 0.00
2026-05-01 03:50:57 | DEBUG   | dpfl.core.base_simulator | Update norms — honest: ['3.55', '7.17', '4.41', '3.57', '5.35'], attacker: ['0.08', '0.08', '0.09', '0.08', '0.09']
2026-05-01 03:51:22 | INFO    | dpfl.core.base_simulator | Round  13/50 | Acc: 0.6267 | Loss: 1.2987 | eps_max: 6.57 eps_avg: 5.55 | P: 0.00 R: 0.00 F1: 0.00
2026-05-01 03:51:22 | DEBUG   | dpfl.core.base_simulator | Update norms — honest: ['8.53', '6.01', '3.61', '7.11', '3.75'], attacker: ['0.08', '0.08', '0.08', '0.08', '0.08']
2026-05-01 03:51:44 | INFO    | dpfl.core.base_simulator | Round  14/50 | Acc: 0.6250 | Loss: 1.3200 | eps_max: 6.73 eps_avg: 5.63 | P: 0.00 R: 0.00 F1: 0.00
2026-05-01 03:51:44 | DEBUG   | dpfl.core.base_simulator | Update norms — honest: ['3.66', '4.79', '6.72', '4.83', '4.91'], attacker: ['0.07', '0.07', '0.08', '0.08', '0.08']
2026-05-01 03:52:07 | INFO    | dpfl.core.base_simulator | Round  15/50 | Acc: 0.6171 | Loss: 1.3735 | eps_max: 6.99 eps_avg: 5.75 | P: 0.00 R: 0.00 F1: 0.00
2026-05-01 03:52:07 | DEBUG   | dpfl.core.base_simulator | Update norms — honest: ['7.78', '5.55', '3.74', '4.76', '3.55'], attacker: ['0.07', '0.07', '0.07', '0.07', '0.07']
2026-05-01 03:52:28 | INFO    | dpfl.core.base_simulator | Round  16/50 | Acc: 0.6171 | Loss: 1.3828 | eps_max: 7.33 eps_avg: 5.84 | P: 0.00 R: 0.00 F1: 0.00
2026-05-01 03:52:28 | DEBUG   | dpfl.core.base_simulator | Update norms — honest: ['4.50', '5.12', '5.69', '6.84', '4.79'], attacker: ['0.07', '0.07', '0.07', '0.07', '0.07']
2026-05-01 03:52:49 | INFO    | dpfl.core.base_simulator | Round  17/50 | Acc: 0.6139 | Loss: 1.4461 | eps_max: 7.39 eps_avg: 5.94 | P: 0.00 R: 0.00 F1: 0.00
2026-05-01 03:52:49 | DEBUG   | dpfl.core.base_simulator | Update norms — honest: ['4.54', '8.32', '6.13', '7.73', '4.79'], attacker: ['0.06', '0.06', '0.06', '0.06', '0.07']
2026-05-01 03:53:13 | INFO    | dpfl.core.base_simulator | Round  18/50 | Acc: 0.6072 | Loss: 1.5408 | eps_max: 7.91 eps_avg: 6.08 | P: 0.00 R: 0.00 F1: 0.00
2026-05-01 03:53:13 | DEBUG   | dpfl.core.base_simulator | Update norms — honest: ['4.65', '6.46', '5.76', '7.62', '3.98'], attacker: ['0.06', '0.06', '0.06', '0.06', '0.07']
2026-05-01 03:53:38 | INFO    | dpfl.core.base_simulator | Round  19/50 | Acc: 0.5932 | Loss: 1.6743 | eps_max: 8.01 eps_avg: 6.24 | P: 0.00 R: 0.00 F1: 0.00
2026-05-01 03:53:38 | DEBUG   | dpfl.core.base_simulator | Update norms — honest: ['7.15', '6.37', '4.27', '7.25', '1.86'], attacker: ['0.06', '0.06', '0.06', '0.06', '0.06']
2026-05-01 03:53:40 | INFO    | dpfl.core.base_simulator | Round  20/50 | Acc: 0.5881 | Loss: 1.8161 | eps_max: 8.36 eps_avg: 6.41 | P: 0.00 R: 0.00 F1: 0.00
2026-05-01 03:53:40 | DEBUG   | dpfl.core.base_simulator | Update norms — honest: ['9.63', '7.71', '6.92', '5.26', '6.30'], attacker: ['0.05', '0.05', '0.05', '0.06', '0.06']
2026-05-01 03:53:43 | INFO    | dpfl.core.base_simulator | Round  21/50 | Acc: 0.5745 | Loss: 1.9335 | eps_max: 8.61 eps_avg: 6.57 | P: 0.53 R: 0.90 F1: 0.67
2026-05-01 03:53:43 | DEBUG   | dpfl.core.base_simulator | Update norms — honest: ['6.77', '9.44', '6.33', '8.47', '5.33'], attacker: ['0.53', '0.53', '0.53', '0.55', '0.57']
2026-05-01 03:53:45 | INFO    | dpfl.core.base_simulator | Round  22/50 | Acc: 0.5466 | Loss: 2.2038 | eps_max: 8.68 eps_avg: 6.75 | P: 0.52 R: 0.90 F1: 0.66
2026-05-01 03:53:45 | DEBUG   | dpfl.core.base_simulator | Update norms — honest: ['6.98', '7.50', '3.87', '6.47', '6.60'], attacker: ['0.76', '0.79', '0.81', '0.79', '0.82']
2026-05-01 03:53:47 | INFO    | dpfl.core.base_simulator | Round  23/50 | Acc: 0.5188 | Loss: 2.7134 | eps_max: 8.72 eps_avg: 6.89 | P: 0.56 R: 0.90 F1: 0.69
2026-05-01 03:53:47 | DEBUG   | dpfl.core.base_simulator | Update norms — honest: ['5.41', '6.87', '5.30', '8.95', '6.47'], attacker: ['1.00', '1.00', '1.00', '1.00', '1.00']
2026-05-01 03:53:49 | INFO    | dpfl.core.base_simulator | Round  24/50 | Acc: 0.5152 | Loss: 3.0591 | eps_max: 8.90 eps_avg: 7.04 | P: 0.56 R: 0.90 F1: 0.69
2026-05-01 03:53:49 | DEBUG   | dpfl.core.base_simulator | Update norms — honest: ['7.96', '7.46', '10.08', '7.41', '9.00'], attacker: ['1.00', '1.00', '1.00', '1.00', '1.00']
2026-05-01 03:53:51 | INFO    | dpfl.core.base_simulator | Round  25/50 | Acc: 0.4954 | Loss: 3.8721 | eps_max: 9.14 eps_avg: 7.23 | P: 0.47 R: 0.90 F1: 0.62
2026-05-01 03:53:51 | DEBUG   | dpfl.core.base_simulator | Update norms — honest: ['8.34', '5.96', '9.55', '5.37', '9.30'], attacker: ['1.00', '1.00', '1.00', '1.00', '1.00']
2026-05-01 03:53:53 | INFO    | dpfl.core.base_simulator | Round  26/50 | Acc: 0.5246 | Loss: 3.4832 | eps_max: 9.48 eps_avg: 7.35 | P: 0.59 R: 0.91 F1: 0.72
2026-05-01 03:53:53 | DEBUG   | dpfl.core.base_simulator | Update norms — honest: ['5.38', '4.30', '6.14', '7.50', '1.83'], attacker: ['1.00', '1.00', '1.00', '1.00', '1.00']
2026-05-01 03:53:55 | INFO    | dpfl.core.base_simulator | Round  27/50 | Acc: 0.5039 | Loss: 3.9700 | eps_max: 10.01 eps_avg: 7.50 | P: 0.51 R: 0.90 F1: 0.65
2026-05-01 03:53:55 | DEBUG   | dpfl.core.base_simulator | Update norms — honest: ['6.83', '4.71', '8.26', '8.07', '4.79'], attacker: ['1.00', '1.00', '1.00', '1.00', '1.00']
2026-05-01 03:53:57 | INFO    | dpfl.core.base_simulator | Round  28/50 | Acc: 0.5258 | Loss: 3.7484 | eps_max: 10.01 eps_avg: 7.61 | P: 0.61 R: 0.90 F1: 0.73
2026-05-01 03:53:57 | DEBUG   | dpfl.core.base_simulator | Update norms — honest: ['6.63', '1.10', '6.94', '6.81', '3.76'], attacker: ['1.00', '1.00', '1.00', '1.00', '1.00']
2026-05-01 03:53:59 | INFO    | dpfl.core.base_simulator | Round  29/50 | Acc: 0.5103 | Loss: 4.3687 | eps_max: 10.45 eps_avg: 7.80 | P: 0.49 R: 0.90 F1: 0.63
2026-05-01 03:53:59 | DEBUG   | dpfl.core.base_simulator | Update norms — honest: ['3.12', '8.59', '8.44', '7.79', '1.62'], attacker: ['1.00', '1.00', '1.00', '1.00', '1.00']
2026-05-01 03:54:02 | INFO    | dpfl.core.base_simulator | Round  30/50 | Acc: 0.5035 | Loss: 4.6577 | eps_max: 10.45 eps_avg: 7.96 | P: 0.49 R: 0.90 F1: 0.63
2026-05-01 03:54:02 | DEBUG   | dpfl.core.base_simulator | Update norms — honest: ['7.63', '5.22', '5.08', '3.64', '3.39'], attacker: ['1.00', '1.00', '1.00', '1.00', '1.00']
2026-05-01 03:54:04 | INFO    | dpfl.core.base_simulator | Round  31/50 | Acc: 0.4949 | Loss: 5.1631 | eps_max: 10.67 eps_avg: 8.14 | P: 0.48 R: 0.90 F1: 0.63
2026-05-01 03:54:04 | DEBUG   | dpfl.core.base_simulator | Update norms — honest: ['1.76', '4.63', '8.11', '5.76', '9.42'], attacker: ['1.00', '1.00', '1.00', '1.00', '1.00']
2026-05-01 03:54:06 | INFO    | dpfl.core.base_simulator | Round  32/50 | Acc: 0.5132 | Loss: 5.1944 | eps_max: 11.43 eps_avg: 8.30 | P: 0.55 R: 0.90 F1: 0.69
2026-05-01 03:54:06 | DEBUG   | dpfl.core.base_simulator | Update norms — honest: ['3.41', '6.80', '7.86', '1.56', '4.82'], attacker: ['1.00', '1.00', '1.00', '1.00', '1.00']
2026-05-01 03:54:08 | INFO    | dpfl.core.base_simulator | Round  33/50 | Acc: 0.5101 | Loss: 5.1982 | eps_max: 11.43 eps_avg: 8.48 | P: 0.52 R: 0.90 F1: 0.66
2026-05-01 03:54:08 | DEBUG   | dpfl.core.base_simulator | Update norms — honest: ['8.43', '5.37', '9.40', '5.47', '3.28'], attacker: ['1.00', '1.00', '1.00', '1.00', '1.00']
2026-05-01 03:54:11 | INFO    | dpfl.core.base_simulator | Round  34/50 | Acc: 0.5158 | Loss: 5.7448 | eps_max: 12.14 eps_avg: 8.65 | P: 0.52 R: 0.90 F1: 0.66
2026-05-01 03:54:11 | DEBUG   | dpfl.core.base_simulator | Update norms — honest: ['7.49', '3.67', '8.60', '5.21', '8.42'], attacker: ['1.00', '1.00', '1.00', '1.00', '1.00']
2026-05-01 03:54:13 | INFO    | dpfl.core.base_simulator | Round  35/50 | Acc: 0.5158 | Loss: 5.8685 | eps_max: 12.48 eps_avg: 8.87 | P: 0.52 R: 0.90 F1: 0.66
2026-05-01 03:54:13 | DEBUG   | dpfl.core.base_simulator | Update norms — honest: ['10.18', '7.76', '7.33', '3.35', '8.53'], attacker: ['1.00', '1.00', '1.00', '1.00', '1.00']
2026-05-01 03:54:15 | INFO    | dpfl.core.base_simulator | Round  36/50 | Acc: 0.5215 | Loss: 6.1920 | eps_max: 12.48 eps_avg: 9.11 | P: 0.53 R: 0.90 F1: 0.67
2026-05-01 03:54:15 | DEBUG   | dpfl.core.base_simulator | Update norms — honest: ['8.49', '8.28', '11.25', '5.80', '2.91'], attacker: ['1.00', '1.00', '1.00', '1.00', '1.00']
2026-05-01 03:54:17 | INFO    | dpfl.core.base_simulator | Round  37/50 | Acc: 0.5363 | Loss: 5.7486 | eps_max: 12.55 eps_avg: 9.30 | P: 0.58 R: 0.90 F1: 0.71
2026-05-01 03:54:17 | DEBUG   | dpfl.core.base_simulator | Update norms — honest: ['9.45', '9.24', '9.61', '4.89', '10.06'], attacker: ['1.00', '1.00', '1.00', '1.00', '1.00']
2026-05-01 03:54:19 | INFO    | dpfl.core.base_simulator | Round  38/50 | Acc: 0.5334 | Loss: 6.4722 | eps_max: 13.06 eps_avg: 9.51 | P: 0.56 R: 0.90 F1: 0.69
2026-05-01 03:54:19 | DEBUG   | dpfl.core.base_simulator | Update norms — honest: ['9.51', '10.92', '5.25', '4.98', '5.79'], attacker: ['1.00', '1.00', '1.00', '1.00', '1.00']
2026-05-01 03:54:22 | INFO    | dpfl.core.base_simulator | Round  39/50 | Acc: 0.5145 | Loss: 6.8685 | eps_max: 13.11 eps_avg: 9.85 | P: 0.46 R: 0.90 F1: 0.61
2026-05-01 03:54:22 | DEBUG   | dpfl.core.base_simulator | Update norms — honest: ['8.79', '9.50', '8.30', '6.57', '9.15'], attacker: ['1.00', '1.00', '1.00', '1.00', '1.00']
2026-05-01 03:54:24 | INFO    | dpfl.core.base_simulator | Round  40/50 | Acc: 0.5248 | Loss: 7.2620 | eps_max: 13.11 eps_avg: 10.09 | P: 0.54 R: 0.90 F1: 0.67
2026-05-01 03:54:24 | DEBUG   | dpfl.core.base_simulator | Update norms — honest: ['8.48', '2.41', '11.34', '8.11', '7.41'], attacker: ['1.00', '1.00', '1.00', '1.00', '1.00']
2026-05-01 03:54:26 | INFO    | dpfl.core.base_simulator | Round  41/50 | Acc: 0.5320 | Loss: 7.2215 | eps_max: 13.61 eps_avg: 10.36 | P: 0.52 R: 0.90 F1: 0.66
2026-05-01 03:54:26 | DEBUG   | dpfl.core.base_simulator | Update norms — honest: ['9.87', '11.63', '9.90', '10.34', '1.64'], attacker: ['1.00', '1.00', '1.00', '1.00', '1.00']
2026-05-01 03:54:28 | INFO    | dpfl.core.base_simulator | Round  42/50 | Acc: 0.5213 | Loss: 8.5035 | eps_max: 14.17 eps_avg: 10.63 | P: 0.49 R: 0.90 F1: 0.63
2026-05-01 03:54:28 | DEBUG   | dpfl.core.base_simulator | Update norms — honest: ['7.33', '8.96', '8.58', '5.73', '8.90'], attacker: ['1.00', '1.00', '1.00', '1.00', '1.00']
2026-05-01 03:54:31 | INFO    | dpfl.core.base_simulator | Round  43/50 | Acc: 0.5393 | Loss: 7.6895 | eps_max: 14.93 eps_avg: 10.89 | P: 0.54 R: 0.90 F1: 0.68
2026-05-01 03:54:31 | DEBUG   | dpfl.core.base_simulator | Update norms — honest: ['9.01', '9.59', '10.86', '6.30', '8.70'], attacker: ['1.00', '1.00', '1.00', '1.00', '1.00']
2026-05-01 03:54:33 | INFO    | dpfl.core.base_simulator | Round  44/50 | Acc: 0.5306 | Loss: 8.8591 | eps_max: 15.70 eps_avg: 11.15 | P: 0.52 R: 0.90 F1: 0.66
2026-05-01 03:54:33 | DEBUG   | dpfl.core.base_simulator | Update norms — honest: ['10.30', '5.74', '5.33', '6.94', '5.12'], attacker: ['1.00', '1.00', '1.00', '1.00', '1.00']
2026-05-01 03:54:35 | INFO    | dpfl.core.base_simulator | Round  45/50 | Acc: 0.5388 | Loss: 8.2314 | eps_max: 15.70 eps_avg: 11.41 | P: 0.53 R: 0.90 F1: 0.67
2026-05-01 03:54:35 | DEBUG   | dpfl.core.base_simulator | Update norms — honest: ['6.18', '9.48', '5.07', '11.02', '2.89'], attacker: ['1.00', '1.00', '1.00', '1.00', '1.00']
2026-05-01 03:54:38 | INFO    | dpfl.core.base_simulator | Round  46/50 | Acc: 0.5261 | Loss: 9.6453 | eps_max: 16.74 eps_avg: 11.68 | P: 0.49 R: 0.90 F1: 0.63
2026-05-01 03:54:38 | DEBUG   | dpfl.core.base_simulator | Update norms — honest: ['3.53', '1.24', '5.65', '7.37', '8.00'], attacker: ['1.00', '1.00', '1.00', '1.00', '1.00']
2026-05-01 03:54:40 | INFO    | dpfl.core.base_simulator | Round  47/50 | Acc: 0.5464 | Loss: 8.7973 | eps_max: 17.76 eps_avg: 11.91 | P: 0.55 R: 0.90 F1: 0.69
2026-05-01 03:54:40 | DEBUG   | dpfl.core.base_simulator | Update norms — honest: ['6.64', '10.84', '1.19', '9.68', '4.97'], attacker: ['1.00', '1.00', '1.00', '1.00', '1.00']
2026-05-01 03:54:42 | INFO    | dpfl.core.base_simulator | Round  48/50 | Acc: 0.5364 | Loss: 10.4751 | eps_max: 17.76 eps_avg: 12.17 | P: 0.53 R: 0.90 F1: 0.67
2026-05-01 03:54:42 | DEBUG   | dpfl.core.base_simulator | Update norms — honest: ['9.04', '9.42', '4.02', '4.41', '4.84'], attacker: ['1.00', '1.00', '1.00', '1.00', '1.00']
2026-05-01 03:54:45 | INFO    | dpfl.core.base_simulator | Round  49/50 | Acc: 0.5482 | Loss: 9.7236 | eps_max: 17.76 eps_avg: 12.43 | P: 0.47 R: 0.90 F1: 0.61
2026-05-01 03:54:45 | DEBUG   | dpfl.core.base_simulator | Update norms — honest: ['6.54', '8.89', '10.41', '8.57', '3.26'], attacker: ['1.00', '1.00', '1.00', '1.00', '1.00']
2026-05-01 03:54:47 | INFO    | dpfl.core.base_simulator | Round  50/50 | Acc: 0.4934 | Loss: nan | eps_max: 18.72 eps_avg: 12.67 | P: 0.54 R: 0.92 F1: 0.68
2026-05-01 03:54:47 | DEBUG   | dpfl.core.base_simulator | Update norms — honest: ['6.70', '10.10', '9.75', '4.40', '10.43'], attacker: ['nan', 'nan', 'nan', 'nan', 'nan']
2026-05-01 03:54:48 | INFO    | dpfl | Experiment complete in 522.3s
============================================================
REPORT: DP-SGD Decentralized Federated Learning
============================================================
Timestamp:                  20260501_034605
Rounds completed:           50
Attack-active rounds:       30  (from round 20)
Final accuracy:             0.4934
Final test loss:            nan
Final epsilon (max honest): 18.72
Final epsilon (avg honest): 12.67
Best alpha:                 1000.0
Avg precision:              0.5260
Avg recall:                 0.9025
Avg F1 score:               0.6639
Avg update norm (honest):   6.2574
Avg update norm (attacker): nan

=== PER-NODE PRIVACY COST (final round) ===
Node   0 (attacker)  eps = —          sigma = —       (not tracked)
Node   1 (attacker)  eps = —          sigma = —       (not tracked)
Node   2 (attacker)  eps = —          sigma = —       (not tracked)
Node   3 (attacker)  eps = —          sigma = —       (not tracked)
Node   4 (attacker)  eps = —          sigma = —       (not tracked)
Node   5 (attacker)  eps = —          sigma = —       (not tracked)
Node   6 (attacker)  eps = —          sigma = —       (not tracked)
Node   7 (attacker)  eps = —          sigma = —       (not tracked)
Node   8 (attacker)  eps = —          sigma = —       (not tracked)
Node   9 (attacker)  eps = —          sigma = —       (not tracked)
Node  10 (attacker)  eps = —          sigma = —       (not tracked)
Node  11 (attacker)  eps = —          sigma = —       (not tracked)
Node  12 (attacker)  eps = —          sigma = —       (not tracked)
Node  13 (attacker)  eps = —          sigma = —       (not tracked)
Node  14 (attacker)  eps = —          sigma = —       (not tracked)
Node  15 (attacker)  eps = —          sigma = —       (not tracked)
Node  16 (attacker)  eps = —          sigma = —       (not tracked)
Node  17 (attacker)  eps = —          sigma = —       (not tracked)
Node  18 (attacker)  eps = —          sigma = —       (not tracked)
Node  19 (attacker)  eps = —          sigma = —       (not tracked)
Node  20 (attacker)  eps = —          sigma = —       (not tracked)
Node  21 (attacker)  eps = —          sigma = —       (not tracked)
Node  22 (attacker)  eps = —          sigma = —       (not tracked)
Node  23 (attacker)  eps = —          sigma = —       (not tracked)
Node  24 (attacker)  eps = —          sigma = —       (not tracked)
Node  25 (attacker)  eps = —          sigma = —       (not tracked)
Node  26 (attacker)  eps = —          sigma = —       (not tracked)
Node  27 (attacker)  eps = —          sigma = —       (not tracked)
Node  28 (attacker)  eps = —          sigma = —       (not tracked)
Node  29 (attacker)  eps = —          sigma = —       (not tracked)
Node  30 (attacker)  eps = —          sigma = —       (not tracked)
Node  31 (attacker)  eps = —          sigma = —       (not tracked)
Node  32 (attacker)  eps = —          sigma = —       (not tracked)
Node  33 (attacker)  eps = —          sigma = —       (not tracked)
Node  34 (attacker)  eps = —          sigma = —       (not tracked)
Node  35 (attacker)  eps = —          sigma = —       (not tracked)
Node  36 (attacker)  eps = —          sigma = —       (not tracked)
Node  37 (attacker)  eps = —          sigma = —       (not tracked)
Node  38 (attacker)  eps = —          sigma = —       (not tracked)
Node  39 (attacker)  eps = —          sigma = —       (not tracked)
Node  40 (attacker)  eps = —          sigma = —       (not tracked)
Node  41 (attacker)  eps = —          sigma = —       (not tracked)
Node  42 (attacker)  eps = —          sigma = —       (not tracked)
Node  43 (attacker)  eps = —          sigma = —       (not tracked)
Node  44 (attacker)  eps = —          sigma = —       (not tracked)
Node  45 (attacker)  eps = —          sigma = —       (not tracked)
Node  46 (attacker)  eps = —          sigma = —       (not tracked)
Node  47 (attacker)  eps = —          sigma = —       (not tracked)
Node  48 (attacker)  eps = —          sigma = —       (not tracked)
Node  49 (attacker)  eps = —          sigma = —       (not tracked)
Node  50 (attacker)  eps = —          sigma = —       (not tracked)
Node  51 (attacker)  eps = —          sigma = —       (not tracked)
Node  52 (attacker)  eps = —          sigma = —       (not tracked)
Node  53 (attacker)  eps = —          sigma = —       (not tracked)
Node  54 (attacker)  eps = —          sigma = —       (not tracked)
Node  55 (attacker)  eps = —          sigma = —       (not tracked)
Node  56 (attacker)  eps = —          sigma = —       (not tracked)
Node  57 (attacker)  eps = —          sigma = —       (not tracked)
Node  58 (attacker)  eps = —          sigma = —       (not tracked)
Node  59 (attacker)  eps = —          sigma = —       (not tracked)
Node  60 (honest  )  eps =  12.0840  sigma =  0.000  frozen = False
Node  61 (honest  )  eps =  13.1877  sigma =  0.000  frozen = False
Node  62 (honest  )  eps =  12.6867  sigma =  0.000  frozen = False
Node  63 (honest  )  eps =  12.5124  sigma =  0.000  frozen = False
Node  64 (honest  )  eps =   7.9639  sigma =  0.000  frozen = False
Node  65 (honest  )  eps =   9.0460  sigma =  0.000  frozen = False
Node  66 (honest  )  eps =  12.2386  sigma =  0.000  frozen = False
Node  67 (honest  )  eps =  11.1950  sigma =  0.000  frozen = False
Node  68 (honest  )  eps =  12.8379  sigma =  0.000  frozen = False
Node  69 (honest  )  eps =  12.9608  sigma =  0.000  frozen = False
Node  70 (honest  )  eps =  13.4350  sigma =  0.000  frozen = False
Node  71 (honest  )  eps =  11.8957  sigma =  0.000  frozen = False
Node  72 (honest  )  eps =  12.4062  sigma =  0.000  frozen = False
Node  73 (honest  )  eps =  12.2522  sigma =  0.000  frozen = False
Node  74 (honest  )  eps =  12.4184  sigma =  0.000  frozen = False
Node  75 (honest  )  eps =  12.0749  sigma =  0.000  frozen = False
Node  76 (honest  )  eps =  11.8032  sigma =  0.000  frozen = False
Node  77 (honest  )  eps =  11.1514  sigma =  0.000  frozen = False
Node  78 (honest  )  eps =  13.3332  sigma =  0.000  frozen = False
Node  79 (honest  )  eps =  10.7541  sigma =  0.000  frozen = False
Node  80 (honest  )  eps =  10.1562  sigma =  0.000  frozen = False
Node  81 (honest  )  eps =  13.0868  sigma =  0.000  frozen = False
Node  82 (honest  )  eps =  10.9392  sigma =  0.000  frozen = False
Node  83 (honest  )  eps =  11.8389  sigma =  0.000  frozen = False
Node  84 (honest  )  eps =  11.7191  sigma =  0.000  frozen = False
Node  85 (honest  )  eps =  14.6511  sigma =  0.000  frozen = False
Node  86 (honest  )  eps =  12.1216  sigma =  0.000  frozen = False
Node  87 (honest  )  eps =  12.1448  sigma =  0.000  frozen = False
Node  88 (honest  )  eps =  13.3679  sigma =  0.000  frozen = False
Node  89 (honest  )  eps =  13.1994  sigma =  0.000  frozen = False
Node  90 (honest  )  eps =  10.6449  sigma =  0.000  frozen = False
Node  91 (honest  )  eps =  12.4039  sigma =  0.000  frozen = False
Node  92 (honest  )  eps =  10.2008  sigma =  0.000  frozen = False
Node  93 (honest  )  eps =  12.8484  sigma =  0.000  frozen = False
Node  94 (honest  )  eps =  11.8136  sigma =  0.000  frozen = False
Node  95 (honest  )  eps =  14.8167  sigma =  0.000  frozen = False
Node  96 (honest  )  eps =  12.8390  sigma =  0.000  frozen = False
Node  97 (honest  )  eps =  12.5470  sigma =  0.000  frozen = False
Node  98 (honest  )  eps =  12.2905  sigma =  0.000  frozen = False
Node  99 (honest  )  eps =  13.9751  sigma =  0.000  frozen = False
Node 100 (honest  )  eps =  10.7862  sigma =  0.000  frozen = False
Node 101 (honest  )  eps =  14.1662  sigma =  0.000  frozen = False
Node 102 (honest  )  eps =  12.9121  sigma =  0.000  frozen = False
Node 103 (honest  )  eps =   8.4993  sigma =  0.000  frozen = False
Node 104 (honest  )  eps =  13.9009  sigma =  0.000  frozen = False
Node 105 (honest  )  eps =  12.6470  sigma =  0.000  frozen = False
Node 106 (honest  )  eps =  12.2593  sigma =  0.000  frozen = False
Node 107 (honest  )  eps =  11.8828  sigma =  0.000  frozen = False
Node 108 (honest  )  eps =  12.5845  sigma =  0.000  frozen = False
Node 109 (honest  )  eps =  10.6034  sigma =  0.000  frozen = False
Node 110 (honest  )  eps =  12.1554  sigma =  0.000  frozen = False
Node 111 (honest  )  eps =  12.9084  sigma =  0.000  frozen = False
Node 112 (honest  )  eps =  11.7030  sigma =  0.000  frozen = False
Node 113 (honest  )  eps =  12.0153  sigma =  0.000  frozen = False
Node 114 (honest  )  eps =  12.9424  sigma =  0.000  frozen = False
Node 115 (honest  )  eps =  10.4784  sigma =  0.000  frozen = False
Node 116 (honest  )  eps =   8.9243  sigma =  0.000  frozen = False
Node 117 (honest  )  eps =  14.7188  sigma =  0.000  frozen = False
Node 118 (honest  )  eps =   9.2550  sigma =  0.000  frozen = False
Node 119 (honest  )  eps =  12.3563  sigma =  0.000  frozen = False
Node 120 (honest  )  eps =  13.4750  sigma =  0.000  frozen = False
Node 121 (honest  )  eps =  12.3708  sigma =  0.000  frozen = False
Node 122 (honest  )  eps =  11.1961  sigma =  0.000  frozen = False
Node 123 (honest  )  eps =  13.0287  sigma =  0.000  frozen = False
Node 124 (honest  )  eps =  11.0788  sigma =  0.000  frozen = False
Node 125 (honest  )  eps =   6.4678  sigma =  0.000  frozen = False
Node 126 (honest  )  eps =  11.5573  sigma =  0.000  frozen = False
Node 127 (honest  )  eps =  14.0035  sigma =  0.000  frozen = False
Node 128 (honest  )  eps =  12.6887  sigma =  0.000  frozen = False
Node 129 (honest  )  eps =  12.3885  sigma =  0.000  frozen = False
Node 130 (honest  )  eps =  13.5393  sigma =  0.000  frozen = False
Node 131 (honest  )  eps =  10.2426  sigma =  0.000  frozen = False
Node 132 (honest  )  eps =  12.4743  sigma =  0.000  frozen = False
Node 133 (honest  )  eps =  13.6015  sigma =  0.000  frozen = False
Node 134 (honest  )  eps =  12.2178  sigma =  0.000  frozen = False
Node 135 (honest  )  eps =  18.1728  sigma =  0.000  frozen = False
Node 136 (honest  )  eps =  13.9921  sigma =  0.000  frozen = False
Node 137 (honest  )  eps =  13.4107  sigma =  0.000  frozen = False
Node 138 (honest  )  eps =  16.6891  sigma =  0.000  frozen = False
Node 139 (honest  )  eps =  13.1402  sigma =  0.000  frozen = False
Node 140 (honest  )  eps =  11.6632  sigma =  0.000  frozen = False
Node 141 (honest  )  eps =  15.7234  sigma =  0.000  frozen = False
Node 142 (honest  )  eps =  14.9954  sigma =  0.000  frozen = False
Node 143 (honest  )  eps =  14.3246  sigma =  0.000  frozen = False
Node 144 (honest  )  eps =  13.2890  sigma =  0.000  frozen = False
Node 145 (honest  )  eps =  13.1504  sigma =  0.000  frozen = False
Node 146 (honest  )  eps =  15.1051  sigma =  0.000  frozen = False
Node 147 (honest  )  eps =  17.7601  sigma =  0.000  frozen = False
Node 148 (honest  )  eps =  15.3245  sigma =  0.000  frozen = False
Node 149 (honest  )  eps =  12.3083  sigma =  0.000  frozen = False
Node 150 (honest  )  eps =  15.1814  sigma =  0.000  frozen = False
Node 151 (honest  )  eps =  14.3156  sigma =  0.000  frozen = False
Node 152 (honest  )  eps =  11.6633  sigma =  0.000  frozen = False
Node 153 (honest  )  eps =  14.0525  sigma =  0.000  frozen = False
Node 154 (honest  )  eps =  12.1656  sigma =  0.000  frozen = False
Node 155 (honest  )  eps =  14.4804  sigma =  0.000  frozen = False
Node 156 (honest  )  eps =  14.4119  sigma =  0.000  frozen = False
Node 157 (honest  )  eps =  12.8979  sigma =  0.000  frozen = False
Node 158 (honest  )  eps =  12.8834  sigma =  0.000  frozen = False
Node 159 (honest  )  eps =  12.8065  sigma =  0.000  frozen = False
Node 160 (honest  )  eps =  12.8231  sigma =  0.000  frozen = False
Node 161 (honest  )  eps =  12.4123  sigma =  0.000  frozen = False
Node 162 (honest  )  eps =  13.1379  sigma =  0.000  frozen = False
Node 163 (honest  )  eps =  16.2807  sigma =  0.000  frozen = False
Node 164 (honest  )  eps =  14.0941  sigma =  0.000  frozen = False
Node 165 (honest  )  eps =  12.6954  sigma =  0.000  frozen = False
Node 166 (honest  )  eps =  13.5250  sigma =  0.000  frozen = False
Node 167 (honest  )  eps =  14.8852  sigma =  0.000  frozen = False
Node 168 (honest  )  eps =  14.2844  sigma =  0.000  frozen = False
Node 169 (honest  )  eps =  13.7677  sigma =  0.000  frozen = False
Node 170 (honest  )  eps =  14.2993  sigma =  0.000  frozen = False
Node 171 (honest  )  eps =  12.2919  sigma =  0.000  frozen = False
Node 172 (honest  )  eps =  13.4472  sigma =  0.000  frozen = False
Node 173 (honest  )  eps =  12.3603  sigma =  0.000  frozen = False
Node 174 (honest  )  eps =  16.2601  sigma =  0.000  frozen = False
Node 175 (honest  )  eps =  13.4188  sigma =  0.000  frozen = False
Node 176 (honest  )  eps =  12.9173  sigma =  0.000  frozen = False
Node 177 (honest  )  eps =  14.1418  sigma =  0.000  frozen = False
Node 178 (honest  )  eps =  12.1796  sigma =  0.000  frozen = False
Node 179 (honest  )  eps =  12.2227  sigma =  0.000  frozen = False
Node 180 (honest  )  eps =  14.7736  sigma =  0.000  frozen = False
Node 181 (honest  )  eps =  13.4710  sigma =  0.000  frozen = False
Node 182 (honest  )  eps =  15.1305  sigma =  0.000  frozen = False
Node 183 (honest  )  eps =  12.9631  sigma =  0.000  frozen = False
Node 184 (honest  )  eps =  13.0553  sigma =  0.000  frozen = False
Node 185 (honest  )  eps =  13.7342  sigma =  0.000  frozen = False
Node 186 (honest  )  eps =  17.7222  sigma =  0.000  frozen = False
Node 187 (honest  )  eps =  14.9691  sigma =  0.000  frozen = False
Node 188 (honest  )  eps =  13.8023  sigma =  0.000  frozen = False
Node 189 (honest  )  eps =  13.0869  sigma =  0.000  frozen = False
Node 190 (honest  )  eps =  13.2043  sigma =  0.000  frozen = False
Node 191 (honest  )  eps =  14.2664  sigma =  0.000  frozen = False
Node 192 (honest  )  eps =  12.6503  sigma =  0.000  frozen = False
Node 193 (honest  )  eps =  13.8772  sigma =  0.000  frozen = False
Node 194 (honest  )  eps =  13.7275  sigma =  0.000  frozen = False
Node 195 (honest  )  eps =  14.2555  sigma =  0.000  frozen = False
Node 196 (honest  )  eps =  13.6249  sigma =  0.000  frozen = False
Node 197 (honest  )  eps =  13.8747  sigma =  0.000  frozen = False
Node 198 (honest  )  eps =  13.3582  sigma =  0.000  frozen = False
Node 199 (honest  )  eps =  12.3083  sigma =  0.000  frozen = False
Node 200 (honest  )  eps =  12.7455  sigma =  0.000  frozen = False
Node 201 (honest  )  eps =  13.9050  sigma =  0.000  frozen = False
Node 202 (honest  )  eps =  11.8463  sigma =  0.000  frozen = False
Node 203 (honest  )  eps =  11.9915  sigma =  0.000  frozen = False
Node 204 (honest  )  eps =  11.9748  sigma =  0.000  frozen = False
Node 205 (honest  )  eps =  18.6847  sigma =  0.000  frozen = False
Node 206 (honest  )  eps =  14.0019  sigma =  0.000  frozen = False
Node 207 (honest  )  eps =  12.8297  sigma =  0.000  frozen = False
Node 208 (honest  )  eps =  17.0367  sigma =  0.000  frozen = False
Node 209 (honest  )  eps =  12.6740  sigma =  0.000  frozen = False
Node 210 (honest  )  eps =  12.9363  sigma =  0.000  frozen = False
Node 211 (honest  )  eps =  15.6544  sigma =  0.000  frozen = False
Node 212 (honest  )  eps =  15.3264  sigma =  0.000  frozen = False
Node 213 (honest  )  eps =  12.7856  sigma =  0.000  frozen = False
Node 214 (honest  )  eps =  15.4311  sigma =  0.000  frozen = False
Node 215 (honest  )  eps =  11.9446  sigma =  0.000  frozen = False
Node 216 (honest  )  eps =  14.1586  sigma =  0.000  frozen = False
Node 217 (honest  )  eps =  12.8082  sigma =  0.000  frozen = False
Node 218 (honest  )  eps =  11.4309  sigma =  0.000  frozen = False
Node 219 (honest  )  eps =  11.8657  sigma =  0.000  frozen = False
Node 220 (honest  )  eps =  11.9211  sigma =  0.000  frozen = False
Node 221 (honest  )  eps =  12.4782  sigma =  0.000  frozen = False
Node 222 (honest  )  eps =  18.7235  sigma =  0.000  frozen = False
Node 223 (honest  )  eps =  14.7149  sigma =  0.000  frozen = False
Node 224 (honest  )  eps =  12.0046  sigma =  0.000  frozen = False
Node 225 (honest  )  eps =  12.6549  sigma =  0.000  frozen = False
Node 226 (honest  )  eps =  11.9576  sigma =  0.000  frozen = False
Node 227 (honest  )  eps =  13.9386  sigma =  0.000  frozen = False
Node 228 (honest  )  eps =  12.6723  sigma =  0.000  frozen = False
Node 229 (honest  )  eps =   8.9213  sigma =  0.000  frozen = False
Node 230 (honest  )  eps =  12.7042  sigma =  0.000  frozen = False
Node 231 (honest  )  eps =  13.5617  sigma =  0.000  frozen = False
Node 232 (honest  )  eps =  10.9763  sigma =  0.000  frozen = False
Node 233 (honest  )  eps =  13.1492  sigma =  0.000  frozen = False
Node 234 (honest  )  eps =  10.0632  sigma =  0.000  frozen = False
Node 235 (honest  )  eps =  12.4678  sigma =  0.000  frozen = False
Node 236 (honest  )  eps =  11.8941  sigma =  0.000  frozen = False
Node 237 (honest  )  eps =  11.8805  sigma =  0.000  frozen = False
Node 238 (honest  )  eps =  12.4518  sigma =  0.000  frozen = False
Node 239 (honest  )  eps =  12.4455  sigma =  0.000  frozen = False
Node 240 (honest  )  eps =  10.0527  sigma =  0.000  frozen = False
Node 241 (honest  )  eps =  11.5736  sigma =  0.000  frozen = False
Node 242 (honest  )  eps =  12.4028  sigma =  0.000  frozen = False
Node 243 (honest  )  eps =  11.7658  sigma =  0.000  frozen = False
Node 244 (honest  )  eps =  10.4020  sigma =  0.000  frozen = False
Node 245 (honest  )  eps =  13.2786  sigma =  0.000  frozen = False
Node 246 (honest  )  eps =  10.2341  sigma =  0.000  frozen = False
Node 247 (honest  )  eps =   8.9949  sigma =  0.000  frozen = False
Node 248 (honest  )  eps =  11.9141  sigma =  0.000  frozen = False
Node 249 (honest  )  eps =  13.4507  sigma =  0.000  frozen = False
Node 250 (honest  )  eps =  12.4701  sigma =  0.000  frozen = False
Node 251 (honest  )  eps =  10.0025  sigma =  0.000  frozen = False
Node 252 (honest  )  eps =   9.5347  sigma =  0.000  frozen = False
Node 253 (honest  )  eps =  14.4630  sigma =  0.000  frozen = False
Node 254 (honest  )  eps =  11.2009  sigma =  0.000  frozen = False
Node 255 (honest  )  eps =  12.1477  sigma =  0.000  frozen = False
Node 256 (honest  )  eps =  11.2856  sigma =  0.000  frozen = False
Node 257 (honest  )  eps =  12.1805  sigma =  0.000  frozen = False
Node 258 (honest  )  eps =  12.0434  sigma =  0.000  frozen = False
Node 259 (honest  )  eps =  12.7713  sigma =  0.000  frozen = False
Node 260 (honest  )  eps =  13.2337  sigma =  0.000  frozen = False
Node 261 (honest  )  eps =   9.9065  sigma =  0.000  frozen = False
Node 262 (honest  )  eps =   7.9548  sigma =  0.000  frozen = False
Node 263 (honest  )  eps =  13.1456  sigma =  0.000  frozen = False
Node 264 (honest  )  eps =  12.7888  sigma =  0.000  frozen = False
Node 265 (honest  )  eps =  10.0289  sigma =  0.000  frozen = False
Node 266 (honest  )  eps =  10.2004  sigma =  0.000  frozen = False
Node 267 (honest  )  eps =  12.8294  sigma =  0.000  frozen = False
Node 268 (honest  )  eps =  12.6134  sigma =  0.000  frozen = False
Node 269 (honest  )  eps =  13.1188  sigma =  0.000  frozen = False
Node 270 (honest  )  eps =  11.7749  sigma =  0.000  frozen = False
Node 271 (honest  )  eps =  11.0869  sigma =  0.000  frozen = False
Node 272 (honest  )  eps =  11.9029  sigma =  0.000  frozen = False
Node 273 (honest  )  eps =  12.5197  sigma =  0.000  frozen = False
Node 274 (honest  )  eps =  13.1676  sigma =  0.000  frozen = False
Node 275 (honest  )  eps =  11.7414  sigma =  0.000  frozen = False
Node 276 (honest  )  eps =  13.0327  sigma =  0.000  frozen = False
Node 277 (honest  )  eps =  12.0802  sigma =  0.000  frozen = False
Node 278 (honest  )  eps =  11.4441  sigma =  0.000  frozen = False
Node 279 (honest  )  eps =  10.5535  sigma =  0.000  frozen = False
Node 280 (honest  )  eps =  13.1967  sigma =  0.000  frozen = False
Node 281 (honest  )  eps =  13.1543  sigma =  0.000  frozen = False
Node 282 (honest  )  eps =  12.0471  sigma =  0.000  frozen = False
Node 283 (honest  )  eps =  12.3914  sigma =  0.000  frozen = False
Node 284 (honest  )  eps =  13.5150  sigma =  0.000  frozen = False
Node 285 (honest  )  eps =  11.4535  sigma =  0.000  frozen = False
Node 286 (honest  )  eps =  12.5014  sigma =  0.000  frozen = False
Node 287 (honest  )  eps =  10.6639  sigma =  0.000  frozen = False
Node 288 (honest  )  eps =  12.7128  sigma =  0.000  frozen = False
Node 289 (honest  )  eps =  10.0224  sigma =  0.000  frozen = False
Node 290 (honest  )  eps =  13.2637  sigma =  0.000  frozen = False
Node 291 (honest  )  eps =  12.0908  sigma =  0.000  frozen = False
Node 292 (honest  )  eps =  11.1767  sigma =  0.000  frozen = False
Node 293 (honest  )  eps =  10.2523  sigma =  0.000  frozen = False
Node 294 (honest  )  eps =  12.3129  sigma =  0.000  frozen = False
Node 295 (honest  )  eps =  13.4170  sigma =  0.000  frozen = False
Node 296 (honest  )  eps =  12.0034  sigma =  0.000  frozen = False
Node 297 (honest  )  eps =  12.1105  sigma =  0.000  frozen = False
Node 298 (honest  )  eps =  12.2803  sigma =  0.000  frozen = False
Node 299 (honest  )  eps =  12.6679  sigma =  0.000  frozen = False
------------------------------------------------------------
eps_system (max honest): 18.7235
eps_avg (honest):        12.6717
eps_std (honest):        1.7408
n_frozen:                0/240
============================================================
