2026-05-01 14:36:07 | INFO    | dpfl | Experiment start: algorithm=dp_fedavg, dataset=mnist, model=mlp, device=cuda
2026-05-01 14:36:07 | INFO    | dpfl | Config: nodes=300, attackers=0, rounds=150, noise_mode=post_training, attack=scale
2026-05-01 14:36:07 | INFO    | dpfl.data.mnist_dataset | Loading MNIST dataset...
2026-05-01 14:36:07 | INFO    | dpfl.data.mnist_dataset | MNIST loaded: 60000 train, 10000 test samples
2026-05-01 14:37:21 | INFO    | dpfl.core.base_simulator | Vectorized state ready: param_spec.D=25450, X_test=(10000, 1, 28, 28), train clients N=300, max_n_samples=7000
2026-05-01 14:37:21 | INFO    | dpfl.core.base_simulator | Setup complete: 300 nodes (0 attackers), param_dim=25450, split=iid
2026-05-01 14:37:21 | DEBUG   | dpfl.core.base_simulator | Attacker IDs: set()
2026-05-01 14:37:21 | INFO    | dpfl.algorithms.fedavg.simulator | FedAvg data_sizes set: min=7000, max=7000, total=2100000
2026-05-01 14:37:22 | INFO    | dpfl.core.base_simulator | Round   1/150 | Acc: 0.0924 | Loss: 2.3866 | eps: 1.80 | P: 1.00 R: 0.00 F1: 0.00
2026-05-01 14:37:22 | DEBUG   | dpfl.core.base_simulator | Update norms — honest: ['3.73', '3.71', '3.76', '3.73', '3.74'], attacker: []
2026-05-01 14:37:22 | INFO    | dpfl.core.base_simulator | Round   2/150 | Acc: 0.0972 | Loss: 2.4194 | eps: 1.84 | P: 1.00 R: 0.00 F1: 0.00
2026-05-01 14:37:22 | DEBUG   | dpfl.core.base_simulator | Update norms — honest: ['3.76', '3.75', '3.73', '3.73', '3.74'], attacker: []
2026-05-01 14:37:22 | INFO    | dpfl.core.base_simulator | Round   3/150 | Acc: 0.1009 | Loss: 2.4548 | eps: 1.88 | P: 1.00 R: 0.00 F1: 0.00
2026-05-01 14:37:22 | DEBUG   | dpfl.core.base_simulator | Update norms — honest: ['3.73', '3.72', '3.74', '3.73', '3.72'], attacker: []
2026-05-01 14:37:23 | INFO    | dpfl.core.base_simulator | Round   4/150 | Acc: 0.1041 | Loss: 2.4850 | eps: 1.92 | P: 1.00 R: 0.00 F1: 0.00
2026-05-01 14:37:23 | DEBUG   | dpfl.core.base_simulator | Update norms — honest: ['3.73', '3.73', '3.72', '3.74', '3.74'], attacker: []
2026-05-01 14:37:23 | INFO    | dpfl.core.base_simulator | Round   5/150 | Acc: 0.1067 | Loss: 2.5190 | eps: 1.96 | P: 1.00 R: 0.00 F1: 0.00
2026-05-01 14:37:23 | DEBUG   | dpfl.core.base_simulator | Update norms — honest: ['3.74', '3.72', '3.75', '3.71', '3.75'], attacker: []
2026-05-01 14:37:23 | INFO    | dpfl.core.base_simulator | Round   6/150 | Acc: 0.1103 | Loss: 2.5528 | eps: 2.00 | P: 1.00 R: 0.00 F1: 0.00
2026-05-01 14:37:23 | DEBUG   | dpfl.core.base_simulator | Update norms — honest: ['3.74', '3.73', '3.72', '3.71', '3.74'], attacker: []
2026-05-01 14:37:24 | INFO    | dpfl.core.base_simulator | Round   7/150 | Acc: 0.1135 | Loss: 2.5852 | eps: 2.04 | P: 1.00 R: 0.00 F1: 0.00
2026-05-01 14:37:24 | DEBUG   | dpfl.core.base_simulator | Update norms — honest: ['3.75', '3.72', '3.74', '3.70', '3.72'], attacker: []
2026-05-01 14:37:24 | INFO    | dpfl.core.base_simulator | Round   8/150 | Acc: 0.1160 | Loss: 2.6132 | eps: 2.08 | P: 1.00 R: 0.00 F1: 0.00
2026-05-01 14:37:24 | DEBUG   | dpfl.core.base_simulator | Update norms — honest: ['3.72', '3.74', '3.75', '3.69', '3.75'], attacker: []
2026-05-01 14:37:24 | INFO    | dpfl.core.base_simulator | Round   9/150 | Acc: 0.1197 | Loss: 2.6380 | eps: 2.12 | P: 1.00 R: 0.00 F1: 0.00
2026-05-01 14:37:24 | DEBUG   | dpfl.core.base_simulator | Update norms — honest: ['3.74', '3.74', '3.72', '3.72', '3.74'], attacker: []
2026-05-01 14:37:25 | INFO    | dpfl.core.base_simulator | Round  10/150 | Acc: 0.1228 | Loss: 2.6605 | eps: 2.16 | P: 1.00 R: 0.00 F1: 0.00
2026-05-01 14:37:25 | DEBUG   | dpfl.core.base_simulator | Update norms — honest: ['3.76', '3.73', '3.69', '3.75', '3.70'], attacker: []
2026-05-01 14:37:25 | INFO    | dpfl.core.base_simulator | Round  11/150 | Acc: 0.1267 | Loss: 2.6746 | eps: 2.20 | P: 1.00 R: 0.00 F1: 0.00
2026-05-01 14:37:25 | DEBUG   | dpfl.core.base_simulator | Update norms — honest: ['3.74', '3.72', '3.73', '3.72', '3.73'], attacker: []
2026-05-01 14:37:25 | INFO    | dpfl.core.base_simulator | Round  12/150 | Acc: 0.1302 | Loss: 2.6840 | eps: 2.23 | P: 1.00 R: 0.00 F1: 0.00
2026-05-01 14:37:25 | DEBUG   | dpfl.core.base_simulator | Update norms — honest: ['3.74', '3.74', '3.73', '3.74', '3.75'], attacker: []
2026-05-01 14:37:26 | INFO    | dpfl.core.base_simulator | Round  13/150 | Acc: 0.1332 | Loss: 2.7188 | eps: 2.27 | P: 1.00 R: 0.00 F1: 0.00
2026-05-01 14:37:26 | DEBUG   | dpfl.core.base_simulator | Update norms — honest: ['3.74', '3.70', '3.72', '3.74', '3.72'], attacker: []
2026-05-01 14:37:26 | INFO    | dpfl.core.base_simulator | Round  14/150 | Acc: 0.1378 | Loss: 2.7314 | eps: 2.31 | P: 1.00 R: 0.00 F1: 0.00
2026-05-01 14:37:26 | DEBUG   | dpfl.core.base_simulator | Update norms — honest: ['3.75', '3.73', '3.74', '3.74', '3.75'], attacker: []
2026-05-01 14:37:26 | INFO    | dpfl.core.base_simulator | Round  15/150 | Acc: 0.1408 | Loss: 2.7542 | eps: 2.35 | P: 1.00 R: 0.00 F1: 0.00
2026-05-01 14:37:26 | DEBUG   | dpfl.core.base_simulator | Update norms — honest: ['3.74', '3.77', '3.76', '3.75', '3.73'], attacker: []
2026-05-01 14:37:27 | INFO    | dpfl.core.base_simulator | Round  16/150 | Acc: 0.1427 | Loss: 2.7767 | eps: 2.39 | P: 1.00 R: 0.00 F1: 0.00
2026-05-01 14:37:27 | DEBUG   | dpfl.core.base_simulator | Update norms — honest: ['3.72', '3.75', '3.73', '3.74', '3.73'], attacker: []
2026-05-01 14:37:27 | INFO    | dpfl.core.base_simulator | Round  17/150 | Acc: 0.1468 | Loss: 2.8000 | eps: 2.43 | P: 1.00 R: 0.00 F1: 0.00
2026-05-01 14:37:27 | DEBUG   | dpfl.core.base_simulator | Update norms — honest: ['3.72', '3.74', '3.71', '3.70', '3.76'], attacker: []
2026-05-01 14:37:28 | INFO    | dpfl.core.base_simulator | Round  18/150 | Acc: 0.1509 | Loss: 2.8222 | eps: 2.47 | P: 1.00 R: 0.00 F1: 0.00
2026-05-01 14:37:28 | DEBUG   | dpfl.core.base_simulator | Update norms — honest: ['3.72', '3.71', '3.71', '3.76', '3.73'], attacker: []
2026-05-01 14:37:28 | INFO    | dpfl.core.base_simulator | Round  19/150 | Acc: 0.1547 | Loss: 2.8356 | eps: 2.51 | P: 1.00 R: 0.00 F1: 0.00
2026-05-01 14:37:28 | DEBUG   | dpfl.core.base_simulator | Update norms — honest: ['3.72', '3.76', '3.75', '3.75', '3.77'], attacker: []
2026-05-01 14:37:28 | INFO    | dpfl.core.base_simulator | Round  20/150 | Acc: 0.1570 | Loss: 2.8565 | eps: 2.55 | P: 1.00 R: 0.00 F1: 0.00
2026-05-01 14:37:28 | DEBUG   | dpfl.core.base_simulator | Update norms — honest: ['3.73', '3.72', '3.73', '3.71', '3.71'], attacker: []
2026-05-01 14:37:28 | INFO    | dpfl.core.base_simulator | Round  21/150 | Acc: 0.1597 | Loss: 2.8820 | eps: 2.59 | P: 1.00 R: 0.00 F1: 0.00
2026-05-01 14:37:28 | DEBUG   | dpfl.core.base_simulator | Update norms — honest: ['3.73', '3.70', '3.72', '3.73', '3.72'], attacker: []
2026-05-01 14:37:29 | INFO    | dpfl.core.base_simulator | Round  22/150 | Acc: 0.1638 | Loss: 2.8979 | eps: 2.63 | P: 1.00 R: 0.00 F1: 0.00
2026-05-01 14:37:29 | DEBUG   | dpfl.core.base_simulator | Update norms — honest: ['3.68', '3.73', '3.72', '3.72', '3.74'], attacker: []
2026-05-01 14:37:29 | INFO    | dpfl.core.base_simulator | Round  23/150 | Acc: 0.1657 | Loss: 2.9066 | eps: 2.67 | P: 1.00 R: 0.00 F1: 0.00
2026-05-01 14:37:29 | DEBUG   | dpfl.core.base_simulator | Update norms — honest: ['3.75', '3.77', '3.74', '3.72', '3.74'], attacker: []
2026-05-01 14:37:29 | INFO    | dpfl.core.base_simulator | Round  24/150 | Acc: 0.1675 | Loss: 2.9376 | eps: 2.70 | P: 1.00 R: 0.00 F1: 0.00
2026-05-01 14:37:29 | DEBUG   | dpfl.core.base_simulator | Update norms — honest: ['3.71', '3.71', '3.75', '3.74', '3.71'], attacker: []
2026-05-01 14:37:30 | INFO    | dpfl.core.base_simulator | Round  25/150 | Acc: 0.1696 | Loss: 2.9566 | eps: 2.72 | P: 1.00 R: 0.00 F1: 0.00
2026-05-01 14:37:30 | DEBUG   | dpfl.core.base_simulator | Update norms — honest: ['3.72', '3.78', '3.72', '3.73', '3.72'], attacker: []
2026-05-01 14:37:30 | INFO    | dpfl.core.base_simulator | Round  26/150 | Acc: 0.1726 | Loss: 2.9773 | eps: 2.74 | P: 1.00 R: 0.00 F1: 0.00
2026-05-01 14:37:30 | DEBUG   | dpfl.core.base_simulator | Update norms — honest: ['3.71', '3.73', '3.71', '3.72', '3.69'], attacker: []
2026-05-01 14:37:31 | INFO    | dpfl.core.base_simulator | Round  27/150 | Acc: 0.1758 | Loss: 2.9980 | eps: 2.75 | P: 1.00 R: 0.00 F1: 0.00
2026-05-01 14:37:31 | DEBUG   | dpfl.core.base_simulator | Update norms — honest: ['3.71', '3.73', '3.74', '3.72', '3.74'], attacker: []
2026-05-01 14:37:31 | INFO    | dpfl.core.base_simulator | Round  28/150 | Acc: 0.1784 | Loss: 3.0110 | eps: 2.77 | P: 1.00 R: 0.00 F1: 0.00
2026-05-01 14:37:31 | DEBUG   | dpfl.core.base_simulator | Update norms — honest: ['3.75', '3.74', '3.72', '3.70', '3.74'], attacker: []
2026-05-01 14:37:31 | INFO    | dpfl.core.base_simulator | Round  29/150 | Acc: 0.1811 | Loss: 3.0263 | eps: 2.79 | P: 1.00 R: 0.00 F1: 0.00
2026-05-01 14:37:31 | DEBUG   | dpfl.core.base_simulator | Update norms — honest: ['3.72', '3.72', '3.72', '3.71', '3.73'], attacker: []
2026-05-01 14:37:32 | INFO    | dpfl.core.base_simulator | Round  30/150 | Acc: 0.1850 | Loss: 3.0371 | eps: 2.81 | P: 1.00 R: 0.00 F1: 0.00
2026-05-01 14:37:32 | DEBUG   | dpfl.core.base_simulator | Update norms — honest: ['3.76', '3.73', '3.71', '3.70', '3.72'], attacker: []
2026-05-01 14:37:32 | INFO    | dpfl.core.base_simulator | Round  31/150 | Acc: 0.1871 | Loss: 3.0409 | eps: 2.83 | P: 1.00 R: 0.00 F1: 0.00
2026-05-01 14:37:32 | DEBUG   | dpfl.core.base_simulator | Update norms — honest: ['3.70', '3.71', '3.73', '3.75', '3.73'], attacker: []
2026-05-01 14:37:32 | INFO    | dpfl.core.base_simulator | Round  32/150 | Acc: 0.1891 | Loss: 3.0643 | eps: 2.85 | P: 1.00 R: 0.00 F1: 0.00
2026-05-01 14:37:32 | DEBUG   | dpfl.core.base_simulator | Update norms — honest: ['3.74', '3.74', '3.73', '3.70', '3.71'], attacker: []
2026-05-01 14:37:33 | INFO    | dpfl.core.base_simulator | Round  33/150 | Acc: 0.1914 | Loss: 3.0822 | eps: 2.87 | P: 1.00 R: 0.00 F1: 0.00
2026-05-01 14:37:33 | DEBUG   | dpfl.core.base_simulator | Update norms — honest: ['3.75', '3.73', '3.72', '3.73', '3.74'], attacker: []
2026-05-01 14:37:33 | INFO    | dpfl.core.base_simulator | Round  34/150 | Acc: 0.1946 | Loss: 3.0832 | eps: 2.88 | P: 1.00 R: 0.00 F1: 0.00
2026-05-01 14:37:33 | DEBUG   | dpfl.core.base_simulator | Update norms — honest: ['3.71', '3.71', '3.73', '3.72', '3.73'], attacker: []
2026-05-01 14:37:33 | INFO    | dpfl.core.base_simulator | Round  35/150 | Acc: 0.1965 | Loss: 3.0883 | eps: 2.90 | P: 1.00 R: 0.00 F1: 0.00
2026-05-01 14:37:33 | DEBUG   | dpfl.core.base_simulator | Update norms — honest: ['3.74', '3.73', '3.74', '3.72', '3.71'], attacker: []
2026-05-01 14:37:34 | INFO    | dpfl.core.base_simulator | Round  36/150 | Acc: 0.1992 | Loss: 3.1068 | eps: 2.92 | P: 1.00 R: 0.00 F1: 0.00
2026-05-01 14:37:34 | DEBUG   | dpfl.core.base_simulator | Update norms — honest: ['3.73', '3.73', '3.74', '3.71', '3.73'], attacker: []
2026-05-01 14:37:34 | INFO    | dpfl.core.base_simulator | Round  37/150 | Acc: 0.2012 | Loss: 3.1253 | eps: 2.94 | P: 1.00 R: 0.00 F1: 0.00
2026-05-01 14:37:34 | DEBUG   | dpfl.core.base_simulator | Update norms — honest: ['3.70', '3.77', '3.74', '3.72', '3.72'], attacker: []
2026-05-01 14:37:34 | INFO    | dpfl.core.base_simulator | Round  38/150 | Acc: 0.2034 | Loss: 3.1418 | eps: 2.96 | P: 1.00 R: 0.00 F1: 0.00
2026-05-01 14:37:34 | DEBUG   | dpfl.core.base_simulator | Update norms — honest: ['3.72', '3.73', '3.71', '3.73', '3.72'], attacker: []
2026-05-01 14:37:35 | INFO    | dpfl.core.base_simulator | Round  39/150 | Acc: 0.2056 | Loss: 3.1663 | eps: 2.98 | P: 1.00 R: 0.00 F1: 0.00
2026-05-01 14:37:35 | DEBUG   | dpfl.core.base_simulator | Update norms — honest: ['3.77', '3.78', '3.73', '3.73', '3.77'], attacker: []
2026-05-01 14:37:35 | INFO    | dpfl.core.base_simulator | Round  40/150 | Acc: 0.2066 | Loss: 3.1845 | eps: 3.00 | P: 1.00 R: 0.00 F1: 0.00
2026-05-01 14:37:35 | DEBUG   | dpfl.core.base_simulator | Update norms — honest: ['3.72', '3.73', '3.72', '3.72', '3.76'], attacker: []
2026-05-01 14:37:35 | INFO    | dpfl.core.base_simulator | Round  41/150 | Acc: 0.2080 | Loss: 3.2123 | eps: 3.01 | P: 1.00 R: 0.00 F1: 0.00
2026-05-01 14:37:35 | DEBUG   | dpfl.core.base_simulator | Update norms — honest: ['3.72', '3.74', '3.76', '3.72', '3.78'], attacker: []
2026-05-01 14:37:36 | INFO    | dpfl.core.base_simulator | Round  42/150 | Acc: 0.2105 | Loss: 3.2243 | eps: 3.03 | P: 1.00 R: 0.00 F1: 0.00
2026-05-01 14:37:36 | DEBUG   | dpfl.core.base_simulator | Update norms — honest: ['3.72', '3.74', '3.73', '3.71', '3.74'], attacker: []
2026-05-01 14:37:36 | INFO    | dpfl.core.base_simulator | Round  43/150 | Acc: 0.2128 | Loss: 3.2524 | eps: 3.05 | P: 1.00 R: 0.00 F1: 0.00
2026-05-01 14:37:36 | DEBUG   | dpfl.core.base_simulator | Update norms — honest: ['3.74', '3.75', '3.73', '3.74', '3.72'], attacker: []
2026-05-01 14:37:36 | INFO    | dpfl.core.base_simulator | Round  44/150 | Acc: 0.2153 | Loss: 3.2557 | eps: 3.07 | P: 1.00 R: 0.00 F1: 0.00
2026-05-01 14:37:36 | DEBUG   | dpfl.core.base_simulator | Update norms — honest: ['3.72', '3.73', '3.75', '3.75', '3.75'], attacker: []
2026-05-01 14:37:37 | INFO    | dpfl.core.base_simulator | Round  45/150 | Acc: 0.2174 | Loss: 3.2550 | eps: 3.09 | P: 1.00 R: 0.00 F1: 0.00
2026-05-01 14:37:37 | DEBUG   | dpfl.core.base_simulator | Update norms — honest: ['3.74', '3.71', '3.70', '3.73', '3.73'], attacker: []
2026-05-01 14:37:37 | INFO    | dpfl.core.base_simulator | Round  46/150 | Acc: 0.2190 | Loss: 3.2752 | eps: 3.11 | P: 1.00 R: 0.00 F1: 0.00
2026-05-01 14:37:37 | DEBUG   | dpfl.core.base_simulator | Update norms — honest: ['3.72', '3.72', '3.74', '3.74', '3.75'], attacker: []
2026-05-01 14:37:37 | INFO    | dpfl.core.base_simulator | Round  47/150 | Acc: 0.2206 | Loss: 3.3037 | eps: 3.13 | P: 1.00 R: 0.00 F1: 0.00
2026-05-01 14:37:37 | DEBUG   | dpfl.core.base_simulator | Update norms — honest: ['3.73', '3.74', '3.72', '3.74', '3.72'], attacker: []
2026-05-01 14:37:38 | INFO    | dpfl.core.base_simulator | Round  48/150 | Acc: 0.2226 | Loss: 3.3126 | eps: 3.15 | P: 1.00 R: 0.00 F1: 0.00
2026-05-01 14:37:38 | DEBUG   | dpfl.core.base_simulator | Update norms — honest: ['3.74', '3.72', '3.74', '3.75', '3.72'], attacker: []
2026-05-01 14:37:38 | INFO    | dpfl.core.base_simulator | Round  49/150 | Acc: 0.2244 | Loss: 3.3329 | eps: 3.16 | P: 1.00 R: 0.00 F1: 0.00
2026-05-01 14:37:38 | DEBUG   | dpfl.core.base_simulator | Update norms — honest: ['3.75', '3.73', '3.73', '3.74', '3.71'], attacker: []
2026-05-01 14:37:38 | INFO    | dpfl.core.base_simulator | Round  50/150 | Acc: 0.2267 | Loss: 3.3495 | eps: 3.18 | P: 1.00 R: 0.00 F1: 0.00
2026-05-01 14:37:38 | DEBUG   | dpfl.core.base_simulator | Update norms — honest: ['3.75', '3.74', '3.72', '3.69', '3.73'], attacker: []
2026-05-01 14:37:39 | INFO    | dpfl.core.base_simulator | Round  51/150 | Acc: 0.2290 | Loss: 3.3677 | eps: 3.20 | P: 1.00 R: 0.00 F1: 0.00
2026-05-01 14:37:39 | DEBUG   | dpfl.core.base_simulator | Update norms — honest: ['3.76', '3.73', '3.74', '3.71', '3.71'], attacker: []
2026-05-01 14:37:39 | INFO    | dpfl.core.base_simulator | Round  52/150 | Acc: 0.2307 | Loss: 3.3848 | eps: 3.22 | P: 1.00 R: 0.00 F1: 0.00
2026-05-01 14:37:39 | DEBUG   | dpfl.core.base_simulator | Update norms — honest: ['3.69', '3.69', '3.72', '3.73', '3.73'], attacker: []
2026-05-01 14:37:39 | INFO    | dpfl.core.base_simulator | Round  53/150 | Acc: 0.2308 | Loss: 3.4101 | eps: 3.24 | P: 1.00 R: 0.00 F1: 0.00
2026-05-01 14:37:39 | DEBUG   | dpfl.core.base_simulator | Update norms — honest: ['3.74', '3.73', '3.69', '3.73', '3.72'], attacker: []
2026-05-01 14:37:40 | INFO    | dpfl.core.base_simulator | Round  54/150 | Acc: 0.2321 | Loss: 3.4277 | eps: 3.26 | P: 1.00 R: 0.00 F1: 0.00
2026-05-01 14:37:40 | DEBUG   | dpfl.core.base_simulator | Update norms — honest: ['3.74', '3.73', '3.74', '3.74', '3.73'], attacker: []
2026-05-01 14:37:40 | INFO    | dpfl.core.base_simulator | Round  55/150 | Acc: 0.2337 | Loss: 3.4333 | eps: 3.28 | P: 1.00 R: 0.00 F1: 0.00
2026-05-01 14:37:40 | DEBUG   | dpfl.core.base_simulator | Update norms — honest: ['3.74', '3.74', '3.75', '3.71', '3.73'], attacker: []
2026-05-01 14:37:40 | INFO    | dpfl.core.base_simulator | Round  56/150 | Acc: 0.2354 | Loss: 3.4547 | eps: 3.29 | P: 1.00 R: 0.00 F1: 0.00
2026-05-01 14:37:40 | DEBUG   | dpfl.core.base_simulator | Update norms — honest: ['3.71', '3.73', '3.76', '3.73', '3.73'], attacker: []
2026-05-01 14:37:41 | INFO    | dpfl.core.base_simulator | Round  57/150 | Acc: 0.2369 | Loss: 3.4680 | eps: 3.31 | P: 1.00 R: 0.00 F1: 0.00
2026-05-01 14:37:41 | DEBUG   | dpfl.core.base_simulator | Update norms — honest: ['3.73', '3.73', '3.71', '3.76', '3.73'], attacker: []
2026-05-01 14:37:41 | INFO    | dpfl.core.base_simulator | Round  58/150 | Acc: 0.2395 | Loss: 3.4710 | eps: 3.33 | P: 1.00 R: 0.00 F1: 0.00
2026-05-01 14:37:41 | DEBUG   | dpfl.core.base_simulator | Update norms — honest: ['3.74', '3.72', '3.73', '3.75', '3.73'], attacker: []
2026-05-01 14:37:42 | INFO    | dpfl.core.base_simulator | Round  59/150 | Acc: 0.2418 | Loss: 3.4794 | eps: 3.35 | P: 1.00 R: 0.00 F1: 0.00
2026-05-01 14:37:42 | DEBUG   | dpfl.core.base_simulator | Update norms — honest: ['3.72', '3.73', '3.72', '3.73', '3.72'], attacker: []
2026-05-01 14:37:42 | INFO    | dpfl.core.base_simulator | Round  60/150 | Acc: 0.2430 | Loss: 3.4906 | eps: 3.37 | P: 1.00 R: 0.00 F1: 0.00
2026-05-01 14:37:42 | DEBUG   | dpfl.core.base_simulator | Update norms — honest: ['3.74', '3.74', '3.72', '3.74', '3.75'], attacker: []
2026-05-01 14:37:42 | INFO    | dpfl.core.base_simulator | Round  61/150 | Acc: 0.2454 | Loss: 3.4903 | eps: 3.39 | P: 1.00 R: 0.00 F1: 0.00
2026-05-01 14:37:42 | DEBUG   | dpfl.core.base_simulator | Update norms — honest: ['3.75', '3.76', '3.73', '3.74', '3.75'], attacker: []
2026-05-01 14:37:43 | INFO    | dpfl.core.base_simulator | Round  62/150 | Acc: 0.2467 | Loss: 3.5004 | eps: 3.41 | P: 1.00 R: 0.00 F1: 0.00
2026-05-01 14:37:43 | DEBUG   | dpfl.core.base_simulator | Update norms — honest: ['3.73', '3.72', '3.75', '3.72', '3.72'], attacker: []
2026-05-01 14:37:43 | INFO    | dpfl.core.base_simulator | Round  63/150 | Acc: 0.2488 | Loss: 3.5108 | eps: 3.42 | P: 1.00 R: 0.00 F1: 0.00
2026-05-01 14:37:43 | DEBUG   | dpfl.core.base_simulator | Update norms — honest: ['3.75', '3.73', '3.75', '3.74', '3.75'], attacker: []
2026-05-01 14:37:43 | INFO    | dpfl.core.base_simulator | Round  64/150 | Acc: 0.2498 | Loss: 3.5273 | eps: 3.44 | P: 1.00 R: 0.00 F1: 0.00
2026-05-01 14:37:43 | DEBUG   | dpfl.core.base_simulator | Update norms — honest: ['3.75', '3.73', '3.72', '3.74', '3.69'], attacker: []
2026-05-01 14:37:44 | INFO    | dpfl.core.base_simulator | Round  65/150 | Acc: 0.2508 | Loss: 3.5423 | eps: 3.46 | P: 1.00 R: 0.00 F1: 0.00
2026-05-01 14:37:44 | DEBUG   | dpfl.core.base_simulator | Update norms — honest: ['3.75', '3.74', '3.74', '3.73', '3.76'], attacker: []
2026-05-01 14:37:44 | INFO    | dpfl.core.base_simulator | Round  66/150 | Acc: 0.2520 | Loss: 3.5414 | eps: 3.48 | P: 1.00 R: 0.00 F1: 0.00
2026-05-01 14:37:44 | DEBUG   | dpfl.core.base_simulator | Update norms — honest: ['3.72', '3.75', '3.71', '3.78', '3.72'], attacker: []
2026-05-01 14:37:44 | INFO    | dpfl.core.base_simulator | Round  67/150 | Acc: 0.2522 | Loss: 3.5619 | eps: 3.50 | P: 1.00 R: 0.00 F1: 0.00
2026-05-01 14:37:44 | DEBUG   | dpfl.core.base_simulator | Update norms — honest: ['3.74', '3.74', '3.73', '3.73', '3.72'], attacker: []
2026-05-01 14:37:45 | INFO    | dpfl.core.base_simulator | Round  68/150 | Acc: 0.2557 | Loss: 3.5520 | eps: 3.52 | P: 1.00 R: 0.00 F1: 0.00
2026-05-01 14:37:45 | DEBUG   | dpfl.core.base_simulator | Update norms — honest: ['3.73', '3.70', '3.74', '3.75', '3.73'], attacker: []
2026-05-01 14:37:45 | INFO    | dpfl.core.base_simulator | Round  69/150 | Acc: 0.2574 | Loss: 3.5517 | eps: 3.54 | P: 1.00 R: 0.00 F1: 0.00
2026-05-01 14:37:45 | DEBUG   | dpfl.core.base_simulator | Update norms — honest: ['3.71', '3.76', '3.73', '3.71', '3.72'], attacker: []
2026-05-01 14:37:45 | INFO    | dpfl.core.base_simulator | Round  70/150 | Acc: 0.2589 | Loss: 3.5666 | eps: 3.55 | P: 1.00 R: 0.00 F1: 0.00
2026-05-01 14:37:45 | DEBUG   | dpfl.core.base_simulator | Update norms — honest: ['3.75', '3.76', '3.71', '3.73', '3.74'], attacker: []
2026-05-01 14:37:46 | INFO    | dpfl.core.base_simulator | Round  71/150 | Acc: 0.2607 | Loss: 3.5783 | eps: 3.57 | P: 1.00 R: 0.00 F1: 0.00
2026-05-01 14:37:46 | DEBUG   | dpfl.core.base_simulator | Update norms — honest: ['3.75', '3.73', '3.74', '3.74', '3.73'], attacker: []
2026-05-01 14:37:46 | INFO    | dpfl.core.base_simulator | Round  72/150 | Acc: 0.2620 | Loss: 3.5936 | eps: 3.59 | P: 1.00 R: 0.00 F1: 0.00
2026-05-01 14:37:46 | DEBUG   | dpfl.core.base_simulator | Update norms — honest: ['3.72', '3.74', '3.73', '3.76', '3.74'], attacker: []
2026-05-01 14:37:46 | INFO    | dpfl.core.base_simulator | Round  73/150 | Acc: 0.2640 | Loss: 3.5941 | eps: 3.61 | P: 1.00 R: 0.00 F1: 0.00
2026-05-01 14:37:46 | DEBUG   | dpfl.core.base_simulator | Update norms — honest: ['3.68', '3.74', '3.75', '3.75', '3.73'], attacker: []
2026-05-01 14:37:47 | INFO    | dpfl.core.base_simulator | Round  74/150 | Acc: 0.2655 | Loss: 3.5979 | eps: 3.63 | P: 1.00 R: 0.00 F1: 0.00
2026-05-01 14:37:47 | DEBUG   | dpfl.core.base_simulator | Update norms — honest: ['3.73', '3.74', '3.73', '3.71', '3.75'], attacker: []
2026-05-01 14:37:47 | INFO    | dpfl.core.base_simulator | Round  75/150 | Acc: 0.2676 | Loss: 3.6076 | eps: 3.65 | P: 1.00 R: 0.00 F1: 0.00
2026-05-01 14:37:47 | DEBUG   | dpfl.core.base_simulator | Update norms — honest: ['3.74', '3.75', '3.76', '3.74', '3.74'], attacker: []
2026-05-01 14:37:48 | INFO    | dpfl.core.base_simulator | Round  76/150 | Acc: 0.2688 | Loss: 3.6151 | eps: 3.67 | P: 1.00 R: 0.00 F1: 0.00
2026-05-01 14:37:48 | DEBUG   | dpfl.core.base_simulator | Update norms — honest: ['3.75', '3.74', '3.75', '3.72', '3.75'], attacker: []
2026-05-01 14:37:48 | INFO    | dpfl.core.base_simulator | Round  77/150 | Acc: 0.2701 | Loss: 3.6260 | eps: 3.68 | P: 1.00 R: 0.00 F1: 0.00
2026-05-01 14:37:48 | DEBUG   | dpfl.core.base_simulator | Update norms — honest: ['3.75', '3.72', '3.74', '3.72', '3.75'], attacker: []
2026-05-01 14:37:48 | INFO    | dpfl.core.base_simulator | Round  78/150 | Acc: 0.2715 | Loss: 3.6362 | eps: 3.70 | P: 1.00 R: 0.00 F1: 0.00
2026-05-01 14:37:48 | DEBUG   | dpfl.core.base_simulator | Update norms — honest: ['3.72', '3.72', '3.76', '3.72', '3.78'], attacker: []
2026-05-01 14:37:48 | INFO    | dpfl.core.base_simulator | Round  79/150 | Acc: 0.2732 | Loss: 3.6411 | eps: 3.72 | P: 1.00 R: 0.00 F1: 0.00
2026-05-01 14:37:48 | DEBUG   | dpfl.core.base_simulator | Update norms — honest: ['3.75', '3.74', '3.72', '3.73', '3.75'], attacker: []
2026-05-01 14:37:49 | INFO    | dpfl.core.base_simulator | Round  80/150 | Acc: 0.2741 | Loss: 3.6540 | eps: 3.74 | P: 1.00 R: 0.00 F1: 0.00
2026-05-01 14:37:49 | DEBUG   | dpfl.core.base_simulator | Update norms — honest: ['3.72', '3.75', '3.72', '3.72', '3.75'], attacker: []
2026-05-01 14:37:49 | INFO    | dpfl.core.base_simulator | Round  81/150 | Acc: 0.2754 | Loss: 3.6636 | eps: 3.76 | P: 1.00 R: 0.00 F1: 0.00
2026-05-01 14:37:49 | DEBUG   | dpfl.core.base_simulator | Update norms — honest: ['3.72', '3.69', '3.74', '3.72', '3.73'], attacker: []
2026-05-01 14:37:49 | INFO    | dpfl.core.base_simulator | Round  82/150 | Acc: 0.2791 | Loss: 3.6625 | eps: 3.78 | P: 1.00 R: 0.00 F1: 0.00
2026-05-01 14:37:49 | DEBUG   | dpfl.core.base_simulator | Update norms — honest: ['3.72', '3.75', '3.75', '3.73', '3.72'], attacker: []
2026-05-01 14:37:50 | INFO    | dpfl.core.base_simulator | Round  83/150 | Acc: 0.2801 | Loss: 3.6771 | eps: 3.80 | P: 1.00 R: 0.00 F1: 0.00
2026-05-01 14:37:50 | DEBUG   | dpfl.core.base_simulator | Update norms — honest: ['3.74', '3.78', '3.75', '3.75', '3.75'], attacker: []
2026-05-01 14:37:50 | INFO    | dpfl.core.base_simulator | Round  84/150 | Acc: 0.2809 | Loss: 3.6856 | eps: 3.81 | P: 1.00 R: 0.00 F1: 0.00
2026-05-01 14:37:50 | DEBUG   | dpfl.core.base_simulator | Update norms — honest: ['3.71', '3.74', '3.74', '3.71', '3.74'], attacker: []
2026-05-01 14:37:51 | INFO    | dpfl.core.base_simulator | Round  85/150 | Acc: 0.2834 | Loss: 3.6931 | eps: 3.83 | P: 1.00 R: 0.00 F1: 0.00
2026-05-01 14:37:51 | DEBUG   | dpfl.core.base_simulator | Update norms — honest: ['3.73', '3.74', '3.70', '3.76', '3.71'], attacker: []
2026-05-01 14:37:51 | INFO    | dpfl.core.base_simulator | Round  86/150 | Acc: 0.2843 | Loss: 3.7018 | eps: 3.85 | P: 1.00 R: 0.00 F1: 0.00
2026-05-01 14:37:51 | DEBUG   | dpfl.core.base_simulator | Update norms — honest: ['3.72', '3.74', '3.74', '3.73', '3.74'], attacker: []
2026-05-01 14:37:51 | INFO    | dpfl.core.base_simulator | Round  87/150 | Acc: 0.2860 | Loss: 3.7159 | eps: 3.87 | P: 1.00 R: 0.00 F1: 0.00
2026-05-01 14:37:51 | DEBUG   | dpfl.core.base_simulator | Update norms — honest: ['3.73', '3.72', '3.77', '3.73', '3.72'], attacker: []
2026-05-01 14:37:52 | INFO    | dpfl.core.base_simulator | Round  88/150 | Acc: 0.2872 | Loss: 3.7240 | eps: 3.89 | P: 1.00 R: 0.00 F1: 0.00
2026-05-01 14:37:52 | DEBUG   | dpfl.core.base_simulator | Update norms — honest: ['3.74', '3.73', '3.73', '3.76', '3.70'], attacker: []
2026-05-01 14:37:52 | INFO    | dpfl.core.base_simulator | Round  89/150 | Acc: 0.2888 | Loss: 3.7308 | eps: 3.91 | P: 1.00 R: 0.00 F1: 0.00
2026-05-01 14:37:52 | DEBUG   | dpfl.core.base_simulator | Update norms — honest: ['3.73', '3.74', '3.76', '3.75', '3.71'], attacker: []
2026-05-01 14:37:52 | INFO    | dpfl.core.base_simulator | Round  90/150 | Acc: 0.2915 | Loss: 3.7278 | eps: 3.93 | P: 1.00 R: 0.00 F1: 0.00
2026-05-01 14:37:52 | DEBUG   | dpfl.core.base_simulator | Update norms — honest: ['3.74', '3.71', '3.71', '3.71', '3.75'], attacker: []
2026-05-01 14:37:53 | INFO    | dpfl.core.base_simulator | Round  91/150 | Acc: 0.2911 | Loss: 3.7446 | eps: 3.94 | P: 1.00 R: 0.00 F1: 0.00
2026-05-01 14:37:53 | DEBUG   | dpfl.core.base_simulator | Update norms — honest: ['3.72', '3.69', '3.72', '3.73', '3.73'], attacker: []
2026-05-01 14:37:53 | INFO    | dpfl.core.base_simulator | Round  92/150 | Acc: 0.2917 | Loss: 3.7542 | eps: 3.96 | P: 1.00 R: 0.00 F1: 0.00
2026-05-01 14:37:53 | DEBUG   | dpfl.core.base_simulator | Update norms — honest: ['3.72', '3.72', '3.74', '3.70', '3.74'], attacker: []
2026-05-01 14:37:54 | INFO    | dpfl.core.base_simulator | Round  93/150 | Acc: 0.2940 | Loss: 3.7508 | eps: 3.98 | P: 1.00 R: 0.00 F1: 0.00
2026-05-01 14:37:54 | DEBUG   | dpfl.core.base_simulator | Update norms — honest: ['3.74', '3.73', '3.71', '3.74', '3.73'], attacker: []
2026-05-01 14:37:54 | INFO    | dpfl.core.base_simulator | Round  94/150 | Acc: 0.2941 | Loss: 3.7547 | eps: 4.00 | P: 1.00 R: 0.00 F1: 0.00
2026-05-01 14:37:54 | DEBUG   | dpfl.core.base_simulator | Update norms — honest: ['3.73', '3.73', '3.75', '3.74', '3.72'], attacker: []
2026-05-01 14:37:54 | INFO    | dpfl.core.base_simulator | Round  95/150 | Acc: 0.2968 | Loss: 3.7497 | eps: 4.02 | P: 1.00 R: 0.00 F1: 0.00
2026-05-01 14:37:54 | DEBUG   | dpfl.core.base_simulator | Update norms — honest: ['3.73', '3.74', '3.73', '3.76', '3.73'], attacker: []
2026-05-01 14:37:55 | INFO    | dpfl.core.base_simulator | Round  96/150 | Acc: 0.2976 | Loss: 3.7464 | eps: 4.04 | P: 1.00 R: 0.00 F1: 0.00
2026-05-01 14:37:55 | DEBUG   | dpfl.core.base_simulator | Update norms — honest: ['3.71', '3.77', '3.75', '3.72', '3.73'], attacker: []
2026-05-01 14:37:55 | INFO    | dpfl.core.base_simulator | Round  97/150 | Acc: 0.2990 | Loss: 3.7567 | eps: 4.06 | P: 1.00 R: 0.00 F1: 0.00
2026-05-01 14:37:55 | DEBUG   | dpfl.core.base_simulator | Update norms — honest: ['3.72', '3.75', '3.76', '3.72', '3.73'], attacker: []
2026-05-01 14:37:55 | INFO    | dpfl.core.base_simulator | Round  98/150 | Acc: 0.2993 | Loss: 3.7656 | eps: 4.07 | P: 1.00 R: 0.00 F1: 0.00
2026-05-01 14:37:55 | DEBUG   | dpfl.core.base_simulator | Update norms — honest: ['3.73', '3.75', '3.73', '3.76', '3.72'], attacker: []
2026-05-01 14:37:56 | INFO    | dpfl.core.base_simulator | Round  99/150 | Acc: 0.3003 | Loss: 3.7741 | eps: 4.09 | P: 1.00 R: 0.00 F1: 0.00
2026-05-01 14:37:56 | DEBUG   | dpfl.core.base_simulator | Update norms — honest: ['3.72', '3.76', '3.76', '3.73', '3.75'], attacker: []
2026-05-01 14:37:56 | INFO    | dpfl.core.base_simulator | Round 100/150 | Acc: 0.3016 | Loss: 3.7760 | eps: 4.11 | P: 1.00 R: 0.00 F1: 0.00
2026-05-01 14:37:56 | DEBUG   | dpfl.core.base_simulator | Update norms — honest: ['3.75', '3.74', '3.75', '3.72', '3.72'], attacker: []
2026-05-01 14:37:56 | INFO    | dpfl.core.base_simulator | Round 101/150 | Acc: 0.3031 | Loss: 3.7785 | eps: 4.13 | P: 1.00 R: 0.00 F1: 0.00
2026-05-01 14:37:56 | DEBUG   | dpfl.core.base_simulator | Update norms — honest: ['3.71', '3.73', '3.73', '3.75', '3.69'], attacker: []
2026-05-01 14:37:57 | INFO    | dpfl.core.base_simulator | Round 102/150 | Acc: 0.3038 | Loss: 3.7842 | eps: 4.15 | P: 1.00 R: 0.00 F1: 0.00
2026-05-01 14:37:57 | DEBUG   | dpfl.core.base_simulator | Update norms — honest: ['3.72', '3.73', '3.76', '3.75', '3.74'], attacker: []
2026-05-01 14:37:57 | INFO    | dpfl.core.base_simulator | Round 103/150 | Acc: 0.3043 | Loss: 3.7949 | eps: 4.17 | P: 1.00 R: 0.00 F1: 0.00
2026-05-01 14:37:57 | DEBUG   | dpfl.core.base_simulator | Update norms — honest: ['3.74', '3.75', '3.70', '3.73', '3.74'], attacker: []
2026-05-01 14:37:57 | INFO    | dpfl.core.base_simulator | Round 104/150 | Acc: 0.3056 | Loss: 3.8060 | eps: 4.19 | P: 1.00 R: 0.00 F1: 0.00
2026-05-01 14:37:57 | DEBUG   | dpfl.core.base_simulator | Update norms — honest: ['3.71', '3.75', '3.73', '3.72', '3.72'], attacker: []
2026-05-01 14:37:58 | INFO    | dpfl.core.base_simulator | Round 105/150 | Acc: 0.3059 | Loss: 3.8221 | eps: 4.20 | P: 1.00 R: 0.00 F1: 0.00
2026-05-01 14:37:58 | DEBUG   | dpfl.core.base_simulator | Update norms — honest: ['3.75', '3.74', '3.70', '3.71', '3.74'], attacker: []
2026-05-01 14:37:58 | INFO    | dpfl.core.base_simulator | Round 106/150 | Acc: 0.3062 | Loss: 3.8433 | eps: 4.22 | P: 1.00 R: 0.00 F1: 0.00
2026-05-01 14:37:58 | DEBUG   | dpfl.core.base_simulator | Update norms — honest: ['3.76', '3.73', '3.76', '3.72', '3.72'], attacker: []
2026-05-01 14:37:58 | INFO    | dpfl.core.base_simulator | Round 107/150 | Acc: 0.3066 | Loss: 3.8650 | eps: 4.24 | P: 1.00 R: 0.00 F1: 0.00
2026-05-01 14:37:58 | DEBUG   | dpfl.core.base_simulator | Update norms — honest: ['3.72', '3.74', '3.73', '3.72', '3.74'], attacker: []
2026-05-01 14:37:59 | INFO    | dpfl.core.base_simulator | Round 108/150 | Acc: 0.3076 | Loss: 3.8611 | eps: 4.26 | P: 1.00 R: 0.00 F1: 0.00
2026-05-01 14:37:59 | DEBUG   | dpfl.core.base_simulator | Update norms — honest: ['3.75', '3.74', '3.73', '3.70', '3.71'], attacker: []
2026-05-01 14:37:59 | INFO    | dpfl.core.base_simulator | Round 109/150 | Acc: 0.3088 | Loss: 3.8678 | eps: 4.28 | P: 1.00 R: 0.00 F1: 0.00
2026-05-01 14:37:59 | DEBUG   | dpfl.core.base_simulator | Update norms — honest: ['3.71', '3.74', '3.75', '3.74', '3.75'], attacker: []
2026-05-01 14:37:59 | INFO    | dpfl.core.base_simulator | Round 110/150 | Acc: 0.3099 | Loss: 3.8805 | eps: 4.30 | P: 1.00 R: 0.00 F1: 0.00
2026-05-01 14:37:59 | DEBUG   | dpfl.core.base_simulator | Update norms — honest: ['3.73', '3.74', '3.74', '3.71', '3.72'], attacker: []
2026-05-01 14:38:00 | INFO    | dpfl.core.base_simulator | Round 111/150 | Acc: 0.3108 | Loss: 3.8858 | eps: 4.32 | P: 1.00 R: 0.00 F1: 0.00
2026-05-01 14:38:00 | DEBUG   | dpfl.core.base_simulator | Update norms — honest: ['3.73', '3.75', '3.72', '3.73', '3.74'], attacker: []
2026-05-01 14:38:00 | INFO    | dpfl.core.base_simulator | Round 112/150 | Acc: 0.3118 | Loss: 3.8991 | eps: 4.33 | P: 1.00 R: 0.00 F1: 0.00
2026-05-01 14:38:00 | DEBUG   | dpfl.core.base_simulator | Update norms — honest: ['3.74', '3.73', '3.73', '3.76', '3.74'], attacker: []
2026-05-01 14:38:01 | INFO    | dpfl.core.base_simulator | Round 113/150 | Acc: 0.3129 | Loss: 3.9083 | eps: 4.35 | P: 1.00 R: 0.00 F1: 0.00
2026-05-01 14:38:01 | DEBUG   | dpfl.core.base_simulator | Update norms — honest: ['3.73', '3.71', '3.76', '3.76', '3.74'], attacker: []
2026-05-01 14:38:01 | INFO    | dpfl.core.base_simulator | Round 114/150 | Acc: 0.3135 | Loss: 3.9182 | eps: 4.37 | P: 1.00 R: 0.00 F1: 0.00
2026-05-01 14:38:01 | DEBUG   | dpfl.core.base_simulator | Update norms — honest: ['3.75', '3.74', '3.71', '3.74', '3.74'], attacker: []
2026-05-01 14:38:01 | INFO    | dpfl.core.base_simulator | Round 115/150 | Acc: 0.3145 | Loss: 3.9396 | eps: 4.39 | P: 1.00 R: 0.00 F1: 0.00
2026-05-01 14:38:01 | DEBUG   | dpfl.core.base_simulator | Update norms — honest: ['3.77', '3.73', '3.73', '3.74', '3.74'], attacker: []
2026-05-01 14:38:02 | INFO    | dpfl.core.base_simulator | Round 116/150 | Acc: 0.3143 | Loss: 3.9459 | eps: 4.41 | P: 1.00 R: 0.00 F1: 0.00
2026-05-01 14:38:02 | DEBUG   | dpfl.core.base_simulator | Update norms — honest: ['3.75', '3.74', '3.76', '3.74', '3.75'], attacker: []
2026-05-01 14:38:02 | INFO    | dpfl.core.base_simulator | Round 117/150 | Acc: 0.3156 | Loss: 3.9580 | eps: 4.42 | P: 1.00 R: 0.00 F1: 0.00
2026-05-01 14:38:02 | DEBUG   | dpfl.core.base_simulator | Update norms — honest: ['3.72', '3.74', '3.73', '3.72', '3.72'], attacker: []
2026-05-01 14:38:02 | INFO    | dpfl.core.base_simulator | Round 118/150 | Acc: 0.3157 | Loss: 3.9609 | eps: 4.43 | P: 1.00 R: 0.00 F1: 0.00
2026-05-01 14:38:02 | DEBUG   | dpfl.core.base_simulator | Update norms — honest: ['3.72', '3.75', '3.72', '3.71', '3.76'], attacker: []
2026-05-01 14:38:03 | INFO    | dpfl.core.base_simulator | Round 119/150 | Acc: 0.3157 | Loss: 3.9639 | eps: 4.45 | P: 1.00 R: 0.00 F1: 0.00
2026-05-01 14:38:03 | DEBUG   | dpfl.core.base_simulator | Update norms — honest: ['3.74', '3.73', '3.72', '3.74', '3.72'], attacker: []
2026-05-01 14:38:03 | INFO    | dpfl.core.base_simulator | Round 120/150 | Acc: 0.3175 | Loss: 3.9689 | eps: 4.46 | P: 1.00 R: 0.00 F1: 0.00
2026-05-01 14:38:03 | DEBUG   | dpfl.core.base_simulator | Update norms — honest: ['3.73', '3.76', '3.75', '3.72', '3.70'], attacker: []
2026-05-01 14:38:03 | INFO    | dpfl.core.base_simulator | Round 121/150 | Acc: 0.3186 | Loss: 3.9722 | eps: 4.47 | P: 1.00 R: 0.00 F1: 0.00
2026-05-01 14:38:03 | DEBUG   | dpfl.core.base_simulator | Update norms — honest: ['3.75', '3.74', '3.74', '3.72', '3.74'], attacker: []
2026-05-01 14:38:04 | INFO    | dpfl.core.base_simulator | Round 122/150 | Acc: 0.3189 | Loss: 3.9930 | eps: 4.48 | P: 1.00 R: 0.00 F1: 0.00
2026-05-01 14:38:04 | DEBUG   | dpfl.core.base_simulator | Update norms — honest: ['3.72', '3.73', '3.73', '3.73', '3.72'], attacker: []
2026-05-01 14:38:04 | INFO    | dpfl.core.base_simulator | Round 123/150 | Acc: 0.3195 | Loss: 4.0135 | eps: 4.49 | P: 1.00 R: 0.00 F1: 0.00
2026-05-01 14:38:04 | DEBUG   | dpfl.core.base_simulator | Update norms — honest: ['3.77', '3.72', '3.75', '3.71', '3.72'], attacker: []
2026-05-01 14:38:04 | INFO    | dpfl.core.base_simulator | Round 124/150 | Acc: 0.3199 | Loss: 4.0276 | eps: 4.50 | P: 1.00 R: 0.00 F1: 0.00
2026-05-01 14:38:04 | DEBUG   | dpfl.core.base_simulator | Update norms — honest: ['3.73', '3.72', '3.75', '3.73', '3.73'], attacker: []
2026-05-01 14:38:05 | INFO    | dpfl.core.base_simulator | Round 125/150 | Acc: 0.3212 | Loss: 4.0187 | eps: 4.51 | P: 1.00 R: 0.00 F1: 0.00
2026-05-01 14:38:05 | DEBUG   | dpfl.core.base_simulator | Update norms — honest: ['3.74', '3.76', '3.74', '3.72', '3.73'], attacker: []
2026-05-01 14:38:05 | INFO    | dpfl.core.base_simulator | Round 126/150 | Acc: 0.3227 | Loss: 4.0208 | eps: 4.53 | P: 1.00 R: 0.00 F1: 0.00
2026-05-01 14:38:05 | DEBUG   | dpfl.core.base_simulator | Update norms — honest: ['3.73', '3.74', '3.76', '3.72', '3.74'], attacker: []
2026-05-01 14:38:05 | INFO    | dpfl.core.base_simulator | Round 127/150 | Acc: 0.3235 | Loss: 4.0219 | eps: 4.54 | P: 1.00 R: 0.00 F1: 0.00
2026-05-01 14:38:05 | DEBUG   | dpfl.core.base_simulator | Update norms — honest: ['3.74', '3.75', '3.73', '3.73', '3.73'], attacker: []
2026-05-01 14:38:06 | INFO    | dpfl.core.base_simulator | Round 128/150 | Acc: 0.3220 | Loss: 4.0515 | eps: 4.55 | P: 1.00 R: 0.00 F1: 0.00
2026-05-01 14:38:06 | DEBUG   | dpfl.core.base_simulator | Update norms — honest: ['3.75', '3.72', '3.75', '3.73', '3.74'], attacker: []
2026-05-01 14:38:06 | INFO    | dpfl.core.base_simulator | Round 129/150 | Acc: 0.3236 | Loss: 4.0501 | eps: 4.56 | P: 1.00 R: 0.00 F1: 0.00
2026-05-01 14:38:06 | DEBUG   | dpfl.core.base_simulator | Update norms — honest: ['3.73', '3.75', '3.73', '3.77', '3.76'], attacker: []
2026-05-01 14:38:06 | INFO    | dpfl.core.base_simulator | Round 130/150 | Acc: 0.3246 | Loss: 4.0438 | eps: 4.57 | P: 1.00 R: 0.00 F1: 0.00
2026-05-01 14:38:06 | DEBUG   | dpfl.core.base_simulator | Update norms — honest: ['3.73', '3.71', '3.74', '3.74', '3.74'], attacker: []
2026-05-01 14:38:07 | INFO    | dpfl.core.base_simulator | Round 131/150 | Acc: 0.3254 | Loss: 4.0523 | eps: 4.58 | P: 1.00 R: 0.00 F1: 0.00
2026-05-01 14:38:07 | DEBUG   | dpfl.core.base_simulator | Update norms — honest: ['3.73', '3.72', '3.75', '3.75', '3.76'], attacker: []
2026-05-01 14:38:07 | INFO    | dpfl.core.base_simulator | Round 132/150 | Acc: 0.3268 | Loss: 4.0425 | eps: 4.59 | P: 1.00 R: 0.00 F1: 0.00
2026-05-01 14:38:07 | DEBUG   | dpfl.core.base_simulator | Update norms — honest: ['3.71', '3.72', '3.73', '3.76', '3.76'], attacker: []
2026-05-01 14:38:07 | INFO    | dpfl.core.base_simulator | Round 133/150 | Acc: 0.3286 | Loss: 4.0400 | eps: 4.61 | P: 1.00 R: 0.00 F1: 0.00
2026-05-01 14:38:07 | DEBUG   | dpfl.core.base_simulator | Update norms — honest: ['3.75', '3.74', '3.74', '3.73', '3.74'], attacker: []
2026-05-01 14:38:08 | INFO    | dpfl.core.base_simulator | Round 134/150 | Acc: 0.3289 | Loss: 4.0595 | eps: 4.62 | P: 1.00 R: 0.00 F1: 0.00
2026-05-01 14:38:08 | DEBUG   | dpfl.core.base_simulator | Update norms — honest: ['3.72', '3.78', '3.76', '3.75', '3.74'], attacker: []
2026-05-01 14:38:08 | INFO    | dpfl.core.base_simulator | Round 135/150 | Acc: 0.3299 | Loss: 4.0664 | eps: 4.63 | P: 1.00 R: 0.00 F1: 0.00
2026-05-01 14:38:08 | DEBUG   | dpfl.core.base_simulator | Update norms — honest: ['3.71', '3.75', '3.73', '3.73', '3.73'], attacker: []
2026-05-01 14:38:08 | INFO    | dpfl.core.base_simulator | Round 136/150 | Acc: 0.3306 | Loss: 4.0802 | eps: 4.64 | P: 1.00 R: 0.00 F1: 0.00
2026-05-01 14:38:08 | DEBUG   | dpfl.core.base_simulator | Update norms — honest: ['3.77', '3.74', '3.75', '3.75', '3.74'], attacker: []
2026-05-01 14:38:09 | INFO    | dpfl.core.base_simulator | Round 137/150 | Acc: 0.3319 | Loss: 4.0796 | eps: 4.65 | P: 1.00 R: 0.00 F1: 0.00
2026-05-01 14:38:09 | DEBUG   | dpfl.core.base_simulator | Update norms — honest: ['3.72', '3.71', '3.73', '3.76', '3.72'], attacker: []
2026-05-01 14:38:09 | INFO    | dpfl.core.base_simulator | Round 138/150 | Acc: 0.3338 | Loss: 4.0687 | eps: 4.66 | P: 1.00 R: 0.00 F1: 0.00
2026-05-01 14:38:09 | DEBUG   | dpfl.core.base_simulator | Update norms — honest: ['3.75', '3.73', '3.75', '3.73', '3.74'], attacker: []
2026-05-01 14:38:10 | INFO    | dpfl.core.base_simulator | Round 139/150 | Acc: 0.3339 | Loss: 4.0773 | eps: 4.67 | P: 1.00 R: 0.00 F1: 0.00
2026-05-01 14:38:10 | DEBUG   | dpfl.core.base_simulator | Update norms — honest: ['3.71', '3.74', '3.74', '3.74', '3.74'], attacker: []
2026-05-01 14:38:10 | INFO    | dpfl.core.base_simulator | Round 140/150 | Acc: 0.3351 | Loss: 4.0948 | eps: 4.69 | P: 1.00 R: 0.00 F1: 0.00
2026-05-01 14:38:10 | DEBUG   | dpfl.core.base_simulator | Update norms — honest: ['3.75', '3.75', '3.74', '3.73', '3.73'], attacker: []
2026-05-01 14:38:10 | INFO    | dpfl.core.base_simulator | Round 141/150 | Acc: 0.3364 | Loss: 4.0990 | eps: 4.70 | P: 1.00 R: 0.00 F1: 0.00
2026-05-01 14:38:10 | DEBUG   | dpfl.core.base_simulator | Update norms — honest: ['3.73', '3.72', '3.73', '3.73', '3.74'], attacker: []
2026-05-01 14:38:11 | INFO    | dpfl.core.base_simulator | Round 142/150 | Acc: 0.3378 | Loss: 4.0907 | eps: 4.71 | P: 1.00 R: 0.00 F1: 0.00
2026-05-01 14:38:11 | DEBUG   | dpfl.core.base_simulator | Update norms — honest: ['3.72', '3.74', '3.76', '3.71', '3.76'], attacker: []
2026-05-01 14:38:11 | INFO    | dpfl.core.base_simulator | Round 143/150 | Acc: 0.3392 | Loss: 4.0996 | eps: 4.72 | P: 1.00 R: 0.00 F1: 0.00
2026-05-01 14:38:11 | DEBUG   | dpfl.core.base_simulator | Update norms — honest: ['3.72', '3.73', '3.75', '3.74', '3.77'], attacker: []
2026-05-01 14:38:11 | INFO    | dpfl.core.base_simulator | Round 144/150 | Acc: 0.3402 | Loss: 4.1060 | eps: 4.73 | P: 1.00 R: 0.00 F1: 0.00
2026-05-01 14:38:11 | DEBUG   | dpfl.core.base_simulator | Update norms — honest: ['3.73', '3.72', '3.73', '3.76', '3.72'], attacker: []
2026-05-01 14:38:12 | INFO    | dpfl.core.base_simulator | Round 145/150 | Acc: 0.3425 | Loss: 4.0970 | eps: 4.74 | P: 1.00 R: 0.00 F1: 0.00
2026-05-01 14:38:12 | DEBUG   | dpfl.core.base_simulator | Update norms — honest: ['3.72', '3.72', '3.72', '3.73', '3.73'], attacker: []
2026-05-01 14:38:12 | INFO    | dpfl.core.base_simulator | Round 146/150 | Acc: 0.3427 | Loss: 4.1024 | eps: 4.75 | P: 1.00 R: 0.00 F1: 0.00
2026-05-01 14:38:12 | DEBUG   | dpfl.core.base_simulator | Update norms — honest: ['3.74', '3.72', '3.71', '3.71', '3.76'], attacker: []
2026-05-01 14:38:13 | INFO    | dpfl.core.base_simulator | Round 147/150 | Acc: 0.3434 | Loss: 4.1081 | eps: 4.77 | P: 1.00 R: 0.00 F1: 0.00
2026-05-01 14:38:13 | DEBUG   | dpfl.core.base_simulator | Update norms — honest: ['3.72', '3.71', '3.71', '3.73', '3.72'], attacker: []
2026-05-01 14:38:13 | INFO    | dpfl.core.base_simulator | Round 148/150 | Acc: 0.3444 | Loss: 4.1115 | eps: 4.78 | P: 1.00 R: 0.00 F1: 0.00
2026-05-01 14:38:13 | DEBUG   | dpfl.core.base_simulator | Update norms — honest: ['3.75', '3.72', '3.73', '3.73', '3.74'], attacker: []
2026-05-01 14:38:13 | INFO    | dpfl.core.base_simulator | Round 149/150 | Acc: 0.3454 | Loss: 4.1163 | eps: 4.79 | P: 1.00 R: 0.00 F1: 0.00
2026-05-01 14:38:13 | DEBUG   | dpfl.core.base_simulator | Update norms — honest: ['3.71', '3.70', '3.73', '3.72', '3.74'], attacker: []
2026-05-01 14:38:14 | INFO    | dpfl.core.base_simulator | Round 150/150 | Acc: 0.3456 | Loss: 4.1212 | eps: 4.80 | P: 1.00 R: 0.00 F1: 0.00
2026-05-01 14:38:14 | DEBUG   | dpfl.core.base_simulator | Update norms — honest: ['3.73', '3.74', '3.73', '3.73', '3.74'], attacker: []
2026-05-01 14:38:15 | INFO    | dpfl | Experiment complete in 126.9s
============================================================
REPORT: DP-SGD Decentralized Federated Learning
============================================================
Timestamp:                  20260501_143607
Rounds completed:           150
Attack-active rounds:       0  (from round 99999)
Final accuracy:             0.3456
Final test loss:            4.1212
Final epsilon:              4.80
Best alpha:                 4.0
Avg precision:              0.0000
Avg recall:                 0.0000
Avg F1 score:               0.0000
Avg update norm (honest):   3.7329
Avg update norm (attacker): 0.0000
============================================================
