2026-05-01 15:44:23 | INFO    | dpfl | Experiment start: algorithm=noise_game, dataset=mnist, model=mlp, device=cuda
2026-05-01 15:44:23 | INFO    | dpfl | Config: nodes=300, attackers=0, rounds=50, noise_mode=none, attack=scale
2026-05-01 15:44:23 | INFO    | dpfl.data.mnist_dataset | Loading MNIST dataset...
2026-05-01 15:44:23 | INFO    | dpfl.data.mnist_dataset | MNIST loaded: 60000 train, 10000 test samples
2026-05-01 15:45:35 | INFO    | dpfl.core.base_simulator | Vectorized state ready: param_spec.D=25450, X_test=(10000, 1, 28, 28), train clients N=300, max_n_samples=2000
2026-05-01 15:45:35 | INFO    | dpfl.core.base_simulator | Setup complete: 300 nodes (0 attackers), param_dim=25450, split=iid
2026-05-01 15:45:35 | DEBUG   | dpfl.core.base_simulator | Attacker IDs: set()
2026-05-01 15:45:37 | INFO    | dpfl.core.base_simulator | Round   1/50 | Acc: 0.3598 | Loss: 1.9572 | eps_max: 2.37 eps_avg: 0.16 | P: 0.00 R: 0.00 F1: 0.00
2026-05-01 15:45:37 | DEBUG   | dpfl.core.base_simulator | Update norms — honest: ['2.45', '2.47', '2.46', '2.45', '2.43'], attacker: []
2026-05-01 15:45:38 | INFO    | dpfl.core.base_simulator | Round   2/50 | Acc: 0.5701 | Loss: 1.5629 | eps_max: 2.58 eps_avg: 0.40 | P: 0.00 R: 0.00 F1: 0.00
2026-05-01 15:45:38 | DEBUG   | dpfl.core.base_simulator | Update norms — honest: ['2.40', '2.40', '4.00', '2.40', '4.01'], attacker: []
2026-05-01 15:45:40 | INFO    | dpfl.core.base_simulator | Round   3/50 | Acc: 0.7287 | Loss: 1.2222 | eps_max: 2.74 eps_avg: 0.62 | P: 0.00 R: 0.00 F1: 0.00
2026-05-01 15:45:40 | DEBUG   | dpfl.core.base_simulator | Update norms — honest: ['2.36', '6.09', '4.10', '2.36', '2.36'], attacker: []
2026-05-01 15:45:41 | INFO    | dpfl.core.base_simulator | Round   4/50 | Acc: 0.7806 | Loss: 0.9872 | eps_max: 2.74 eps_avg: 0.81 | P: 0.00 R: 0.00 F1: 0.00
2026-05-01 15:45:41 | DEBUG   | dpfl.core.base_simulator | Update norms — honest: ['2.30', '2.32', '2.31', '2.31', '2.32'], attacker: []
2026-05-01 15:45:43 | INFO    | dpfl.core.base_simulator | Round   5/50 | Acc: 0.8072 | Loss: 0.8366 | eps_max: 2.81 eps_avg: 0.99 | P: 0.00 R: 0.00 F1: 0.00
2026-05-01 15:45:43 | DEBUG   | dpfl.core.base_simulator | Update norms — honest: ['2.23', '2.25', '4.00', '3.76', '2.26'], attacker: []
2026-05-01 15:45:44 | INFO    | dpfl.core.base_simulator | Round   6/50 | Acc: 0.8258 | Loss: 0.7341 | eps_max: 2.93 eps_avg: 1.08 | P: 0.00 R: 0.00 F1: 0.00
2026-05-01 15:45:44 | DEBUG   | dpfl.core.base_simulator | Update norms — honest: ['4.08', '2.21', '2.20', '5.52', '3.93'], attacker: []
2026-05-01 15:45:45 | INFO    | dpfl.core.base_simulator | Round   7/50 | Acc: 0.8369 | Loss: 0.6654 | eps_max: 3.01 eps_avg: 1.24 | P: 0.00 R: 0.00 F1: 0.00
2026-05-01 15:45:45 | DEBUG   | dpfl.core.base_simulator | Update norms — honest: ['4.63', '2.15', '3.99', '2.16', '5.86'], attacker: []
2026-05-01 15:45:46 | WARNING | dpfl.algorithms.noise_game.simulator | Node 18 round 7: NSR=2038.18 exceeds 2000.0
2026-05-01 15:45:46 | WARNING | dpfl.algorithms.noise_game.simulator | Node 86 round 7: NSR=2055.96 exceeds 2000.0
2026-05-01 15:45:47 | INFO    | dpfl.core.base_simulator | Round   8/50 | Acc: 0.8451 | Loss: 0.6151 | eps_max: 3.18 eps_avg: 1.45 | P: 0.00 R: 0.00 F1: 0.00
2026-05-01 15:45:47 | DEBUG   | dpfl.core.base_simulator | Update norms — honest: ['3.17', '2.10', '3.05', '5.78', '2.10'], attacker: []
2026-05-01 15:45:47 | WARNING | dpfl.algorithms.noise_game.simulator | Node 80 round 8: NSR=2161.99 exceeds 2000.0
2026-05-01 15:45:47 | WARNING | dpfl.algorithms.noise_game.simulator | Node 243 round 8: NSR=2268.80 exceeds 2000.0
2026-05-01 15:45:47 | WARNING | dpfl.algorithms.noise_game.simulator | Node 251 round 8: NSR=2140.22 exceeds 2000.0
2026-05-01 15:45:47 | WARNING | dpfl.algorithms.noise_game.simulator | Node 271 round 8: NSR=2205.00 exceeds 2000.0
2026-05-01 15:45:47 | WARNING | dpfl.algorithms.noise_game.simulator | Node 280 round 8: NSR=2102.99 exceeds 2000.0
2026-05-01 15:45:49 | INFO    | dpfl.core.base_simulator | Round   9/50 | Acc: 0.8503 | Loss: 0.5803 | eps_max: 3.25 eps_avg: 1.63 | P: 0.00 R: 0.00 F1: 0.00
2026-05-01 15:45:49 | DEBUG   | dpfl.core.base_simulator | Update norms — honest: ['2.06', '2.04', '3.90', '5.13', '6.58'], attacker: []
2026-05-01 15:45:49 | WARNING | dpfl.algorithms.noise_game.simulator | Node 17 round 9: NSR=2228.69 exceeds 2000.0
2026-05-01 15:45:49 | WARNING | dpfl.algorithms.noise_game.simulator | Node 20 round 9: NSR=2647.44 exceeds 2000.0
2026-05-01 15:45:49 | WARNING | dpfl.algorithms.noise_game.simulator | Node 38 round 9: NSR=2560.08 exceeds 2000.0
2026-05-01 15:45:49 | WARNING | dpfl.algorithms.noise_game.simulator | Node 75 round 9: NSR=2049.27 exceeds 2000.0
2026-05-01 15:45:49 | WARNING | dpfl.algorithms.noise_game.simulator | Node 84 round 9: NSR=2062.15 exceeds 2000.0
2026-05-01 15:45:49 | WARNING | dpfl.algorithms.noise_game.simulator | Node 262 round 9: NSR=2098.81 exceeds 2000.0
2026-05-01 15:45:49 | WARNING | dpfl.algorithms.noise_game.simulator | Node 263 round 9: NSR=2463.77 exceeds 2000.0
2026-05-01 15:45:49 | WARNING | dpfl.algorithms.noise_game.simulator | Node 282 round 9: NSR=2107.21 exceeds 2000.0
2026-05-01 15:45:49 | WARNING | dpfl.algorithms.noise_game.simulator | Node 296 round 9: NSR=2406.70 exceeds 2000.0
2026-05-01 15:45:50 | INFO    | dpfl.core.base_simulator | Round  10/50 | Acc: 0.8541 | Loss: 0.5532 | eps_max: 3.47 eps_avg: 1.75 | P: 0.00 R: 0.00 F1: 0.00
2026-05-01 15:45:50 | DEBUG   | dpfl.core.base_simulator | Update norms — honest: ['5.61', '5.82', '3.46', '3.92', '2.01'], attacker: []
2026-05-01 15:45:50 | WARNING | dpfl.algorithms.noise_game.simulator | Node 0 round 10: NSR=2018.06 exceeds 2000.0
2026-05-01 15:45:50 | WARNING | dpfl.algorithms.noise_game.simulator | Node 3 round 10: NSR=2108.32 exceeds 2000.0
2026-05-01 15:45:50 | WARNING | dpfl.algorithms.noise_game.simulator | Node 8 round 10: NSR=2205.86 exceeds 2000.0
2026-05-01 15:45:50 | WARNING | dpfl.algorithms.noise_game.simulator | Node 21 round 10: NSR=2099.59 exceeds 2000.0
2026-05-01 15:45:50 | WARNING | dpfl.algorithms.noise_game.simulator | Node 54 round 10: NSR=2736.69 exceeds 2000.0
2026-05-01 15:45:50 | WARNING | dpfl.algorithms.noise_game.simulator | Node 74 round 10: NSR=2105.84 exceeds 2000.0
2026-05-01 15:45:50 | WARNING | dpfl.algorithms.noise_game.simulator | Node 85 round 10: NSR=2506.18 exceeds 2000.0
2026-05-01 15:45:50 | WARNING | dpfl.algorithms.noise_game.simulator | Node 95 round 10: NSR=2014.76 exceeds 2000.0
2026-05-01 15:45:50 | WARNING | dpfl.algorithms.noise_game.simulator | Node 97 round 10: NSR=2126.50 exceeds 2000.0
2026-05-01 15:45:50 | WARNING | dpfl.algorithms.noise_game.simulator | Node 102 round 10: NSR=2344.61 exceeds 2000.0
2026-05-01 15:45:50 | WARNING | dpfl.algorithms.noise_game.simulator | Node 103 round 10: NSR=2464.77 exceeds 2000.0
2026-05-01 15:45:50 | WARNING | dpfl.algorithms.noise_game.simulator | Node 116 round 10: NSR=2066.32 exceeds 2000.0
2026-05-01 15:45:50 | WARNING | dpfl.algorithms.noise_game.simulator | Node 121 round 10: NSR=2096.56 exceeds 2000.0
2026-05-01 15:45:50 | WARNING | dpfl.algorithms.noise_game.simulator | Node 154 round 10: NSR=2023.75 exceeds 2000.0
2026-05-01 15:45:50 | WARNING | dpfl.algorithms.noise_game.simulator | Node 162 round 10: NSR=2864.74 exceeds 2000.0
2026-05-01 15:45:50 | WARNING | dpfl.algorithms.noise_game.simulator | Node 190 round 10: NSR=2103.94 exceeds 2000.0
2026-05-01 15:45:50 | WARNING | dpfl.algorithms.noise_game.simulator | Node 210 round 10: NSR=2079.95 exceeds 2000.0
2026-05-01 15:45:50 | WARNING | dpfl.algorithms.noise_game.simulator | Node 230 round 10: NSR=3251.72 exceeds 2000.0
2026-05-01 15:45:50 | WARNING | dpfl.algorithms.noise_game.simulator | Node 239 round 10: NSR=2059.85 exceeds 2000.0
2026-05-01 15:45:50 | WARNING | dpfl.algorithms.noise_game.simulator | Node 240 round 10: NSR=2827.69 exceeds 2000.0
2026-05-01 15:45:50 | WARNING | dpfl.algorithms.noise_game.simulator | Node 256 round 10: NSR=2004.23 exceeds 2000.0
2026-05-01 15:45:50 | WARNING | dpfl.algorithms.noise_game.simulator | Node 264 round 10: NSR=2751.84 exceeds 2000.0
2026-05-01 15:45:50 | WARNING | dpfl.algorithms.noise_game.simulator | Node 285 round 10: NSR=2035.26 exceeds 2000.0
2026-05-01 15:45:50 | WARNING | dpfl.algorithms.noise_game.simulator | Node 289 round 10: NSR=2334.37 exceeds 2000.0
2026-05-01 15:45:52 | INFO    | dpfl.core.base_simulator | Round  11/50 | Acc: 0.8582 | Loss: 0.5285 | eps_max: 3.47 eps_avg: 1.87 | P: 0.00 R: 0.00 F1: 0.00
2026-05-01 15:45:52 | DEBUG   | dpfl.core.base_simulator | Update norms — honest: ['1.94', '3.60', '3.74', '1.97', '2.64'], attacker: []
2026-05-01 15:45:52 | WARNING | dpfl.algorithms.noise_game.simulator | Node 1 round 11: NSR=2187.74 exceeds 2000.0
2026-05-01 15:45:52 | WARNING | dpfl.algorithms.noise_game.simulator | Node 4 round 11: NSR=2178.59 exceeds 2000.0
2026-05-01 15:45:52 | WARNING | dpfl.algorithms.noise_game.simulator | Node 6 round 11: NSR=3096.19 exceeds 2000.0
2026-05-01 15:45:52 | WARNING | dpfl.algorithms.noise_game.simulator | Node 12 round 11: NSR=2269.91 exceeds 2000.0
2026-05-01 15:45:52 | WARNING | dpfl.algorithms.noise_game.simulator | Node 30 round 11: NSR=2176.11 exceeds 2000.0
2026-05-01 15:45:52 | WARNING | dpfl.algorithms.noise_game.simulator | Node 39 round 11: NSR=2010.69 exceeds 2000.0
2026-05-01 15:45:52 | WARNING | dpfl.algorithms.noise_game.simulator | Node 46 round 11: NSR=3050.70 exceeds 2000.0
2026-05-01 15:45:52 | WARNING | dpfl.algorithms.noise_game.simulator | Node 48 round 11: NSR=2305.42 exceeds 2000.0
2026-05-01 15:45:52 | WARNING | dpfl.algorithms.noise_game.simulator | Node 57 round 11: NSR=2469.94 exceeds 2000.0
2026-05-01 15:45:52 | WARNING | dpfl.algorithms.noise_game.simulator | Node 70 round 11: NSR=2262.01 exceeds 2000.0
2026-05-01 15:45:52 | WARNING | dpfl.algorithms.noise_game.simulator | Node 73 round 11: NSR=2229.38 exceeds 2000.0
2026-05-01 15:45:52 | WARNING | dpfl.algorithms.noise_game.simulator | Node 77 round 11: NSR=2774.16 exceeds 2000.0
2026-05-01 15:45:52 | WARNING | dpfl.algorithms.noise_game.simulator | Node 86 round 11: NSR=2226.56 exceeds 2000.0
2026-05-01 15:45:52 | WARNING | dpfl.algorithms.noise_game.simulator | Node 105 round 11: NSR=3125.69 exceeds 2000.0
2026-05-01 15:45:52 | WARNING | dpfl.algorithms.noise_game.simulator | Node 122 round 11: NSR=2316.59 exceeds 2000.0
2026-05-01 15:45:52 | WARNING | dpfl.algorithms.noise_game.simulator | Node 151 round 11: NSR=2281.54 exceeds 2000.0
2026-05-01 15:45:52 | WARNING | dpfl.algorithms.noise_game.simulator | Node 193 round 11: NSR=2187.18 exceeds 2000.0
2026-05-01 15:45:52 | WARNING | dpfl.algorithms.noise_game.simulator | Node 219 round 11: NSR=2220.07 exceeds 2000.0
2026-05-01 15:45:52 | WARNING | dpfl.algorithms.noise_game.simulator | Node 228 round 11: NSR=2257.95 exceeds 2000.0
2026-05-01 15:45:52 | WARNING | dpfl.algorithms.noise_game.simulator | Node 238 round 11: NSR=2275.56 exceeds 2000.0
2026-05-01 15:45:52 | WARNING | dpfl.algorithms.noise_game.simulator | Node 248 round 11: NSR=2017.78 exceeds 2000.0
2026-05-01 15:45:52 | WARNING | dpfl.algorithms.noise_game.simulator | Node 258 round 11: NSR=2217.04 exceeds 2000.0
2026-05-01 15:45:52 | WARNING | dpfl.algorithms.noise_game.simulator | Node 268 round 11: NSR=2196.77 exceeds 2000.0
2026-05-01 15:45:52 | WARNING | dpfl.algorithms.noise_game.simulator | Node 277 round 11: NSR=2171.24 exceeds 2000.0
2026-05-01 15:45:52 | WARNING | dpfl.algorithms.noise_game.simulator | Node 293 round 11: NSR=3008.03 exceeds 2000.0
2026-05-01 15:45:53 | INFO    | dpfl.core.base_simulator | Round  12/50 | Acc: 0.8583 | Loss: 0.5196 | eps_max: 3.63 eps_avg: 1.97 | P: 0.00 R: 0.00 F1: 0.00
2026-05-01 15:45:53 | DEBUG   | dpfl.core.base_simulator | Update norms — honest: ['1.91', '4.36', '1.92', '2.71', '3.44'], attacker: []
2026-05-01 15:45:53 | WARNING | dpfl.algorithms.noise_game.simulator | Node 20 round 12: NSR=2237.01 exceeds 2000.0
2026-05-01 15:45:53 | WARNING | dpfl.algorithms.noise_game.simulator | Node 28 round 12: NSR=2384.13 exceeds 2000.0
2026-05-01 15:45:53 | WARNING | dpfl.algorithms.noise_game.simulator | Node 29 round 12: NSR=2303.03 exceeds 2000.0
2026-05-01 15:45:53 | WARNING | dpfl.algorithms.noise_game.simulator | Node 53 round 12: NSR=2463.86 exceeds 2000.0
2026-05-01 15:45:53 | WARNING | dpfl.algorithms.noise_game.simulator | Node 90 round 12: NSR=2601.08 exceeds 2000.0
2026-05-01 15:45:53 | WARNING | dpfl.algorithms.noise_game.simulator | Node 92 round 12: NSR=2226.69 exceeds 2000.0
2026-05-01 15:45:53 | WARNING | dpfl.algorithms.noise_game.simulator | Node 99 round 12: NSR=2194.99 exceeds 2000.0
2026-05-01 15:45:53 | WARNING | dpfl.algorithms.noise_game.simulator | Node 101 round 12: NSR=2327.38 exceeds 2000.0
2026-05-01 15:45:53 | WARNING | dpfl.algorithms.noise_game.simulator | Node 110 round 12: NSR=2388.81 exceeds 2000.0
2026-05-01 15:45:53 | WARNING | dpfl.algorithms.noise_game.simulator | Node 149 round 12: NSR=2192.94 exceeds 2000.0
2026-05-01 15:45:53 | WARNING | dpfl.algorithms.noise_game.simulator | Node 170 round 12: NSR=2789.33 exceeds 2000.0
2026-05-01 15:45:53 | WARNING | dpfl.algorithms.noise_game.simulator | Node 191 round 12: NSR=2051.75 exceeds 2000.0
2026-05-01 15:45:53 | WARNING | dpfl.algorithms.noise_game.simulator | Node 203 round 12: NSR=2116.00 exceeds 2000.0
2026-05-01 15:45:53 | WARNING | dpfl.algorithms.noise_game.simulator | Node 204 round 12: NSR=3594.02 exceeds 2000.0
2026-05-01 15:45:53 | WARNING | dpfl.algorithms.noise_game.simulator | Node 205 round 12: NSR=2255.40 exceeds 2000.0
2026-05-01 15:45:53 | WARNING | dpfl.algorithms.noise_game.simulator | Node 213 round 12: NSR=2175.78 exceeds 2000.0
2026-05-01 15:45:53 | WARNING | dpfl.algorithms.noise_game.simulator | Node 224 round 12: NSR=2455.75 exceeds 2000.0
2026-05-01 15:45:53 | WARNING | dpfl.algorithms.noise_game.simulator | Node 225 round 12: NSR=2154.90 exceeds 2000.0
2026-05-01 15:45:53 | WARNING | dpfl.algorithms.noise_game.simulator | Node 229 round 12: NSR=2888.00 exceeds 2000.0
2026-05-01 15:45:53 | WARNING | dpfl.algorithms.noise_game.simulator | Node 239 round 12: NSR=2391.58 exceeds 2000.0
2026-05-01 15:45:53 | WARNING | dpfl.algorithms.noise_game.simulator | Node 251 round 12: NSR=2308.05 exceeds 2000.0
2026-05-01 15:45:54 | WARNING | dpfl.algorithms.noise_game.simulator | Node 256 round 12: NSR=2310.04 exceeds 2000.0
2026-05-01 15:45:54 | WARNING | dpfl.algorithms.noise_game.simulator | Node 265 round 12: NSR=2681.27 exceeds 2000.0
2026-05-01 15:45:54 | WARNING | dpfl.algorithms.noise_game.simulator | Node 286 round 12: NSR=2286.17 exceeds 2000.0
2026-05-01 15:45:54 | WARNING | dpfl.algorithms.noise_game.simulator | Node 290 round 12: NSR=2963.13 exceeds 2000.0
2026-05-01 15:45:54 | WARNING | dpfl.algorithms.noise_game.simulator | Node 292 round 12: NSR=2194.49 exceeds 2000.0
2026-05-01 15:45:55 | INFO    | dpfl.core.base_simulator | Round  13/50 | Acc: 0.8617 | Loss: 0.5005 | eps_max: 3.63 eps_avg: 2.11 | P: 0.00 R: 0.00 F1: 0.00
2026-05-01 15:45:55 | DEBUG   | dpfl.core.base_simulator | Update norms — honest: ['7.55', '5.04', '1.86', '3.60', '4.53'], attacker: []
2026-05-01 15:45:55 | WARNING | dpfl.algorithms.noise_game.simulator | Node 5 round 13: NSR=2381.01 exceeds 2000.0
2026-05-01 15:45:55 | WARNING | dpfl.algorithms.noise_game.simulator | Node 8 round 13: NSR=2272.25 exceeds 2000.0
2026-05-01 15:45:55 | WARNING | dpfl.algorithms.noise_game.simulator | Node 29 round 13: NSR=2323.49 exceeds 2000.0
2026-05-01 15:45:55 | WARNING | dpfl.algorithms.noise_game.simulator | Node 31 round 13: NSR=2556.53 exceeds 2000.0
2026-05-01 15:45:55 | WARNING | dpfl.algorithms.noise_game.simulator | Node 32 round 13: NSR=2572.54 exceeds 2000.0
2026-05-01 15:45:55 | WARNING | dpfl.algorithms.noise_game.simulator | Node 50 round 13: NSR=2809.74 exceeds 2000.0
2026-05-01 15:45:55 | WARNING | dpfl.algorithms.noise_game.simulator | Node 60 round 13: NSR=2809.69 exceeds 2000.0
2026-05-01 15:45:55 | WARNING | dpfl.algorithms.noise_game.simulator | Node 61 round 13: NSR=3572.75 exceeds 2000.0
2026-05-01 15:45:55 | WARNING | dpfl.algorithms.noise_game.simulator | Node 65 round 13: NSR=2257.47 exceeds 2000.0
2026-05-01 15:45:55 | WARNING | dpfl.algorithms.noise_game.simulator | Node 80 round 13: NSR=2526.84 exceeds 2000.0
2026-05-01 15:45:55 | WARNING | dpfl.algorithms.noise_game.simulator | Node 82 round 13: NSR=2322.96 exceeds 2000.0
2026-05-01 15:45:55 | WARNING | dpfl.algorithms.noise_game.simulator | Node 92 round 13: NSR=2483.80 exceeds 2000.0
2026-05-01 15:45:55 | WARNING | dpfl.algorithms.noise_game.simulator | Node 95 round 13: NSR=2553.79 exceeds 2000.0
2026-05-01 15:45:55 | WARNING | dpfl.algorithms.noise_game.simulator | Node 136 round 13: NSR=3136.75 exceeds 2000.0
2026-05-01 15:45:55 | WARNING | dpfl.algorithms.noise_game.simulator | Node 145 round 13: NSR=2418.57 exceeds 2000.0
2026-05-01 15:45:55 | WARNING | dpfl.algorithms.noise_game.simulator | Node 153 round 13: NSR=2348.56 exceeds 2000.0
2026-05-01 15:45:55 | WARNING | dpfl.algorithms.noise_game.simulator | Node 159 round 13: NSR=2716.05 exceeds 2000.0
2026-05-01 15:45:55 | WARNING | dpfl.algorithms.noise_game.simulator | Node 160 round 13: NSR=2311.99 exceeds 2000.0
2026-05-01 15:45:55 | WARNING | dpfl.algorithms.noise_game.simulator | Node 163 round 13: NSR=2340.66 exceeds 2000.0
2026-05-01 15:45:55 | WARNING | dpfl.algorithms.noise_game.simulator | Node 166 round 13: NSR=2802.06 exceeds 2000.0
2026-05-01 15:45:55 | WARNING | dpfl.algorithms.noise_game.simulator | Node 172 round 13: NSR=2336.92 exceeds 2000.0
2026-05-01 15:45:55 | WARNING | dpfl.algorithms.noise_game.simulator | Node 184 round 13: NSR=2666.15 exceeds 2000.0
2026-05-01 15:45:55 | WARNING | dpfl.algorithms.noise_game.simulator | Node 214 round 13: NSR=3047.73 exceeds 2000.0
2026-05-01 15:45:55 | WARNING | dpfl.algorithms.noise_game.simulator | Node 219 round 13: NSR=2018.87 exceeds 2000.0
2026-05-01 15:45:55 | WARNING | dpfl.algorithms.noise_game.simulator | Node 221 round 13: NSR=3258.58 exceeds 2000.0
2026-05-01 15:45:55 | WARNING | dpfl.algorithms.noise_game.simulator | Node 239 round 13: NSR=2032.22 exceeds 2000.0
2026-05-01 15:45:55 | WARNING | dpfl.algorithms.noise_game.simulator | Node 240 round 13: NSR=2458.69 exceeds 2000.0
2026-05-01 15:45:55 | WARNING | dpfl.algorithms.noise_game.simulator | Node 244 round 13: NSR=2548.77 exceeds 2000.0
2026-05-01 15:45:55 | WARNING | dpfl.algorithms.noise_game.simulator | Node 286 round 13: NSR=2484.64 exceeds 2000.0
2026-05-01 15:45:56 | INFO    | dpfl.core.base_simulator | Round  14/50 | Acc: 0.8625 | Loss: 0.4942 | eps_max: 3.73 eps_avg: 2.22 | P: 0.00 R: 0.00 F1: 0.00
2026-05-01 15:45:56 | DEBUG   | dpfl.core.base_simulator | Update norms — honest: ['1.80', '5.23', '3.07', '3.46', '3.53'], attacker: []
2026-05-01 15:45:56 | WARNING | dpfl.algorithms.noise_game.simulator | Node 17 round 14: NSR=2733.41 exceeds 2000.0
2026-05-01 15:45:56 | WARNING | dpfl.algorithms.noise_game.simulator | Node 37 round 14: NSR=3225.05 exceeds 2000.0
2026-05-01 15:45:56 | WARNING | dpfl.algorithms.noise_game.simulator | Node 67 round 14: NSR=2851.95 exceeds 2000.0
2026-05-01 15:45:56 | WARNING | dpfl.algorithms.noise_game.simulator | Node 70 round 14: NSR=2326.77 exceeds 2000.0
2026-05-01 15:45:56 | WARNING | dpfl.algorithms.noise_game.simulator | Node 73 round 14: NSR=2379.84 exceeds 2000.0
2026-05-01 15:45:56 | WARNING | dpfl.algorithms.noise_game.simulator | Node 76 round 14: NSR=3041.82 exceeds 2000.0
2026-05-01 15:45:56 | WARNING | dpfl.algorithms.noise_game.simulator | Node 85 round 14: NSR=2352.33 exceeds 2000.0
2026-05-01 15:45:56 | WARNING | dpfl.algorithms.noise_game.simulator | Node 90 round 14: NSR=2326.83 exceeds 2000.0
2026-05-01 15:45:56 | WARNING | dpfl.algorithms.noise_game.simulator | Node 104 round 14: NSR=3262.24 exceeds 2000.0
2026-05-01 15:45:56 | WARNING | dpfl.algorithms.noise_game.simulator | Node 113 round 14: NSR=2653.12 exceeds 2000.0
2026-05-01 15:45:56 | WARNING | dpfl.algorithms.noise_game.simulator | Node 119 round 14: NSR=2390.29 exceeds 2000.0
2026-05-01 15:45:56 | WARNING | dpfl.algorithms.noise_game.simulator | Node 122 round 14: NSR=2287.34 exceeds 2000.0
2026-05-01 15:45:56 | WARNING | dpfl.algorithms.noise_game.simulator | Node 149 round 14: NSR=2616.28 exceeds 2000.0
2026-05-01 15:45:56 | WARNING | dpfl.algorithms.noise_game.simulator | Node 161 round 14: NSR=2751.22 exceeds 2000.0
2026-05-01 15:45:56 | WARNING | dpfl.algorithms.noise_game.simulator | Node 172 round 14: NSR=2439.06 exceeds 2000.0
2026-05-01 15:45:56 | WARNING | dpfl.algorithms.noise_game.simulator | Node 189 round 14: NSR=2763.04 exceeds 2000.0
2026-05-01 15:45:56 | WARNING | dpfl.algorithms.noise_game.simulator | Node 199 round 14: NSR=2410.18 exceeds 2000.0
2026-05-01 15:45:57 | WARNING | dpfl.algorithms.noise_game.simulator | Node 222 round 14: NSR=3090.90 exceeds 2000.0
2026-05-01 15:45:57 | WARNING | dpfl.algorithms.noise_game.simulator | Node 225 round 14: NSR=2652.71 exceeds 2000.0
2026-05-01 15:45:57 | WARNING | dpfl.algorithms.noise_game.simulator | Node 245 round 14: NSR=2755.77 exceeds 2000.0
2026-05-01 15:45:57 | WARNING | dpfl.algorithms.noise_game.simulator | Node 260 round 14: NSR=2413.01 exceeds 2000.0
2026-05-01 15:45:57 | WARNING | dpfl.algorithms.noise_game.simulator | Node 262 round 14: NSR=2389.77 exceeds 2000.0
2026-05-01 15:45:57 | WARNING | dpfl.algorithms.noise_game.simulator | Node 270 round 14: NSR=3980.06 exceeds 2000.0
2026-05-01 15:45:57 | WARNING | dpfl.algorithms.noise_game.simulator | Node 279 round 14: NSR=2438.07 exceeds 2000.0
2026-05-01 15:45:57 | WARNING | dpfl.algorithms.noise_game.simulator | Node 280 round 14: NSR=2420.57 exceeds 2000.0
2026-05-01 15:45:58 | INFO    | dpfl.core.base_simulator | Round  15/50 | Acc: 0.8640 | Loss: 0.4828 | eps_max: 3.81 eps_avg: 2.30 | P: 0.00 R: 0.00 F1: 0.00
2026-05-01 15:45:58 | DEBUG   | dpfl.core.base_simulator | Update norms — honest: ['4.93', '3.08', '3.47', '7.95', '4.93'], attacker: []
2026-05-01 15:45:58 | WARNING | dpfl.algorithms.noise_game.simulator | Node 1 round 15: NSR=2851.34 exceeds 2000.0
2026-05-01 15:45:58 | WARNING | dpfl.algorithms.noise_game.simulator | Node 4 round 15: NSR=2789.54 exceeds 2000.0
2026-05-01 15:45:58 | WARNING | dpfl.algorithms.noise_game.simulator | Node 16 round 15: NSR=3286.75 exceeds 2000.0
2026-05-01 15:45:58 | WARNING | dpfl.algorithms.noise_game.simulator | Node 30 round 15: NSR=2622.67 exceeds 2000.0
2026-05-01 15:45:58 | WARNING | dpfl.algorithms.noise_game.simulator | Node 83 round 15: NSR=2707.77 exceeds 2000.0
2026-05-01 15:45:58 | WARNING | dpfl.algorithms.noise_game.simulator | Node 91 round 15: NSR=2769.35 exceeds 2000.0
2026-05-01 15:45:58 | WARNING | dpfl.algorithms.noise_game.simulator | Node 96 round 15: NSR=2675.23 exceeds 2000.0
2026-05-01 15:45:58 | WARNING | dpfl.algorithms.noise_game.simulator | Node 109 round 15: NSR=2889.93 exceeds 2000.0
2026-05-01 15:45:58 | WARNING | dpfl.algorithms.noise_game.simulator | Node 118 round 15: NSR=2533.58 exceeds 2000.0
2026-05-01 15:45:58 | WARNING | dpfl.algorithms.noise_game.simulator | Node 182 round 15: NSR=3745.04 exceeds 2000.0
2026-05-01 15:45:58 | WARNING | dpfl.algorithms.noise_game.simulator | Node 222 round 15: NSR=2055.64 exceeds 2000.0
2026-05-01 15:45:58 | WARNING | dpfl.algorithms.noise_game.simulator | Node 223 round 15: NSR=4115.97 exceeds 2000.0
2026-05-01 15:45:58 | WARNING | dpfl.algorithms.noise_game.simulator | Node 224 round 15: NSR=2422.41 exceeds 2000.0
2026-05-01 15:45:58 | WARNING | dpfl.algorithms.noise_game.simulator | Node 229 round 15: NSR=2563.96 exceeds 2000.0
2026-05-01 15:45:58 | WARNING | dpfl.algorithms.noise_game.simulator | Node 241 round 15: NSR=2462.25 exceeds 2000.0
2026-05-01 15:45:58 | WARNING | dpfl.algorithms.noise_game.simulator | Node 246 round 15: NSR=2729.29 exceeds 2000.0
2026-05-01 15:45:58 | WARNING | dpfl.algorithms.noise_game.simulator | Node 249 round 15: NSR=3153.78 exceeds 2000.0
2026-05-01 15:45:58 | WARNING | dpfl.algorithms.noise_game.simulator | Node 269 round 15: NSR=2707.11 exceeds 2000.0
2026-05-01 15:45:58 | WARNING | dpfl.algorithms.noise_game.simulator | Node 289 round 15: NSR=2657.20 exceeds 2000.0
2026-05-01 15:45:58 | WARNING | dpfl.algorithms.noise_game.simulator | Node 296 round 15: NSR=2176.69 exceeds 2000.0
2026-05-01 15:45:59 | INFO    | dpfl.core.base_simulator | Round  16/50 | Acc: 0.8657 | Loss: 0.4730 | eps_max: 3.81 eps_avg: 2.36 | P: 0.00 R: 0.00 F1: 0.00
2026-05-01 15:45:59 | DEBUG   | dpfl.core.base_simulator | Update norms — honest: ['3.11', '3.19', '2.87', '3.35', '7.94'], attacker: []
2026-05-01 15:45:59 | WARNING | dpfl.algorithms.noise_game.simulator | Node 3 round 16: NSR=2564.69 exceeds 2000.0
2026-05-01 15:45:59 | WARNING | dpfl.algorithms.noise_game.simulator | Node 7 round 16: NSR=2331.97 exceeds 2000.0
2026-05-01 15:45:59 | WARNING | dpfl.algorithms.noise_game.simulator | Node 28 round 16: NSR=2107.83 exceeds 2000.0
2026-05-01 15:45:59 | WARNING | dpfl.algorithms.noise_game.simulator | Node 32 round 16: NSR=2407.33 exceeds 2000.0
2026-05-01 15:45:59 | WARNING | dpfl.algorithms.noise_game.simulator | Node 33 round 16: NSR=2477.93 exceeds 2000.0
2026-05-01 15:45:59 | WARNING | dpfl.algorithms.noise_game.simulator | Node 34 round 16: NSR=2776.68 exceeds 2000.0
2026-05-01 15:45:59 | WARNING | dpfl.algorithms.noise_game.simulator | Node 38 round 16: NSR=2796.83 exceeds 2000.0
2026-05-01 15:45:59 | WARNING | dpfl.algorithms.noise_game.simulator | Node 56 round 16: NSR=2597.90 exceeds 2000.0
2026-05-01 15:45:59 | WARNING | dpfl.algorithms.noise_game.simulator | Node 101 round 16: NSR=2612.17 exceeds 2000.0
2026-05-01 15:45:59 | WARNING | dpfl.algorithms.noise_game.simulator | Node 105 round 16: NSR=2658.47 exceeds 2000.0
2026-05-01 15:45:59 | WARNING | dpfl.algorithms.noise_game.simulator | Node 121 round 16: NSR=2615.26 exceeds 2000.0
2026-05-01 15:45:59 | WARNING | dpfl.algorithms.noise_game.simulator | Node 131 round 16: NSR=3203.11 exceeds 2000.0
2026-05-01 15:45:59 | WARNING | dpfl.algorithms.noise_game.simulator | Node 135 round 16: NSR=2551.74 exceeds 2000.0
2026-05-01 15:45:59 | WARNING | dpfl.algorithms.noise_game.simulator | Node 136 round 16: NSR=2537.30 exceeds 2000.0
2026-05-01 15:45:59 | WARNING | dpfl.algorithms.noise_game.simulator | Node 153 round 16: NSR=2704.82 exceeds 2000.0
2026-05-01 15:45:59 | WARNING | dpfl.algorithms.noise_game.simulator | Node 178 round 16: NSR=3027.61 exceeds 2000.0
2026-05-01 15:45:59 | WARNING | dpfl.algorithms.noise_game.simulator | Node 187 round 16: NSR=2914.77 exceeds 2000.0
2026-05-01 15:45:59 | WARNING | dpfl.algorithms.noise_game.simulator | Node 196 round 16: NSR=2583.15 exceeds 2000.0
2026-05-01 15:45:59 | WARNING | dpfl.algorithms.noise_game.simulator | Node 199 round 16: NSR=2660.55 exceeds 2000.0
2026-05-01 15:45:59 | WARNING | dpfl.algorithms.noise_game.simulator | Node 244 round 16: NSR=2590.26 exceeds 2000.0
2026-05-01 15:45:59 | WARNING | dpfl.algorithms.noise_game.simulator | Node 255 round 16: NSR=2632.97 exceeds 2000.0
2026-05-01 15:45:59 | WARNING | dpfl.algorithms.noise_game.simulator | Node 268 round 16: NSR=2775.51 exceeds 2000.0
2026-05-01 15:45:59 | WARNING | dpfl.algorithms.noise_game.simulator | Node 276 round 16: NSR=2817.92 exceeds 2000.0
2026-05-01 15:45:59 | WARNING | dpfl.algorithms.noise_game.simulator | Node 291 round 16: NSR=3903.74 exceeds 2000.0
2026-05-01 15:46:00 | INFO    | dpfl.core.base_simulator | Round  17/50 | Acc: 0.8647 | Loss: 0.4721 | eps_max: 4.04 eps_avg: 2.46 | P: 0.00 R: 0.00 F1: 0.00
2026-05-01 15:46:00 | DEBUG   | dpfl.core.base_simulator | Update norms — honest: ['5.23', '6.96', '8.11', '6.58', '4.65'], attacker: []
2026-05-01 15:46:00 | WARNING | dpfl.algorithms.noise_game.simulator | Node 18 round 17: NSR=2899.89 exceeds 2000.0
2026-05-01 15:46:00 | WARNING | dpfl.algorithms.noise_game.simulator | Node 23 round 17: NSR=3261.91 exceeds 2000.0
2026-05-01 15:46:00 | WARNING | dpfl.algorithms.noise_game.simulator | Node 52 round 17: NSR=2974.02 exceeds 2000.0
2026-05-01 15:46:00 | WARNING | dpfl.algorithms.noise_game.simulator | Node 74 round 17: NSR=2681.55 exceeds 2000.0
2026-05-01 15:46:00 | WARNING | dpfl.algorithms.noise_game.simulator | Node 92 round 17: NSR=2485.22 exceeds 2000.0
2026-05-01 15:46:00 | WARNING | dpfl.algorithms.noise_game.simulator | Node 102 round 17: NSR=2455.62 exceeds 2000.0
2026-05-01 15:46:00 | WARNING | dpfl.algorithms.noise_game.simulator | Node 107 round 17: NSR=3258.75 exceeds 2000.0
2026-05-01 15:46:00 | WARNING | dpfl.algorithms.noise_game.simulator | Node 133 round 17: NSR=3527.11 exceeds 2000.0
2026-05-01 15:46:00 | WARNING | dpfl.algorithms.noise_game.simulator | Node 141 round 17: NSR=3556.72 exceeds 2000.0
2026-05-01 15:46:00 | WARNING | dpfl.algorithms.noise_game.simulator | Node 146 round 17: NSR=2682.11 exceeds 2000.0
2026-05-01 15:46:00 | WARNING | dpfl.algorithms.noise_game.simulator | Node 147 round 17: NSR=2448.43 exceeds 2000.0
2026-05-01 15:46:00 | WARNING | dpfl.algorithms.noise_game.simulator | Node 160 round 17: NSR=2643.68 exceeds 2000.0
2026-05-01 15:46:00 | WARNING | dpfl.algorithms.noise_game.simulator | Node 194 round 17: NSR=2975.90 exceeds 2000.0
2026-05-01 15:46:00 | WARNING | dpfl.algorithms.noise_game.simulator | Node 208 round 17: NSR=2513.46 exceeds 2000.0
2026-05-01 15:46:00 | WARNING | dpfl.algorithms.noise_game.simulator | Node 243 round 17: NSR=2690.31 exceeds 2000.0
2026-05-01 15:46:00 | WARNING | dpfl.algorithms.noise_game.simulator | Node 250 round 17: NSR=3656.75 exceeds 2000.0
2026-05-01 15:46:00 | WARNING | dpfl.algorithms.noise_game.simulator | Node 265 round 17: NSR=2813.20 exceeds 2000.0
2026-05-01 15:46:00 | WARNING | dpfl.algorithms.noise_game.simulator | Node 267 round 17: NSR=4368.29 exceeds 2000.0
2026-05-01 15:46:00 | WARNING | dpfl.algorithms.noise_game.simulator | Node 287 round 17: NSR=2647.59 exceeds 2000.0
2026-05-01 15:46:02 | INFO    | dpfl.core.base_simulator | Round  18/50 | Acc: 0.8662 | Loss: 0.4636 | eps_max: 4.25 eps_avg: 2.54 | P: 0.00 R: 0.00 F1: 0.00
2026-05-01 15:46:02 | DEBUG   | dpfl.core.base_simulator | Update norms — honest: ['6.01', '3.06', '5.50', '3.15', '6.20'], attacker: []
2026-05-01 15:46:02 | WARNING | dpfl.algorithms.noise_game.simulator | Node 2 round 18: NSR=2688.67 exceeds 2000.0
2026-05-01 15:46:02 | WARNING | dpfl.algorithms.noise_game.simulator | Node 24 round 18: NSR=2582.48 exceeds 2000.0
2026-05-01 15:46:02 | WARNING | dpfl.algorithms.noise_game.simulator | Node 27 round 18: NSR=2653.55 exceeds 2000.0
2026-05-01 15:46:02 | WARNING | dpfl.algorithms.noise_game.simulator | Node 29 round 18: NSR=2628.24 exceeds 2000.0
2026-05-01 15:46:02 | WARNING | dpfl.algorithms.noise_game.simulator | Node 51 round 18: NSR=4288.64 exceeds 2000.0
2026-05-01 15:46:02 | WARNING | dpfl.algorithms.noise_game.simulator | Node 54 round 18: NSR=2712.06 exceeds 2000.0
2026-05-01 15:46:02 | WARNING | dpfl.algorithms.noise_game.simulator | Node 60 round 18: NSR=2407.80 exceeds 2000.0
2026-05-01 15:46:02 | WARNING | dpfl.algorithms.noise_game.simulator | Node 67 round 18: NSR=2548.43 exceeds 2000.0
2026-05-01 15:46:02 | WARNING | dpfl.algorithms.noise_game.simulator | Node 71 round 18: NSR=4119.20 exceeds 2000.0
2026-05-01 15:46:02 | WARNING | dpfl.algorithms.noise_game.simulator | Node 97 round 18: NSR=2748.88 exceeds 2000.0
2026-05-01 15:46:02 | WARNING | dpfl.algorithms.noise_game.simulator | Node 106 round 18: NSR=3607.32 exceeds 2000.0
2026-05-01 15:46:02 | WARNING | dpfl.algorithms.noise_game.simulator | Node 109 round 18: NSR=2513.36 exceeds 2000.0
2026-05-01 15:46:02 | WARNING | dpfl.algorithms.noise_game.simulator | Node 114 round 18: NSR=2705.96 exceeds 2000.0
2026-05-01 15:46:02 | WARNING | dpfl.algorithms.noise_game.simulator | Node 150 round 18: NSR=3645.11 exceeds 2000.0
2026-05-01 15:46:02 | WARNING | dpfl.algorithms.noise_game.simulator | Node 158 round 18: NSR=2778.22 exceeds 2000.0
2026-05-01 15:46:02 | WARNING | dpfl.algorithms.noise_game.simulator | Node 162 round 18: NSR=2973.81 exceeds 2000.0
2026-05-01 15:46:02 | WARNING | dpfl.algorithms.noise_game.simulator | Node 180 round 18: NSR=3857.64 exceeds 2000.0
2026-05-01 15:46:02 | WARNING | dpfl.algorithms.noise_game.simulator | Node 183 round 18: NSR=2574.01 exceeds 2000.0
2026-05-01 15:46:02 | WARNING | dpfl.algorithms.noise_game.simulator | Node 211 round 18: NSR=2593.38 exceeds 2000.0
2026-05-01 15:46:02 | WARNING | dpfl.algorithms.noise_game.simulator | Node 216 round 18: NSR=2322.56 exceeds 2000.0
2026-05-01 15:46:02 | WARNING | dpfl.algorithms.noise_game.simulator | Node 223 round 18: NSR=2727.83 exceeds 2000.0
2026-05-01 15:46:02 | WARNING | dpfl.algorithms.noise_game.simulator | Node 231 round 18: NSR=3941.69 exceeds 2000.0
2026-05-01 15:46:02 | WARNING | dpfl.algorithms.noise_game.simulator | Node 267 round 18: NSR=2603.23 exceeds 2000.0
2026-05-01 15:46:02 | WARNING | dpfl.algorithms.noise_game.simulator | Node 271 round 18: NSR=2840.54 exceeds 2000.0
2026-05-01 15:46:02 | WARNING | dpfl.algorithms.noise_game.simulator | Node 275 round 18: NSR=2920.88 exceeds 2000.0
2026-05-01 15:46:02 | WARNING | dpfl.algorithms.noise_game.simulator | Node 290 round 18: NSR=2886.26 exceeds 2000.0
2026-05-01 15:46:03 | INFO    | dpfl.core.base_simulator | Round  19/50 | Acc: 0.8642 | Loss: 0.4673 | eps_max: 4.25 eps_avg: 2.66 | P: 0.00 R: 0.00 F1: 0.00
2026-05-01 15:46:03 | DEBUG   | dpfl.core.base_simulator | Update norms — honest: ['6.50', '4.97', '1.55', '1.55', '4.39'], attacker: []
2026-05-01 15:46:03 | WARNING | dpfl.algorithms.noise_game.simulator | Node 19 round 19: NSR=2695.00 exceeds 2000.0
2026-05-01 15:46:03 | WARNING | dpfl.algorithms.noise_game.simulator | Node 42 round 19: NSR=3404.01 exceeds 2000.0
2026-05-01 15:46:03 | WARNING | dpfl.algorithms.noise_game.simulator | Node 44 round 19: NSR=2619.21 exceeds 2000.0
2026-05-01 15:46:03 | WARNING | dpfl.algorithms.noise_game.simulator | Node 47 round 19: NSR=3333.62 exceeds 2000.0
2026-05-01 15:46:03 | WARNING | dpfl.algorithms.noise_game.simulator | Node 73 round 19: NSR=2194.65 exceeds 2000.0
2026-05-01 15:46:03 | WARNING | dpfl.algorithms.noise_game.simulator | Node 75 round 19: NSR=2805.25 exceeds 2000.0
2026-05-01 15:46:03 | WARNING | dpfl.algorithms.noise_game.simulator | Node 81 round 19: NSR=2584.24 exceeds 2000.0
2026-05-01 15:46:03 | WARNING | dpfl.algorithms.noise_game.simulator | Node 111 round 19: NSR=3762.29 exceeds 2000.0
2026-05-01 15:46:03 | WARNING | dpfl.algorithms.noise_game.simulator | Node 138 round 19: NSR=3075.40 exceeds 2000.0
2026-05-01 15:46:03 | WARNING | dpfl.algorithms.noise_game.simulator | Node 157 round 19: NSR=2603.11 exceeds 2000.0
2026-05-01 15:46:03 | WARNING | dpfl.algorithms.noise_game.simulator | Node 194 round 19: NSR=2031.19 exceeds 2000.0
2026-05-01 15:46:03 | WARNING | dpfl.algorithms.noise_game.simulator | Node 225 round 19: NSR=2733.97 exceeds 2000.0
2026-05-01 15:46:03 | WARNING | dpfl.algorithms.noise_game.simulator | Node 233 round 19: NSR=3129.92 exceeds 2000.0
2026-05-01 15:46:03 | WARNING | dpfl.algorithms.noise_game.simulator | Node 245 round 19: NSR=2325.09 exceeds 2000.0
2026-05-01 15:46:03 | WARNING | dpfl.algorithms.noise_game.simulator | Node 260 round 19: NSR=2707.14 exceeds 2000.0
2026-05-01 15:46:03 | WARNING | dpfl.algorithms.noise_game.simulator | Node 270 round 19: NSR=2759.42 exceeds 2000.0
2026-05-01 15:46:03 | WARNING | dpfl.algorithms.noise_game.simulator | Node 288 round 19: NSR=2486.80 exceeds 2000.0
2026-05-01 15:46:04 | INFO    | dpfl.core.base_simulator | Round  20/50 | Acc: 0.8652 | Loss: 0.4658 | eps_max: 4.45 eps_avg: 2.75 | P: 0.00 R: 0.00 F1: 0.00
2026-05-01 15:46:04 | DEBUG   | dpfl.core.base_simulator | Update norms — honest: ['7.54', '10.35', '6.38', '4.69', '1.51'], attacker: []
2026-05-01 15:46:05 | WARNING | dpfl.algorithms.noise_game.simulator | Node 10 round 20: NSR=3180.80 exceeds 2000.0
2026-05-01 15:46:05 | WARNING | dpfl.algorithms.noise_game.simulator | Node 15 round 20: NSR=2500.48 exceeds 2000.0
2026-05-01 15:46:05 | WARNING | dpfl.algorithms.noise_game.simulator | Node 22 round 20: NSR=2468.45 exceeds 2000.0
2026-05-01 15:46:05 | WARNING | dpfl.algorithms.noise_game.simulator | Node 30 round 20: NSR=2671.20 exceeds 2000.0
2026-05-01 15:46:05 | WARNING | dpfl.algorithms.noise_game.simulator | Node 47 round 20: NSR=2630.08 exceeds 2000.0
2026-05-01 15:46:05 | WARNING | dpfl.algorithms.noise_game.simulator | Node 77 round 20: NSR=2982.89 exceeds 2000.0
2026-05-01 15:46:05 | WARNING | dpfl.algorithms.noise_game.simulator | Node 81 round 20: NSR=2957.13 exceeds 2000.0
2026-05-01 15:46:05 | WARNING | dpfl.algorithms.noise_game.simulator | Node 99 round 20: NSR=2989.58 exceeds 2000.0
2026-05-01 15:46:05 | WARNING | dpfl.algorithms.noise_game.simulator | Node 101 round 20: NSR=2700.83 exceeds 2000.0
2026-05-01 15:46:05 | WARNING | dpfl.algorithms.noise_game.simulator | Node 108 round 20: NSR=3188.12 exceeds 2000.0
2026-05-01 15:46:05 | WARNING | dpfl.algorithms.noise_game.simulator | Node 111 round 20: NSR=2278.15 exceeds 2000.0
2026-05-01 15:46:05 | WARNING | dpfl.algorithms.noise_game.simulator | Node 119 round 20: NSR=2940.84 exceeds 2000.0
2026-05-01 15:46:05 | WARNING | dpfl.algorithms.noise_game.simulator | Node 127 round 20: NSR=2545.27 exceeds 2000.0
2026-05-01 15:46:05 | WARNING | dpfl.algorithms.noise_game.simulator | Node 129 round 20: NSR=2650.03 exceeds 2000.0
2026-05-01 15:46:05 | WARNING | dpfl.algorithms.noise_game.simulator | Node 142 round 20: NSR=3180.08 exceeds 2000.0
2026-05-01 15:46:05 | WARNING | dpfl.algorithms.noise_game.simulator | Node 178 round 20: NSR=2714.34 exceeds 2000.0
2026-05-01 15:46:05 | WARNING | dpfl.algorithms.noise_game.simulator | Node 189 round 20: NSR=2535.02 exceeds 2000.0
2026-05-01 15:46:05 | WARNING | dpfl.algorithms.noise_game.simulator | Node 207 round 20: NSR=2991.16 exceeds 2000.0
2026-05-01 15:46:05 | WARNING | dpfl.algorithms.noise_game.simulator | Node 208 round 20: NSR=2852.43 exceeds 2000.0
2026-05-01 15:46:05 | WARNING | dpfl.algorithms.noise_game.simulator | Node 235 round 20: NSR=3319.46 exceeds 2000.0
2026-05-01 15:46:05 | WARNING | dpfl.algorithms.noise_game.simulator | Node 240 round 20: NSR=2343.71 exceeds 2000.0
2026-05-01 15:46:05 | WARNING | dpfl.algorithms.noise_game.simulator | Node 258 round 20: NSR=2830.16 exceeds 2000.0
2026-05-01 15:46:05 | WARNING | dpfl.algorithms.noise_game.simulator | Node 272 round 20: NSR=3249.80 exceeds 2000.0
2026-05-01 15:46:05 | WARNING | dpfl.algorithms.noise_game.simulator | Node 289 round 20: NSR=2263.62 exceeds 2000.0
2026-05-01 15:46:06 | INFO    | dpfl.core.base_simulator | Round  21/50 | Acc: 0.8641 | Loss: 0.4658 | eps_max: 5.22 eps_avg: 2.88 | P: 0.00 R: 0.00 F1: 0.00
2026-05-01 15:46:06 | DEBUG   | dpfl.core.base_simulator | Update norms — honest: ['7.02', '3.02', '1.45', '9.38', '1.45'], attacker: []
2026-05-01 15:46:06 | WARNING | dpfl.algorithms.noise_game.simulator | Node 8 round 21: NSR=2315.04 exceeds 2000.0
2026-05-01 15:46:06 | WARNING | dpfl.algorithms.noise_game.simulator | Node 9 round 21: NSR=3856.83 exceeds 2000.0
2026-05-01 15:46:06 | WARNING | dpfl.algorithms.noise_game.simulator | Node 12 round 21: NSR=2899.63 exceeds 2000.0
2026-05-01 15:46:06 | WARNING | dpfl.algorithms.noise_game.simulator | Node 32 round 21: NSR=2036.48 exceeds 2000.0
2026-05-01 15:46:06 | WARNING | dpfl.algorithms.noise_game.simulator | Node 62 round 21: NSR=2621.00 exceeds 2000.0
2026-05-01 15:46:06 | WARNING | dpfl.algorithms.noise_game.simulator | Node 85 round 21: NSR=2411.74 exceeds 2000.0
2026-05-01 15:46:06 | WARNING | dpfl.algorithms.noise_game.simulator | Node 98 round 21: NSR=3835.35 exceeds 2000.0
2026-05-01 15:46:06 | WARNING | dpfl.algorithms.noise_game.simulator | Node 99 round 21: NSR=2316.34 exceeds 2000.0
2026-05-01 15:46:06 | WARNING | dpfl.algorithms.noise_game.simulator | Node 123 round 21: NSR=2619.10 exceeds 2000.0
2026-05-01 15:46:06 | WARNING | dpfl.algorithms.noise_game.simulator | Node 134 round 21: NSR=2562.90 exceeds 2000.0
2026-05-01 15:46:06 | WARNING | dpfl.algorithms.noise_game.simulator | Node 141 round 21: NSR=2771.04 exceeds 2000.0
2026-05-01 15:46:06 | WARNING | dpfl.algorithms.noise_game.simulator | Node 148 round 21: NSR=2529.57 exceeds 2000.0
2026-05-01 15:46:06 | WARNING | dpfl.algorithms.noise_game.simulator | Node 165 round 21: NSR=3270.08 exceeds 2000.0
2026-05-01 15:46:06 | WARNING | dpfl.algorithms.noise_game.simulator | Node 166 round 21: NSR=2814.81 exceeds 2000.0
2026-05-01 15:46:06 | WARNING | dpfl.algorithms.noise_game.simulator | Node 179 round 21: NSR=2470.22 exceeds 2000.0
2026-05-01 15:46:06 | WARNING | dpfl.algorithms.noise_game.simulator | Node 223 round 21: NSR=2074.06 exceeds 2000.0
2026-05-01 15:46:06 | WARNING | dpfl.algorithms.noise_game.simulator | Node 226 round 21: NSR=2574.19 exceeds 2000.0
2026-05-01 15:46:06 | WARNING | dpfl.algorithms.noise_game.simulator | Node 228 round 21: NSR=2664.75 exceeds 2000.0
2026-05-01 15:46:06 | WARNING | dpfl.algorithms.noise_game.simulator | Node 246 round 21: NSR=2683.67 exceeds 2000.0
2026-05-01 15:46:06 | WARNING | dpfl.algorithms.noise_game.simulator | Node 263 round 21: NSR=2776.65 exceeds 2000.0
2026-05-01 15:46:06 | WARNING | dpfl.algorithms.noise_game.simulator | Node 266 round 21: NSR=2762.71 exceeds 2000.0
2026-05-01 15:46:06 | WARNING | dpfl.algorithms.noise_game.simulator | Node 272 round 21: NSR=2471.95 exceeds 2000.0
2026-05-01 15:46:06 | WARNING | dpfl.algorithms.noise_game.simulator | Node 288 round 21: NSR=2806.80 exceeds 2000.0
2026-05-01 15:46:06 | WARNING | dpfl.algorithms.noise_game.simulator | Node 299 round 21: NSR=3512.29 exceeds 2000.0
2026-05-01 15:46:08 | INFO    | dpfl.core.base_simulator | Round  22/50 | Acc: 0.8648 | Loss: 0.4652 | eps_max: 5.33 eps_avg: 3.04 | P: 0.00 R: 0.00 F1: 0.00
2026-05-01 15:46:08 | DEBUG   | dpfl.core.base_simulator | Update norms — honest: ['6.40', '1.85', '4.56', '9.33', '6.15'], attacker: []
2026-05-01 15:46:08 | WARNING | dpfl.algorithms.noise_game.simulator | Node 0 round 22: NSR=2806.19 exceeds 2000.0
2026-05-01 15:46:08 | WARNING | dpfl.algorithms.noise_game.simulator | Node 35 round 22: NSR=3057.01 exceeds 2000.0
2026-05-01 15:46:08 | WARNING | dpfl.algorithms.noise_game.simulator | Node 52 round 22: NSR=2802.35 exceeds 2000.0
2026-05-01 15:46:08 | WARNING | dpfl.algorithms.noise_game.simulator | Node 61 round 22: NSR=2805.52 exceeds 2000.0
2026-05-01 15:46:08 | WARNING | dpfl.algorithms.noise_game.simulator | Node 67 round 22: NSR=2101.94 exceeds 2000.0
2026-05-01 15:46:08 | WARNING | dpfl.algorithms.noise_game.simulator | Node 87 round 22: NSR=2584.91 exceeds 2000.0
2026-05-01 15:46:08 | WARNING | dpfl.algorithms.noise_game.simulator | Node 137 round 22: NSR=3134.45 exceeds 2000.0
2026-05-01 15:46:08 | WARNING | dpfl.algorithms.noise_game.simulator | Node 139 round 22: NSR=2487.82 exceeds 2000.0
2026-05-01 15:46:08 | WARNING | dpfl.algorithms.noise_game.simulator | Node 140 round 22: NSR=3284.19 exceeds 2000.0
2026-05-01 15:46:08 | WARNING | dpfl.algorithms.noise_game.simulator | Node 150 round 22: NSR=2713.48 exceeds 2000.0
2026-05-01 15:46:08 | WARNING | dpfl.algorithms.noise_game.simulator | Node 154 round 22: NSR=3009.16 exceeds 2000.0
2026-05-01 15:46:08 | WARNING | dpfl.algorithms.noise_game.simulator | Node 163 round 22: NSR=2900.26 exceeds 2000.0
2026-05-01 15:46:08 | WARNING | dpfl.algorithms.noise_game.simulator | Node 203 round 22: NSR=2634.78 exceeds 2000.0
2026-05-01 15:46:08 | WARNING | dpfl.algorithms.noise_game.simulator | Node 205 round 22: NSR=2899.98 exceeds 2000.0
2026-05-01 15:46:08 | WARNING | dpfl.algorithms.noise_game.simulator | Node 206 round 22: NSR=3964.30 exceeds 2000.0
2026-05-01 15:46:08 | WARNING | dpfl.algorithms.noise_game.simulator | Node 213 round 22: NSR=2994.66 exceeds 2000.0
2026-05-01 15:46:08 | WARNING | dpfl.algorithms.noise_game.simulator | Node 214 round 22: NSR=2622.78 exceeds 2000.0
2026-05-01 15:46:08 | WARNING | dpfl.algorithms.noise_game.simulator | Node 230 round 22: NSR=3088.69 exceeds 2000.0
2026-05-01 15:46:08 | WARNING | dpfl.algorithms.noise_game.simulator | Node 233 round 22: NSR=2697.41 exceeds 2000.0
2026-05-01 15:46:08 | WARNING | dpfl.algorithms.noise_game.simulator | Node 265 round 22: NSR=2448.37 exceeds 2000.0
2026-05-01 15:46:08 | WARNING | dpfl.algorithms.noise_game.simulator | Node 266 round 22: NSR=2902.59 exceeds 2000.0
2026-05-01 15:46:10 | INFO    | dpfl.core.base_simulator | Round  23/50 | Acc: 0.8643 | Loss: 0.4709 | eps_max: 5.62 eps_avg: 3.15 | P: 0.00 R: 0.00 F1: 0.00
2026-05-01 15:46:10 | DEBUG   | dpfl.core.base_simulator | Update norms — honest: ['3.01', '3.24', '11.03', '4.18', '4.41'], attacker: []
2026-05-01 15:46:10 | WARNING | dpfl.algorithms.noise_game.simulator | Node 49 round 23: NSR=2398.06 exceeds 2000.0
2026-05-01 15:46:10 | WARNING | dpfl.algorithms.noise_game.simulator | Node 86 round 23: NSR=2740.73 exceeds 2000.0
2026-05-01 15:46:10 | WARNING | dpfl.algorithms.noise_game.simulator | Node 90 round 23: NSR=2441.64 exceeds 2000.0
2026-05-01 15:46:10 | WARNING | dpfl.algorithms.noise_game.simulator | Node 117 round 23: NSR=2544.46 exceeds 2000.0
2026-05-01 15:46:10 | WARNING | dpfl.algorithms.noise_game.simulator | Node 131 round 23: NSR=2729.28 exceeds 2000.0
2026-05-01 15:46:10 | WARNING | dpfl.algorithms.noise_game.simulator | Node 147 round 23: NSR=2843.29 exceeds 2000.0
2026-05-01 15:46:10 | WARNING | dpfl.algorithms.noise_game.simulator | Node 158 round 23: NSR=2073.15 exceeds 2000.0
2026-05-01 15:46:10 | WARNING | dpfl.algorithms.noise_game.simulator | Node 159 round 23: NSR=2601.86 exceeds 2000.0
2026-05-01 15:46:10 | WARNING | dpfl.algorithms.noise_game.simulator | Node 167 round 23: NSR=2974.91 exceeds 2000.0
2026-05-01 15:46:10 | WARNING | dpfl.algorithms.noise_game.simulator | Node 204 round 23: NSR=2971.80 exceeds 2000.0
2026-05-01 15:46:10 | WARNING | dpfl.algorithms.noise_game.simulator | Node 220 round 23: NSR=2958.63 exceeds 2000.0
2026-05-01 15:46:10 | WARNING | dpfl.algorithms.noise_game.simulator | Node 224 round 23: NSR=2327.09 exceeds 2000.0
2026-05-01 15:46:10 | WARNING | dpfl.algorithms.noise_game.simulator | Node 231 round 23: NSR=2737.73 exceeds 2000.0
2026-05-01 15:46:10 | WARNING | dpfl.algorithms.noise_game.simulator | Node 251 round 23: NSR=2543.40 exceeds 2000.0
2026-05-01 15:46:10 | WARNING | dpfl.algorithms.noise_game.simulator | Node 260 round 23: NSR=2771.20 exceeds 2000.0
2026-05-01 15:46:10 | WARNING | dpfl.algorithms.noise_game.simulator | Node 271 round 23: NSR=2006.44 exceeds 2000.0
2026-05-01 15:46:10 | WARNING | dpfl.algorithms.noise_game.simulator | Node 272 round 23: NSR=2037.97 exceeds 2000.0
2026-05-01 15:46:10 | WARNING | dpfl.algorithms.noise_game.simulator | Node 291 round 23: NSR=2961.51 exceeds 2000.0
2026-05-01 15:46:11 | INFO    | dpfl.core.base_simulator | Round  24/50 | Acc: 0.8634 | Loss: 0.4737 | eps_max: 6.01 eps_avg: 3.27 | P: 0.00 R: 0.00 F1: 0.00
2026-05-01 15:46:11 | DEBUG   | dpfl.core.base_simulator | Update norms — honest: ['9.26', '1.27', '6.49', '5.95', '6.33'], attacker: []
2026-05-01 15:46:11 | WARNING | dpfl.algorithms.noise_game.simulator | Node 6 round 24: NSR=2854.23 exceeds 2000.0
2026-05-01 15:46:11 | WARNING | dpfl.algorithms.noise_game.simulator | Node 13 round 24: NSR=2986.60 exceeds 2000.0
2026-05-01 15:46:11 | WARNING | dpfl.algorithms.noise_game.simulator | Node 40 round 24: NSR=2967.19 exceeds 2000.0
2026-05-01 15:46:11 | WARNING | dpfl.algorithms.noise_game.simulator | Node 47 round 24: NSR=2113.16 exceeds 2000.0
2026-05-01 15:46:11 | WARNING | dpfl.algorithms.noise_game.simulator | Node 49 round 24: NSR=2597.44 exceeds 2000.0
2026-05-01 15:46:11 | WARNING | dpfl.algorithms.noise_game.simulator | Node 83 round 24: NSR=2477.20 exceeds 2000.0
2026-05-01 15:46:11 | WARNING | dpfl.algorithms.noise_game.simulator | Node 106 round 24: NSR=2748.73 exceeds 2000.0
2026-05-01 15:46:11 | WARNING | dpfl.algorithms.noise_game.simulator | Node 113 round 24: NSR=2766.64 exceeds 2000.0
2026-05-01 15:46:11 | WARNING | dpfl.algorithms.noise_game.simulator | Node 136 round 24: NSR=2336.83 exceeds 2000.0
2026-05-01 15:46:11 | WARNING | dpfl.algorithms.noise_game.simulator | Node 142 round 24: NSR=2472.70 exceeds 2000.0
2026-05-01 15:46:11 | WARNING | dpfl.algorithms.noise_game.simulator | Node 144 round 24: NSR=2515.39 exceeds 2000.0
2026-05-01 15:46:11 | WARNING | dpfl.algorithms.noise_game.simulator | Node 145 round 24: NSR=2520.97 exceeds 2000.0
2026-05-01 15:46:11 | WARNING | dpfl.algorithms.noise_game.simulator | Node 154 round 24: NSR=2418.24 exceeds 2000.0
2026-05-01 15:46:11 | WARNING | dpfl.algorithms.noise_game.simulator | Node 184 round 24: NSR=2844.84 exceeds 2000.0
2026-05-01 15:46:11 | WARNING | dpfl.algorithms.noise_game.simulator | Node 198 round 24: NSR=2419.10 exceeds 2000.0
2026-05-01 15:46:11 | WARNING | dpfl.algorithms.noise_game.simulator | Node 201 round 24: NSR=2803.82 exceeds 2000.0
2026-05-01 15:46:11 | WARNING | dpfl.algorithms.noise_game.simulator | Node 202 round 24: NSR=2452.20 exceeds 2000.0
2026-05-01 15:46:11 | WARNING | dpfl.algorithms.noise_game.simulator | Node 210 round 24: NSR=3127.41 exceeds 2000.0
2026-05-01 15:46:11 | WARNING | dpfl.algorithms.noise_game.simulator | Node 235 round 24: NSR=2473.13 exceeds 2000.0
2026-05-01 15:46:11 | WARNING | dpfl.algorithms.noise_game.simulator | Node 270 round 24: NSR=2097.23 exceeds 2000.0
2026-05-01 15:46:11 | WARNING | dpfl.algorithms.noise_game.simulator | Node 284 round 24: NSR=3740.39 exceeds 2000.0
2026-05-01 15:46:11 | WARNING | dpfl.algorithms.noise_game.simulator | Node 288 round 24: NSR=2338.61 exceeds 2000.0
2026-05-01 15:46:13 | INFO    | dpfl.core.base_simulator | Round  25/50 | Acc: 0.8606 | Loss: 0.4888 | eps_max: 6.88 eps_avg: 3.45 | P: 0.00 R: 0.00 F1: 0.00
2026-05-01 15:46:13 | DEBUG   | dpfl.core.base_simulator | Update norms — honest: ['4.96', '8.07', '4.03', '10.61', '7.68'], attacker: []
2026-05-01 15:46:13 | WARNING | dpfl.algorithms.noise_game.simulator | Node 15 round 25: NSR=2625.83 exceeds 2000.0
2026-05-01 15:46:13 | WARNING | dpfl.algorithms.noise_game.simulator | Node 53 round 25: NSR=2725.78 exceeds 2000.0
2026-05-01 15:46:13 | WARNING | dpfl.algorithms.noise_game.simulator | Node 88 round 25: NSR=2141.39 exceeds 2000.0
2026-05-01 15:46:13 | WARNING | dpfl.algorithms.noise_game.simulator | Node 89 round 25: NSR=2389.31 exceeds 2000.0
2026-05-01 15:46:13 | WARNING | dpfl.algorithms.noise_game.simulator | Node 93 round 25: NSR=3791.40 exceeds 2000.0
2026-05-01 15:46:13 | WARNING | dpfl.algorithms.noise_game.simulator | Node 110 round 25: NSR=2656.89 exceeds 2000.0
2026-05-01 15:46:13 | WARNING | dpfl.algorithms.noise_game.simulator | Node 127 round 25: NSR=2778.51 exceeds 2000.0
2026-05-01 15:46:13 | WARNING | dpfl.algorithms.noise_game.simulator | Node 139 round 25: NSR=2753.25 exceeds 2000.0
2026-05-01 15:46:13 | WARNING | dpfl.algorithms.noise_game.simulator | Node 163 round 25: NSR=2419.62 exceeds 2000.0
2026-05-01 15:46:13 | WARNING | dpfl.algorithms.noise_game.simulator | Node 175 round 25: NSR=2029.04 exceeds 2000.0
2026-05-01 15:46:13 | WARNING | dpfl.algorithms.noise_game.simulator | Node 197 round 25: NSR=2237.65 exceeds 2000.0
2026-05-01 15:46:13 | WARNING | dpfl.algorithms.noise_game.simulator | Node 209 round 25: NSR=2270.32 exceeds 2000.0
2026-05-01 15:46:13 | WARNING | dpfl.algorithms.noise_game.simulator | Node 218 round 25: NSR=2517.07 exceeds 2000.0
2026-05-01 15:46:13 | WARNING | dpfl.algorithms.noise_game.simulator | Node 227 round 25: NSR=2358.63 exceeds 2000.0
2026-05-01 15:46:13 | WARNING | dpfl.algorithms.noise_game.simulator | Node 234 round 25: NSR=2290.95 exceeds 2000.0
2026-05-01 15:46:13 | WARNING | dpfl.algorithms.noise_game.simulator | Node 277 round 25: NSR=2723.98 exceeds 2000.0
2026-05-01 15:46:13 | WARNING | dpfl.algorithms.noise_game.simulator | Node 292 round 25: NSR=2568.53 exceeds 2000.0
2026-05-01 15:46:15 | INFO    | dpfl.core.base_simulator | Round  26/50 | Acc: 0.8643 | Loss: 0.4712 | eps_max: 6.88 eps_avg: 3.67 | P: 0.00 R: 0.00 F1: 0.00
2026-05-01 15:46:15 | DEBUG   | dpfl.core.base_simulator | Update norms — honest: ['3.58', '4.60', '2.08', '5.62', '4.55'], attacker: []
2026-05-01 15:46:15 | WARNING | dpfl.algorithms.noise_game.simulator | Node 9 round 26: NSR=2486.44 exceeds 2000.0
2026-05-01 15:46:15 | WARNING | dpfl.algorithms.noise_game.simulator | Node 15 round 26: NSR=2044.37 exceeds 2000.0
2026-05-01 15:46:15 | WARNING | dpfl.algorithms.noise_game.simulator | Node 24 round 26: NSR=2328.64 exceeds 2000.0
2026-05-01 15:46:15 | WARNING | dpfl.algorithms.noise_game.simulator | Node 29 round 26: NSR=2251.50 exceeds 2000.0
2026-05-01 15:46:15 | WARNING | dpfl.algorithms.noise_game.simulator | Node 100 round 26: NSR=2150.42 exceeds 2000.0
2026-05-01 15:46:15 | WARNING | dpfl.algorithms.noise_game.simulator | Node 149 round 26: NSR=2551.13 exceeds 2000.0
2026-05-01 15:46:15 | WARNING | dpfl.algorithms.noise_game.simulator | Node 164 round 26: NSR=2214.11 exceeds 2000.0
2026-05-01 15:46:15 | WARNING | dpfl.algorithms.noise_game.simulator | Node 167 round 26: NSR=2371.69 exceeds 2000.0
2026-05-01 15:46:15 | WARNING | dpfl.algorithms.noise_game.simulator | Node 195 round 26: NSR=2747.00 exceeds 2000.0
2026-05-01 15:46:15 | WARNING | dpfl.algorithms.noise_game.simulator | Node 199 round 26: NSR=2413.64 exceeds 2000.0
2026-05-01 15:46:15 | WARNING | dpfl.algorithms.noise_game.simulator | Node 208 round 26: NSR=2358.63 exceeds 2000.0
2026-05-01 15:46:15 | WARNING | dpfl.algorithms.noise_game.simulator | Node 213 round 26: NSR=2320.05 exceeds 2000.0
2026-05-01 15:46:15 | WARNING | dpfl.algorithms.noise_game.simulator | Node 229 round 26: NSR=2239.33 exceeds 2000.0
2026-05-01 15:46:15 | WARNING | dpfl.algorithms.noise_game.simulator | Node 232 round 26: NSR=3450.96 exceeds 2000.0
2026-05-01 15:46:15 | WARNING | dpfl.algorithms.noise_game.simulator | Node 256 round 26: NSR=2557.94 exceeds 2000.0
2026-05-01 15:46:15 | WARNING | dpfl.algorithms.noise_game.simulator | Node 264 round 26: NSR=2442.86 exceeds 2000.0
2026-05-01 15:46:15 | WARNING | dpfl.algorithms.noise_game.simulator | Node 274 round 26: NSR=2096.58 exceeds 2000.0
2026-05-01 15:46:16 | INFO    | dpfl.core.base_simulator | Round  27/50 | Acc: 0.8626 | Loss: 0.4760 | eps_max: 7.02 eps_avg: 3.87 | P: 0.00 R: 0.00 F1: 0.00
2026-05-01 15:46:16 | DEBUG   | dpfl.core.base_simulator | Update norms — honest: ['5.47', '5.85', '1.69', '2.58', '4.97'], attacker: []
2026-05-01 15:46:16 | WARNING | dpfl.algorithms.noise_game.simulator | Node 14 round 27: NSR=2031.69 exceeds 2000.0
2026-05-01 15:46:16 | WARNING | dpfl.algorithms.noise_game.simulator | Node 56 round 27: NSR=2400.83 exceeds 2000.0
2026-05-01 15:46:16 | WARNING | dpfl.algorithms.noise_game.simulator | Node 58 round 27: NSR=2800.82 exceeds 2000.0
2026-05-01 15:46:16 | WARNING | dpfl.algorithms.noise_game.simulator | Node 89 round 27: NSR=2308.49 exceeds 2000.0
2026-05-01 15:46:16 | WARNING | dpfl.algorithms.noise_game.simulator | Node 95 round 27: NSR=2466.69 exceeds 2000.0
2026-05-01 15:46:16 | WARNING | dpfl.algorithms.noise_game.simulator | Node 104 round 27: NSR=2390.83 exceeds 2000.0
2026-05-01 15:46:16 | WARNING | dpfl.algorithms.noise_game.simulator | Node 107 round 27: NSR=2400.74 exceeds 2000.0
2026-05-01 15:46:16 | WARNING | dpfl.algorithms.noise_game.simulator | Node 156 round 27: NSR=2623.60 exceeds 2000.0
2026-05-01 15:46:16 | WARNING | dpfl.algorithms.noise_game.simulator | Node 173 round 27: NSR=3140.78 exceeds 2000.0
2026-05-01 15:46:16 | WARNING | dpfl.algorithms.noise_game.simulator | Node 193 round 27: NSR=2531.03 exceeds 2000.0
2026-05-01 15:46:16 | WARNING | dpfl.algorithms.noise_game.simulator | Node 215 round 27: NSR=2843.02 exceeds 2000.0
2026-05-01 15:46:16 | WARNING | dpfl.algorithms.noise_game.simulator | Node 222 round 27: NSR=2558.00 exceeds 2000.0
2026-05-01 15:46:16 | WARNING | dpfl.algorithms.noise_game.simulator | Node 250 round 27: NSR=2270.11 exceeds 2000.0
2026-05-01 15:46:16 | WARNING | dpfl.algorithms.noise_game.simulator | Node 278 round 27: NSR=2531.73 exceeds 2000.0
2026-05-01 15:46:16 | WARNING | dpfl.algorithms.noise_game.simulator | Node 290 round 27: NSR=2074.74 exceeds 2000.0
2026-05-01 15:46:16 | WARNING | dpfl.algorithms.noise_game.simulator | Node 292 round 27: NSR=2021.82 exceeds 2000.0
2026-05-01 15:46:16 | WARNING | dpfl.algorithms.noise_game.simulator | Node 294 round 27: NSR=2124.08 exceeds 2000.0
2026-05-01 15:46:16 | WARNING | dpfl.algorithms.noise_game.simulator | Node 298 round 27: NSR=2155.01 exceeds 2000.0
2026-05-01 15:46:18 | INFO    | dpfl.core.base_simulator | Round  28/50 | Acc: 0.8602 | Loss: 0.4882 | eps_max: 7.98 eps_avg: 4.16 | P: 0.00 R: 0.00 F1: 0.00
2026-05-01 15:46:18 | DEBUG   | dpfl.core.base_simulator | Update norms — honest: ['0.95', '2.67', '2.41', '9.43', '1.83'], attacker: []
2026-05-01 15:46:18 | WARNING | dpfl.algorithms.noise_game.simulator | Node 0 round 28: NSR=2155.31 exceeds 2000.0
2026-05-01 15:46:18 | WARNING | dpfl.algorithms.noise_game.simulator | Node 33 round 28: NSR=2217.34 exceeds 2000.0
2026-05-01 15:46:18 | WARNING | dpfl.algorithms.noise_game.simulator | Node 48 round 28: NSR=2242.79 exceeds 2000.0
2026-05-01 15:46:18 | WARNING | dpfl.algorithms.noise_game.simulator | Node 57 round 28: NSR=2511.97 exceeds 2000.0
2026-05-01 15:46:18 | WARNING | dpfl.algorithms.noise_game.simulator | Node 62 round 28: NSR=2344.67 exceeds 2000.0
2026-05-01 15:46:18 | WARNING | dpfl.algorithms.noise_game.simulator | Node 81 round 28: NSR=2101.40 exceeds 2000.0
2026-05-01 15:46:18 | WARNING | dpfl.algorithms.noise_game.simulator | Node 87 round 28: NSR=2091.08 exceeds 2000.0
2026-05-01 15:46:18 | WARNING | dpfl.algorithms.noise_game.simulator | Node 118 round 28: NSR=2361.11 exceeds 2000.0
2026-05-01 15:46:18 | WARNING | dpfl.algorithms.noise_game.simulator | Node 127 round 28: NSR=2315.97 exceeds 2000.0
2026-05-01 15:46:18 | WARNING | dpfl.algorithms.noise_game.simulator | Node 144 round 28: NSR=2211.16 exceeds 2000.0
2026-05-01 15:46:18 | WARNING | dpfl.algorithms.noise_game.simulator | Node 227 round 28: NSR=2044.28 exceeds 2000.0
2026-05-01 15:46:18 | WARNING | dpfl.algorithms.noise_game.simulator | Node 237 round 28: NSR=2533.12 exceeds 2000.0
2026-05-01 15:46:18 | WARNING | dpfl.algorithms.noise_game.simulator | Node 249 round 28: NSR=2122.36 exceeds 2000.0
2026-05-01 15:46:18 | WARNING | dpfl.algorithms.noise_game.simulator | Node 254 round 28: NSR=3048.38 exceeds 2000.0
2026-05-01 15:46:18 | WARNING | dpfl.algorithms.noise_game.simulator | Node 284 round 28: NSR=2137.58 exceeds 2000.0
2026-05-01 15:46:18 | WARNING | dpfl.algorithms.noise_game.simulator | Node 293 round 28: NSR=2356.94 exceeds 2000.0
2026-05-01 15:46:20 | INFO    | dpfl.core.base_simulator | Round  29/50 | Acc: 0.8596 | Loss: 0.4961 | eps_max: 9.40 eps_avg: 4.47 | P: 0.00 R: 0.00 F1: 0.00
2026-05-01 15:46:20 | DEBUG   | dpfl.core.base_simulator | Update norms — honest: ['3.96', '7.59', '3.60', '11.01', '2.59'], attacker: []
2026-05-01 15:46:20 | WARNING | dpfl.algorithms.noise_game.simulator | Node 11 round 29: NSR=2222.01 exceeds 2000.0
2026-05-01 15:46:20 | WARNING | dpfl.algorithms.noise_game.simulator | Node 63 round 29: NSR=2428.37 exceeds 2000.0
2026-05-01 15:46:20 | WARNING | dpfl.algorithms.noise_game.simulator | Node 172 round 29: NSR=2002.87 exceeds 2000.0
2026-05-01 15:46:20 | WARNING | dpfl.algorithms.noise_game.simulator | Node 254 round 29: NSR=2090.99 exceeds 2000.0
2026-05-01 15:46:20 | WARNING | dpfl.algorithms.noise_game.simulator | Node 257 round 29: NSR=2540.22 exceeds 2000.0
2026-05-01 15:46:20 | WARNING | dpfl.algorithms.noise_game.simulator | Node 268 round 29: NSR=2032.05 exceeds 2000.0
2026-05-01 15:46:20 | WARNING | dpfl.algorithms.noise_game.simulator | Node 287 round 29: NSR=2102.56 exceeds 2000.0
2026-05-01 15:46:22 | INFO    | dpfl.core.base_simulator | Round  30/50 | Acc: 0.8590 | Loss: 0.4948 | eps_max: 10.67 eps_avg: 4.91 | P: 0.00 R: 0.00 F1: 0.00
2026-05-01 15:46:22 | DEBUG   | dpfl.core.base_simulator | Update norms — honest: ['9.23', '5.30', '5.05', '5.65', '6.06'], attacker: []
2026-05-01 15:46:22 | WARNING | dpfl.algorithms.noise_game.simulator | Node 171 round 30: NSR=2145.43 exceeds 2000.0
2026-05-01 15:46:24 | INFO    | dpfl.core.base_simulator | Round  31/50 | Acc: 0.8576 | Loss: 0.4982 | eps_max: 14.09 eps_avg: 5.68 | P: 0.00 R: 0.00 F1: 0.00
2026-05-01 15:46:24 | DEBUG   | dpfl.core.base_simulator | Update norms — honest: ['6.74', '3.16', '6.78', '9.22', '4.58'], attacker: []
2026-05-01 15:46:25 | INFO    | dpfl.core.base_simulator | Round  32/50 | Acc: 0.8568 | Loss: 0.5084 | eps_max: 21.71 eps_avg: 6.70 | P: 0.00 R: 0.00 F1: 0.00
2026-05-01 15:46:25 | DEBUG   | dpfl.core.base_simulator | Update norms — honest: ['2.56', '2.01', '10.34', '3.23', '3.17'], attacker: []
2026-05-01 15:46:26 | INFO    | dpfl.core.base_simulator | Round  33/50 | Acc: 0.8554 | Loss: 0.5147 | eps_max: 54.38 eps_avg: 12.28 | P: 0.00 R: 0.00 F1: 0.00
2026-05-01 15:46:26 | DEBUG   | dpfl.core.base_simulator | Update norms — honest: ['5.38', '4.79', '11.37', '6.20', '4.55'], attacker: []
2026-05-01 15:46:26 | WARNING | dpfl.algorithms.noise_game.simulator | Round  33/50 | Budget exceeded (eps_max=54.38 > 50.00)
2026-05-01 15:46:27 | INFO    | dpfl | Experiment complete in 123.2s
============================================================
REPORT: DP-SGD Decentralized Federated Learning
============================================================
Timestamp:                  20260501_154423
Rounds completed:           33
Attack-active rounds:       0  (from round 99999)
Final accuracy:             0.8554
Final test loss:            0.5147
Final epsilon (max honest): 54.38
Final epsilon (avg honest): 12.28
Best alpha:                 1000.0
Avg precision:              0.0000
Avg recall:                 0.0000
Avg F1 score:               0.0000
Avg update norm (honest):   3.8921
Avg update norm (attacker): 0.0000

=== PER-NODE PRIVACY COST (final round) ===
Node   0 (honest  )  eps =  51.9412  sigma =  0.150  frozen = False
Node   1 (honest  )  eps =   3.6539  sigma =  0.000  frozen = False
Node   2 (honest  )  eps =   4.2453  sigma =  0.000  frozen = False
Node   3 (honest  )  eps =   7.2883  sigma =  0.000  frozen = False
Node   4 (honest  )  eps =   3.6822  sigma =  0.000  frozen = False
Node   5 (honest  )  eps =   3.5067  sigma =  0.000  frozen = False
Node   6 (honest  )  eps =   5.0635  sigma =  0.000  frozen = False
Node   7 (honest  )  eps =   9.1158  sigma =  0.000  frozen = False
Node   8 (honest  )  eps =   9.8253  sigma =  0.000  frozen = False
Node   9 (honest  )  eps =   8.2582  sigma =  0.000  frozen = False
Node  10 (honest  )  eps =   3.6994  sigma =  0.000  frozen = False
Node  11 (honest  )  eps =   6.9611  sigma =  0.000  frozen = False
Node  12 (honest  )  eps =   6.1331  sigma =  0.000  frozen = False
Node  13 (honest  )  eps =   5.3953  sigma =  0.000  frozen = False
Node  14 (honest  )  eps =   7.7407  sigma =  0.000  frozen = False
Node  15 (honest  )  eps =  52.0014  sigma =  0.150  frozen = False
Node  16 (honest  )  eps =   2.8905  sigma =  0.000  frozen = False
Node  17 (honest  )  eps =   7.7770  sigma =  0.000  frozen = False
Node  18 (honest  )  eps =   5.5732  sigma =  0.000  frozen = False
Node  19 (honest  )  eps =  51.8992  sigma =  0.150  frozen = False
Node  20 (honest  )  eps =   7.8107  sigma =  0.000  frozen = False
Node  21 (honest  )  eps =  17.0614  sigma =  0.000  frozen = False
Node  22 (honest  )  eps =  17.8609  sigma =  0.000  frozen = False
Node  23 (honest  )  eps =   3.3751  sigma =  0.000  frozen = False
Node  24 (honest  )  eps =   6.2963  sigma =  0.000  frozen = False
Node  25 (honest  )  eps =   2.8196  sigma =  0.000  frozen = False
Node  26 (honest  )  eps =   2.6195  sigma =  0.000  frozen = False
Node  27 (honest  )  eps =   4.1424  sigma =  0.000  frozen = False
Node  28 (honest  )  eps =   3.7516  sigma =  0.000  frozen = False
Node  29 (honest  )  eps =  51.9087  sigma =  0.150  frozen = False
Node  30 (honest  )  eps =   5.9619  sigma =  0.000  frozen = False
Node  31 (honest  )  eps =   3.5485  sigma =  0.000  frozen = False
Node  32 (honest  )  eps =   4.6367  sigma =  0.000  frozen = False
Node  33 (honest  )  eps =  52.3191  sigma =  0.150  frozen = False
Node  34 (honest  )  eps =   9.3297  sigma =  0.000  frozen = False
Node  35 (honest  )  eps =   9.2087  sigma =  0.000  frozen = False
Node  36 (honest  )  eps =   2.7445  sigma =  0.000  frozen = False
Node  37 (honest  )  eps =   2.9088  sigma =  0.000  frozen = False
Node  38 (honest  )  eps =  11.5813  sigma =  0.000  frozen = False
Node  39 (honest  )  eps =  20.1161  sigma =  0.000  frozen = False
Node  40 (honest  )  eps =   4.4108  sigma =  0.000  frozen = False
Node  41 (honest  )  eps =  51.7749  sigma =  0.150  frozen = False
Node  42 (honest  )  eps =   3.5777  sigma =  0.000  frozen = False
Node  43 (honest  )  eps =   2.5697  sigma =  0.000  frozen = False
Node  44 (honest  )  eps =   4.3317  sigma =  0.000  frozen = False
Node  45 (honest  )  eps =   0.0000  sigma =  0.000  frozen = False
Node  46 (honest  )  eps =   2.5999  sigma =  0.000  frozen = False
Node  47 (honest  )  eps =   4.9803  sigma =  0.000  frozen = False
Node  48 (honest  )  eps =   6.5902  sigma =  0.000  frozen = False
Node  49 (honest  )  eps =  52.0395  sigma =  0.150  frozen = False
Node  50 (honest  )  eps =  10.5861  sigma =  0.000  frozen = False
Node  51 (honest  )  eps =   2.6244  sigma =  0.000  frozen = False
Node  52 (honest  )  eps =   4.4937  sigma =  0.000  frozen = False
Node  53 (honest  )  eps =   5.5254  sigma =  0.000  frozen = False
Node  54 (honest  )  eps =   4.7327  sigma =  0.000  frozen = False
Node  55 (honest  )  eps =  51.7749  sigma =  0.150  frozen = False
Node  56 (honest  )  eps =  11.5873  sigma =  0.000  frozen = False
Node  57 (honest  )  eps =  10.3507  sigma =  0.000  frozen = False
Node  58 (honest  )  eps =   6.1986  sigma =  0.000  frozen = False
Node  59 (honest  )  eps =  51.7749  sigma =  0.150  frozen = False
Node  60 (honest  )  eps =   6.1905  sigma =  0.000  frozen = False
Node  61 (honest  )  eps =  52.0045  sigma =  0.150  frozen = False
Node  62 (honest  )  eps =  51.9353  sigma =  0.150  frozen = False
Node  63 (honest  )  eps =  51.9245  sigma =  0.150  frozen = False
Node  64 (honest  )  eps =  14.4004  sigma =  0.000  frozen = False
Node  65 (honest  )  eps =   3.5067  sigma =  0.000  frozen = False
Node  66 (honest  )  eps =  14.1581  sigma =  0.000  frozen = False
Node  67 (honest  )  eps =   7.6114  sigma =  0.000  frozen = False
Node  68 (honest  )  eps =   8.8124  sigma =  0.000  frozen = False
Node  69 (honest  )  eps =   2.8196  sigma =  0.000  frozen = False
Node  70 (honest  )  eps =  18.1885  sigma =  0.000  frozen = False
Node  71 (honest  )  eps =  51.8026  sigma =  0.150  frozen = False
Node  72 (honest  )  eps =   2.7445  sigma =  0.000  frozen = False
Node  73 (honest  )  eps =   4.2850  sigma =  0.000  frozen = False
Node  74 (honest  )  eps =   4.4242  sigma =  0.000  frozen = False
Node  75 (honest  )  eps =   7.6207  sigma =  0.000  frozen = False
Node  76 (honest  )  eps =   3.0897  sigma =  0.000  frozen = False
Node  77 (honest  )  eps =   3.9316  sigma =  0.000  frozen = False
Node  78 (honest  )  eps =   2.4444  sigma =  0.000  frozen = False
Node  79 (honest  )  eps =  11.6723  sigma =  0.000  frozen = False
Node  80 (honest  )  eps =   4.1224  sigma =  0.000  frozen = False
Node  81 (honest  )  eps =  10.7819  sigma =  0.000  frozen = False
Node  82 (honest  )  eps =  17.2403  sigma =  0.000  frozen = False
Node  83 (honest  )  eps =   5.1441  sigma =  0.000  frozen = False
Node  84 (honest  )  eps =   9.4248  sigma =  0.000  frozen = False
Node  85 (honest  )  eps =   4.1143  sigma =  0.000  frozen = False
Node  86 (honest  )  eps =  19.5877  sigma =  0.000  frozen = False
Node  87 (honest  )  eps =   9.3465  sigma =  0.000  frozen = False
Node  88 (honest  )  eps =   6.3450  sigma =  0.000  frozen = False
Node  89 (honest  )  eps =   9.8426  sigma =  0.000  frozen = False
Node  90 (honest  )  eps =  51.8704  sigma =  0.150  frozen = False
Node  91 (honest  )  eps =  19.5147  sigma =  0.000  frozen = False
Node  92 (honest  )  eps =   5.8365  sigma =  0.000  frozen = False
Node  93 (honest  )  eps =   9.1572  sigma =  0.000  frozen = False
Node  94 (honest  )  eps =  10.6723  sigma =  0.000  frozen = False
Node  95 (honest  )  eps =  51.8886  sigma =  0.150  frozen = False
Node  96 (honest  )  eps =   3.7286  sigma =  0.000  frozen = False
Node  97 (honest  )  eps =   6.2300  sigma =  0.000  frozen = False
Node  98 (honest  )  eps =   3.2644  sigma =  0.000  frozen = False
Node  99 (honest  )  eps =   4.2718  sigma =  0.000  frozen = False
Node 100 (honest  )  eps =   6.9208  sigma =  0.000  frozen = False
Node 101 (honest  )  eps =   5.5518  sigma =  0.000  frozen = False
Node 102 (honest  )  eps =   3.7245  sigma =  0.000  frozen = False
Node 103 (honest  )  eps =   3.4050  sigma =  0.000  frozen = False
Node 104 (honest  )  eps =   9.5072  sigma =  0.000  frozen = False
Node 105 (honest  )  eps =   3.6157  sigma =  0.000  frozen = False
Node 106 (honest  )  eps =   5.7460  sigma =  0.000  frozen = False
Node 107 (honest  )  eps =  52.4469  sigma =  0.150  frozen = False
Node 108 (honest  )  eps =   3.6671  sigma =  0.000  frozen = False
Node 109 (honest  )  eps =   6.8807  sigma =  0.000  frozen = False
Node 110 (honest  )  eps =   5.4892  sigma =  0.000  frozen = False
Node 111 (honest  )  eps =   7.8761  sigma =  0.000  frozen = False
Node 112 (honest  )  eps =   0.0000  sigma =  0.000  frozen = False
Node 113 (honest  )  eps =  10.7069  sigma =  0.000  frozen = False
Node 114 (honest  )  eps =   4.1424  sigma =  0.000  frozen = False
Node 115 (honest  )  eps =   0.0000  sigma =  0.000  frozen = False
Node 116 (honest  )  eps =   3.4211  sigma =  0.000  frozen = False
Node 117 (honest  )  eps =  11.2705  sigma =  0.000  frozen = False
Node 118 (honest  )  eps =   6.4974  sigma =  0.000  frozen = False
Node 119 (honest  )  eps =   4.3781  sigma =  0.000  frozen = False
Node 120 (honest  )  eps =   2.5697  sigma =  0.000  frozen = False
Node 121 (honest  )  eps =   3.7494  sigma =  0.000  frozen = False
Node 122 (honest  )  eps =   3.9357  sigma =  0.000  frozen = False
Node 123 (honest  )  eps =  20.4439  sigma =  0.000  frozen = False
Node 124 (honest  )  eps =   0.0000  sigma =  0.000  frozen = False
Node 125 (honest  )  eps =   7.7407  sigma =  0.000  frozen = False
Node 126 (honest  )  eps =   0.0000  sigma =  0.000  frozen = False
Node 127 (honest  )  eps =   7.2838  sigma =  0.000  frozen = False
Node 128 (honest  )  eps =   2.8196  sigma =  0.000  frozen = False
Node 129 (honest  )  eps =  11.3081  sigma =  0.000  frozen = False
Node 130 (honest  )  eps =  10.6723  sigma =  0.000  frozen = False
Node 131 (honest  )  eps =   8.9598  sigma =  0.000  frozen = False
Node 132 (honest  )  eps =   2.7445  sigma =  0.000  frozen = False
Node 133 (honest  )  eps =  51.8063  sigma =  0.150  frozen = False
Node 134 (honest  )  eps =   4.8422  sigma =  0.000  frozen = False
Node 135 (honest  )  eps =   3.8250  sigma =  0.000  frozen = False
Node 136 (honest  )  eps =  51.8735  sigma =  0.150  frozen = False
Node 137 (honest  )  eps =   4.0657  sigma =  0.000  frozen = False
Node 138 (honest  )  eps =   3.7339  sigma =  0.000  frozen = False
Node 139 (honest  )  eps =   7.8468  sigma =  0.000  frozen = False
Node 140 (honest  )  eps =   3.8116  sigma =  0.000  frozen = False
Node 141 (honest  )  eps =   8.5986  sigma =  0.000  frozen = False
Node 142 (honest  )  eps =   5.2728  sigma =  0.000  frozen = False
Node 143 (honest  )  eps =   9.0501  sigma =  0.000  frozen = False
Node 144 (honest  )  eps =   8.3402  sigma =  0.000  frozen = False
Node 145 (honest  )  eps =   6.6182  sigma =  0.000  frozen = False
Node 146 (honest  )  eps =   8.7438  sigma =  0.000  frozen = False
Node 147 (honest  )  eps =  52.4025  sigma =  0.150  frozen = False
Node 148 (honest  )  eps =   4.8422  sigma =  0.000  frozen = False
Node 149 (honest  )  eps =   5.5259  sigma =  0.000  frozen = False
Node 150 (honest  )  eps =   6.9884  sigma =  0.000  frozen = False
Node 151 (honest  )  eps =   3.5850  sigma =  0.000  frozen = False
Node 152 (honest  )  eps =  51.7915  sigma =  0.150  frozen = False
Node 153 (honest  )  eps =   3.9467  sigma =  0.000  frozen = False
Node 154 (honest  )  eps =   5.4398  sigma =  0.000  frozen = False
Node 155 (honest  )  eps =   2.5254  sigma =  0.000  frozen = False
Node 156 (honest  )  eps =   5.9028  sigma =  0.000  frozen = False
Node 157 (honest  )  eps =   4.3317  sigma =  0.000  frozen = False
Node 158 (honest  )  eps =   6.3310  sigma =  0.000  frozen = False
Node 159 (honest  )  eps =   7.3907  sigma =  0.000  frozen = False
Node 160 (honest  )  eps =   4.0048  sigma =  0.000  frozen = False
Node 161 (honest  )  eps =   3.5021  sigma =  0.000  frozen = False
Node 162 (honest  )  eps =  18.8393  sigma =  0.000  frozen = False
Node 163 (honest  )  eps =   7.4340  sigma =  0.000  frozen = False
Node 164 (honest  )  eps =  21.7069  sigma =  0.000  frozen = False
Node 165 (honest  )  eps =   3.5661  sigma =  0.000  frozen = False
Node 166 (honest  )  eps =   6.3237  sigma =  0.000  frozen = False
Node 167 (honest  )  eps =   5.9026  sigma =  0.000  frozen = False
Node 168 (honest  )  eps =   8.8926  sigma =  0.000  frozen = False
Node 169 (honest  )  eps =   0.0000  sigma =  0.000  frozen = False
Node 170 (honest  )  eps =   3.5917  sigma =  0.000  frozen = False
Node 171 (honest  )  eps =   8.2914  sigma =  0.000  frozen = False
Node 172 (honest  )  eps =   7.8801  sigma =  0.000  frozen = False
Node 173 (honest  )  eps =  11.7423  sigma =  0.000  frozen = False
Node 174 (honest  )  eps =   2.4444  sigma =  0.000  frozen = False
Node 175 (honest  )  eps =  21.6411  sigma =  0.000  frozen = False
Node 176 (honest  )  eps =   0.0000  sigma =  0.000  frozen = False
Node 177 (honest  )  eps =   2.6779  sigma =  0.000  frozen = False
Node 178 (honest  )  eps =   5.2521  sigma =  0.000  frozen = False
Node 179 (honest  )  eps =  16.6632  sigma =  0.000  frozen = False
Node 180 (honest  )  eps =  11.8460  sigma =  0.000  frozen = False
Node 181 (honest  )  eps =  51.7749  sigma =  0.150  frozen = False
Node 182 (honest  )  eps =   2.6645  sigma =  0.000  frozen = False
Node 183 (honest  )  eps =  51.8119  sigma =  0.150  frozen = False
Node 184 (honest  )  eps =   5.0955  sigma =  0.000  frozen = False
Node 185 (honest  )  eps =   3.0049  sigma =  0.000  frozen = False
Node 186 (honest  )  eps =   0.0000  sigma =  0.000  frozen = False
Node 187 (honest  )  eps =   3.2574  sigma =  0.000  frozen = False
Node 188 (honest  )  eps =  51.7902  sigma =  0.150  frozen = False
Node 189 (honest  )  eps =   5.2909  sigma =  0.000  frozen = False
Node 190 (honest  )  eps =   2.9897  sigma =  0.000  frozen = False
Node 191 (honest  )  eps =   6.1228  sigma =  0.000  frozen = False
Node 192 (honest  )  eps =   2.7088  sigma =  0.000  frozen = False
Node 193 (honest  )  eps =  11.6228  sigma =  0.000  frozen = False
Node 194 (honest  )  eps =  18.9705  sigma =  0.000  frozen = False
Node 195 (honest  )  eps =   5.9381  sigma =  0.000  frozen = False
Node 196 (honest  )  eps =  11.9086  sigma =  0.000  frozen = False
Node 197 (honest  )  eps =   6.3450  sigma =  0.000  frozen = False
Node 198 (honest  )  eps =   5.9437  sigma =  0.000  frozen = False
Node 199 (honest  )  eps =  51.8951  sigma =  0.150  frozen = False
Node 200 (honest  )  eps =   2.7445  sigma =  0.000  frozen = False
Node 201 (honest  )  eps =  51.8582  sigma =  0.150  frozen = False
Node 202 (honest  )  eps =   5.9437  sigma =  0.000  frozen = False
Node 203 (honest  )  eps =  51.8840  sigma =  0.150  frozen = False
Node 204 (honest  )  eps =   4.4245  sigma =  0.000  frozen = False
Node 205 (honest  )  eps =   7.8014  sigma =  0.000  frozen = False
Node 206 (honest  )  eps =   3.2839  sigma =  0.000  frozen = False
Node 207 (honest  )  eps =   3.9894  sigma =  0.000  frozen = False
Node 208 (honest  )  eps =  12.5500  sigma =  0.000  frozen = False
Node 209 (honest  )  eps =  12.1445  sigma =  0.000  frozen = False
Node 210 (honest  )  eps =  18.9631  sigma =  0.000  frozen = False
Node 211 (honest  )  eps =  52.4654  sigma =  0.150  frozen = False
Node 212 (honest  )  eps =   2.5254  sigma =  0.000  frozen = False
Node 213 (honest  )  eps =   5.7665  sigma =  0.000  frozen = False
Node 214 (honest  )  eps =   5.4044  sigma =  0.000  frozen = False
Node 215 (honest  )  eps =  11.4431  sigma =  0.000  frozen = False
Node 216 (honest  )  eps =   3.8143  sigma =  0.000  frozen = False
Node 217 (honest  )  eps =   2.7445  sigma =  0.000  frozen = False
Node 218 (honest  )  eps =   6.3450  sigma =  0.000  frozen = False
Node 219 (honest  )  eps =   9.2296  sigma =  0.000  frozen = False
Node 220 (honest  )  eps =   4.4313  sigma =  0.000  frozen = False
Node 221 (honest  )  eps =  51.8026  sigma =  0.150  frozen = False
Node 222 (honest  )  eps =   5.4312  sigma =  0.000  frozen = False
Node 223 (honest  )  eps =  18.4169  sigma =  0.000  frozen = False
Node 224 (honest  )  eps =   4.8954  sigma =  0.000  frozen = False
Node 225 (honest  )  eps =   4.9655  sigma =  0.000  frozen = False
Node 226 (honest  )  eps =   8.8458  sigma =  0.000  frozen = False
Node 227 (honest  )  eps =  13.2530  sigma =  0.000  frozen = False
Node 228 (honest  )  eps =  19.4122  sigma =  0.000  frozen = False
Node 229 (honest  )  eps =   6.0532  sigma =  0.000  frozen = False
Node 230 (honest  )  eps =   4.0257  sigma =  0.000  frozen = False
Node 231 (honest  )  eps =   4.8011  sigma =  0.000  frozen = False
Node 232 (honest  )  eps =   4.3888  sigma =  0.000  frozen = False
Node 233 (honest  )  eps =   4.3426  sigma =  0.000  frozen = False
Node 234 (honest  )  eps =   6.3450  sigma =  0.000  frozen = False
Node 235 (honest  )  eps =  51.8571  sigma =  0.150  frozen = False
Node 236 (honest  )  eps =   2.6779  sigma =  0.000  frozen = False
Node 237 (honest  )  eps =  10.9406  sigma =  0.000  frozen = False
Node 238 (honest  )  eps =   3.4641  sigma =  0.000  frozen = False
Node 239 (honest  )  eps =  15.8004  sigma =  0.000  frozen = False
Node 240 (honest  )  eps =  11.2692  sigma =  0.000  frozen = False
Node 241 (honest  )  eps =   3.7054  sigma =  0.000  frozen = False
Node 242 (honest  )  eps =   0.0000  sigma =  0.000  frozen = False
Node 243 (honest  )  eps =  10.6139  sigma =  0.000  frozen = False
Node 244 (honest  )  eps =   3.8690  sigma =  0.000  frozen = False
Node 245 (honest  )  eps =   8.4194  sigma =  0.000  frozen = False
Node 246 (honest  )  eps =  11.0792  sigma =  0.000  frozen = False
Node 247 (honest  )  eps =   0.0000  sigma =  0.000  frozen = False
Node 248 (honest  )  eps =   9.9760  sigma =  0.000  frozen = False
Node 249 (honest  )  eps =   6.6793  sigma =  0.000  frozen = False
Node 250 (honest  )  eps =   6.4614  sigma =  0.000  frozen = False
Node 251 (honest  )  eps =   6.0496  sigma =  0.000  frozen = False
Node 252 (honest  )  eps =  14.0861  sigma =  0.000  frozen = False
Node 253 (honest  )  eps =   8.2441  sigma =  0.000  frozen = False
Node 254 (honest  )  eps =   6.3242  sigma =  0.000  frozen = False
Node 255 (honest  )  eps =   3.8250  sigma =  0.000  frozen = False
Node 256 (honest  )  eps =  51.8823  sigma =  0.150  frozen = False
Node 257 (honest  )  eps =   6.6323  sigma =  0.000  frozen = False
Node 258 (honest  )  eps =   7.6905  sigma =  0.000  frozen = False
Node 259 (honest  )  eps =   0.0000  sigma =  0.000  frozen = False
Node 260 (honest  )  eps =   6.7492  sigma =  0.000  frozen = False
Node 261 (honest  )  eps =   2.8196  sigma =  0.000  frozen = False
Node 262 (honest  )  eps =   3.5913  sigma =  0.000  frozen = False
Node 263 (honest  )  eps =   5.0538  sigma =  0.000  frozen = False
Node 264 (honest  )  eps =   5.1748  sigma =  0.000  frozen = False
Node 265 (honest  )  eps =   5.5634  sigma =  0.000  frozen = False
Node 266 (honest  )  eps =  51.8490  sigma =  0.150  frozen = False
Node 267 (honest  )  eps =  54.3772  sigma =  0.150  frozen = False
Node 268 (honest  )  eps =  17.0387  sigma =  0.000  frozen = False
Node 269 (honest  )  eps =  51.8292  sigma =  0.150  frozen = False
Node 270 (honest  )  eps =   9.3973  sigma =  0.000  frozen = False
Node 271 (honest  )  eps =   4.7196  sigma =  0.000  frozen = False
Node 272 (honest  )  eps =  19.8939  sigma =  0.000  frozen = False
Node 273 (honest  )  eps =  51.7951  sigma =  0.150  frozen = False
Node 274 (honest  )  eps =   6.9208  sigma =  0.000  frozen = False
Node 275 (honest  )  eps =   3.6862  sigma =  0.000  frozen = False
Node 276 (honest  )  eps =  10.6334  sigma =  0.000  frozen = False
Node 277 (honest  )  eps =   5.0566  sigma =  0.000  frozen = False
Node 278 (honest  )  eps =  16.7650  sigma =  0.000  frozen = False
Node 279 (honest  )  eps =   3.6021  sigma =  0.000  frozen = False
Node 280 (honest  )  eps =   5.5132  sigma =  0.000  frozen = False
Node 281 (honest  )  eps =  51.7749  sigma =  0.150  frozen = False
Node 282 (honest  )  eps =   2.9945  sigma =  0.000  frozen = False
Node 283 (honest  )  eps =  18.1426  sigma =  0.000  frozen = False
Node 284 (honest  )  eps =   7.5857  sigma =  0.000  frozen = False
Node 285 (honest  )  eps =   3.1126  sigma =  0.000  frozen = False
Node 286 (honest  )  eps =   3.6710  sigma =  0.000  frozen = False
Node 287 (honest  )  eps =   8.2453  sigma =  0.000  frozen = False
Node 288 (honest  )  eps =   8.8456  sigma =  0.000  frozen = False
Node 289 (honest  )  eps =  51.9861  sigma =  0.150  frozen = False
Node 290 (honest  )  eps =   6.1048  sigma =  0.000  frozen = False
Node 291 (honest  )  eps =   4.6286  sigma =  0.000  frozen = False
Node 292 (honest  )  eps =   6.6528  sigma =  0.000  frozen = False
Node 293 (honest  )  eps =   6.9326  sigma =  0.000  frozen = False
Node 294 (honest  )  eps =   7.7407  sigma =  0.000  frozen = False
Node 295 (honest  )  eps =   3.6972  sigma =  0.000  frozen = False
Node 296 (honest  )  eps =   3.5856  sigma =  0.000  frozen = False
Node 297 (honest  )  eps =  14.0861  sigma =  0.000  frozen = False
Node 298 (honest  )  eps =   5.7845  sigma =  0.000  frozen = False
Node 299 (honest  )  eps =   3.5667  sigma =  0.000  frozen = False
------------------------------------------------------------
eps_system (max honest): 54.3772
eps_avg (honest):        12.2761
eps_std (honest):        15.2819
n_frozen:                0/300
============================================================
