2026-05-02 08:34:40 | INFO    | dpfl | Experiment start: algorithm=dp_fedavg, dataset=mnist, model=mlp, device=cuda
2026-05-02 08:34:40 | INFO    | dpfl | Config: nodes=500, attackers=100, rounds=300, noise_mode=post_training, attack=scale
2026-05-02 08:34:40 | INFO    | dpfl.data.mnist_dataset | Loading MNIST dataset...
2026-05-02 08:34:40 | INFO    | dpfl.data.mnist_dataset | MNIST loaded: 60000 train, 10000 test samples
2026-05-02 08:37:43 | INFO    | dpfl.core.base_simulator | Vectorized state ready: param_spec.D=50890, X_test=(10000, 1, 28, 28), train clients N=500, max_n_samples=7000
2026-05-02 08:37:43 | INFO    | dpfl.core.base_simulator | Setup complete: 500 nodes (100 attackers), param_dim=50890, split=iid
2026-05-02 08:37:43 | DEBUG   | dpfl.core.base_simulator | Attacker IDs: {0, 1, 2, 3, 4, 5, 6, 7, 8, 9, 10, 11, 12, 13, 14, 15, 16, 17, 18, 19, 20, 21, 22, 23, 24, 25, 26, 27, 28, 29, 30, 31, 32, 33, 34, 35, 36, 37, 38, 39, 40, 41, 42, 43, 44, 45, 46, 47, 48, 49, 50, 51, 52, 53, 54, 55, 56, 57, 58, 59, 60, 61, 62, 63, 64, 65, 66, 67, 68, 69, 70, 71, 72, 73, 74, 75, 76, 77, 78, 79, 80, 81, 82, 83, 84, 85, 86, 87, 88, 89, 90, 91, 92, 93, 94, 95, 96, 97, 98, 99}
2026-05-02 08:37:43 | INFO    | dpfl.algorithms.fedavg.simulator | FedAvg data_sizes set: min=7000, max=7000, total=3500000
2026-05-02 08:37:43 | INFO    | dpfl.core.base_simulator | Round   1/300 | Acc: 0.1473 | Loss: 2.2788 | eps: 6.34 | P: 1.00 R: 0.00 F1: 0.00
2026-05-02 08:37:43 | DEBUG   | dpfl.core.base_simulator | Update norms — honest: ['2.64', '2.63', '2.65', '2.63', '2.64'], attacker: ['2.63', '2.65', '2.64', '2.65', '2.64']
2026-05-02 08:37:44 | INFO    | dpfl.core.base_simulator | Round   2/300 | Acc: 0.1587 | Loss: 2.2650 | eps: 7.53 | P: 1.00 R: 0.00 F1: 0.00
2026-05-02 08:37:44 | DEBUG   | dpfl.core.base_simulator | Update norms — honest: ['2.63', '2.63', '2.65', '2.62', '2.63'], attacker: ['2.64', '2.64', '2.64', '2.63', '2.65']
2026-05-02 08:37:45 | INFO    | dpfl.core.base_simulator | Round   3/300 | Acc: 0.1707 | Loss: 2.2504 | eps: 8.01 | P: 1.00 R: 0.00 F1: 0.00
2026-05-02 08:37:45 | DEBUG   | dpfl.core.base_simulator | Update norms — honest: ['2.65', '2.65', '2.63', '2.63', '2.63'], attacker: ['2.64', '2.64', '2.64', '2.66', '2.65']
2026-05-02 08:37:45 | INFO    | dpfl.core.base_simulator | Round   4/300 | Acc: 0.1798 | Loss: 2.2362 | eps: 8.50 | P: 1.00 R: 0.00 F1: 0.00
2026-05-02 08:37:45 | DEBUG   | dpfl.core.base_simulator | Update norms — honest: ['2.63', '2.66', '2.65', '2.63', '2.66'], attacker: ['2.64', '2.64', '2.64', '2.66', '2.64']
2026-05-02 08:37:46 | INFO    | dpfl.core.base_simulator | Round   5/300 | Acc: 0.1898 | Loss: 2.2231 | eps: 8.99 | P: 1.00 R: 0.00 F1: 0.00
2026-05-02 08:37:46 | DEBUG   | dpfl.core.base_simulator | Update norms — honest: ['2.65', '2.63', '2.64', '2.64', '2.64'], attacker: ['2.64', '2.63', '2.64', '2.64', '2.64']
2026-05-02 08:37:47 | INFO    | dpfl.core.base_simulator | Round   6/300 | Acc: 0.2009 | Loss: 2.2076 | eps: 9.47 | P: 1.00 R: 0.00 F1: 0.00
2026-05-02 08:37:47 | DEBUG   | dpfl.core.base_simulator | Update norms — honest: ['2.65', '2.65', '2.62', '2.63', '2.64'], attacker: ['2.63', '2.64', '2.63', '2.64', '2.64']
2026-05-02 08:37:47 | INFO    | dpfl.core.base_simulator | Round   7/300 | Acc: 0.2104 | Loss: 2.1919 | eps: 9.96 | P: 1.00 R: 0.00 F1: 0.00
2026-05-02 08:37:47 | DEBUG   | dpfl.core.base_simulator | Update norms — honest: ['2.63', '2.64', '2.64', '2.65', '2.61'], attacker: ['2.64', '2.64', '2.64', '2.64', '2.63']
2026-05-02 08:37:48 | INFO    | dpfl.core.base_simulator | Round   8/300 | Acc: 0.2197 | Loss: 2.1763 | eps: 10.45 | P: 1.00 R: 0.00 F1: 0.00
2026-05-02 08:37:48 | DEBUG   | dpfl.core.base_simulator | Update norms — honest: ['2.64', '2.63', '2.62', '2.63', '2.65'], attacker: ['2.63', '2.63', '2.65', '2.63', '2.65']
2026-05-02 08:37:49 | INFO    | dpfl.core.base_simulator | Round   9/300 | Acc: 0.2287 | Loss: 2.1609 | eps: 10.93 | P: 1.00 R: 0.00 F1: 0.00
2026-05-02 08:37:49 | DEBUG   | dpfl.core.base_simulator | Update norms — honest: ['2.66', '2.63', '2.63', '2.64', '2.64'], attacker: ['2.62', '2.64', '2.65', '2.63', '2.64']
2026-05-02 08:37:49 | INFO    | dpfl.core.base_simulator | Round  10/300 | Acc: 0.2359 | Loss: 2.1469 | eps: 11.38 | P: 1.00 R: 0.00 F1: 0.00
2026-05-02 08:37:49 | DEBUG   | dpfl.core.base_simulator | Update norms — honest: ['2.65', '2.64', '2.64', '2.65', '2.65'], attacker: ['2.64', '2.65', '2.64', '2.63', '2.64']
2026-05-02 08:37:50 | INFO    | dpfl.core.base_simulator | Round  11/300 | Acc: 0.2440 | Loss: 2.1382 | eps: 11.51 | P: 1.00 R: 0.00 F1: 0.00
2026-05-02 08:37:50 | DEBUG   | dpfl.core.base_simulator | Update norms — honest: ['2.64', '2.64', '2.63', '2.63', '2.64'], attacker: ['11.08', '11.07', '11.09', '11.12', '11.12']
2026-05-02 08:37:50 | INFO    | dpfl.core.base_simulator | Round  12/300 | Acc: 0.2451 | Loss: 2.7386 | eps: 11.64 | P: 1.00 R: 0.00 F1: 0.00
2026-05-02 08:37:50 | DEBUG   | dpfl.core.base_simulator | Update norms — honest: ['2.63', '2.64', '2.64', '2.64', '2.64'], attacker: ['10.23', '10.38', '10.35', '10.45', '10.56']
2026-05-02 08:37:51 | INFO    | dpfl.core.base_simulator | Round  13/300 | Acc: 0.2486 | Loss: 32.6943 | eps: 11.76 | P: 1.00 R: 0.00 F1: 0.00
2026-05-02 08:37:51 | DEBUG   | dpfl.core.base_simulator | Update norms — honest: ['2.64', '2.63', '2.65', '2.64', '2.65'], attacker: ['33.87', '34.19', '34.06', '33.85', '34.05']
2026-05-02 08:37:52 | INFO    | dpfl.core.base_simulator | Round  14/300 | Acc: 0.2536 | Loss: 316.7105 | eps: 11.89 | P: 1.00 R: 0.00 F1: 0.00
2026-05-02 08:37:52 | DEBUG   | dpfl.core.base_simulator | Update norms — honest: ['2.65', '2.64', '2.64', '2.64', '2.65'], attacker: ['167.76', '165.69', '167.22', '167.80', '168.07']
2026-05-02 08:37:52 | INFO    | dpfl.core.base_simulator | Round  15/300 | Acc: 0.2566 | Loss: 19662.0794 | eps: 12.01 | P: 1.00 R: 0.00 F1: 0.00
2026-05-02 08:37:52 | DEBUG   | dpfl.core.base_simulator | Update norms — honest: ['2.65', '2.64', '2.64', '2.64', '2.64'], attacker: ['922.38', '920.62', '920.65', '914.43', '920.55']
2026-05-02 08:37:53 | INFO    | dpfl.core.base_simulator | Round  16/300 | Acc: 0.2597 | Loss: 633720.8606 | eps: 12.14 | P: 1.00 R: 0.00 F1: 0.00
2026-05-02 08:37:53 | DEBUG   | dpfl.core.base_simulator | Update norms — honest: ['2.64', '2.64', '2.65', '2.65', '2.65'], attacker: ['5106.15', '5088.86', '5110.83', '5124.56', '5081.66']
2026-05-02 08:37:54 | INFO    | dpfl.core.base_simulator | Round  17/300 | Acc: 0.2642 | Loss: 47014383.7745 | eps: 12.26 | P: 1.00 R: 0.00 F1: 0.00
2026-05-02 08:37:54 | DEBUG   | dpfl.core.base_simulator | Update norms — honest: ['2.65', '2.64', '2.64', '2.64', '2.64'], attacker: ['29922.31', '29622.10', '29702.81', '29650.46', '29946.63']
2026-05-02 08:37:54 | INFO    | dpfl.core.base_simulator | Round  18/300 | Acc: 0.2672 | Loss: 1113641934.5030 | eps: 12.39 | P: 1.00 R: 0.00 F1: 0.00
2026-05-02 08:37:54 | DEBUG   | dpfl.core.base_simulator | Update norms — honest: ['2.64', '2.63', '2.64', '2.64', '2.64'], attacker: ['178083.56', '178765.72', '179017.84', '174006.45', '179424.78']
2026-05-02 08:37:55 | INFO    | dpfl.core.base_simulator | Round  19/300 | Acc: 0.2701 | Loss: 75049803843.7808 | eps: 12.52 | P: 1.00 R: 0.00 F1: 0.00
2026-05-02 08:37:55 | DEBUG   | dpfl.core.base_simulator | Update norms — honest: ['2.64', '2.64', '2.63', '2.64', '2.65'], attacker: ['1132734.88', '1138079.00', '1140280.62', '1131404.75', '1132999.25']
2026-05-02 08:37:56 | INFO    | dpfl.core.base_simulator | Round  20/300 | Acc: 0.2724 | Loss: 4823771799881.8877 | eps: 12.64 | P: 1.00 R: 0.00 F1: 0.00
2026-05-02 08:37:56 | DEBUG   | dpfl.core.base_simulator | Update norms — honest: ['2.64', '2.65', '2.64', '2.65', '2.64'], attacker: ['7557743.50', '7675012.50', '7572197.00', '7540306.00', '7611472.00']
2026-05-02 08:37:56 | INFO    | dpfl.core.base_simulator | Round  21/300 | Acc: 0.2723 | Loss: 222483054404356.7188 | eps: 12.77 | P: 1.00 R: 0.00 F1: 0.00
2026-05-02 08:37:56 | DEBUG   | dpfl.core.base_simulator | Update norms — honest: ['2.64', '2.64', '2.65', '2.65', '2.63'], attacker: ['51332204.00', '51640376.00', '51579192.00', '50414676.00', '50518960.00']
2026-05-02 08:37:57 | INFO    | dpfl.core.base_simulator | Round  22/300 | Acc: 0.2748 | Loss: 8291836833811788.0000 | eps: 12.89 | P: 1.00 R: 0.00 F1: 0.00
2026-05-02 08:37:57 | DEBUG   | dpfl.core.base_simulator | Update norms — honest: ['2.63', '2.65', '2.63', '2.63', '2.64'], attacker: ['366027840.00', '362268928.00', '365454240.00', '363856672.00', '364645952.00']
2026-05-02 08:37:58 | INFO    | dpfl.core.base_simulator | Round  23/300 | Acc: 0.2769 | Loss: 808642595805282944.0000 | eps: 13.02 | P: 1.00 R: 0.00 F1: 0.00
2026-05-02 08:37:58 | DEBUG   | dpfl.core.base_simulator | Update norms — honest: ['2.63', '2.64', '2.64', '2.63', '2.63'], attacker: ['2748961024.00', '2735206400.00', '2742072064.00', '2727844864.00', '2725677568.00']
2026-05-02 08:37:58 | INFO    | dpfl.core.base_simulator | Round  24/300 | Acc: 0.2787 | Loss: 35795779454089986048.0000 | eps: 13.14 | P: 1.00 R: 0.00 F1: 0.00
2026-05-02 08:37:58 | DEBUG   | dpfl.core.base_simulator | Update norms — honest: ['2.64', '2.62', '2.64', '2.64', '2.64'], attacker: ['20470591488.00', '20506470400.00', '20634988544.00', '20630716416.00', '20604110848.00']
2026-05-02 08:37:59 | INFO    | dpfl.core.base_simulator | Round  25/300 | Acc: 0.2812 | Loss: 2428835261401820823552.0000 | eps: 13.27 | P: 1.00 R: 0.00 F1: 0.00
2026-05-02 08:37:59 | DEBUG   | dpfl.core.base_simulator | Update norms — honest: ['2.65', '2.65', '2.63', '2.62', '2.65'], attacker: ['153011978240.00', '156153397248.00', '155753775104.00', '153618907136.00', '153640534016.00']
2026-05-02 08:38:00 | INFO    | dpfl.core.base_simulator | Round  26/300 | Acc: 0.2832 | Loss: 122780486155741020815360.0000 | eps: 13.40 | P: 1.00 R: 0.00 F1: 0.00
2026-05-02 08:38:00 | DEBUG   | dpfl.core.base_simulator | Update norms — honest: ['2.64', '2.65', '2.64', '2.64', '2.65'], attacker: ['1192001667072.00', '1198729592832.00', '1202897944576.00', '1193156935680.00', '1199783411712.00']
2026-05-02 08:38:00 | INFO    | dpfl.core.base_simulator | Round  27/300 | Acc: 0.2839 | Loss: 4188243693175710555308032.0000 | eps: 13.52 | P: 1.00 R: 0.00 F1: 0.00
2026-05-02 08:38:00 | DEBUG   | dpfl.core.base_simulator | Update norms — honest: ['2.65', '2.64', '2.64', '2.63', '2.66'], attacker: ['9227207704576.00', '9247298420736.00', '9353050456064.00', '9245073342464.00', '9322478174208.00']
2026-05-02 08:38:01 | INFO    | dpfl.core.base_simulator | Round  28/300 | Acc: 0.2865 | Loss: 353132370167934072851005440.0000 | eps: 13.65 | P: 1.00 R: 0.00 F1: 0.00
2026-05-02 08:38:01 | DEBUG   | dpfl.core.base_simulator | Update norms — honest: ['2.63', '2.64', '2.63', '2.64', '2.64'], attacker: ['71286936043520.00', '71529618472960.00', '72424188018688.00', '72074081075200.00', '72220588113920.00']
2026-05-02 08:38:02 | INFO    | dpfl.core.base_simulator | Round  29/300 | Acc: 0.2863 | Loss: 43543060534061146715774255104.0000 | eps: 13.77 | P: 1.00 R: 0.00 F1: 0.00
2026-05-02 08:38:02 | DEBUG   | dpfl.core.base_simulator | Update norms — honest: ['2.64', '2.64', '2.65', '2.65', '2.64'], attacker: ['545164292521984.00', '544202689609728.00', '544190710677504.00', '543882412556288.00', '547732347420672.00']
2026-05-02 08:38:02 | INFO    | dpfl.core.base_simulator | Round  30/300 | Acc: 0.2899 | Loss: 1558181104212192744560872390656.0000 | eps: 13.90 | P: 1.00 R: 0.00 F1: 0.00
2026-05-02 08:38:02 | DEBUG   | dpfl.core.base_simulator | Update norms — honest: ['2.64', '2.65', '2.64', '2.65', '2.66'], attacker: ['4207683091562496.00', '4216508444049408.00', '4209892315365376.00', '4215511743201280.00', '4245287946158080.00']
2026-05-02 08:38:03 | INFO    | dpfl.core.base_simulator | Round  31/300 | Acc: 0.2919 | Loss: 110217875638097894620175563489280.0000 | eps: 14.02 | P: 1.00 R: 0.00 F1: 0.00
2026-05-02 08:38:03 | DEBUG   | dpfl.core.base_simulator | Update norms — honest: ['2.62', '2.64', '2.64', '2.64', '2.63'], attacker: ['33817928243609600.00', '33726634418765824.00', '33846479038709760.00', '33603613670506496.00', '34117115665448960.00']
2026-05-02 08:38:04 | INFO    | dpfl.core.base_simulator | Round  32/300 | Acc: 0.2931 | Loss: inf | eps: 14.15 | P: 1.00 R: 0.00 F1: 0.00
2026-05-02 08:38:04 | DEBUG   | dpfl.core.base_simulator | Update norms — honest: ['2.65', '2.64', '2.62', '2.63', '2.63'], attacker: ['263809501344301056.00', '262489709433847808.00', '262770686194352128.00', '262049148868493312.00', '263073017532252160.00']
2026-05-02 08:38:04 | INFO    | dpfl.core.base_simulator | Round  33/300 | Acc: 0.2927 | Loss: inf | eps: 14.28 | P: 1.00 R: 0.00 F1: 0.00
2026-05-02 08:38:04 | DEBUG   | dpfl.core.base_simulator | Update norms — honest: ['2.64', '2.66', '2.65', '2.66', '2.62'], attacker: ['2042468880114253824.00', '2048018527616499712.00', '2044457759209947136.00', '2058565318028034048.00', '2041573327893430272.00']
2026-05-02 08:38:05 | INFO    | dpfl.core.base_simulator | Round  34/300 | Acc: 0.2958 | Loss: nan | eps: 14.40 | P: 1.00 R: 0.00 F1: 0.00
2026-05-02 08:38:05 | DEBUG   | dpfl.core.base_simulator | Update norms — honest: ['2.63', '2.64', '2.64', '2.63', '2.63'], attacker: ['15699542803455410176.00', '15786866016933380096.00', '15729396743172784128.00', '15742306109194502144.00', '15851071998437359616.00']
2026-05-02 08:38:05 | INFO    | dpfl.core.base_simulator | Round  35/300 | Acc: 0.2917 | Loss: nan | eps: 14.53 | P: 1.00 R: 0.00 F1: 0.00
2026-05-02 08:38:05 | DEBUG   | dpfl.core.base_simulator | Update norms — honest: ['2.63', '2.63', '2.63', '2.64', '2.65'], attacker: ['nan', 'nan', 'nan', 'nan', 'nan']
2026-05-02 08:38:06 | INFO    | dpfl.core.base_simulator | Round  36/300 | Acc: 0.2902 | Loss: nan | eps: 14.65 | P: 1.00 R: 0.00 F1: 0.00
2026-05-02 08:38:06 | DEBUG   | dpfl.core.base_simulator | Update norms — honest: ['2.63', '2.64', '2.64', '2.65', '2.65'], attacker: ['nan', 'nan', 'nan', 'nan', 'nan']
2026-05-02 08:38:07 | INFO    | dpfl.core.base_simulator | Round  37/300 | Acc: 0.2892 | Loss: nan | eps: 14.78 | P: 1.00 R: 0.00 F1: 0.00
2026-05-02 08:38:07 | DEBUG   | dpfl.core.base_simulator | Update norms — honest: ['2.65', '2.63', '2.64', '2.62', '2.63'], attacker: ['nan', 'nan', 'nan', 'nan', 'nan']
2026-05-02 08:38:07 | INFO    | dpfl.core.base_simulator | Round  38/300 | Acc: 0.2906 | Loss: nan | eps: 14.91 | P: 1.00 R: 0.00 F1: 0.00
2026-05-02 08:38:07 | DEBUG   | dpfl.core.base_simulator | Update norms — honest: ['2.63', '2.65', '2.65', '2.65', '2.63'], attacker: ['nan', 'nan', 'nan', 'nan', 'nan']
2026-05-02 08:38:08 | INFO    | dpfl.core.base_simulator | Round  39/300 | Acc: 0.2804 | Loss: nan | eps: 15.03 | P: 1.00 R: 0.00 F1: 0.00
2026-05-02 08:38:08 | DEBUG   | dpfl.core.base_simulator | Update norms — honest: ['2.65', '2.63', '2.63', '2.64', '2.63'], attacker: ['nan', 'nan', 'nan', 'nan', 'nan']
2026-05-02 08:38:09 | INFO    | dpfl.core.base_simulator | Round  40/300 | Acc: 0.2770 | Loss: nan | eps: 15.16 | P: 1.00 R: 0.00 F1: 0.00
2026-05-02 08:38:09 | DEBUG   | dpfl.core.base_simulator | Update norms — honest: ['2.65', '2.64', '2.65', '2.64', '2.65'], attacker: ['nan', 'nan', 'nan', 'nan', 'nan']
2026-05-02 08:38:09 | INFO    | dpfl.core.base_simulator | Round  41/300 | Acc: 0.2693 | Loss: nan | eps: 15.28 | P: 1.00 R: 0.00 F1: 0.00
2026-05-02 08:38:09 | DEBUG   | dpfl.core.base_simulator | Update norms — honest: ['2.64', '2.63', '2.63', '2.63', '2.63'], attacker: ['nan', 'nan', 'nan', 'nan', 'nan']
2026-05-02 08:38:10 | INFO    | dpfl.core.base_simulator | Round  42/300 | Acc: 0.2589 | Loss: nan | eps: 15.41 | P: 1.00 R: 0.00 F1: 0.00
2026-05-02 08:38:10 | DEBUG   | dpfl.core.base_simulator | Update norms — honest: ['2.64', '2.65', '2.63', '2.64', '2.64'], attacker: ['nan', 'nan', 'nan', 'nan', 'nan']
2026-05-02 08:38:11 | INFO    | dpfl.core.base_simulator | Round  43/300 | Acc: 0.2553 | Loss: nan | eps: 15.53 | P: 1.00 R: 0.00 F1: 0.00
2026-05-02 08:38:11 | DEBUG   | dpfl.core.base_simulator | Update norms — honest: ['2.64', '2.64', '2.65', '2.64', '2.64'], attacker: ['nan', 'nan', 'nan', 'nan', 'nan']
2026-05-02 08:38:11 | INFO    | dpfl.core.base_simulator | Round  44/300 | Acc: 0.2519 | Loss: nan | eps: 15.66 | P: 1.00 R: 0.00 F1: 0.00
2026-05-02 08:38:11 | DEBUG   | dpfl.core.base_simulator | Update norms — honest: ['2.63', '2.64', '2.64', '2.63', '2.64'], attacker: ['nan', 'nan', 'nan', 'nan', 'nan']
2026-05-02 08:38:12 | INFO    | dpfl.core.base_simulator | Round  45/300 | Acc: 0.2406 | Loss: nan | eps: 15.79 | P: 1.00 R: 0.00 F1: 0.00
2026-05-02 08:38:12 | DEBUG   | dpfl.core.base_simulator | Update norms — honest: ['2.65', '2.63', '2.65', '2.65', '2.61'], attacker: ['nan', 'nan', 'nan', 'nan', 'nan']
2026-05-02 08:38:13 | INFO    | dpfl.core.base_simulator | Round  46/300 | Acc: 0.2386 | Loss: nan | eps: 15.91 | P: 1.00 R: 0.00 F1: 0.00
2026-05-02 08:38:13 | DEBUG   | dpfl.core.base_simulator | Update norms — honest: ['2.64', '2.65', '2.64', '2.64', '2.63'], attacker: ['nan', 'nan', 'nan', 'nan', 'nan']
2026-05-02 08:38:13 | INFO    | dpfl.core.base_simulator | Round  47/300 | Acc: 0.2368 | Loss: nan | eps: 16.04 | P: 1.00 R: 0.00 F1: 0.00
2026-05-02 08:38:13 | DEBUG   | dpfl.core.base_simulator | Update norms — honest: ['2.63', '2.64', '2.63', '2.64', '2.64'], attacker: ['nan', 'nan', 'nan', 'nan', 'nan']
2026-05-02 08:38:13 | WARNING | dpfl.algorithms.fedavg.simulator | Round  47/300 | Budget exceeded (eps=16.04)
2026-05-02 08:38:15 | INFO    | dpfl | Experiment complete in 212.8s
============================================================
REPORT: DP-SGD Decentralized Federated Learning
============================================================
Timestamp:                  20260502_083440
Rounds completed:           47
Attack-active rounds:       37  (from round 10)
Final accuracy:             0.2368
Final test loss:            nan
Final epsilon:              16.04
Best alpha:                 2.0
Avg precision:              1.0000
Avg recall:                 0.0000
Avg F1 score:               0.0000
Avg update norm (honest):   nan
Avg update norm (attacker): nan
============================================================
