2026-05-02 16:26:46 | INFO    | dpfl | Experiment start: algorithm=noise_game, dataset=mnist, model=mlp, device=cuda
2026-05-02 16:26:46 | INFO    | dpfl | Config: nodes=500, attackers=0, rounds=200, noise_mode=none, attack=scale
2026-05-02 16:26:46 | INFO    | dpfl.data.mnist_dataset | Loading MNIST dataset...
2026-05-02 16:26:46 | INFO    | dpfl.data.mnist_dataset | MNIST loaded: 60000 train, 10000 test samples
2026-05-02 16:28:32 | INFO    | dpfl.core.base_simulator | Vectorized state ready: param_spec.D=25450, X_test=(10000, 1, 28, 28), train clients N=500, max_n_samples=1000
2026-05-02 16:28:32 | INFO    | dpfl.core.base_simulator | Setup complete: 500 nodes (0 attackers), param_dim=25450, split=iid
2026-05-02 16:28:32 | DEBUG   | dpfl.core.base_simulator | Attacker IDs: set()
2026-05-02 16:28:33 | INFO    | dpfl.core.base_simulator | Round   1/200 | Acc: 0.2569 | Loss: 2.1068 | eps_max: 1.97 eps_avg: 0.06 | P: 0.00 R: 0.00 F1: 0.00
2026-05-02 16:28:33 | DEBUG   | dpfl.core.base_simulator | Update norms — honest: ['3.19', '3.20', '3.20', '3.18', '3.16'], attacker: []
2026-05-02 16:28:34 | INFO    | dpfl.core.base_simulator | Round   2/200 | Acc: 0.5102 | Loss: 1.8815 | eps_max: 2.03 eps_avg: 0.15 | P: 0.00 R: 0.00 F1: 0.00
2026-05-02 16:28:34 | DEBUG   | dpfl.core.base_simulator | Update norms — honest: ['3.17', '3.13', '3.16', '3.18', '3.15'], attacker: []
2026-05-02 16:28:35 | INFO    | dpfl.core.base_simulator | Round   3/200 | Acc: 0.6471 | Loss: 1.6582 | eps_max: 2.11 eps_avg: 0.25 | P: 0.00 R: 0.00 F1: 0.00
2026-05-02 16:28:35 | DEBUG   | dpfl.core.base_simulator | Update norms — honest: ['3.13', '3.14', '3.13', '3.12', '3.14'], attacker: []
2026-05-02 16:28:36 | INFO    | dpfl.core.base_simulator | Round   4/200 | Acc: 0.7047 | Loss: 1.4527 | eps_max: 2.11 eps_avg: 0.36 | P: 0.00 R: 0.00 F1: 0.00
2026-05-02 16:28:36 | DEBUG   | dpfl.core.base_simulator | Update norms — honest: ['3.09', '3.12', '3.11', '3.08', '3.09'], attacker: []
2026-05-02 16:28:37 | INFO    | dpfl.core.base_simulator | Round   5/200 | Acc: 0.7371 | Loss: 1.2772 | eps_max: 2.17 eps_avg: 0.46 | P: 0.00 R: 0.00 F1: 0.00
2026-05-02 16:28:37 | DEBUG   | dpfl.core.base_simulator | Update norms — honest: ['3.07', '3.05', '3.06', '3.05', '3.07'], attacker: []
2026-05-02 16:28:38 | INFO    | dpfl.core.base_simulator | Round   6/200 | Acc: 0.7576 | Loss: 1.1381 | eps_max: 2.23 eps_avg: 0.52 | P: 0.00 R: 0.00 F1: 0.00
2026-05-02 16:28:38 | DEBUG   | dpfl.core.base_simulator | Update norms — honest: ['3.02', '5.23', '5.16', '3.02', '5.51'], attacker: []
2026-05-02 16:28:39 | INFO    | dpfl.core.base_simulator | Round   7/200 | Acc: 0.7750 | Loss: 1.0252 | eps_max: 2.25 eps_avg: 0.60 | P: 0.00 R: 0.00 F1: 0.00
2026-05-02 16:28:39 | DEBUG   | dpfl.core.base_simulator | Update norms — honest: ['5.42', '3.01', '5.15', '3.01', '2.99'], attacker: []
2026-05-02 16:28:40 | INFO    | dpfl.core.base_simulator | Round   8/200 | Acc: 0.7880 | Loss: 0.9375 | eps_max: 2.27 eps_avg: 0.69 | P: 0.00 R: 0.00 F1: 0.00
2026-05-02 16:28:40 | DEBUG   | dpfl.core.base_simulator | Update norms — honest: ['2.99', '5.02', '4.54', '2.97', '2.98'], attacker: []
2026-05-02 16:28:41 | INFO    | dpfl.core.base_simulator | Round   9/200 | Acc: 0.7977 | Loss: 0.8685 | eps_max: 2.33 eps_avg: 0.76 | P: 0.00 R: 0.00 F1: 0.00
2026-05-02 16:28:41 | DEBUG   | dpfl.core.base_simulator | Update norms — honest: ['2.93', '2.94', '4.57', '6.76', '2.94'], attacker: []
2026-05-02 16:28:42 | INFO    | dpfl.core.base_simulator | Round  10/200 | Acc: 0.8069 | Loss: 0.8103 | eps_max: 2.37 eps_avg: 0.83 | P: 0.00 R: 0.00 F1: 0.00
2026-05-02 16:28:42 | DEBUG   | dpfl.core.base_simulator | Update norms — honest: ['4.90', '2.92', '4.35', '2.90', '4.19'], attacker: []
2026-05-02 16:28:44 | INFO    | dpfl.core.base_simulator | Round  11/200 | Acc: 0.8135 | Loss: 0.7667 | eps_max: 2.37 eps_avg: 0.92 | P: 0.00 R: 0.00 F1: 0.00
2026-05-02 16:28:44 | DEBUG   | dpfl.core.base_simulator | Update norms — honest: ['2.90', '2.89', '5.11', '2.88', '2.90'], attacker: []
2026-05-02 16:28:45 | INFO    | dpfl.core.base_simulator | Round  12/200 | Acc: 0.8183 | Loss: 0.7325 | eps_max: 2.39 eps_avg: 0.99 | P: 0.00 R: 0.00 F1: 0.00
2026-05-02 16:28:45 | DEBUG   | dpfl.core.base_simulator | Update norms — honest: ['2.87', '4.99', '5.17', '2.86', '7.28'], attacker: []
2026-05-02 16:28:46 | INFO    | dpfl.core.base_simulator | Round  13/200 | Acc: 0.8225 | Loss: 0.7024 | eps_max: 2.39 eps_avg: 1.06 | P: 0.00 R: 0.00 F1: 0.00
2026-05-02 16:28:46 | DEBUG   | dpfl.core.base_simulator | Update norms — honest: ['7.02', '2.83', '7.21', '7.17', '4.98'], attacker: []
2026-05-02 16:28:47 | INFO    | dpfl.core.base_simulator | Round  14/200 | Acc: 0.8278 | Loss: 0.6762 | eps_max: 2.44 eps_avg: 1.11 | P: 0.00 R: 0.00 F1: 0.00
2026-05-02 16:28:47 | DEBUG   | dpfl.core.base_simulator | Update norms — honest: ['4.70', '5.03', '2.81', '2.79', '5.11'], attacker: []
2026-05-02 16:28:48 | INFO    | dpfl.core.base_simulator | Round  15/200 | Acc: 0.8325 | Loss: 0.6497 | eps_max: 2.44 eps_avg: 1.16 | P: 0.00 R: 0.00 F1: 0.00
2026-05-02 16:28:48 | DEBUG   | dpfl.core.base_simulator | Update norms — honest: ['4.42', '2.78', '8.69', '2.78', '2.77'], attacker: []
2026-05-02 16:28:49 | INFO    | dpfl.core.base_simulator | Round  16/200 | Acc: 0.8346 | Loss: 0.6312 | eps_max: 2.44 eps_avg: 1.21 | P: 0.00 R: 0.00 F1: 0.00
2026-05-02 16:28:49 | DEBUG   | dpfl.core.base_simulator | Update norms — honest: ['4.17', '4.94', '9.03', '6.28', '2.75'], attacker: []
2026-05-02 16:28:50 | INFO    | dpfl.core.base_simulator | Round  17/200 | Acc: 0.8360 | Loss: 0.6171 | eps_max: 2.44 eps_avg: 1.24 | P: 0.00 R: 0.00 F1: 0.00
2026-05-02 16:28:50 | DEBUG   | dpfl.core.base_simulator | Update norms — honest: ['5.07', '7.26', '8.82', '2.71', '6.99'], attacker: []
2026-05-02 16:28:51 | INFO    | dpfl.core.base_simulator | Round  18/200 | Acc: 0.8393 | Loss: 0.5982 | eps_max: 2.44 eps_avg: 1.29 | P: 0.00 R: 0.00 F1: 0.00
2026-05-02 16:28:51 | DEBUG   | dpfl.core.base_simulator | Update norms — honest: ['5.42', '5.74', '2.68', '4.70', '4.89'], attacker: []
2026-05-02 16:28:52 | INFO    | dpfl.core.base_simulator | Round  19/200 | Acc: 0.8406 | Loss: 0.5869 | eps_max: 2.44 eps_avg: 1.33 | P: 0.00 R: 0.00 F1: 0.00
2026-05-02 16:28:52 | DEBUG   | dpfl.core.base_simulator | Update norms — honest: ['2.68', '7.66', '2.66', '4.49', '2.67'], attacker: []
2026-05-02 16:28:53 | INFO    | dpfl.core.base_simulator | Round  20/200 | Acc: 0.8423 | Loss: 0.5762 | eps_max: 2.47 eps_avg: 1.38 | P: 0.00 R: 0.00 F1: 0.00
2026-05-02 16:28:53 | DEBUG   | dpfl.core.base_simulator | Update norms — honest: ['6.73', '7.93', '7.26', '5.82', '2.65'], attacker: []
2026-05-02 16:28:54 | INFO    | dpfl.core.base_simulator | Round  21/200 | Acc: 0.8442 | Loss: 0.5645 | eps_max: 2.47 eps_avg: 1.44 | P: 0.00 R: 0.00 F1: 0.00
2026-05-02 16:28:54 | DEBUG   | dpfl.core.base_simulator | Update norms — honest: ['2.60', '2.62', '8.07', '3.80', '3.79'], attacker: []
2026-05-02 16:28:55 | INFO    | dpfl.core.base_simulator | Round  22/200 | Acc: 0.8463 | Loss: 0.5531 | eps_max: 2.47 eps_avg: 1.47 | P: 0.00 R: 0.00 F1: 0.00
2026-05-02 16:28:55 | DEBUG   | dpfl.core.base_simulator | Update norms — honest: ['6.65', '4.32', '3.60', '3.54', '2.59'], attacker: []
2026-05-02 16:28:57 | INFO    | dpfl.core.base_simulator | Round  23/200 | Acc: 0.8451 | Loss: 0.5537 | eps_max: 2.52 eps_avg: 1.51 | P: 0.00 R: 0.00 F1: 0.00
2026-05-02 16:28:57 | DEBUG   | dpfl.core.base_simulator | Update norms — honest: ['4.62', '3.22', '10.45', '4.45', '4.60'], attacker: []
2026-05-02 16:28:58 | INFO    | dpfl.core.base_simulator | Round  24/200 | Acc: 0.8464 | Loss: 0.5474 | eps_max: 2.56 eps_avg: 1.56 | P: 0.00 R: 0.00 F1: 0.00
2026-05-02 16:28:58 | DEBUG   | dpfl.core.base_simulator | Update norms — honest: ['9.90', '3.17', '6.53', '8.06', '2.54'], attacker: []
2026-05-02 16:28:58 | INFO    | dpfl.core.base_simulator | Round  25/200 | Acc: 0.8483 | Loss: 0.5385 | eps_max: 2.56 eps_avg: 1.59 | P: 0.00 R: 0.00 F1: 0.00
2026-05-02 16:28:58 | DEBUG   | dpfl.core.base_simulator | Update norms — honest: ['10.80', '6.14', '2.53', '4.47', '4.39'], attacker: []
2026-05-02 16:28:59 | INFO    | dpfl.core.base_simulator | Round  26/200 | Acc: 0.8504 | Loss: 0.5282 | eps_max: 2.58 eps_avg: 1.64 | P: 0.00 R: 0.00 F1: 0.00
2026-05-02 16:28:59 | DEBUG   | dpfl.core.base_simulator | Update norms — honest: ['2.49', '4.20', '4.38', '6.18', '2.50'], attacker: []
2026-05-02 16:29:00 | INFO    | dpfl.core.base_simulator | Round  27/200 | Acc: 0.8512 | Loss: 0.5223 | eps_max: 2.59 eps_avg: 1.67 | P: 0.00 R: 0.00 F1: 0.00
2026-05-02 16:29:00 | DEBUG   | dpfl.core.base_simulator | Update norms — honest: ['6.35', '2.78', '5.69', '5.35', '2.45'], attacker: []
2026-05-02 16:29:01 | INFO    | dpfl.core.base_simulator | Round  28/200 | Acc: 0.8504 | Loss: 0.5212 | eps_max: 2.59 eps_avg: 1.71 | P: 0.00 R: 0.00 F1: 0.00
2026-05-02 16:29:01 | DEBUG   | dpfl.core.base_simulator | Update norms — honest: ['3.59', '2.45', '2.45', '6.76', '6.34'], attacker: []
2026-05-02 16:29:03 | INFO    | dpfl.core.base_simulator | Round  29/200 | Acc: 0.8513 | Loss: 0.5184 | eps_max: 2.65 eps_avg: 1.76 | P: 0.00 R: 0.00 F1: 0.00
2026-05-02 16:29:03 | DEBUG   | dpfl.core.base_simulator | Update norms — honest: ['11.08', '2.42', '4.26', '7.97', '5.22'], attacker: []
2026-05-02 16:29:03 | INFO    | dpfl.core.base_simulator | Round  30/200 | Acc: 0.8525 | Loss: 0.5108 | eps_max: 2.66 eps_avg: 1.78 | P: 0.00 R: 0.00 F1: 0.00
2026-05-02 16:29:03 | DEBUG   | dpfl.core.base_simulator | Update norms — honest: ['2.63', '6.61', '3.95', '7.39', '2.38'], attacker: []
2026-05-02 16:29:05 | INFO    | dpfl.core.base_simulator | Round  31/200 | Acc: 0.8507 | Loss: 0.5145 | eps_max: 2.73 eps_avg: 1.82 | P: 0.00 R: 0.00 F1: 0.00
2026-05-02 16:29:05 | DEBUG   | dpfl.core.base_simulator | Update norms — honest: ['5.70', '3.85', '6.73', '2.36', '2.43'], attacker: []
2026-05-02 16:29:06 | INFO    | dpfl.core.base_simulator | Round  32/200 | Acc: 0.8513 | Loss: 0.5124 | eps_max: 2.77 eps_avg: 1.83 | P: 0.00 R: 0.00 F1: 0.00
2026-05-02 16:29:06 | DEBUG   | dpfl.core.base_simulator | Update norms — honest: ['3.81', '4.16', '6.54', '2.33', '6.78'], attacker: []
2026-05-02 16:29:07 | INFO    | dpfl.core.base_simulator | Round  33/200 | Acc: 0.8501 | Loss: 0.5160 | eps_max: 2.86 eps_avg: 1.88 | P: 0.00 R: 0.00 F1: 0.00
2026-05-02 16:29:07 | DEBUG   | dpfl.core.base_simulator | Update norms — honest: ['5.40', '2.30', '7.11', '4.28', '8.82'], attacker: []
2026-05-02 16:29:08 | INFO    | dpfl.core.base_simulator | Round  34/200 | Acc: 0.8496 | Loss: 0.5187 | eps_max: 2.86 eps_avg: 1.91 | P: 0.00 R: 0.00 F1: 0.00
2026-05-02 16:29:08 | DEBUG   | dpfl.core.base_simulator | Update norms — honest: ['5.97', '4.50', '2.30', '3.63', '2.29'], attacker: []
2026-05-02 16:29:09 | INFO    | dpfl.core.base_simulator | Round  35/200 | Acc: 0.8475 | Loss: 0.5263 | eps_max: 2.86 eps_avg: 1.95 | P: 0.00 R: 0.00 F1: 0.00
2026-05-02 16:29:09 | DEBUG   | dpfl.core.base_simulator | Update norms — honest: ['4.22', '5.56', '2.27', '3.50', '3.80'], attacker: []
2026-05-02 16:29:10 | INFO    | dpfl.core.base_simulator | Round  36/200 | Acc: 0.8489 | Loss: 0.5220 | eps_max: 2.86 eps_avg: 1.98 | P: 0.00 R: 0.00 F1: 0.00
2026-05-02 16:29:10 | DEBUG   | dpfl.core.base_simulator | Update norms — honest: ['4.00', '3.45', '9.60', '6.32', '2.25'], attacker: []
2026-05-02 16:29:11 | INFO    | dpfl.core.base_simulator | Round  37/200 | Acc: 0.8492 | Loss: 0.5174 | eps_max: 2.89 eps_avg: 2.02 | P: 0.00 R: 0.00 F1: 0.00
2026-05-02 16:29:11 | DEBUG   | dpfl.core.base_simulator | Update norms — honest: ['2.22', '2.25', '5.72', '3.50', '5.55'], attacker: []
2026-05-02 16:29:12 | INFO    | dpfl.core.base_simulator | Round  38/200 | Acc: 0.8500 | Loss: 0.5147 | eps_max: 2.93 eps_avg: 2.05 | P: 0.00 R: 0.00 F1: 0.00
2026-05-02 16:29:12 | DEBUG   | dpfl.core.base_simulator | Update norms — honest: ['10.59', '2.40', '4.77', '5.47', '3.50'], attacker: []
2026-05-02 16:29:14 | INFO    | dpfl.core.base_simulator | Round  39/200 | Acc: 0.8465 | Loss: 0.5280 | eps_max: 3.04 eps_avg: 2.07 | P: 0.00 R: 0.00 F1: 0.00
2026-05-02 16:29:14 | DEBUG   | dpfl.core.base_simulator | Update norms — honest: ['1.71', '8.47', '10.07', '3.25', '3.74'], attacker: []
2026-05-02 16:29:15 | INFO    | dpfl.core.base_simulator | Round  40/200 | Acc: 0.8484 | Loss: 0.5197 | eps_max: 3.06 eps_avg: 2.10 | P: 0.00 R: 0.00 F1: 0.00
2026-05-02 16:29:15 | DEBUG   | dpfl.core.base_simulator | Update norms — honest: ['6.65', '5.48', '2.16', '6.74', '2.60'], attacker: []
2026-05-02 16:29:16 | INFO    | dpfl.core.base_simulator | Round  41/200 | Acc: 0.8469 | Loss: 0.5272 | eps_max: 3.07 eps_avg: 2.13 | P: 0.00 R: 0.00 F1: 0.00
2026-05-02 16:29:16 | DEBUG   | dpfl.core.base_simulator | Update norms — honest: ['12.04', '5.84', '6.36', '4.17', '9.48'], attacker: []
2026-05-02 16:29:18 | INFO    | dpfl.core.base_simulator | Round  42/200 | Acc: 0.8430 | Loss: 0.5435 | eps_max: 3.14 eps_avg: 2.16 | P: 0.00 R: 0.00 F1: 0.00
2026-05-02 16:29:18 | DEBUG   | dpfl.core.base_simulator | Update norms — honest: ['5.59', '8.76', '5.51', '5.94', '3.39'], attacker: []
2026-05-02 16:29:19 | INFO    | dpfl.core.base_simulator | Round  43/200 | Acc: 0.8459 | Loss: 0.5300 | eps_max: 3.23 eps_avg: 2.20 | P: 0.00 R: 0.00 F1: 0.00
2026-05-02 16:29:19 | DEBUG   | dpfl.core.base_simulator | Update norms — honest: ['7.04', '6.05', '3.85', '7.25', '5.75'], attacker: []
2026-05-02 16:29:20 | INFO    | dpfl.core.base_simulator | Round  44/200 | Acc: 0.8441 | Loss: 0.5400 | eps_max: 3.27 eps_avg: 2.23 | P: 0.00 R: 0.00 F1: 0.00
2026-05-02 16:29:20 | DEBUG   | dpfl.core.base_simulator | Update norms — honest: ['4.05', '11.33', '5.01', '4.42', '8.67'], attacker: []
2026-05-02 16:29:22 | INFO    | dpfl.core.base_simulator | Round  45/200 | Acc: 0.8421 | Loss: 0.5529 | eps_max: 3.28 eps_avg: 2.29 | P: 0.00 R: 0.00 F1: 0.00
2026-05-02 16:29:22 | DEBUG   | dpfl.core.base_simulator | Update norms — honest: ['9.59', '2.05', '1.34', '12.39', '3.43'], attacker: []
2026-05-02 16:29:23 | INFO    | dpfl.core.base_simulator | Round  46/200 | Acc: 0.8408 | Loss: 0.5546 | eps_max: 3.31 eps_avg: 2.30 | P: 0.00 R: 0.00 F1: 0.00
2026-05-02 16:29:23 | DEBUG   | dpfl.core.base_simulator | Update norms — honest: ['5.83', '7.31', '7.71', '7.62', '7.42'], attacker: []
2026-05-02 16:29:24 | INFO    | dpfl.core.base_simulator | Round  47/200 | Acc: 0.8418 | Loss: 0.5505 | eps_max: 3.32 eps_avg: 2.32 | P: 0.00 R: 0.00 F1: 0.00
2026-05-02 16:29:24 | DEBUG   | dpfl.core.base_simulator | Update norms — honest: ['6.41', '6.43', '7.82', '8.25', '5.99'], attacker: []
2026-05-02 16:29:25 | INFO    | dpfl.core.base_simulator | Round  48/200 | Acc: 0.8391 | Loss: 0.5711 | eps_max: 3.33 eps_avg: 2.36 | P: 0.00 R: 0.00 F1: 0.00
2026-05-02 16:29:25 | DEBUG   | dpfl.core.base_simulator | Update norms — honest: ['3.39', '12.05', '10.61', '2.00', '7.26'], attacker: []
2026-05-02 16:29:26 | INFO    | dpfl.core.base_simulator | Round  49/200 | Acc: 0.8404 | Loss: 0.5640 | eps_max: 3.33 eps_avg: 2.37 | P: 0.00 R: 0.00 F1: 0.00
2026-05-02 16:29:26 | DEBUG   | dpfl.core.base_simulator | Update norms — honest: ['5.42', '11.30', '3.28', '6.59', '3.26'], attacker: []
2026-05-02 16:29:27 | INFO    | dpfl.core.base_simulator | Round  50/200 | Acc: 0.8390 | Loss: 0.5777 | eps_max: 3.37 eps_avg: 2.38 | P: 0.00 R: 0.00 F1: 0.00
2026-05-02 16:29:27 | DEBUG   | dpfl.core.base_simulator | Update norms — honest: ['12.85', '2.63', '4.00', '6.09', '11.32'], attacker: []
2026-05-02 16:29:28 | INFO    | dpfl.core.base_simulator | Round  51/200 | Acc: 0.8385 | Loss: 0.5834 | eps_max: 3.39 eps_avg: 2.42 | P: 0.00 R: 0.00 F1: 0.00
2026-05-02 16:29:28 | DEBUG   | dpfl.core.base_simulator | Update norms — honest: ['5.20', '3.28', '6.17', '7.16', '1.94'], attacker: []
2026-05-02 16:29:29 | INFO    | dpfl.core.base_simulator | Round  52/200 | Acc: 0.8378 | Loss: 0.5943 | eps_max: 3.48 eps_avg: 2.45 | P: 0.00 R: 0.00 F1: 0.00
2026-05-02 16:29:29 | DEBUG   | dpfl.core.base_simulator | Update norms — honest: ['5.00', '16.59', '5.69', '3.26', '6.94'], attacker: []
2026-05-02 16:29:30 | INFO    | dpfl.core.base_simulator | Round  53/200 | Acc: 0.8373 | Loss: 0.5983 | eps_max: 3.48 eps_avg: 2.48 | P: 0.00 R: 0.00 F1: 0.00
2026-05-02 16:29:30 | DEBUG   | dpfl.core.base_simulator | Update norms — honest: ['1.90', '7.57', '9.72', '1.90', '10.25'], attacker: []
2026-05-02 16:29:31 | INFO    | dpfl.core.base_simulator | Round  54/200 | Acc: 0.8381 | Loss: 0.5943 | eps_max: 3.48 eps_avg: 2.50 | P: 0.00 R: 0.00 F1: 0.00
2026-05-02 16:29:31 | DEBUG   | dpfl.core.base_simulator | Update norms — honest: ['8.32', '9.59', '2.82', '1.88', '3.58'], attacker: []
2026-05-02 16:29:33 | INFO    | dpfl.core.base_simulator | Round  55/200 | Acc: 0.8340 | Loss: 0.6220 | eps_max: 3.50 eps_avg: 2.52 | P: 0.00 R: 0.00 F1: 0.00
2026-05-02 16:29:33 | DEBUG   | dpfl.core.base_simulator | Update norms — honest: ['6.65', '11.85', '2.64', '7.52', '5.25'], attacker: []
2026-05-02 16:29:35 | INFO    | dpfl.core.base_simulator | Round  56/200 | Acc: 0.8358 | Loss: 0.6133 | eps_max: 3.50 eps_avg: 2.53 | P: 0.00 R: 0.00 F1: 0.00
2026-05-02 16:29:35 | DEBUG   | dpfl.core.base_simulator | Update norms — honest: ['8.24', '3.60', '2.85', '6.55', '3.54'], attacker: []
2026-05-02 16:29:35 | INFO    | dpfl.core.base_simulator | Round  57/200 | Acc: 0.8381 | Loss: 0.5981 | eps_max: 3.58 eps_avg: 2.55 | P: 0.00 R: 0.00 F1: 0.00
2026-05-02 16:29:35 | DEBUG   | dpfl.core.base_simulator | Update norms — honest: ['2.91', '3.52', '6.69', '7.72', '2.85'], attacker: []
2026-05-02 16:29:37 | INFO    | dpfl.core.base_simulator | Round  58/200 | Acc: 0.8367 | Loss: 0.6050 | eps_max: 3.62 eps_avg: 2.61 | P: 0.00 R: 0.00 F1: 0.00
2026-05-02 16:29:37 | DEBUG   | dpfl.core.base_simulator | Update norms — honest: ['7.50', '2.39', '3.38', '7.59', '4.26'], attacker: []
2026-05-02 16:29:38 | INFO    | dpfl.core.base_simulator | Round  59/200 | Acc: 0.8342 | Loss: 0.6141 | eps_max: 3.66 eps_avg: 2.65 | P: 0.00 R: 0.00 F1: 0.00
2026-05-02 16:29:38 | DEBUG   | dpfl.core.base_simulator | Update norms — honest: ['6.92', '4.82', '1.79', '5.31', '11.04'], attacker: []
2026-05-02 16:29:39 | INFO    | dpfl.core.base_simulator | Round  60/200 | Acc: 0.8348 | Loss: 0.6120 | eps_max: 3.70 eps_avg: 2.68 | P: 0.00 R: 0.00 F1: 0.00
2026-05-02 16:29:39 | DEBUG   | dpfl.core.base_simulator | Update norms — honest: ['7.46', '4.92', '4.45', '5.67', '2.36'], attacker: []
2026-05-02 16:29:40 | INFO    | dpfl.core.base_simulator | Round  61/200 | Acc: 0.8339 | Loss: 0.6259 | eps_max: 3.70 eps_avg: 2.69 | P: 0.00 R: 0.00 F1: 0.00
2026-05-02 16:29:40 | DEBUG   | dpfl.core.base_simulator | Update norms — honest: ['10.46', '2.63', '3.71', '5.97', '5.20'], attacker: []
2026-05-02 16:29:41 | INFO    | dpfl.core.base_simulator | Round  62/200 | Acc: 0.8328 | Loss: 0.6310 | eps_max: 3.79 eps_avg: 2.73 | P: 0.00 R: 0.00 F1: 0.00
2026-05-02 16:29:41 | DEBUG   | dpfl.core.base_simulator | Update norms — honest: ['5.48', '1.73', '8.75', '10.25', '6.91'], attacker: []
2026-05-02 16:29:43 | INFO    | dpfl.core.base_simulator | Round  63/200 | Acc: 0.8314 | Loss: 0.6412 | eps_max: 3.88 eps_avg: 2.76 | P: 0.00 R: 0.00 F1: 0.00
2026-05-02 16:29:43 | DEBUG   | dpfl.core.base_simulator | Update norms — honest: ['7.95', '1.71', '8.54', '7.63', '5.71'], attacker: []
2026-05-02 16:29:44 | INFO    | dpfl.core.base_simulator | Round  64/200 | Acc: 0.8287 | Loss: 0.6618 | eps_max: 3.88 eps_avg: 2.79 | P: 0.00 R: 0.00 F1: 0.00
2026-05-02 16:29:44 | DEBUG   | dpfl.core.base_simulator | Update norms — honest: ['4.97', '7.39', '10.18', '1.55', '5.66'], attacker: []
2026-05-02 16:29:46 | INFO    | dpfl.core.base_simulator | Round  65/200 | Acc: 0.8276 | Loss: 0.6810 | eps_max: 3.94 eps_avg: 2.82 | P: 0.00 R: 0.00 F1: 0.00
2026-05-02 16:29:46 | DEBUG   | dpfl.core.base_simulator | Update norms — honest: ['7.45', '7.93', '9.69', '8.60', '4.01'], attacker: []
2026-05-02 16:29:47 | INFO    | dpfl.core.base_simulator | Round  66/200 | Acc: 0.8272 | Loss: 0.6830 | eps_max: 3.94 eps_avg: 2.84 | P: 0.00 R: 0.00 F1: 0.00
2026-05-02 16:29:47 | DEBUG   | dpfl.core.base_simulator | Update norms — honest: ['2.71', '5.57', '10.52', '6.21', '2.89'], attacker: []
2026-05-02 16:29:48 | INFO    | dpfl.core.base_simulator | Round  67/200 | Acc: 0.8264 | Loss: 0.6822 | eps_max: 4.04 eps_avg: 2.86 | P: 0.00 R: 0.00 F1: 0.00
2026-05-02 16:29:48 | DEBUG   | dpfl.core.base_simulator | Update norms — honest: ['6.71', '8.51', '7.37', '7.77', '2.92'], attacker: []
2026-05-02 16:29:50 | INFO    | dpfl.core.base_simulator | Round  68/200 | Acc: 0.8256 | Loss: 0.6878 | eps_max: 4.10 eps_avg: 2.91 | P: 0.00 R: 0.00 F1: 0.00
2026-05-02 16:29:50 | DEBUG   | dpfl.core.base_simulator | Update norms — honest: ['1.64', '9.91', '6.42', '4.31', '5.13'], attacker: []
2026-05-02 16:29:51 | INFO    | dpfl.core.base_simulator | Round  69/200 | Acc: 0.8232 | Loss: 0.7147 | eps_max: 4.16 eps_avg: 2.95 | P: 0.00 R: 0.00 F1: 0.00
2026-05-02 16:29:51 | DEBUG   | dpfl.core.base_simulator | Update norms — honest: ['1.62', '8.43', '2.90', '6.21', '7.68'], attacker: []
2026-05-02 16:29:52 | INFO    | dpfl.core.base_simulator | Round  70/200 | Acc: 0.8258 | Loss: 0.6962 | eps_max: 4.28 eps_avg: 2.97 | P: 0.00 R: 0.00 F1: 0.00
2026-05-02 16:29:52 | DEBUG   | dpfl.core.base_simulator | Update norms — honest: ['1.33', '4.72', '4.65', '9.31', '3.83'], attacker: []
2026-05-02 16:29:53 | INFO    | dpfl.core.base_simulator | Round  71/200 | Acc: 0.8259 | Loss: 0.7041 | eps_max: 4.28 eps_avg: 2.99 | P: 0.00 R: 0.00 F1: 0.00
2026-05-02 16:29:53 | DEBUG   | dpfl.core.base_simulator | Update norms — honest: ['6.44', '6.79', '9.41', '9.64', '6.23'], attacker: []
2026-05-02 16:29:54 | INFO    | dpfl.core.base_simulator | Round  72/200 | Acc: 0.8253 | Loss: 0.7092 | eps_max: 4.28 eps_avg: 3.00 | P: 0.00 R: 0.00 F1: 0.00
2026-05-02 16:29:54 | DEBUG   | dpfl.core.base_simulator | Update norms — honest: ['4.25', '6.53', '4.62', '6.84', '2.95'], attacker: []
2026-05-02 16:29:55 | INFO    | dpfl.core.base_simulator | Round  73/200 | Acc: 0.8241 | Loss: 0.7173 | eps_max: 4.41 eps_avg: 3.04 | P: 0.00 R: 0.00 F1: 0.00
2026-05-02 16:29:55 | DEBUG   | dpfl.core.base_simulator | Update norms — honest: ['8.77', '6.65', '4.13', '7.36', '7.91'], attacker: []
2026-05-02 16:29:57 | INFO    | dpfl.core.base_simulator | Round  74/200 | Acc: 0.8213 | Loss: 0.7409 | eps_max: 4.57 eps_avg: 3.07 | P: 0.00 R: 0.00 F1: 0.00
2026-05-02 16:29:57 | DEBUG   | dpfl.core.base_simulator | Update norms — honest: ['9.48', '10.10', '5.64', '7.33', '5.09'], attacker: []
2026-05-02 16:29:58 | INFO    | dpfl.core.base_simulator | Round  75/200 | Acc: 0.8209 | Loss: 0.7442 | eps_max: 4.62 eps_avg: 3.11 | P: 0.00 R: 0.00 F1: 0.00
2026-05-02 16:29:58 | DEBUG   | dpfl.core.base_simulator | Update norms — honest: ['2.53', '8.41', '9.64', '5.11', '4.58'], attacker: []
2026-05-02 16:29:59 | INFO    | dpfl.core.base_simulator | Round  76/200 | Acc: 0.8197 | Loss: 0.7543 | eps_max: 4.62 eps_avg: 3.12 | P: 0.00 R: 0.00 F1: 0.00
2026-05-02 16:29:59 | DEBUG   | dpfl.core.base_simulator | Update norms — honest: ['7.81', '7.89', '8.71', '2.86', '2.56'], attacker: []
2026-05-02 16:30:00 | INFO    | dpfl.core.base_simulator | Round  77/200 | Acc: 0.8195 | Loss: 0.7691 | eps_max: 4.67 eps_avg: 3.16 | P: 0.00 R: 0.00 F1: 0.00
2026-05-02 16:30:00 | DEBUG   | dpfl.core.base_simulator | Update norms — honest: ['1.50', '10.28', '7.27', '10.09', '3.37'], attacker: []
2026-05-02 16:30:01 | INFO    | dpfl.core.base_simulator | Round  78/200 | Acc: 0.8186 | Loss: 0.7876 | eps_max: 4.84 eps_avg: 3.18 | P: 0.00 R: 0.00 F1: 0.00
2026-05-02 16:30:01 | DEBUG   | dpfl.core.base_simulator | Update norms — honest: ['8.53', '6.36', '7.30', '7.04', '10.89'], attacker: []
2026-05-02 16:30:02 | INFO    | dpfl.core.base_simulator | Round  79/200 | Acc: 0.8195 | Loss: 0.7922 | eps_max: 4.84 eps_avg: 3.20 | P: 0.00 R: 0.00 F1: 0.00
2026-05-02 16:30:02 | DEBUG   | dpfl.core.base_simulator | Update norms — honest: ['8.30', '14.53', '13.00', '9.58', '5.48'], attacker: []
2026-05-02 16:30:04 | INFO    | dpfl.core.base_simulator | Round  80/200 | Acc: 0.8193 | Loss: 0.7917 | eps_max: 4.89 eps_avg: 3.23 | P: 0.00 R: 0.00 F1: 0.00
2026-05-02 16:30:04 | DEBUG   | dpfl.core.base_simulator | Update norms — honest: ['1.45', '7.67', '4.69', '8.24', '12.23'], attacker: []
2026-05-02 16:30:05 | INFO    | dpfl.core.base_simulator | Round  81/200 | Acc: 0.8172 | Loss: 0.8144 | eps_max: 5.14 eps_avg: 3.26 | P: 0.00 R: 0.00 F1: 0.00
2026-05-02 16:30:05 | DEBUG   | dpfl.core.base_simulator | Update norms — honest: ['7.97', '6.36', '7.06', '10.71', '7.32'], attacker: []
2026-05-02 16:30:06 | INFO    | dpfl.core.base_simulator | Round  82/200 | Acc: 0.8158 | Loss: 0.8284 | eps_max: 5.14 eps_avg: 3.30 | P: 0.00 R: 0.00 F1: 0.00
2026-05-02 16:30:06 | DEBUG   | dpfl.core.base_simulator | Update norms — honest: ['7.04', '3.68', '4.38', '10.16', '7.38'], attacker: []
2026-05-02 16:30:07 | INFO    | dpfl.core.base_simulator | Round  83/200 | Acc: 0.8189 | Loss: 0.8073 | eps_max: 5.14 eps_avg: 3.32 | P: 0.00 R: 0.00 F1: 0.00
2026-05-02 16:30:07 | DEBUG   | dpfl.core.base_simulator | Update norms — honest: ['6.80', '9.15', '5.89', '7.29', '2.99'], attacker: []
2026-05-02 16:30:08 | INFO    | dpfl.core.base_simulator | Round  84/200 | Acc: 0.8171 | Loss: 0.8338 | eps_max: 5.20 eps_avg: 3.35 | P: 0.00 R: 0.00 F1: 0.00
2026-05-02 16:30:08 | DEBUG   | dpfl.core.base_simulator | Update norms — honest: ['7.31', '15.03', '6.77', '8.20', '9.98'], attacker: []
2026-05-02 16:30:09 | INFO    | dpfl.core.base_simulator | Round  85/200 | Acc: 0.8145 | Loss: 0.8465 | eps_max: 5.27 eps_avg: 3.39 | P: 0.00 R: 0.00 F1: 0.00
2026-05-02 16:30:09 | DEBUG   | dpfl.core.base_simulator | Update norms — honest: ['3.50', '8.40', '11.11', '3.75', '9.49'], attacker: []
2026-05-02 16:30:10 | INFO    | dpfl.core.base_simulator | Round  86/200 | Acc: 0.8144 | Loss: 0.8553 | eps_max: 5.27 eps_avg: 3.42 | P: 0.00 R: 0.00 F1: 0.00
2026-05-02 16:30:10 | DEBUG   | dpfl.core.base_simulator | Update norms — honest: ['12.32', '5.54', '5.17', '12.58', '6.93'], attacker: []
2026-05-02 16:30:12 | INFO    | dpfl.core.base_simulator | Round  87/200 | Acc: 0.8136 | Loss: 0.8762 | eps_max: 5.28 eps_avg: 3.45 | P: 0.00 R: 0.00 F1: 0.00
2026-05-02 16:30:12 | DEBUG   | dpfl.core.base_simulator | Update norms — honest: ['1.81', '4.96', '9.28', '5.67', '8.71'], attacker: []
2026-05-02 16:30:12 | INFO    | dpfl.core.base_simulator | Round  88/200 | Acc: 0.8154 | Loss: 0.8694 | eps_max: 5.29 eps_avg: 3.47 | P: 0.00 R: 0.00 F1: 0.00
2026-05-02 16:30:12 | DEBUG   | dpfl.core.base_simulator | Update norms — honest: ['3.17', '4.71', '5.93', '1.66', '3.49'], attacker: []
2026-05-02 16:30:14 | INFO    | dpfl.core.base_simulator | Round  89/200 | Acc: 0.8126 | Loss: 0.8970 | eps_max: 5.41 eps_avg: 3.52 | P: 0.00 R: 0.00 F1: 0.00
2026-05-02 16:30:14 | DEBUG   | dpfl.core.base_simulator | Update norms — honest: ['7.25', '4.87', '6.09', '8.87', '6.62'], attacker: []
2026-05-02 16:30:15 | INFO    | dpfl.core.base_simulator | Round  90/200 | Acc: 0.8142 | Loss: 0.8899 | eps_max: 5.41 eps_avg: 3.55 | P: 0.00 R: 0.00 F1: 0.00
2026-05-02 16:30:15 | DEBUG   | dpfl.core.base_simulator | Update norms — honest: ['4.08', '12.23', '5.92', '6.18', '6.70'], attacker: []
2026-05-02 16:30:17 | INFO    | dpfl.core.base_simulator | Round  91/200 | Acc: 0.8077 | Loss: 0.9475 | eps_max: 5.50 eps_avg: 3.62 | P: 0.00 R: 0.00 F1: 0.00
2026-05-02 16:30:17 | DEBUG   | dpfl.core.base_simulator | Update norms — honest: ['8.72', '8.22', '6.56', '9.98', '10.41'], attacker: []
2026-05-02 16:30:18 | INFO    | dpfl.core.base_simulator | Round  92/200 | Acc: 0.8088 | Loss: 0.9372 | eps_max: 5.50 eps_avg: 3.66 | P: 0.00 R: 0.00 F1: 0.00
2026-05-02 16:30:18 | DEBUG   | dpfl.core.base_simulator | Update norms — honest: ['6.31', '4.10', '5.05', '8.46', '8.62'], attacker: []
2026-05-02 16:30:19 | INFO    | dpfl.core.base_simulator | Round  93/200 | Acc: 0.8078 | Loss: 0.9471 | eps_max: 5.50 eps_avg: 3.69 | P: 0.00 R: 0.00 F1: 0.00
2026-05-02 16:30:19 | DEBUG   | dpfl.core.base_simulator | Update norms — honest: ['9.03', '10.23', '6.98', '9.87', '5.92'], attacker: []
2026-05-02 16:30:20 | INFO    | dpfl.core.base_simulator | Round  94/200 | Acc: 0.8073 | Loss: 0.9687 | eps_max: 5.74 eps_avg: 3.73 | P: 0.00 R: 0.00 F1: 0.00
2026-05-02 16:30:20 | DEBUG   | dpfl.core.base_simulator | Update norms — honest: ['7.08', '12.89', '9.68', '3.41', '7.12'], attacker: []
2026-05-02 16:30:21 | INFO    | dpfl.core.base_simulator | Round  95/200 | Acc: 0.8079 | Loss: 0.9688 | eps_max: 5.74 eps_avg: 3.77 | P: 0.00 R: 0.00 F1: 0.00
2026-05-02 16:30:21 | DEBUG   | dpfl.core.base_simulator | Update norms — honest: ['9.48', '8.78', '7.56', '1.24', '8.42'], attacker: []
2026-05-02 16:30:23 | INFO    | dpfl.core.base_simulator | Round  96/200 | Acc: 0.8065 | Loss: 0.9758 | eps_max: 5.74 eps_avg: 3.82 | P: 0.00 R: 0.00 F1: 0.00
2026-05-02 16:30:23 | DEBUG   | dpfl.core.base_simulator | Update norms — honest: ['5.44', '12.01', '7.12', '8.20', '7.31'], attacker: []
2026-05-02 16:30:25 | INFO    | dpfl.core.base_simulator | Round  97/200 | Acc: 0.8045 | Loss: 1.0031 | eps_max: 6.15 eps_avg: 3.89 | P: 0.00 R: 0.00 F1: 0.00
2026-05-02 16:30:25 | DEBUG   | dpfl.core.base_simulator | Update norms — honest: ['6.75', '2.89', '12.42', '6.35', '4.84'], attacker: []
2026-05-02 16:30:26 | INFO    | dpfl.core.base_simulator | Round  98/200 | Acc: 0.8034 | Loss: 1.0055 | eps_max: 6.15 eps_avg: 3.94 | P: 0.00 R: 0.00 F1: 0.00
2026-05-02 16:30:26 | DEBUG   | dpfl.core.base_simulator | Update norms — honest: ['5.79', '7.97', '5.03', '8.90', '12.01'], attacker: []
2026-05-02 16:30:27 | INFO    | dpfl.core.base_simulator | Round  99/200 | Acc: 0.8055 | Loss: 0.9991 | eps_max: 6.15 eps_avg: 3.96 | P: 0.00 R: 0.00 F1: 0.00
2026-05-02 16:30:27 | DEBUG   | dpfl.core.base_simulator | Update norms — honest: ['2.13', '5.41', '6.04', '4.37', '9.47'], attacker: []
2026-05-02 16:30:28 | INFO    | dpfl.core.base_simulator | Round 100/200 | Acc: 0.8042 | Loss: 1.0185 | eps_max: 6.15 eps_avg: 4.00 | P: 0.00 R: 0.00 F1: 0.00
2026-05-02 16:30:28 | DEBUG   | dpfl.core.base_simulator | Update norms — honest: ['7.78', '7.29', '8.95', '9.56', '10.43'], attacker: []
2026-05-02 16:30:29 | INFO    | dpfl.core.base_simulator | Round 101/200 | Acc: 0.8025 | Loss: 1.0428 | eps_max: 6.15 eps_avg: 4.05 | P: 0.00 R: 0.00 F1: 0.00
2026-05-02 16:30:29 | DEBUG   | dpfl.core.base_simulator | Update norms — honest: ['13.01', '7.94', '9.17', '7.25', '7.89'], attacker: []
2026-05-02 16:30:31 | INFO    | dpfl.core.base_simulator | Round 102/200 | Acc: 0.8006 | Loss: 1.0549 | eps_max: 6.19 eps_avg: 4.11 | P: 0.00 R: 0.00 F1: 0.00
2026-05-02 16:30:31 | DEBUG   | dpfl.core.base_simulator | Update norms — honest: ['7.91', '2.06', '7.60', '5.63', '7.51'], attacker: []
2026-05-02 16:30:32 | INFO    | dpfl.core.base_simulator | Round 103/200 | Acc: 0.8009 | Loss: 1.0706 | eps_max: 6.27 eps_avg: 4.16 | P: 0.00 R: 0.00 F1: 0.00
2026-05-02 16:30:32 | DEBUG   | dpfl.core.base_simulator | Update norms — honest: ['9.25', '9.95', '3.82', '1.97', '11.98'], attacker: []
2026-05-02 16:30:34 | INFO    | dpfl.core.base_simulator | Round 104/200 | Acc: 0.7997 | Loss: 1.0759 | eps_max: 6.34 eps_avg: 4.22 | P: 0.00 R: 0.00 F1: 0.00
2026-05-02 16:30:34 | DEBUG   | dpfl.core.base_simulator | Update norms — honest: ['5.77', '1.14', '9.98', '6.41', '6.64'], attacker: []
2026-05-02 16:30:35 | INFO    | dpfl.core.base_simulator | Round 105/200 | Acc: 0.7981 | Loss: 1.1007 | eps_max: 6.34 eps_avg: 4.28 | P: 0.00 R: 0.00 F1: 0.00
2026-05-02 16:30:35 | DEBUG   | dpfl.core.base_simulator | Update norms — honest: ['4.62', '5.13', '4.43', '6.51', '7.62'], attacker: []
2026-05-02 16:30:37 | INFO    | dpfl.core.base_simulator | Round 106/200 | Acc: 0.7973 | Loss: 1.1181 | eps_max: 6.34 eps_avg: 4.31 | P: 0.00 R: 0.00 F1: 0.00
2026-05-02 16:30:37 | DEBUG   | dpfl.core.base_simulator | Update norms — honest: ['2.79', '11.95', '6.33', '9.16', '7.58'], attacker: []
2026-05-02 16:30:38 | INFO    | dpfl.core.base_simulator | Round 107/200 | Acc: 0.7952 | Loss: 1.1402 | eps_max: 6.67 eps_avg: 4.36 | P: 0.00 R: 0.00 F1: 0.00
2026-05-02 16:30:38 | DEBUG   | dpfl.core.base_simulator | Update norms — honest: ['11.03', '13.07', '8.40', '2.47', '6.56'], attacker: []
2026-05-02 16:30:40 | INFO    | dpfl.core.base_simulator | Round 108/200 | Acc: 0.7957 | Loss: 1.1518 | eps_max: 6.73 eps_avg: 4.40 | P: 0.00 R: 0.00 F1: 0.00
2026-05-02 16:30:40 | DEBUG   | dpfl.core.base_simulator | Update norms — honest: ['10.94', '12.45', '13.10', '7.60', '1.20'], attacker: []
2026-05-02 16:30:41 | INFO    | dpfl.core.base_simulator | Round 109/200 | Acc: 0.7961 | Loss: 1.1589 | eps_max: 6.73 eps_avg: 4.44 | P: 0.00 R: 0.00 F1: 0.00
2026-05-02 16:30:41 | DEBUG   | dpfl.core.base_simulator | Update norms — honest: ['9.72', '8.86', '9.97', '10.28', '6.26'], attacker: []
2026-05-02 16:30:43 | INFO    | dpfl.core.base_simulator | Round 110/200 | Acc: 0.7908 | Loss: 1.2077 | eps_max: 6.73 eps_avg: 4.52 | P: 0.00 R: 0.00 F1: 0.00
2026-05-02 16:30:43 | DEBUG   | dpfl.core.base_simulator | Update norms — honest: ['8.15', '11.62', '2.39', '11.97', '1.54'], attacker: []
2026-05-02 16:30:44 | INFO    | dpfl.core.base_simulator | Round 111/200 | Acc: 0.7902 | Loss: 1.2322 | eps_max: 6.73 eps_avg: 4.58 | P: 0.00 R: 0.00 F1: 0.00
2026-05-02 16:30:44 | DEBUG   | dpfl.core.base_simulator | Update norms — honest: ['10.50', '9.02', '9.75', '8.89', '6.54'], attacker: []
2026-05-02 16:30:46 | INFO    | dpfl.core.base_simulator | Round 112/200 | Acc: 0.7900 | Loss: 1.2379 | eps_max: 6.73 eps_avg: 4.63 | P: 0.00 R: 0.00 F1: 0.00
2026-05-02 16:30:46 | DEBUG   | dpfl.core.base_simulator | Update norms — honest: ['10.82', '2.75', '11.21', '10.74', '8.75'], attacker: []
2026-05-02 16:30:47 | INFO    | dpfl.core.base_simulator | Round 113/200 | Acc: 0.7890 | Loss: 1.2583 | eps_max: 7.22 eps_avg: 4.66 | P: 0.00 R: 0.00 F1: 0.00
2026-05-02 16:30:47 | DEBUG   | dpfl.core.base_simulator | Update norms — honest: ['8.84', '2.93', '11.73', '10.41', '10.62'], attacker: []
2026-05-02 16:30:48 | INFO    | dpfl.core.base_simulator | Round 114/200 | Acc: 0.7875 | Loss: 1.2979 | eps_max: 7.22 eps_avg: 4.72 | P: 0.00 R: 0.00 F1: 0.00
2026-05-02 16:30:48 | DEBUG   | dpfl.core.base_simulator | Update norms — honest: ['11.56', '12.94', '6.22', '8.74', '4.84'], attacker: []
2026-05-02 16:30:50 | INFO    | dpfl.core.base_simulator | Round 115/200 | Acc: 0.7866 | Loss: 1.2985 | eps_max: 7.22 eps_avg: 4.78 | P: 0.00 R: 0.00 F1: 0.00
2026-05-02 16:30:50 | DEBUG   | dpfl.core.base_simulator | Update norms — honest: ['9.90', '11.94', '5.83', '11.18', '2.69'], attacker: []
2026-05-02 16:30:51 | INFO    | dpfl.core.base_simulator | Round 116/200 | Acc: 0.7851 | Loss: 1.3265 | eps_max: 7.53 eps_avg: 4.84 | P: 0.00 R: 0.00 F1: 0.00
2026-05-02 16:30:51 | DEBUG   | dpfl.core.base_simulator | Update norms — honest: ['3.05', '11.34', '4.07', '7.41', '10.37'], attacker: []
2026-05-02 16:30:53 | INFO    | dpfl.core.base_simulator | Round 117/200 | Acc: 0.7836 | Loss: 1.3672 | eps_max: 7.53 eps_avg: 4.90 | P: 0.00 R: 0.00 F1: 0.00
2026-05-02 16:30:53 | DEBUG   | dpfl.core.base_simulator | Update norms — honest: ['5.25', '10.42', '8.87', '12.47', '10.06'], attacker: []
2026-05-02 16:30:54 | INFO    | dpfl.core.base_simulator | Round 118/200 | Acc: 0.7843 | Loss: 1.3753 | eps_max: 7.74 eps_avg: 4.95 | P: 0.00 R: 0.00 F1: 0.00
2026-05-02 16:30:54 | DEBUG   | dpfl.core.base_simulator | Update norms — honest: ['9.35', '5.78', '11.23', '6.20', '11.43'], attacker: []
2026-05-02 16:30:56 | INFO    | dpfl.core.base_simulator | Round 119/200 | Acc: 0.7816 | Loss: 1.4223 | eps_max: 7.74 eps_avg: 5.00 | P: 0.00 R: 0.00 F1: 0.00
2026-05-02 16:30:56 | DEBUG   | dpfl.core.base_simulator | Update norms — honest: ['8.25', '9.97', '9.16', '7.83', '8.75'], attacker: []
2026-05-02 16:30:57 | INFO    | dpfl.core.base_simulator | Round 120/200 | Acc: 0.7830 | Loss: 1.4105 | eps_max: 7.74 eps_avg: 5.05 | P: 0.00 R: 0.00 F1: 0.00
2026-05-02 16:30:57 | DEBUG   | dpfl.core.base_simulator | Update norms — honest: ['4.90', '8.52', '12.89', '9.57', '6.59'], attacker: []
2026-05-02 16:30:59 | INFO    | dpfl.core.base_simulator | Round 121/200 | Acc: 0.7816 | Loss: 1.4452 | eps_max: 7.85 eps_avg: 5.12 | P: 0.00 R: 0.00 F1: 0.00
2026-05-02 16:30:59 | DEBUG   | dpfl.core.base_simulator | Update norms — honest: ['10.12', '10.16', '9.88', '5.24', '9.90'], attacker: []
2026-05-02 16:31:00 | INFO    | dpfl.core.base_simulator | Round 122/200 | Acc: 0.7798 | Loss: 1.4771 | eps_max: 7.87 eps_avg: 5.16 | P: 0.00 R: 0.00 F1: 0.00
2026-05-02 16:31:00 | DEBUG   | dpfl.core.base_simulator | Update norms — honest: ['11.65', '11.52', '6.59', '9.04', '6.48'], attacker: []
2026-05-02 16:31:02 | INFO    | dpfl.core.base_simulator | Round 123/200 | Acc: 0.7819 | Loss: 1.4701 | eps_max: 7.87 eps_avg: 5.20 | P: 0.00 R: 0.00 F1: 0.00
2026-05-02 16:31:02 | DEBUG   | dpfl.core.base_simulator | Update norms — honest: ['4.84', '10.51', '7.72', '5.86', '8.22'], attacker: []
2026-05-02 16:31:03 | INFO    | dpfl.core.base_simulator | Round 124/200 | Acc: 0.7835 | Loss: 1.4627 | eps_max: 7.87 eps_avg: 5.23 | P: 0.00 R: 0.00 F1: 0.00
2026-05-02 16:31:03 | DEBUG   | dpfl.core.base_simulator | Update norms — honest: ['10.91', '7.39', '4.65', '2.18', '4.90'], attacker: []
2026-05-02 16:31:04 | INFO    | dpfl.core.base_simulator | Round 125/200 | Acc: 0.7826 | Loss: 1.4736 | eps_max: 8.21 eps_avg: 5.28 | P: 0.00 R: 0.00 F1: 0.00
2026-05-02 16:31:04 | DEBUG   | dpfl.core.base_simulator | Update norms — honest: ['6.00', '6.44', '5.92', '8.77', '9.51'], attacker: []
2026-05-02 16:31:04 | WARNING | dpfl.algorithms.noise_game.simulator | Round 125/200 | Budget exceeded (eps_max=8.21 > 8.00)
2026-05-02 16:31:07 | INFO    | dpfl | Experiment complete in 257.7s
============================================================
REPORT: DP-SGD Decentralized Federated Learning
============================================================
Timestamp:                  20260502_162646
Rounds completed:           125
Attack-active rounds:       0  (from round 99999)
Final accuracy:             0.7826
Final test loss:            1.4736
Final epsilon (max honest): 8.21
Final epsilon (avg honest): 5.28
Best alpha:                 1000.0
Avg precision:              0.0000
Avg recall:                 0.0000
Avg F1 score:               0.0000
Avg update norm (honest):   6.1694
Avg update norm (attacker): 0.0000

=== PER-NODE PRIVACY COST (final round) ===
Node   0 (honest  )  eps =   6.0744  sigma =  0.000  frozen = False
Node   1 (honest  )  eps =   5.3543  sigma =  0.000  frozen = False
Node   2 (honest  )  eps =   5.7123  sigma =  0.000  frozen = False
Node   3 (honest  )  eps =   5.7285  sigma =  0.000  frozen = False
Node   4 (honest  )  eps =   4.2070  sigma =  0.000  frozen = False
Node   5 (honest  )  eps =   5.1101  sigma =  0.000  frozen = False
Node   6 (honest  )  eps =   5.1535  sigma =  0.000  frozen = False
Node   7 (honest  )  eps =   5.7777  sigma =  0.000  frozen = False
Node   8 (honest  )  eps =   5.1857  sigma =  0.000  frozen = False
Node   9 (honest  )  eps =   3.3792  sigma =  0.000  frozen = False
Node  10 (honest  )  eps =   3.2038  sigma =  0.000  frozen = False
Node  11 (honest  )  eps =   6.0127  sigma =  0.000  frozen = False
Node  12 (honest  )  eps =   5.8638  sigma =  0.000  frozen = False
Node  13 (honest  )  eps =   5.6357  sigma =  0.000  frozen = False
Node  14 (honest  )  eps =   6.3440  sigma =  0.000  frozen = False
Node  15 (honest  )  eps =   6.0533  sigma =  0.000  frozen = False
Node  16 (honest  )  eps =   5.7512  sigma =  0.000  frozen = False
Node  17 (honest  )  eps =   4.1065  sigma =  0.000  frozen = False
Node  18 (honest  )  eps =   5.3828  sigma =  0.000  frozen = False
Node  19 (honest  )  eps =   4.1501  sigma =  0.000  frozen = False
Node  20 (honest  )  eps =   5.7945  sigma =  0.000  frozen = False
Node  21 (honest  )  eps =   5.2363  sigma =  0.000  frozen = False
Node  22 (honest  )  eps =   5.1701  sigma =  0.000  frozen = False
Node  23 (honest  )  eps =   6.6178  sigma =  0.000  frozen = False
Node  24 (honest  )  eps =   5.8939  sigma =  0.000  frozen = False
Node  25 (honest  )  eps =   5.8615  sigma =  0.000  frozen = False
Node  26 (honest  )  eps =   5.7792  sigma =  0.000  frozen = False
Node  27 (honest  )  eps =   3.7576  sigma =  0.000  frozen = False
Node  28 (honest  )  eps =   5.7121  sigma =  0.000  frozen = False
Node  29 (honest  )  eps =   3.5228  sigma =  0.000  frozen = False
Node  30 (honest  )  eps =   6.7646  sigma =  0.000  frozen = False
Node  31 (honest  )  eps =   3.9909  sigma =  0.000  frozen = False
Node  32 (honest  )  eps =   3.6506  sigma =  0.000  frozen = False
Node  33 (honest  )  eps =   6.6488  sigma =  0.000  frozen = False
Node  34 (honest  )  eps =   5.5373  sigma =  0.000  frozen = False
Node  35 (honest  )  eps =   4.8292  sigma =  0.000  frozen = False
Node  36 (honest  )  eps =   5.5991  sigma =  0.000  frozen = False
Node  37 (honest  )  eps =   5.6989  sigma =  0.795  frozen = False
Node  38 (honest  )  eps =   3.9796  sigma =  0.000  frozen = False
Node  39 (honest  )  eps =   4.8419  sigma =  0.000  frozen = False
Node  40 (honest  )  eps =   6.0034  sigma =  0.000  frozen = False
Node  41 (honest  )  eps =   5.0921  sigma =  0.000  frozen = False
Node  42 (honest  )  eps =   4.7025  sigma =  0.000  frozen = False
Node  43 (honest  )  eps =   5.3663  sigma =  0.000  frozen = False
Node  44 (honest  )  eps =   4.4167  sigma =  0.000  frozen = False
Node  45 (honest  )  eps =   5.3030  sigma =  0.000  frozen = False
Node  46 (honest  )  eps =   5.7284  sigma =  0.000  frozen = False
Node  47 (honest  )  eps =   6.0612  sigma =  0.000  frozen = False
Node  48 (honest  )  eps =   5.0414  sigma =  0.000  frozen = False
Node  49 (honest  )  eps =   5.9260  sigma =  0.899  frozen = False
Node  50 (honest  )  eps =   5.3002  sigma =  0.000  frozen = False
Node  51 (honest  )  eps =   3.9768  sigma =  0.000  frozen = False
Node  52 (honest  )  eps =   6.3458  sigma =  0.000  frozen = False
Node  53 (honest  )  eps =   4.4416  sigma =  0.000  frozen = False
Node  54 (honest  )  eps =   3.2759  sigma =  0.000  frozen = False
Node  55 (honest  )  eps =   3.3744  sigma =  0.000  frozen = False
Node  56 (honest  )  eps =   5.7795  sigma =  0.000  frozen = False
Node  57 (honest  )  eps =   6.5746  sigma =  0.000  frozen = False
Node  58 (honest  )  eps =   5.5084  sigma =  0.000  frozen = False
Node  59 (honest  )  eps =   5.1932  sigma =  0.000  frozen = False
Node  60 (honest  )  eps =   5.0517  sigma =  0.000  frozen = False
Node  61 (honest  )  eps =   5.3305  sigma =  0.000  frozen = False
Node  62 (honest  )  eps =   6.4098  sigma =  0.000  frozen = False
Node  63 (honest  )  eps =   5.7280  sigma =  0.000  frozen = False
Node  64 (honest  )  eps =   5.6397  sigma =  0.000  frozen = False
Node  65 (honest  )  eps =   6.7298  sigma =  0.000  frozen = False
Node  66 (honest  )  eps =   5.4599  sigma =  0.000  frozen = False
Node  67 (honest  )  eps =   6.2554  sigma =  0.000  frozen = False
Node  68 (honest  )  eps =   5.8510  sigma =  0.996  frozen = False
Node  69 (honest  )  eps =   5.1408  sigma =  0.000  frozen = False
Node  70 (honest  )  eps =   4.3796  sigma =  0.000  frozen = False
Node  71 (honest  )  eps =   4.9421  sigma =  0.000  frozen = False
Node  72 (honest  )  eps =   3.9862  sigma =  0.000  frozen = False
Node  73 (honest  )  eps =   6.7358  sigma =  0.000  frozen = False
Node  74 (honest  )  eps =   5.6021  sigma =  0.000  frozen = False
Node  75 (honest  )  eps =   5.4909  sigma =  0.000  frozen = False
Node  76 (honest  )  eps =   3.5412  sigma =  0.000  frozen = False
Node  77 (honest  )  eps =   3.7451  sigma =  0.000  frozen = False
Node  78 (honest  )  eps =   4.4747  sigma =  0.000  frozen = False
Node  79 (honest  )  eps =   5.8798  sigma =  0.000  frozen = False
Node  80 (honest  )  eps =   2.4116  sigma =  0.000  frozen = False
Node  81 (honest  )  eps =   5.9065  sigma =  0.000  frozen = False
Node  82 (honest  )  eps =   5.4391  sigma =  0.000  frozen = False
Node  83 (honest  )  eps =   6.0832  sigma =  0.000  frozen = False
Node  84 (honest  )  eps =   5.3748  sigma =  0.000  frozen = False
Node  85 (honest  )  eps =   5.6803  sigma =  0.000  frozen = False
Node  86 (honest  )  eps =   3.6448  sigma =  0.000  frozen = False
Node  87 (honest  )  eps =   5.3142  sigma =  0.000  frozen = False
Node  88 (honest  )  eps =   5.6562  sigma =  0.000  frozen = False
Node  89 (honest  )  eps =   5.3270  sigma =  0.000  frozen = False
Node  90 (honest  )  eps =   3.3425  sigma =  0.000  frozen = False
Node  91 (honest  )  eps =   5.1647  sigma =  0.000  frozen = False
Node  92 (honest  )  eps =   2.4274  sigma =  0.000  frozen = False
Node  93 (honest  )  eps =   6.1978  sigma =  0.000  frozen = False
Node  94 (honest  )  eps =   5.3030  sigma =  0.000  frozen = False
Node  95 (honest  )  eps =   3.5752  sigma =  0.000  frozen = False
Node  96 (honest  )  eps =   4.6593  sigma =  0.000  frozen = False
Node  97 (honest  )  eps =   3.8183  sigma =  0.000  frozen = False
Node  98 (honest  )  eps =   5.8249  sigma =  0.000  frozen = False
Node  99 (honest  )  eps =   3.3164  sigma =  0.000  frozen = False
Node 100 (honest  )  eps =   5.1690  sigma =  0.000  frozen = False
Node 101 (honest  )  eps =   3.5000  sigma =  0.000  frozen = False
Node 102 (honest  )  eps =   5.2688  sigma =  0.000  frozen = False
Node 103 (honest  )  eps =   6.1334  sigma =  0.000  frozen = False
Node 104 (honest  )  eps =   3.2705  sigma =  0.000  frozen = False
Node 105 (honest  )  eps =   5.5314  sigma =  0.000  frozen = False
Node 106 (honest  )  eps =   7.1324  sigma =  0.000  frozen = False
Node 107 (honest  )  eps =   4.0312  sigma =  0.000  frozen = False
Node 108 (honest  )  eps =   5.6910  sigma =  0.000  frozen = False
Node 109 (honest  )  eps =   3.8787  sigma =  0.000  frozen = False
Node 110 (honest  )  eps =   5.6378  sigma =  0.827  frozen = False
Node 111 (honest  )  eps =   6.1415  sigma =  0.000  frozen = False
Node 112 (honest  )  eps =   7.5251  sigma =  0.000  frozen = False
Node 113 (honest  )  eps =   6.4169  sigma =  0.000  frozen = False
Node 114 (honest  )  eps =   6.1922  sigma =  0.000  frozen = False
Node 115 (honest  )  eps =   6.3547  sigma =  0.000  frozen = False
Node 116 (honest  )  eps =   3.0024  sigma =  0.000  frozen = False
Node 117 (honest  )  eps =   5.4201  sigma =  0.000  frozen = False
Node 118 (honest  )  eps =   5.5965  sigma =  0.000  frozen = False
Node 119 (honest  )  eps =   5.8351  sigma =  0.000  frozen = False
Node 120 (honest  )  eps =   6.7543  sigma =  0.000  frozen = False
Node 121 (honest  )  eps =   5.5798  sigma =  0.000  frozen = False
Node 122 (honest  )  eps =   6.0183  sigma =  0.000  frozen = False
Node 123 (honest  )  eps =   5.7960  sigma =  0.000  frozen = False
Node 124 (honest  )  eps =   4.0019  sigma =  0.000  frozen = False
Node 125 (honest  )  eps =   0.0000  sigma =  0.000  frozen = False
Node 126 (honest  )  eps =   5.3688  sigma =  0.000  frozen = False
Node 127 (honest  )  eps =   5.2648  sigma =  0.000  frozen = False
Node 128 (honest  )  eps =   5.2957  sigma =  0.000  frozen = False
Node 129 (honest  )  eps =   5.6569  sigma =  0.835  frozen = False
Node 130 (honest  )  eps =   5.6377  sigma =  0.000  frozen = False
Node 131 (honest  )  eps =   4.2078  sigma =  0.000  frozen = False
Node 132 (honest  )  eps =   5.7009  sigma =  0.000  frozen = False
Node 133 (honest  )  eps =   5.3555  sigma =  0.000  frozen = False
Node 134 (honest  )  eps =   6.1725  sigma =  0.000  frozen = False
Node 135 (honest  )  eps =   6.4202  sigma =  0.000  frozen = False
Node 136 (honest  )  eps =   2.7244  sigma =  0.000  frozen = False
Node 137 (honest  )  eps =   5.1358  sigma =  0.000  frozen = False
Node 138 (honest  )  eps =   5.4734  sigma =  0.000  frozen = False
Node 139 (honest  )  eps =   5.5518  sigma =  0.000  frozen = False
Node 140 (honest  )  eps =   5.4421  sigma =  0.000  frozen = False
Node 141 (honest  )  eps =   4.8916  sigma =  0.000  frozen = False
Node 142 (honest  )  eps =   3.9109  sigma =  0.000  frozen = False
Node 143 (honest  )  eps =   5.3601  sigma =  0.000  frozen = False
Node 144 (honest  )  eps =   5.8263  sigma =  0.000  frozen = False
Node 145 (honest  )  eps =   3.8173  sigma =  0.000  frozen = False
Node 146 (honest  )  eps =   6.0413  sigma =  0.000  frozen = False
Node 147 (honest  )  eps =   6.0786  sigma =  0.000  frozen = False
Node 148 (honest  )  eps =   3.6570  sigma =  0.000  frozen = False
Node 149 (honest  )  eps =   4.0433  sigma =  0.000  frozen = False
Node 150 (honest  )  eps =   4.5784  sigma =  0.000  frozen = False
Node 151 (honest  )  eps =   5.9185  sigma =  0.000  frozen = False
Node 152 (honest  )  eps =   5.3109  sigma =  0.000  frozen = False
Node 153 (honest  )  eps =   6.2126  sigma =  0.000  frozen = False
Node 154 (honest  )  eps =   5.4760  sigma =  0.000  frozen = False
Node 155 (honest  )  eps =   6.8044  sigma =  0.000  frozen = False
Node 156 (honest  )  eps =   5.4348  sigma =  0.000  frozen = False
Node 157 (honest  )  eps =   5.3707  sigma =  0.000  frozen = False
Node 158 (honest  )  eps =   6.3231  sigma =  0.000  frozen = False
Node 159 (honest  )  eps =   5.1133  sigma =  0.000  frozen = False
Node 160 (honest  )  eps =   6.3671  sigma =  0.000  frozen = False
Node 161 (honest  )  eps =   4.0121  sigma =  0.000  frozen = False
Node 162 (honest  )  eps =   3.9127  sigma =  0.000  frozen = False
Node 163 (honest  )  eps =   6.1743  sigma =  0.000  frozen = False
Node 164 (honest  )  eps =   5.2254  sigma =  0.000  frozen = False
Node 165 (honest  )  eps =   2.0255  sigma =  0.000  frozen = False
Node 166 (honest  )  eps =   5.1841  sigma =  0.000  frozen = False
Node 167 (honest  )  eps =   6.5615  sigma =  0.000  frozen = False
Node 168 (honest  )  eps =   4.1904  sigma =  0.000  frozen = False
Node 169 (honest  )  eps =   5.4709  sigma =  0.000  frozen = False
Node 170 (honest  )  eps =   2.6709  sigma =  0.000  frozen = False
Node 171 (honest  )  eps =   4.5828  sigma =  0.000  frozen = False
Node 172 (honest  )  eps =   6.1863  sigma =  0.000  frozen = False
Node 173 (honest  )  eps =   3.4715  sigma =  0.000  frozen = False
Node 174 (honest  )  eps =   5.7840  sigma =  0.000  frozen = False
Node 175 (honest  )  eps =   6.2438  sigma =  0.000  frozen = False
Node 176 (honest  )  eps =   5.4975  sigma =  0.000  frozen = False
Node 177 (honest  )  eps =   6.1752  sigma =  0.000  frozen = False
Node 178 (honest  )  eps =   4.1815  sigma =  0.000  frozen = False
Node 179 (honest  )  eps =   5.8221  sigma =  0.000  frozen = False
Node 180 (honest  )  eps =   5.5844  sigma =  0.000  frozen = False
Node 181 (honest  )  eps =   7.3799  sigma =  0.000  frozen = False
Node 182 (honest  )  eps =   5.6736  sigma =  0.000  frozen = False
Node 183 (honest  )  eps =   2.4076  sigma =  0.000  frozen = False
Node 184 (honest  )  eps =   5.1624  sigma =  0.000  frozen = False
Node 185 (honest  )  eps =   4.6013  sigma =  0.000  frozen = False
Node 186 (honest  )  eps =   4.9143  sigma =  0.000  frozen = False
Node 187 (honest  )  eps =   5.3344  sigma =  0.000  frozen = False
Node 188 (honest  )  eps =   5.9428  sigma =  0.000  frozen = False
Node 189 (honest  )  eps =   6.5420  sigma =  0.000  frozen = False
Node 190 (honest  )  eps =   3.7588  sigma =  0.000  frozen = False
Node 191 (honest  )  eps =   4.3937  sigma =  0.000  frozen = False
Node 192 (honest  )  eps =   5.2568  sigma =  0.000  frozen = False
Node 193 (honest  )  eps =   7.2077  sigma =  0.000  frozen = False
Node 194 (honest  )  eps =   6.3586  sigma =  0.000  frozen = False
Node 195 (honest  )  eps =   6.0728  sigma =  0.814  frozen = False
Node 196 (honest  )  eps =   5.7908  sigma =  0.000  frozen = False
Node 197 (honest  )  eps =   6.0593  sigma =  0.000  frozen = False
Node 198 (honest  )  eps =   6.5152  sigma =  0.710  frozen = False
Node 199 (honest  )  eps =   5.0341  sigma =  0.000  frozen = False
Node 200 (honest  )  eps =   6.0786  sigma =  0.000  frozen = False
Node 201 (honest  )  eps =   6.1180  sigma =  0.000  frozen = False
Node 202 (honest  )  eps =   7.6026  sigma =  0.000  frozen = False
Node 203 (honest  )  eps =   7.4117  sigma =  0.000  frozen = False
Node 204 (honest  )  eps =   3.3076  sigma =  0.000  frozen = False
Node 205 (honest  )  eps =   6.0329  sigma =  0.000  frozen = False
Node 206 (honest  )  eps =   5.5318  sigma =  0.000  frozen = False
Node 207 (honest  )  eps =   2.8887  sigma =  0.000  frozen = False
Node 208 (honest  )  eps =   5.4132  sigma =  0.000  frozen = False
Node 209 (honest  )  eps =   6.7446  sigma =  0.000  frozen = False
Node 210 (honest  )  eps =   6.7140  sigma =  0.000  frozen = False
Node 211 (honest  )  eps =   6.9882  sigma =  0.000  frozen = False
Node 212 (honest  )  eps =   5.7624  sigma =  0.000  frozen = False
Node 213 (honest  )  eps =   6.3978  sigma =  0.000  frozen = False
Node 214 (honest  )  eps =   5.2995  sigma =  0.000  frozen = False
Node 215 (honest  )  eps =   5.8157  sigma =  0.000  frozen = False
Node 216 (honest  )  eps =   3.7842  sigma =  0.000  frozen = False
Node 217 (honest  )  eps =   3.7189  sigma =  0.000  frozen = False
Node 218 (honest  )  eps =   7.0517  sigma =  0.000  frozen = False
Node 219 (honest  )  eps =   5.9923  sigma =  0.000  frozen = False
Node 220 (honest  )  eps =   5.2294  sigma =  0.000  frozen = False
Node 221 (honest  )  eps =   5.3492  sigma =  0.000  frozen = False
Node 222 (honest  )  eps =   6.2878  sigma =  0.000  frozen = False
Node 223 (honest  )  eps =   5.1496  sigma =  0.000  frozen = False
Node 224 (honest  )  eps =   5.3172  sigma =  0.000  frozen = False
Node 225 (honest  )  eps =   6.9541  sigma =  0.000  frozen = False
Node 226 (honest  )  eps =   5.4614  sigma =  0.000  frozen = False
Node 227 (honest  )  eps =   5.4039  sigma =  0.000  frozen = False
Node 228 (honest  )  eps =   4.5911  sigma =  0.000  frozen = False
Node 229 (honest  )  eps =   5.8510  sigma =  0.000  frozen = False
Node 230 (honest  )  eps =   7.2176  sigma =  0.000  frozen = False
Node 231 (honest  )  eps =   3.4533  sigma =  0.000  frozen = False
Node 232 (honest  )  eps =   5.9746  sigma =  0.000  frozen = False
Node 233 (honest  )  eps =   6.0562  sigma =  0.000  frozen = False
Node 234 (honest  )  eps =   5.3351  sigma =  0.000  frozen = False
Node 235 (honest  )  eps =   5.7052  sigma =  0.000  frozen = False
Node 236 (honest  )  eps =   6.2113  sigma =  0.000  frozen = False
Node 237 (honest  )  eps =   5.6989  sigma =  0.000  frozen = False
Node 238 (honest  )  eps =   3.9372  sigma =  0.000  frozen = False
Node 239 (honest  )  eps =   6.0507  sigma =  0.000  frozen = False
Node 240 (honest  )  eps =   6.5923  sigma =  0.000  frozen = False
Node 241 (honest  )  eps =   6.8697  sigma =  0.000  frozen = False
Node 242 (honest  )  eps =   3.8687  sigma =  0.000  frozen = False
Node 243 (honest  )  eps =   3.3719  sigma =  0.000  frozen = False
Node 244 (honest  )  eps =   2.7865  sigma =  0.000  frozen = False
Node 245 (honest  )  eps =   6.1493  sigma =  0.000  frozen = False
Node 246 (honest  )  eps =   5.3964  sigma =  0.000  frozen = False
Node 247 (honest  )  eps =   4.9818  sigma =  0.000  frozen = False
Node 248 (honest  )  eps =   4.7699  sigma =  0.000  frozen = False
Node 249 (honest  )  eps =   5.6746  sigma =  0.000  frozen = False
Node 250 (honest  )  eps =   3.5018  sigma =  0.000  frozen = False
Node 251 (honest  )  eps =   5.9614  sigma =  0.000  frozen = False
Node 252 (honest  )  eps =   5.2143  sigma =  0.000  frozen = False
Node 253 (honest  )  eps =   3.2971  sigma =  0.000  frozen = False
Node 254 (honest  )  eps =   5.3067  sigma =  0.000  frozen = False
Node 255 (honest  )  eps =   4.5703  sigma =  0.000  frozen = False
Node 256 (honest  )  eps =   5.2043  sigma =  0.000  frozen = False
Node 257 (honest  )  eps =   3.0985  sigma =  0.000  frozen = False
Node 258 (honest  )  eps =   4.3368  sigma =  0.000  frozen = False
Node 259 (honest  )  eps =   5.5974  sigma =  0.000  frozen = False
Node 260 (honest  )  eps =   5.3096  sigma =  0.000  frozen = False
Node 261 (honest  )  eps =   5.3650  sigma =  0.000  frozen = False
Node 262 (honest  )  eps =   5.1460  sigma =  0.000  frozen = False
Node 263 (honest  )  eps =   3.6495  sigma =  0.000  frozen = False
Node 264 (honest  )  eps =   6.5696  sigma =  0.000  frozen = False
Node 265 (honest  )  eps =   6.7927  sigma =  0.000  frozen = False
Node 266 (honest  )  eps =   8.2093  sigma =  0.745  frozen = False
Node 267 (honest  )  eps =   4.2968  sigma =  0.000  frozen = False
Node 268 (honest  )  eps =   5.3881  sigma =  0.000  frozen = False
Node 269 (honest  )  eps =   5.0497  sigma =  0.000  frozen = False
Node 270 (honest  )  eps =   5.3327  sigma =  0.000  frozen = False
Node 271 (honest  )  eps =   4.0231  sigma =  0.000  frozen = False
Node 272 (honest  )  eps =   7.5300  sigma =  0.000  frozen = False
Node 273 (honest  )  eps =   0.0000  sigma =  0.000  frozen = False
Node 274 (honest  )  eps =   5.1871  sigma =  0.000  frozen = False
Node 275 (honest  )  eps =   4.3243  sigma =  0.000  frozen = False
Node 276 (honest  )  eps =   5.3588  sigma =  0.000  frozen = False
Node 277 (honest  )  eps =   7.6088  sigma =  0.000  frozen = False
Node 278 (honest  )  eps =   3.4960  sigma =  0.000  frozen = False
Node 279 (honest  )  eps =   5.8486  sigma =  0.000  frozen = False
Node 280 (honest  )  eps =   5.4321  sigma =  0.000  frozen = False
Node 281 (honest  )  eps =   5.1563  sigma =  0.000  frozen = False
Node 282 (honest  )  eps =   5.6691  sigma =  0.000  frozen = False
Node 283 (honest  )  eps =   5.6669  sigma =  0.000  frozen = False
Node 284 (honest  )  eps =   5.2642  sigma =  0.000  frozen = False
Node 285 (honest  )  eps =   3.6673  sigma =  0.000  frozen = False
Node 286 (honest  )  eps =   5.4584  sigma =  0.000  frozen = False
Node 287 (honest  )  eps =   6.5218  sigma =  0.000  frozen = False
Node 288 (honest  )  eps =   6.9081  sigma =  0.000  frozen = False
Node 289 (honest  )  eps =   5.4069  sigma =  0.000  frozen = False
Node 290 (honest  )  eps =   4.9220  sigma =  0.000  frozen = False
Node 291 (honest  )  eps =   5.6206  sigma =  0.852  frozen = False
Node 292 (honest  )  eps =   5.3230  sigma =  0.000  frozen = False
Node 293 (honest  )  eps =   3.9330  sigma =  0.000  frozen = False
Node 294 (honest  )  eps =   5.4819  sigma =  0.000  frozen = False
Node 295 (honest  )  eps =   6.8562  sigma =  0.000  frozen = False
Node 296 (honest  )  eps =   4.9983  sigma =  0.000  frozen = False
Node 297 (honest  )  eps =   6.2780  sigma =  0.000  frozen = False
Node 298 (honest  )  eps =   4.8349  sigma =  0.000  frozen = False
Node 299 (honest  )  eps =   6.5169  sigma =  0.000  frozen = False
Node 300 (honest  )  eps =   4.3796  sigma =  0.000  frozen = False
Node 301 (honest  )  eps =   5.3460  sigma =  0.000  frozen = False
Node 302 (honest  )  eps =   4.8383  sigma =  0.000  frozen = False
Node 303 (honest  )  eps =   5.1349  sigma =  0.000  frozen = False
Node 304 (honest  )  eps =   5.0579  sigma =  0.000  frozen = False
Node 305 (honest  )  eps =   4.7059  sigma =  0.000  frozen = False
Node 306 (honest  )  eps =   5.7811  sigma =  0.000  frozen = False
Node 307 (honest  )  eps =   5.2119  sigma =  0.000  frozen = False
Node 308 (honest  )  eps =   2.5167  sigma =  0.000  frozen = False
Node 309 (honest  )  eps =   5.5469  sigma =  0.000  frozen = False
Node 310 (honest  )  eps =   5.2446  sigma =  0.000  frozen = False
Node 311 (honest  )  eps =   5.9617  sigma =  0.772  frozen = False
Node 312 (honest  )  eps =   5.6849  sigma =  0.000  frozen = False
Node 313 (honest  )  eps =   5.1669  sigma =  0.000  frozen = False
Node 314 (honest  )  eps =   4.7238  sigma =  0.000  frozen = False
Node 315 (honest  )  eps =   5.9498  sigma =  0.000  frozen = False
Node 316 (honest  )  eps =   5.5781  sigma =  0.000  frozen = False
Node 317 (honest  )  eps =   5.3852  sigma =  0.000  frozen = False
Node 318 (honest  )  eps =   6.0791  sigma =  0.000  frozen = False
Node 319 (honest  )  eps =   4.7925  sigma =  0.000  frozen = False
Node 320 (honest  )  eps =   4.6648  sigma =  0.000  frozen = False
Node 321 (honest  )  eps =   7.0847  sigma =  0.717  frozen = False
Node 322 (honest  )  eps =   3.9510  sigma =  0.000  frozen = False
Node 323 (honest  )  eps =   5.7545  sigma =  0.000  frozen = False
Node 324 (honest  )  eps =   6.0161  sigma =  0.000  frozen = False
Node 325 (honest  )  eps =   3.8696  sigma =  0.000  frozen = False
Node 326 (honest  )  eps =   3.9234  sigma =  0.000  frozen = False
Node 327 (honest  )  eps =   5.8967  sigma =  0.000  frozen = False
Node 328 (honest  )  eps =   6.2523  sigma =  0.000  frozen = False
Node 329 (honest  )  eps =   5.7535  sigma =  0.000  frozen = False
Node 330 (honest  )  eps =   3.7552  sigma =  0.000  frozen = False
Node 331 (honest  )  eps =   2.4318  sigma =  0.000  frozen = False
Node 332 (honest  )  eps =   3.5870  sigma =  0.000  frozen = False
Node 333 (honest  )  eps =   5.7313  sigma =  0.000  frozen = False
Node 334 (honest  )  eps =   5.8589  sigma =  0.000  frozen = False
Node 335 (honest  )  eps =   5.8418  sigma =  0.000  frozen = False
Node 336 (honest  )  eps =   5.6568  sigma =  0.835  frozen = False
Node 337 (honest  )  eps =   6.0571  sigma =  0.000  frozen = False
Node 338 (honest  )  eps =   6.0603  sigma =  0.828  frozen = False
Node 339 (honest  )  eps =   3.6638  sigma =  0.000  frozen = False
Node 340 (honest  )  eps =   6.5349  sigma =  0.000  frozen = False
Node 341 (honest  )  eps =   5.9299  sigma =  0.000  frozen = False
Node 342 (honest  )  eps =   3.9020  sigma =  0.000  frozen = False
Node 343 (honest  )  eps =   5.6071  sigma =  0.000  frozen = False
Node 344 (honest  )  eps =   5.4313  sigma =  0.000  frozen = False
Node 345 (honest  )  eps =   4.2505  sigma =  0.000  frozen = False
Node 346 (honest  )  eps =   5.3235  sigma =  0.000  frozen = False
Node 347 (honest  )  eps =   5.2369  sigma =  0.000  frozen = False
Node 348 (honest  )  eps =   6.8167  sigma =  0.000  frozen = False
Node 349 (honest  )  eps =   5.6573  sigma =  0.000  frozen = False
Node 350 (honest  )  eps =   5.1803  sigma =  0.000  frozen = False
Node 351 (honest  )  eps =   5.4749  sigma =  0.000  frozen = False
Node 352 (honest  )  eps =   5.9106  sigma =  0.000  frozen = False
Node 353 (honest  )  eps =   5.3866  sigma =  0.000  frozen = False
Node 354 (honest  )  eps =   6.0072  sigma =  0.000  frozen = False
Node 355 (honest  )  eps =   5.2550  sigma =  0.000  frozen = False
Node 356 (honest  )  eps =   5.4828  sigma =  0.000  frozen = False
Node 357 (honest  )  eps =   7.4015  sigma =  0.860  frozen = False
Node 358 (honest  )  eps =   5.5976  sigma =  0.000  frozen = False
Node 359 (honest  )  eps =   5.8674  sigma =  0.000  frozen = False
Node 360 (honest  )  eps =   5.4185  sigma =  0.000  frozen = False
Node 361 (honest  )  eps =   5.8327  sigma =  0.000  frozen = False
Node 362 (honest  )  eps =   6.9013  sigma =  0.000  frozen = False
Node 363 (honest  )  eps =   6.0725  sigma =  0.746  frozen = False
Node 364 (honest  )  eps =   7.5400  sigma =  0.000  frozen = False
Node 365 (honest  )  eps =   7.2410  sigma =  0.000  frozen = False
Node 366 (honest  )  eps =   5.2993  sigma =  0.000  frozen = False
Node 367 (honest  )  eps =   5.4744  sigma =  0.000  frozen = False
Node 368 (honest  )  eps =   5.1877  sigma =  0.000  frozen = False
Node 369 (honest  )  eps =   5.5980  sigma =  0.000  frozen = False
Node 370 (honest  )  eps =   5.2933  sigma =  0.000  frozen = False
Node 371 (honest  )  eps =   4.3743  sigma =  0.000  frozen = False
Node 372 (honest  )  eps =   5.4529  sigma =  0.000  frozen = False
Node 373 (honest  )  eps =   4.7035  sigma =  0.000  frozen = False
Node 374 (honest  )  eps =   5.8161  sigma =  0.000  frozen = False
Node 375 (honest  )  eps =   7.4750  sigma =  0.000  frozen = False
Node 376 (honest  )  eps =   5.6028  sigma =  0.000  frozen = False
Node 377 (honest  )  eps =   5.5774  sigma =  0.000  frozen = False
Node 378 (honest  )  eps =   5.9852  sigma =  0.000  frozen = False
Node 379 (honest  )  eps =   3.6932  sigma =  0.000  frozen = False
Node 380 (honest  )  eps =   4.9876  sigma =  0.000  frozen = False
Node 381 (honest  )  eps =   5.9130  sigma =  0.000  frozen = False
Node 382 (honest  )  eps =   5.7644  sigma =  0.000  frozen = False
Node 383 (honest  )  eps =   5.1556  sigma =  0.000  frozen = False
Node 384 (honest  )  eps =   5.9547  sigma =  0.000  frozen = False
Node 385 (honest  )  eps =   5.0837  sigma =  0.000  frozen = False
Node 386 (honest  )  eps =   5.4736  sigma =  0.000  frozen = False
Node 387 (honest  )  eps =   3.7807  sigma =  0.000  frozen = False
Node 388 (honest  )  eps =   5.4613  sigma =  0.000  frozen = False
Node 389 (honest  )  eps =   5.1628  sigma =  0.000  frozen = False
Node 390 (honest  )  eps =   5.7220  sigma =  0.000  frozen = False
Node 391 (honest  )  eps =   7.8656  sigma =  0.000  frozen = False
Node 392 (honest  )  eps =   5.4596  sigma =  0.000  frozen = False
Node 393 (honest  )  eps =   6.0435  sigma =  0.817  frozen = False
Node 394 (honest  )  eps =   4.8149  sigma =  0.000  frozen = False
Node 395 (honest  )  eps =   4.9938  sigma =  0.000  frozen = False
Node 396 (honest  )  eps =   4.6689  sigma =  0.000  frozen = False
Node 397 (honest  )  eps =   6.3786  sigma =  0.000  frozen = False
Node 398 (honest  )  eps =   5.3375  sigma =  0.000  frozen = False
Node 399 (honest  )  eps =   3.3573  sigma =  0.000  frozen = False
Node 400 (honest  )  eps =   5.1471  sigma =  0.000  frozen = False
Node 401 (honest  )  eps =   6.1649  sigma =  0.000  frozen = False
Node 402 (honest  )  eps =   3.3271  sigma =  0.000  frozen = False
Node 403 (honest  )  eps =   6.2098  sigma =  0.000  frozen = False
Node 404 (honest  )  eps =   7.0851  sigma =  0.714  frozen = False
Node 405 (honest  )  eps =   0.0000  sigma =  0.000  frozen = False
Node 406 (honest  )  eps =   5.7524  sigma =  0.795  frozen = False
Node 407 (honest  )  eps =   2.6189  sigma =  0.000  frozen = False
Node 408 (honest  )  eps =   6.1152  sigma =  0.000  frozen = False
Node 409 (honest  )  eps =   5.7182  sigma =  0.000  frozen = False
Node 410 (honest  )  eps =   4.6977  sigma =  0.000  frozen = False
Node 411 (honest  )  eps =   4.8034  sigma =  0.000  frozen = False
Node 412 (honest  )  eps =   5.6188  sigma =  0.000  frozen = False
Node 413 (honest  )  eps =   5.8550  sigma =  0.000  frozen = False
Node 414 (honest  )  eps =   4.6490  sigma =  0.000  frozen = False
Node 415 (honest  )  eps =   5.4441  sigma =  0.000  frozen = False
Node 416 (honest  )  eps =   4.5189  sigma =  0.000  frozen = False
Node 417 (honest  )  eps =   6.0048  sigma =  0.937  frozen = False
Node 418 (honest  )  eps =   5.5772  sigma =  0.000  frozen = False
Node 419 (honest  )  eps =   5.6410  sigma =  0.000  frozen = False
Node 420 (honest  )  eps =   4.3164  sigma =  0.000  frozen = False
Node 421 (honest  )  eps =   5.7277  sigma =  0.000  frozen = False
Node 422 (honest  )  eps =   5.4037  sigma =  0.000  frozen = False
Node 423 (honest  )  eps =   5.9175  sigma =  0.000  frozen = False
Node 424 (honest  )  eps =   4.1014  sigma =  0.000  frozen = False
Node 425 (honest  )  eps =   6.7678  sigma =  0.733  frozen = False
Node 426 (honest  )  eps =   5.3754  sigma =  0.000  frozen = False
Node 427 (honest  )  eps =   5.1958  sigma =  0.000  frozen = False
Node 428 (honest  )  eps =   5.9957  sigma =  0.000  frozen = False
Node 429 (honest  )  eps =   6.1875  sigma =  0.000  frozen = False
Node 430 (honest  )  eps =   3.7014  sigma =  0.000  frozen = False
Node 431 (honest  )  eps =   4.3621  sigma =  0.000  frozen = False
Node 432 (honest  )  eps =   4.1872  sigma =  0.000  frozen = False
Node 433 (honest  )  eps =   5.1849  sigma =  0.000  frozen = False
Node 434 (honest  )  eps =   7.4630  sigma =  0.000  frozen = False
Node 435 (honest  )  eps =   7.0732  sigma =  0.000  frozen = False
Node 436 (honest  )  eps =   3.3978  sigma =  0.000  frozen = False
Node 437 (honest  )  eps =   5.2732  sigma =  0.000  frozen = False
Node 438 (honest  )  eps =   5.6612  sigma =  0.000  frozen = False
Node 439 (honest  )  eps =   5.5120  sigma =  0.000  frozen = False
Node 440 (honest  )  eps =   6.0944  sigma =  0.000  frozen = False
Node 441 (honest  )  eps =   4.3038  sigma =  0.000  frozen = False
Node 442 (honest  )  eps =   3.3711  sigma =  0.000  frozen = False
Node 443 (honest  )  eps =   4.0102  sigma =  0.000  frozen = False
Node 444 (honest  )  eps =   5.6732  sigma =  0.000  frozen = False
Node 445 (honest  )  eps =   5.7444  sigma =  0.000  frozen = False
Node 446 (honest  )  eps =   5.1911  sigma =  0.000  frozen = False
Node 447 (honest  )  eps =   5.3803  sigma =  0.000  frozen = False
Node 448 (honest  )  eps =   6.1217  sigma =  0.000  frozen = False
Node 449 (honest  )  eps =   5.1743  sigma =  0.000  frozen = False
Node 450 (honest  )  eps =   5.7296  sigma =  0.000  frozen = False
Node 451 (honest  )  eps =   5.1808  sigma =  0.994  frozen = False
Node 452 (honest  )  eps =   5.4945  sigma =  0.000  frozen = False
Node 453 (honest  )  eps =   5.6485  sigma =  0.000  frozen = False
Node 454 (honest  )  eps =   6.5986  sigma =  0.000  frozen = False
Node 455 (honest  )  eps =   5.2392  sigma =  0.000  frozen = False
Node 456 (honest  )  eps =   3.5749  sigma =  0.000  frozen = False
Node 457 (honest  )  eps =   5.2262  sigma =  0.000  frozen = False
Node 458 (honest  )  eps =   5.6596  sigma =  0.000  frozen = False
Node 459 (honest  )  eps =   5.5743  sigma =  0.000  frozen = False
Node 460 (honest  )  eps =   5.4916  sigma =  0.000  frozen = False
Node 461 (honest  )  eps =   5.1963  sigma =  0.000  frozen = False
Node 462 (honest  )  eps =   5.5973  sigma =  0.000  frozen = False
Node 463 (honest  )  eps =   5.4670  sigma =  0.000  frozen = False
Node 464 (honest  )  eps =   5.5011  sigma =  0.000  frozen = False
Node 465 (honest  )  eps =   7.7415  sigma =  0.000  frozen = False
Node 466 (honest  )  eps =   5.3179  sigma =  0.000  frozen = False
Node 467 (honest  )  eps =   6.0969  sigma =  0.000  frozen = False
Node 468 (honest  )  eps =   6.1897  sigma =  0.000  frozen = False
Node 469 (honest  )  eps =   5.1609  sigma =  0.000  frozen = False
Node 470 (honest  )  eps =   5.5917  sigma =  0.000  frozen = False
Node 471 (honest  )  eps =   3.8343  sigma =  0.000  frozen = False
Node 472 (honest  )  eps =   6.0006  sigma =  0.000  frozen = False
Node 473 (honest  )  eps =   5.9994  sigma =  0.000  frozen = False
Node 474 (honest  )  eps =   5.3360  sigma =  0.000  frozen = False
Node 475 (honest  )  eps =   5.4218  sigma =  0.000  frozen = False
Node 476 (honest  )  eps =   5.5712  sigma =  0.000  frozen = False
Node 477 (honest  )  eps =   5.6178  sigma =  0.000  frozen = False
Node 478 (honest  )  eps =   5.8143  sigma =  0.000  frozen = False
Node 479 (honest  )  eps =   6.5744  sigma =  0.746  frozen = False
Node 480 (honest  )  eps =   3.4479  sigma =  0.000  frozen = False
Node 481 (honest  )  eps =   2.5573  sigma =  0.000  frozen = False
Node 482 (honest  )  eps =   6.5542  sigma =  0.000  frozen = False
Node 483 (honest  )  eps =   5.3594  sigma =  0.848  frozen = False
Node 484 (honest  )  eps =   4.6138  sigma =  0.000  frozen = False
Node 485 (honest  )  eps =   5.0278  sigma =  0.000  frozen = False
Node 486 (honest  )  eps =   5.1528  sigma =  0.000  frozen = False
Node 487 (honest  )  eps =   5.3604  sigma =  0.000  frozen = False
Node 488 (honest  )  eps =   5.2673  sigma =  0.000  frozen = False
Node 489 (honest  )  eps =   5.2777  sigma =  0.000  frozen = False
Node 490 (honest  )  eps =   5.1791  sigma =  0.000  frozen = False
Node 491 (honest  )  eps =   3.5105  sigma =  0.000  frozen = False
Node 492 (honest  )  eps =   5.3924  sigma =  0.000  frozen = False
Node 493 (honest  )  eps =   6.1600  sigma =  0.000  frozen = False
Node 494 (honest  )  eps =   5.1132  sigma =  0.000  frozen = False
Node 495 (honest  )  eps =   5.1781  sigma =  0.000  frozen = False
Node 496 (honest  )  eps =   5.2452  sigma =  0.000  frozen = False
Node 497 (honest  )  eps =   5.9489  sigma =  0.000  frozen = False
Node 498 (honest  )  eps =   5.8657  sigma =  0.000  frozen = False
Node 499 (honest  )  eps =   5.2011  sigma =  0.000  frozen = False
------------------------------------------------------------
eps_system (max honest): 8.2093
eps_avg (honest):        5.2842
eps_std (honest):        1.1144
n_frozen:                0/500
============================================================
