2026-05-02 13:55:14 | INFO    | dpfl | Experiment start: algorithm=dp_fedavg, dataset=mnist, model=mlp, device=cuda
2026-05-02 13:55:14 | INFO    | dpfl | Config: nodes=500, attackers=150, rounds=300, noise_mode=post_training, attack=sign_flip
2026-05-02 13:55:14 | INFO    | dpfl.data.mnist_dataset | Loading MNIST dataset...
2026-05-02 13:55:15 | INFO    | dpfl.data.mnist_dataset | MNIST loaded: 60000 train, 10000 test samples
2026-05-02 13:58:15 | INFO    | dpfl.core.base_simulator | Vectorized state ready: param_spec.D=50890, X_test=(10000, 1, 28, 28), train clients N=500, max_n_samples=7000
2026-05-02 13:58:15 | INFO    | dpfl.core.base_simulator | Setup complete: 500 nodes (150 attackers), param_dim=50890, split=iid
2026-05-02 13:58:15 | DEBUG   | dpfl.core.base_simulator | Attacker IDs: {0, 1, 2, 3, 4, 5, 6, 7, 8, 9, 10, 11, 12, 13, 14, 15, 16, 17, 18, 19, 20, 21, 22, 23, 24, 25, 26, 27, 28, 29, 30, 31, 32, 33, 34, 35, 36, 37, 38, 39, 40, 41, 42, 43, 44, 45, 46, 47, 48, 49, 50, 51, 52, 53, 54, 55, 56, 57, 58, 59, 60, 61, 62, 63, 64, 65, 66, 67, 68, 69, 70, 71, 72, 73, 74, 75, 76, 77, 78, 79, 80, 81, 82, 83, 84, 85, 86, 87, 88, 89, 90, 91, 92, 93, 94, 95, 96, 97, 98, 99, 100, 101, 102, 103, 104, 105, 106, 107, 108, 109, 110, 111, 112, 113, 114, 115, 116, 117, 118, 119, 120, 121, 122, 123, 124, 125, 126, 127, 128, 129, 130, 131, 132, 133, 134, 135, 136, 137, 138, 139, 140, 141, 142, 143, 144, 145, 146, 147, 148, 149}
2026-05-02 13:58:15 | INFO    | dpfl.algorithms.fedavg.simulator | FedAvg data_sizes set: min=7000, max=7000, total=3500000
2026-05-02 13:58:16 | INFO    | dpfl.core.base_simulator | Round   1/300 | Acc: 0.1472 | Loss: 2.2787 | eps: 6.34 | P: 1.00 R: 0.00 F1: 0.00
2026-05-02 13:58:16 | DEBUG   | dpfl.core.base_simulator | Update norms — honest: ['2.63', '2.65', '2.65', '2.63', '2.65'], attacker: ['2.63', '2.65', '2.64', '2.65', '2.64']
2026-05-02 13:58:17 | INFO    | dpfl.core.base_simulator | Round   2/300 | Acc: 0.1585 | Loss: 2.2650 | eps: 7.53 | P: 1.00 R: 0.00 F1: 0.00
2026-05-02 13:58:17 | DEBUG   | dpfl.core.base_simulator | Update norms — honest: ['2.65', '2.63', '2.64', '2.63', '2.64'], attacker: ['2.64', '2.64', '2.64', '2.63', '2.65']
2026-05-02 13:58:18 | INFO    | dpfl.core.base_simulator | Round   3/300 | Acc: 0.1697 | Loss: 2.2502 | eps: 8.01 | P: 1.00 R: 0.00 F1: 0.00
2026-05-02 13:58:18 | DEBUG   | dpfl.core.base_simulator | Update norms — honest: ['2.65', '2.63', '2.64', '2.63', '2.64'], attacker: ['2.64', '2.64', '2.64', '2.66', '2.65']
2026-05-02 13:58:19 | INFO    | dpfl.core.base_simulator | Round   4/300 | Acc: 0.1792 | Loss: 2.2357 | eps: 8.50 | P: 1.00 R: 0.00 F1: 0.00
2026-05-02 13:58:19 | DEBUG   | dpfl.core.base_simulator | Update norms — honest: ['2.64', '2.65', '2.64', '2.64', '2.65'], attacker: ['2.64', '2.64', '2.64', '2.66', '2.64']
2026-05-02 13:58:19 | INFO    | dpfl.core.base_simulator | Round   5/300 | Acc: 0.1888 | Loss: 2.2229 | eps: 8.99 | P: 1.00 R: 0.00 F1: 0.00
2026-05-02 13:58:19 | DEBUG   | dpfl.core.base_simulator | Update norms — honest: ['2.62', '2.64', '2.63', '2.63', '2.64'], attacker: ['2.64', '2.63', '2.64', '2.64', '2.64']
2026-05-02 13:58:20 | INFO    | dpfl.core.base_simulator | Round   6/300 | Acc: 0.1992 | Loss: 2.2077 | eps: 9.47 | P: 1.00 R: 0.00 F1: 0.00
2026-05-02 13:58:20 | DEBUG   | dpfl.core.base_simulator | Update norms — honest: ['2.63', '2.62', '2.63', '2.64', '2.65'], attacker: ['2.63', '2.64', '2.63', '2.64', '2.64']
2026-05-02 13:58:21 | INFO    | dpfl.core.base_simulator | Round   7/300 | Acc: 0.2091 | Loss: 2.1923 | eps: 9.96 | P: 1.00 R: 0.00 F1: 0.00
2026-05-02 13:58:21 | DEBUG   | dpfl.core.base_simulator | Update norms — honest: ['2.64', '2.63', '2.63', '2.64', '2.64'], attacker: ['2.64', '2.64', '2.64', '2.64', '2.63']
2026-05-02 13:58:22 | INFO    | dpfl.core.base_simulator | Round   8/300 | Acc: 0.2197 | Loss: 2.1760 | eps: 10.45 | P: 1.00 R: 0.00 F1: 0.00
2026-05-02 13:58:22 | DEBUG   | dpfl.core.base_simulator | Update norms — honest: ['2.64', '2.63', '2.65', '2.64', '2.64'], attacker: ['2.63', '2.63', '2.65', '2.63', '2.65']
2026-05-02 13:58:23 | INFO    | dpfl.core.base_simulator | Round   9/300 | Acc: 0.2287 | Loss: 2.1598 | eps: 10.93 | P: 1.00 R: 0.00 F1: 0.00
2026-05-02 13:58:23 | DEBUG   | dpfl.core.base_simulator | Update norms — honest: ['2.64', '2.64', '2.63', '2.64', '2.64'], attacker: ['2.62', '2.64', '2.65', '2.63', '2.64']
2026-05-02 13:58:23 | INFO    | dpfl.core.base_simulator | Round  10/300 | Acc: 0.2355 | Loss: 2.1458 | eps: 11.38 | P: 1.00 R: 0.00 F1: 0.00
2026-05-02 13:58:23 | DEBUG   | dpfl.core.base_simulator | Update norms — honest: ['2.64', '2.63', '2.64', '2.64', '2.64'], attacker: ['2.64', '2.65', '2.64', '2.63', '2.64']
2026-05-02 13:58:24 | INFO    | dpfl.core.base_simulator | Round  11/300 | Acc: 0.2428 | Loss: 2.1313 | eps: 11.51 | P: 1.00 R: 0.00 F1: 0.00
2026-05-02 13:58:24 | DEBUG   | dpfl.core.base_simulator | Update norms — honest: ['2.64', '2.63', '2.62', '2.64', '2.63'], attacker: ['2.62', '2.65', '2.63', '2.63', '2.64']
2026-05-02 13:58:25 | INFO    | dpfl.core.base_simulator | Round  12/300 | Acc: 0.2518 | Loss: 2.1155 | eps: 11.64 | P: 1.00 R: 0.00 F1: 0.00
2026-05-02 13:58:25 | DEBUG   | dpfl.core.base_simulator | Update norms — honest: ['2.65', '2.64', '2.63', '2.63', '2.66'], attacker: ['2.65', '2.64', '2.65', '2.64', '2.64']
2026-05-02 13:58:26 | INFO    | dpfl.core.base_simulator | Round  13/300 | Acc: 0.2612 | Loss: 2.0969 | eps: 11.76 | P: 1.00 R: 0.00 F1: 0.00
2026-05-02 13:58:26 | DEBUG   | dpfl.core.base_simulator | Update norms — honest: ['2.64', '2.66', '2.63', '2.62', '2.63'], attacker: ['2.65', '2.64', '2.64', '2.63', '2.64']
2026-05-02 13:58:27 | INFO    | dpfl.core.base_simulator | Round  14/300 | Acc: 0.2696 | Loss: 2.0799 | eps: 11.89 | P: 1.00 R: 0.00 F1: 0.00
2026-05-02 13:58:27 | DEBUG   | dpfl.core.base_simulator | Update norms — honest: ['2.65', '2.66', '2.64', '2.65', '2.65'], attacker: ['2.64', '2.65', '2.64', '2.64', '2.63']
2026-05-02 13:58:27 | INFO    | dpfl.core.base_simulator | Round  15/300 | Acc: 0.2774 | Loss: 2.0627 | eps: 12.01 | P: 1.00 R: 0.00 F1: 0.00
2026-05-02 13:58:27 | DEBUG   | dpfl.core.base_simulator | Update norms — honest: ['2.64', '2.63', '2.64', '2.64', '2.63'], attacker: ['2.64', '2.63', '2.63', '2.63', '2.63']
2026-05-02 13:58:28 | INFO    | dpfl.core.base_simulator | Round  16/300 | Acc: 0.2854 | Loss: 2.0463 | eps: 12.14 | P: 1.00 R: 0.00 F1: 0.00
2026-05-02 13:58:28 | DEBUG   | dpfl.core.base_simulator | Update norms — honest: ['2.65', '2.64', '2.65', '2.64', '2.65'], attacker: ['2.65', '2.62', '2.64', '2.65', '2.66']
2026-05-02 13:58:29 | INFO    | dpfl.core.base_simulator | Round  17/300 | Acc: 0.2950 | Loss: 2.0269 | eps: 12.26 | P: 1.00 R: 0.00 F1: 0.00
2026-05-02 13:58:29 | DEBUG   | dpfl.core.base_simulator | Update norms — honest: ['2.64', '2.64', '2.64', '2.63', '2.64'], attacker: ['2.64', '2.63', '2.62', '2.64', '2.64']
2026-05-02 13:58:30 | INFO    | dpfl.core.base_simulator | Round  18/300 | Acc: 0.3020 | Loss: 2.0101 | eps: 12.39 | P: 1.00 R: 0.00 F1: 0.00
2026-05-02 13:58:30 | DEBUG   | dpfl.core.base_simulator | Update norms — honest: ['2.64', '2.63', '2.65', '2.63', '2.65'], attacker: ['2.64', '2.62', '2.63', '2.65', '2.63']
2026-05-02 13:58:30 | INFO    | dpfl.core.base_simulator | Round  19/300 | Acc: 0.3093 | Loss: 1.9932 | eps: 12.52 | P: 1.00 R: 0.00 F1: 0.00
2026-05-02 13:58:30 | DEBUG   | dpfl.core.base_simulator | Update norms — honest: ['2.63', '2.63', '2.65', '2.64', '2.65'], attacker: ['2.63', '2.63', '2.64', '2.64', '2.65']
2026-05-02 13:58:31 | INFO    | dpfl.core.base_simulator | Round  20/300 | Acc: 0.3165 | Loss: 1.9764 | eps: 12.64 | P: 1.00 R: 0.00 F1: 0.00
2026-05-02 13:58:31 | DEBUG   | dpfl.core.base_simulator | Update norms — honest: ['2.65', '2.64', '2.64', '2.64', '2.65'], attacker: ['2.64', '2.63', '2.63', '2.65', '2.64']
2026-05-02 13:58:32 | INFO    | dpfl.core.base_simulator | Round  21/300 | Acc: 0.3244 | Loss: 1.9602 | eps: 12.77 | P: 1.00 R: 0.00 F1: 0.00
2026-05-02 13:58:32 | DEBUG   | dpfl.core.base_simulator | Update norms — honest: ['2.65', '2.65', '2.62', '2.64', '2.63'], attacker: ['2.64', '2.65', '2.65', '2.64', '2.64']
2026-05-02 13:58:33 | INFO    | dpfl.core.base_simulator | Round  22/300 | Acc: 0.3320 | Loss: 1.9420 | eps: 12.89 | P: 1.00 R: 0.00 F1: 0.00
2026-05-02 13:58:33 | DEBUG   | dpfl.core.base_simulator | Update norms — honest: ['2.63', '2.63', '2.64', '2.63', '2.64'], attacker: ['2.64', '2.65', '2.63', '2.64', '2.64']
2026-05-02 13:58:34 | INFO    | dpfl.core.base_simulator | Round  23/300 | Acc: 0.3395 | Loss: 1.9225 | eps: 13.02 | P: 1.00 R: 0.00 F1: 0.00
2026-05-02 13:58:34 | DEBUG   | dpfl.core.base_simulator | Update norms — honest: ['2.62', '2.65', '2.62', '2.63', '2.64'], attacker: ['2.63', '2.65', '2.64', '2.64', '2.64']
2026-05-02 13:58:34 | INFO    | dpfl.core.base_simulator | Round  24/300 | Acc: 0.3453 | Loss: 1.9052 | eps: 13.14 | P: 1.00 R: 0.00 F1: 0.00
2026-05-02 13:58:34 | DEBUG   | dpfl.core.base_simulator | Update norms — honest: ['2.65', '2.63', '2.64', '2.64', '2.63'], attacker: ['2.63', '2.64', '2.64', '2.65', '2.64']
2026-05-02 13:58:35 | INFO    | dpfl.core.base_simulator | Round  25/300 | Acc: 0.3527 | Loss: 1.8866 | eps: 13.27 | P: 1.00 R: 0.00 F1: 0.00
2026-05-02 13:58:35 | DEBUG   | dpfl.core.base_simulator | Update norms — honest: ['2.65', '2.65', '2.63', '2.63', '2.65'], attacker: ['2.65', '2.63', '2.63', '2.64', '2.64']
2026-05-02 13:58:36 | INFO    | dpfl.core.base_simulator | Round  26/300 | Acc: 0.3595 | Loss: 1.8692 | eps: 13.40 | P: 1.00 R: 0.00 F1: 0.00
2026-05-02 13:58:36 | DEBUG   | dpfl.core.base_simulator | Update norms — honest: ['2.64', '2.64', '2.63', '2.63', '2.63'], attacker: ['2.62', '2.65', '2.64', '2.63', '2.65']
2026-05-02 13:58:37 | INFO    | dpfl.core.base_simulator | Round  27/300 | Acc: 0.3647 | Loss: 1.8537 | eps: 13.52 | P: 1.00 R: 0.00 F1: 0.00
2026-05-02 13:58:37 | DEBUG   | dpfl.core.base_simulator | Update norms — honest: ['2.65', '2.65', '2.64', '2.64', '2.64'], attacker: ['2.64', '2.65', '2.65', '2.64', '2.65']
2026-05-02 13:58:37 | INFO    | dpfl.core.base_simulator | Round  28/300 | Acc: 0.3729 | Loss: 1.8344 | eps: 13.65 | P: 1.00 R: 0.00 F1: 0.00
2026-05-02 13:58:37 | DEBUG   | dpfl.core.base_simulator | Update norms — honest: ['2.64', '2.63', '2.63', '2.63', '2.64'], attacker: ['2.65', '2.65', '2.63', '2.66', '2.63']
2026-05-02 13:58:38 | INFO    | dpfl.core.base_simulator | Round  29/300 | Acc: 0.3790 | Loss: 1.8182 | eps: 13.77 | P: 1.00 R: 0.00 F1: 0.00
2026-05-02 13:58:38 | DEBUG   | dpfl.core.base_simulator | Update norms — honest: ['2.63', '2.64', '2.64', '2.65', '2.64'], attacker: ['2.65', '2.64', '2.64', '2.64', '2.63']
2026-05-02 13:58:39 | INFO    | dpfl.core.base_simulator | Round  30/300 | Acc: 0.3860 | Loss: 1.8009 | eps: 13.90 | P: 1.00 R: 0.00 F1: 0.00
2026-05-02 13:58:39 | DEBUG   | dpfl.core.base_simulator | Update norms — honest: ['2.63', '2.65', '2.63', '2.65', '2.64'], attacker: ['2.66', '2.64', '2.64', '2.64', '2.64']
2026-05-02 13:58:40 | INFO    | dpfl.core.base_simulator | Round  31/300 | Acc: 0.3928 | Loss: 1.7817 | eps: 14.02 | P: 1.00 R: 0.00 F1: 0.00
2026-05-02 13:58:40 | DEBUG   | dpfl.core.base_simulator | Update norms — honest: ['2.64', '2.65', '2.64', '2.64', '2.65'], attacker: ['2.65', '2.65', '2.65', '2.65', '2.64']
2026-05-02 13:58:40 | INFO    | dpfl.core.base_simulator | Round  32/300 | Acc: 0.3984 | Loss: 1.7659 | eps: 14.15 | P: 1.00 R: 0.00 F1: 0.00
2026-05-02 13:58:40 | DEBUG   | dpfl.core.base_simulator | Update norms — honest: ['2.64', '2.64', '2.64', '2.63', '2.63'], attacker: ['2.65', '2.65', '2.62', '2.63', '2.63']
2026-05-02 13:58:41 | INFO    | dpfl.core.base_simulator | Round  33/300 | Acc: 0.4035 | Loss: 1.7512 | eps: 14.28 | P: 1.00 R: 0.00 F1: 0.00
2026-05-02 13:58:41 | DEBUG   | dpfl.core.base_simulator | Update norms — honest: ['2.65', '2.65', '2.65', '2.64', '2.63'], attacker: ['2.64', '2.63', '2.64', '2.64', '2.66']
2026-05-02 13:58:42 | INFO    | dpfl.core.base_simulator | Round  34/300 | Acc: 0.4102 | Loss: 1.7340 | eps: 14.40 | P: 1.00 R: 0.00 F1: 0.00
2026-05-02 13:58:42 | DEBUG   | dpfl.core.base_simulator | Update norms — honest: ['2.65', '2.63', '2.64', '2.64', '2.65'], attacker: ['2.64', '2.64', '2.64', '2.64', '2.64']
2026-05-02 13:58:43 | INFO    | dpfl.core.base_simulator | Round  35/300 | Acc: 0.4166 | Loss: 1.7172 | eps: 14.53 | P: 1.00 R: 0.00 F1: 0.00
2026-05-02 13:58:43 | DEBUG   | dpfl.core.base_simulator | Update norms — honest: ['2.63', '2.63', '2.64', '2.64', '2.63'], attacker: ['2.65', '2.64', '2.64', '2.63', '2.64']
2026-05-02 13:58:44 | INFO    | dpfl.core.base_simulator | Round  36/300 | Acc: 0.4219 | Loss: 1.7026 | eps: 14.65 | P: 1.00 R: 0.00 F1: 0.00
2026-05-02 13:58:44 | DEBUG   | dpfl.core.base_simulator | Update norms — honest: ['2.64', '2.63', '2.65', '2.63', '2.63'], attacker: ['2.63', '2.65', '2.63', '2.64', '2.62']
2026-05-02 13:58:44 | INFO    | dpfl.core.base_simulator | Round  37/300 | Acc: 0.4282 | Loss: 1.6854 | eps: 14.78 | P: 1.00 R: 0.00 F1: 0.00
2026-05-02 13:58:44 | DEBUG   | dpfl.core.base_simulator | Update norms — honest: ['2.62', '2.64', '2.64', '2.65', '2.64'], attacker: ['2.64', '2.64', '2.63', '2.63', '2.63']
2026-05-02 13:58:45 | INFO    | dpfl.core.base_simulator | Round  38/300 | Acc: 0.4326 | Loss: 1.6719 | eps: 14.91 | P: 1.00 R: 0.00 F1: 0.00
2026-05-02 13:58:45 | DEBUG   | dpfl.core.base_simulator | Update norms — honest: ['2.64', '2.65', '2.63', '2.64', '2.64'], attacker: ['2.64', '2.63', '2.63', '2.63', '2.65']
2026-05-02 13:58:46 | INFO    | dpfl.core.base_simulator | Round  39/300 | Acc: 0.4380 | Loss: 1.6569 | eps: 15.03 | P: 1.00 R: 0.00 F1: 0.00
2026-05-02 13:58:46 | DEBUG   | dpfl.core.base_simulator | Update norms — honest: ['2.64', '2.64', '2.64', '2.64', '2.64'], attacker: ['2.63', '2.62', '2.62', '2.66', '2.64']
2026-05-02 13:58:47 | INFO    | dpfl.core.base_simulator | Round  40/300 | Acc: 0.4446 | Loss: 1.6394 | eps: 15.16 | P: 1.00 R: 0.00 F1: 0.00
2026-05-02 13:58:47 | DEBUG   | dpfl.core.base_simulator | Update norms — honest: ['2.64', '2.64', '2.64', '2.63', '2.64'], attacker: ['2.64', '2.65', '2.64', '2.64', '2.64']
2026-05-02 13:58:47 | INFO    | dpfl.core.base_simulator | Round  41/300 | Acc: 0.4508 | Loss: 1.6224 | eps: 15.28 | P: 1.00 R: 0.00 F1: 0.00
2026-05-02 13:58:47 | DEBUG   | dpfl.core.base_simulator | Update norms — honest: ['2.63', '2.63', '2.65', '2.64', '2.64'], attacker: ['2.63', '2.63', '2.64', '2.64', '2.64']
2026-05-02 13:58:48 | INFO    | dpfl.core.base_simulator | Round  42/300 | Acc: 0.4561 | Loss: 1.6078 | eps: 15.41 | P: 1.00 R: 0.00 F1: 0.00
2026-05-02 13:58:48 | DEBUG   | dpfl.core.base_simulator | Update norms — honest: ['2.64', '2.64', '2.64', '2.64', '2.64'], attacker: ['2.65', '2.64', '2.63', '2.65', '2.65']
2026-05-02 13:58:49 | INFO    | dpfl.core.base_simulator | Round  43/300 | Acc: 0.4634 | Loss: 1.5898 | eps: 15.53 | P: 1.00 R: 0.00 F1: 0.00
2026-05-02 13:58:49 | DEBUG   | dpfl.core.base_simulator | Update norms — honest: ['2.63', '2.64', '2.65', '2.62', '2.64'], attacker: ['2.64', '2.64', '2.63', '2.64', '2.64']
2026-05-02 13:58:50 | INFO    | dpfl.core.base_simulator | Round  44/300 | Acc: 0.4669 | Loss: 1.5783 | eps: 15.66 | P: 1.00 R: 0.00 F1: 0.00
2026-05-02 13:58:50 | DEBUG   | dpfl.core.base_simulator | Update norms — honest: ['2.65', '2.64', '2.64', '2.62', '2.63'], attacker: ['2.66', '2.64', '2.63', '2.62', '2.63']
2026-05-02 13:58:50 | INFO    | dpfl.core.base_simulator | Round  45/300 | Acc: 0.4711 | Loss: 1.5654 | eps: 15.79 | P: 1.00 R: 0.00 F1: 0.00
2026-05-02 13:58:50 | DEBUG   | dpfl.core.base_simulator | Update norms — honest: ['2.63', '2.63', '2.66', '2.65', '2.63'], attacker: ['2.62', '2.63', '2.63', '2.64', '2.64']
2026-05-02 13:58:51 | INFO    | dpfl.core.base_simulator | Round  46/300 | Acc: 0.4761 | Loss: 1.5511 | eps: 15.91 | P: 1.00 R: 0.00 F1: 0.00
2026-05-02 13:58:51 | DEBUG   | dpfl.core.base_simulator | Update norms — honest: ['2.64', '2.64', '2.65', '2.63', '2.63'], attacker: ['2.64', '2.64', '2.64', '2.64', '2.63']
2026-05-02 13:58:52 | INFO    | dpfl.core.base_simulator | Round  47/300 | Acc: 0.4822 | Loss: 1.5346 | eps: 16.04 | P: 1.00 R: 0.00 F1: 0.00
2026-05-02 13:58:52 | DEBUG   | dpfl.core.base_simulator | Update norms — honest: ['2.63', '2.65', '2.64', '2.63', '2.63'], attacker: ['2.64', '2.64', '2.65', '2.63', '2.63']
2026-05-02 13:58:52 | WARNING | dpfl.algorithms.fedavg.simulator | Round  47/300 | Budget exceeded (eps=16.04)
2026-05-02 13:58:53 | INFO    | dpfl | Experiment complete in 217.4s
============================================================
REPORT: DP-SGD Decentralized Federated Learning
============================================================
Timestamp:                  20260502_135514
Rounds completed:           47
Attack-active rounds:       0  (from round 50)
Final accuracy:             0.4822
Final test loss:            1.5346
Final epsilon:              16.04
Best alpha:                 2.0
Avg precision:              0.0000
Avg recall:                 0.0000
Avg F1 score:               0.0000
Avg update norm (honest):   2.6393
Avg update norm (attacker): 2.6394
============================================================
