2026-05-01 04:14:36 | INFO    | dpfl | Experiment start: algorithm=noise_game, dataset=mnist, model=mlp, device=cuda
2026-05-01 04:14:36 | INFO    | dpfl | Config: nodes=300, attackers=60, rounds=50, noise_mode=none, attack=scale
2026-05-01 04:14:36 | INFO    | dpfl.data.mnist_dataset | Loading MNIST dataset...
2026-05-01 04:14:36 | INFO    | dpfl.data.mnist_dataset | MNIST loaded: 60000 train, 10000 test samples
2026-05-01 04:14:52 | INFO    | dpfl.core.base_simulator | Vectorized state ready: param_spec.D=25450, X_test=(10000, 1, 28, 28), train clients N=300, max_n_samples=1200
2026-05-01 04:14:52 | INFO    | dpfl.core.base_simulator | Setup complete: 300 nodes (60 attackers), param_dim=25450, split=iid
2026-05-01 04:14:52 | DEBUG   | dpfl.core.base_simulator | Attacker IDs: {0, 1, 2, 3, 4, 5, 6, 7, 8, 9, 10, 11, 12, 13, 14, 15, 16, 17, 18, 19, 20, 21, 22, 23, 24, 25, 26, 27, 28, 29, 30, 31, 32, 33, 34, 35, 36, 37, 38, 39, 40, 41, 42, 43, 44, 45, 46, 47, 48, 49, 50, 51, 52, 53, 54, 55, 56, 57, 58, 59}
2026-05-01 04:14:53 | INFO    | dpfl.core.base_simulator | Round   1/50 | Acc: 0.1421 | Loss: 2.3838 | eps_max: 3.15 eps_avg: 0.17 | P: 0.00 R: 0.00 F1: 0.00
2026-05-01 04:14:53 | DEBUG   | dpfl.core.base_simulator | Update norms — honest: ['24.90', '25.05', '24.99', '24.85', '24.71'], attacker: ['0.11', '0.10', '0.11', '0.11', '0.11']
2026-05-01 04:14:53 | INFO    | dpfl.core.base_simulator | Round   2/50 | Acc: 0.2289 | Loss: 2.5704 | eps_max: 3.16 eps_avg: 0.47 | P: 0.00 R: 0.00 F1: 0.00
2026-05-01 04:14:53 | DEBUG   | dpfl.core.base_simulator | Update norms — honest: ['24.68', '24.69', '11.69', '24.72', '7.25'], attacker: ['0.10', '0.10', '0.10', '0.10', '0.10']
2026-05-01 04:14:54 | INFO    | dpfl.core.base_simulator | Round   3/50 | Acc: 0.2958 | Loss: 2.5375 | eps_max: 3.18 eps_avg: 0.71 | P: 0.00 R: 0.00 F1: 0.00
2026-05-01 04:14:54 | DEBUG   | dpfl.core.base_simulator | Update norms — honest: ['24.42', '44.92', '4.26', '24.34', '24.30'], attacker: ['0.11', '0.10', '0.11', '0.11', '0.11']
2026-05-01 04:14:55 | INFO    | dpfl.core.base_simulator | Round   4/50 | Acc: 0.3330 | Loss: 2.4732 | eps_max: 3.19 eps_avg: 0.99 | P: 0.00 R: 0.00 F1: 0.00
2026-05-01 04:14:55 | DEBUG   | dpfl.core.base_simulator | Update norms — honest: ['24.11', '24.17', '24.07', '23.91', '23.96'], attacker: ['0.11', '0.11', '0.11', '0.11', '0.11']
2026-05-01 04:14:55 | INFO    | dpfl.core.base_simulator | Round   5/50 | Acc: 0.3711 | Loss: 2.4977 | eps_max: 3.21 eps_avg: 1.18 | P: 0.00 R: 0.00 F1: 0.00
2026-05-01 04:14:55 | DEBUG   | dpfl.core.base_simulator | Update norms — honest: ['23.91', '23.86', '5.16', '5.74', '23.86'], attacker: ['0.11', '0.11', '0.11', '0.11', '0.11']
2026-05-01 04:14:56 | INFO    | dpfl.core.base_simulator | Round   6/50 | Acc: 0.4219 | Loss: 2.3145 | eps_max: 3.24 eps_avg: 1.29 | P: 0.00 R: 0.00 F1: 0.00
2026-05-01 04:14:56 | DEBUG   | dpfl.core.base_simulator | Update norms — honest: ['3.42', '23.27', '23.29', '43.02', '3.46'], attacker: ['0.10', '0.11', '0.11', '0.11', '0.11']
2026-05-01 04:14:56 | INFO    | dpfl.core.base_simulator | Round   7/50 | Acc: 0.4579 | Loss: 2.4022 | eps_max: 3.28 eps_avg: 1.48 | P: 0.00 R: 0.00 F1: 0.00
2026-05-01 04:14:56 | DEBUG   | dpfl.core.base_simulator | Update norms — honest: ['33.63', '23.33', '5.28', '23.37', '42.09'], attacker: ['0.10', '0.10', '0.11', '0.10', '0.11']
2026-05-01 04:14:57 | INFO    | dpfl.core.base_simulator | Round   8/50 | Acc: 0.4686 | Loss: 2.6736 | eps_max: 3.33 eps_avg: 1.76 | P: 0.00 R: 0.00 F1: 0.00
2026-05-01 04:14:57 | DEBUG   | dpfl.core.base_simulator | Update norms — honest: ['8.38', '22.89', '7.65', '37.63', '22.90'], attacker: ['0.10', '0.10', '0.10', '0.10', '0.11']
2026-05-01 04:14:58 | INFO    | dpfl.core.base_simulator | Round   9/50 | Acc: 0.4834 | Loss: 2.7593 | eps_max: 3.40 eps_avg: 1.97 | P: 0.00 R: 0.00 F1: 0.00
2026-05-01 04:14:58 | DEBUG   | dpfl.core.base_simulator | Update norms — honest: ['22.65', '22.63', '8.04', '44.11', '46.72'], attacker: ['0.10', '0.10', '0.10', '0.10', '0.10']
2026-05-01 04:14:58 | INFO    | dpfl.core.base_simulator | Round  10/50 | Acc: 0.5066 | Loss: 3.1488 | eps_max: 3.49 eps_avg: 2.06 | P: 0.00 R: 0.00 F1: 0.00
2026-05-01 04:14:58 | DEBUG   | dpfl.core.base_simulator | Update norms — honest: ['39.85', '45.28', '10.82', '20.71', '22.13'], attacker: ['0.09', '0.09', '0.10', '0.09', '0.10']
2026-05-01 04:14:59 | INFO    | dpfl.core.base_simulator | Round  11/50 | Acc: 0.5176 | Loss: 2.9749 | eps_max: 3.60 eps_avg: 2.18 | P: 0.00 R: 0.00 F1: 0.00
2026-05-01 04:14:59 | DEBUG   | dpfl.core.base_simulator | Update norms — honest: ['22.26', '9.66', '11.36', '22.24', '11.32'], attacker: ['0.09', '0.09', '0.09', '0.09', '0.09']
2026-05-01 04:14:59 | INFO    | dpfl.core.base_simulator | Round  12/50 | Acc: 0.5334 | Loss: 3.3483 | eps_max: 3.74 eps_avg: 2.25 | P: 0.00 R: 0.00 F1: 0.00
2026-05-01 04:14:59 | DEBUG   | dpfl.core.base_simulator | Update norms — honest: ['22.01', '38.62', '21.79', '8.45', '10.91'], attacker: ['0.08', '0.08', '0.09', '0.08', '0.09']
2026-05-01 04:15:00 | INFO    | dpfl.core.base_simulator | Round  13/50 | Acc: 0.5362 | Loss: 3.5689 | eps_max: 3.93 eps_avg: 2.38 | P: 0.00 R: 0.00 F1: 0.00
2026-05-01 04:15:00 | DEBUG   | dpfl.core.base_simulator | Update norms — honest: ['51.29', '33.62', '21.69', '11.35', '28.44'], attacker: ['0.08', '0.08', '0.08', '0.08', '0.08']
2026-05-01 04:15:01 | INFO    | dpfl.core.base_simulator | Round  14/50 | Acc: 0.5364 | Loss: 3.7654 | eps_max: 4.18 eps_avg: 2.51 | P: 0.00 R: 0.00 F1: 0.00
2026-05-01 04:15:01 | DEBUG   | dpfl.core.base_simulator | Update norms — honest: ['21.23', '41.30', '0.98', '8.86', '12.17'], attacker: ['0.07', '0.07', '0.08', '0.08', '0.08']
2026-05-01 04:15:01 | INFO    | dpfl.core.base_simulator | Round  15/50 | Acc: 0.5513 | Loss: 3.8935 | eps_max: 4.50 eps_avg: 2.56 | P: 0.00 R: 0.00 F1: 0.00
2026-05-01 04:15:01 | DEBUG   | dpfl.core.base_simulator | Update norms — honest: ['42.76', '8.19', '8.73', '54.24', '41.56'], attacker: ['0.07', '0.07', '0.07', '0.07', '0.07']
2026-05-01 04:15:02 | INFO    | dpfl.core.base_simulator | Round  16/50 | Acc: 0.5661 | Loss: 3.8172 | eps_max: 4.85 eps_avg: 2.58 | P: 0.00 R: 0.00 F1: 0.00
2026-05-01 04:15:02 | DEBUG   | dpfl.core.base_simulator | Update norms — honest: ['10.47', '11.36', '11.37', '12.22', '52.31'], attacker: ['0.07', '0.07', '0.07', '0.07', '0.07']
2026-05-01 04:15:03 | INFO    | dpfl.core.base_simulator | Round  17/50 | Acc: 0.5637 | Loss: 4.6023 | eps_max: 4.86 eps_avg: 2.67 | P: 0.00 R: 0.00 F1: 0.00
2026-05-01 04:15:03 | DEBUG   | dpfl.core.base_simulator | Update norms — honest: ['35.68', '45.08', '55.58', '46.55', '41.29'], attacker: ['0.06', '0.06', '0.06', '0.06', '0.07']
2026-05-01 04:15:03 | INFO    | dpfl.core.base_simulator | Round  18/50 | Acc: 0.5716 | Loss: 4.4821 | eps_max: 4.86 eps_avg: 2.74 | P: 0.00 R: 0.00 F1: 0.00
2026-05-01 04:15:03 | DEBUG   | dpfl.core.base_simulator | Update norms — honest: ['41.75', '12.05', '32.00', '9.87', '44.85'], attacker: ['0.06', '0.06', '0.06', '0.06', '0.06']
2026-05-01 04:15:04 | INFO    | dpfl.core.base_simulator | Round  19/50 | Acc: 0.5652 | Loss: 5.3214 | eps_max: 4.87 eps_avg: 2.86 | P: 0.00 R: 0.00 F1: 0.00
2026-05-01 04:15:04 | DEBUG   | dpfl.core.base_simulator | Update norms — honest: ['41.51', '40.95', '20.15', '20.15', '22.27'], attacker: ['0.06', '0.06', '0.06', '0.06', '0.06']
2026-05-01 04:15:04 | INFO    | dpfl.core.base_simulator | Round  20/50 | Acc: 0.5745 | Loss: 5.5638 | eps_max: 4.92 eps_avg: 2.93 | P: 0.00 R: 0.00 F1: 0.00
2026-05-01 04:15:04 | DEBUG   | dpfl.core.base_simulator | Update norms — honest: ['47.46', '57.33', '32.10', '25.63', '19.92'], attacker: ['0.06', '0.06', '0.05', '0.06', '0.06']
2026-05-01 04:15:05 | INFO    | dpfl.core.base_simulator | Round  21/50 | Acc: 0.5668 | Loss: 6.0490 | eps_max: 4.93 eps_avg: 3.04 | P: 0.81 R: 0.91 F1: 0.86
2026-05-01 04:15:05 | DEBUG   | dpfl.core.base_simulator | Update norms — honest: ['48.67', '11.25', '19.63', '55.60', '19.60'], attacker: ['0.54', '0.53', '0.53', '0.54', '0.55']
2026-05-01 04:15:06 | INFO    | dpfl.core.base_simulator | Round  22/50 | Acc: 0.5637 | Loss: 6.5571 | eps_max: 4.96 eps_avg: 3.18 | P: 0.84 R: 0.91 F1: 0.87
2026-05-01 04:15:06 | DEBUG   | dpfl.core.base_simulator | Update norms — honest: ['42.86', '9.13', '34.41', '54.25', '44.63'], attacker: ['0.78', '0.79', '0.78', '0.79', '0.81']
2026-05-01 04:15:06 | INFO    | dpfl.core.base_simulator | Round  23/50 | Acc: 0.5597 | Loss: 7.3561 | eps_max: 5.02 eps_avg: 3.25 | P: 0.81 R: 0.91 F1: 0.86
2026-05-01 04:15:06 | DEBUG   | dpfl.core.base_simulator | Update norms — honest: ['13.26', '37.31', '57.23', '19.35', '39.62'], attacker: ['1.00', '1.00', '1.00', '1.00', '1.00']
2026-05-01 04:15:07 | INFO    | dpfl.core.base_simulator | Round  24/50 | Acc: 0.5687 | Loss: 7.6759 | eps_max: 5.02 eps_avg: 3.32 | P: 0.87 R: 0.91 F1: 0.89
2026-05-01 04:15:07 | DEBUG   | dpfl.core.base_simulator | Update norms — honest: ['47.56', '19.01', '38.52', '37.59', '46.76'], attacker: ['1.00', '1.00', '1.00', '1.00', '1.00']
2026-05-01 04:15:08 | INFO    | dpfl.core.base_simulator | Round  25/50 | Acc: 0.5595 | Loss: 8.9959 | eps_max: 5.14 eps_avg: 3.42 | P: 0.79 R: 0.91 F1: 0.84
2026-05-01 04:15:08 | DEBUG   | dpfl.core.base_simulator | Update norms — honest: ['40.79', '48.00', '25.77', '53.02', '42.70'], attacker: ['1.00', '1.00', '1.00', '1.00', '1.00']
2026-05-01 04:15:08 | INFO    | dpfl.core.base_simulator | Round  26/50 | Acc: 0.5565 | Loss: 8.5241 | eps_max: 5.14 eps_avg: 3.58 | P: 0.84 R: 0.91 F1: 0.88
2026-05-01 04:15:08 | DEBUG   | dpfl.core.base_simulator | Update norms — honest: ['20.68', '13.46', '13.04', '41.10', '34.59'], attacker: ['1.00', '1.00', '1.00', '1.00', '1.00']
2026-05-01 04:15:09 | INFO    | dpfl.core.base_simulator | Round  27/50 | Acc: 0.5620 | Loss: 8.5065 | eps_max: 5.14 eps_avg: 3.66 | P: 0.84 R: 0.91 F1: 0.87
2026-05-01 04:15:09 | DEBUG   | dpfl.core.base_simulator | Update norms — honest: ['39.91', '41.50', '13.82', '12.66', '39.29'], attacker: ['1.00', '1.00', '1.00', '1.00', '1.00']
2026-05-01 04:15:09 | INFO    | dpfl.core.base_simulator | Round  28/50 | Acc: 0.5635 | Loss: 8.6265 | eps_max: 5.14 eps_avg: 3.73 | P: 0.87 R: 0.91 F1: 0.89
2026-05-01 04:15:09 | DEBUG   | dpfl.core.base_simulator | Update norms — honest: ['18.16', '12.70', '8.91', '50.18', '9.15'], attacker: ['1.00', '1.00', '1.00', '1.00', '1.00']
2026-05-01 04:15:10 | INFO    | dpfl.core.base_simulator | Round  29/50 | Acc: 0.5592 | Loss: 9.1248 | eps_max: 5.15 eps_avg: 3.78 | P: 0.82 R: 0.91 F1: 0.86
2026-05-01 04:15:10 | DEBUG   | dpfl.core.base_simulator | Update norms — honest: ['36.00', '41.36', '27.66', '50.77', '13.24'], attacker: ['1.00', '1.00', '1.00', '1.00', '1.00']
2026-05-01 04:15:11 | INFO    | dpfl.core.base_simulator | Round  30/50 | Acc: 0.5614 | Loss: 9.5726 | eps_max: 5.23 eps_avg: 3.86 | P: 0.83 R: 0.91 F1: 0.87
2026-05-01 04:15:11 | DEBUG   | dpfl.core.base_simulator | Update norms — honest: ['44.99', '45.12', '33.00', '39.78', '42.36'], attacker: ['1.00', '1.00', '1.00', '1.00', '1.00']
2026-05-01 04:15:12 | INFO    | dpfl.core.base_simulator | Round  31/50 | Acc: 0.5562 | Loss: 10.0051 | eps_max: 5.23 eps_avg: 3.90 | P: 0.79 R: 0.91 F1: 0.84
2026-05-01 04:15:12 | DEBUG   | dpfl.core.base_simulator | Update norms — honest: ['35.31', '28.23', '27.65', '54.38', '37.07'], attacker: ['1.00', '1.00', '1.00', '1.00', '1.00']
2026-05-01 04:15:12 | INFO    | dpfl.core.base_simulator | Round  32/50 | Acc: 0.5637 | Loss: 10.2195 | eps_max: 5.23 eps_avg: 3.94 | P: 0.86 R: 0.91 F1: 0.88
2026-05-01 04:15:12 | DEBUG   | dpfl.core.base_simulator | Update norms — honest: ['11.59', '11.41', '44.33', '10.90', '10.41'], attacker: ['1.00', '1.00', '1.00', '1.00', '1.00']
2026-05-01 04:15:13 | INFO    | dpfl.core.base_simulator | Round  33/50 | Acc: 0.5505 | Loss: 11.5549 | eps_max: 5.60 eps_avg: 4.10 | P: 0.78 R: 0.91 F1: 0.84
2026-05-01 04:15:13 | DEBUG   | dpfl.core.base_simulator | Update norms — honest: ['42.54', '40.22', '51.57', '43.81', '39.53'], attacker: ['1.00', '1.00', '1.00', '1.00', '1.00']
2026-05-01 04:15:14 | INFO    | dpfl.core.base_simulator | Round  34/50 | Acc: 0.5646 | Loss: 11.0125 | eps_max: 5.81 eps_avg: 4.16 | P: 0.88 R: 0.91 F1: 0.89
2026-05-01 04:15:14 | DEBUG   | dpfl.core.base_simulator | Update norms — honest: ['38.00', '38.35', '28.73', '29.36', '34.15'], attacker: ['1.00', '1.00', '1.00', '1.00', '1.00']
2026-05-01 04:15:14 | INFO    | dpfl.core.base_simulator | Round  35/50 | Acc: 0.5570 | Loss: 12.1848 | eps_max: 5.81 eps_avg: 4.21 | P: 0.77 R: 0.91 F1: 0.84
2026-05-01 04:15:14 | DEBUG   | dpfl.core.base_simulator | Update norms — honest: ['30.75', '52.54', '36.40', '43.14', '12.23'], attacker: ['1.00', '1.00', '1.00', '1.00', '1.00']
2026-05-01 04:15:15 | INFO    | dpfl.core.base_simulator | Round  36/50 | Acc: 0.5685 | Loss: 12.1996 | eps_max: 5.81 eps_avg: 4.24 | P: 0.88 R: 0.91 F1: 0.90
2026-05-01 04:15:15 | DEBUG   | dpfl.core.base_simulator | Update norms — honest: ['23.77', '26.57', '47.26', '37.91', '38.85'], attacker: ['1.00', '1.00', '1.00', '1.00', '1.00']
2026-05-01 04:15:15 | INFO    | dpfl.core.base_simulator | Round  37/50 | Acc: 0.5747 | Loss: 11.6446 | eps_max: 6.77 eps_avg: 4.29 | P: 0.92 R: 0.91 F1: 0.92
2026-05-01 04:15:15 | DEBUG   | dpfl.core.base_simulator | Update norms — honest: ['9.53', '16.06', '7.48', '37.14', '24.76'], attacker: ['1.00', '1.00', '1.00', '1.00', '1.00']
2026-05-01 04:15:16 | INFO    | dpfl.core.base_simulator | Round  38/50 | Acc: 0.5707 | Loss: 12.3735 | eps_max: 6.80 eps_avg: 4.37 | P: 0.85 R: 0.91 F1: 0.88
2026-05-01 04:15:16 | DEBUG   | dpfl.core.base_simulator | Update norms — honest: ['52.06', '53.79', '14.31', '37.08', '17.92'], attacker: ['1.00', '1.00', '1.00', '1.00', '1.00']
2026-05-01 04:15:17 | INFO    | dpfl.core.base_simulator | Round  39/50 | Acc: 0.5727 | Loss: 13.6049 | eps_max: 6.80 eps_avg: 4.42 | P: 0.80 R: 0.91 F1: 0.85
2026-05-01 04:15:17 | DEBUG   | dpfl.core.base_simulator | Update norms — honest: ['49.67', '48.42', '29.79', '45.40', '32.65'], attacker: ['1.00', '1.00', '1.00', '1.00', '1.00']
2026-05-01 04:15:18 | INFO    | dpfl.core.base_simulator | Round  40/50 | Acc: 0.5671 | Loss: 13.6468 | eps_max: 6.90 eps_avg: 4.49 | P: 0.82 R: 0.91 F1: 0.86
2026-05-01 04:15:18 | DEBUG   | dpfl.core.base_simulator | Update norms — honest: ['35.77', '33.63', '34.20', '28.88', '35.77'], attacker: ['1.00', '1.00', '1.00', '1.00', '1.00']
2026-05-01 04:15:18 | INFO    | dpfl.core.base_simulator | Round  41/50 | Acc: 0.5669 | Loss: 14.4263 | eps_max: 6.90 eps_avg: 4.55 | P: 0.83 R: 0.91 F1: 0.87
2026-05-01 04:15:18 | DEBUG   | dpfl.core.base_simulator | Update norms — honest: ['44.99', '40.03', '35.22', '28.71', '21.95'], attacker: ['1.00', '1.00', '1.00', '1.00', '1.00']
2026-05-01 04:15:19 | INFO    | dpfl.core.base_simulator | Round  42/50 | Acc: 0.5682 | Loss: 15.9758 | eps_max: 7.03 eps_avg: 4.61 | P: 0.81 R: 0.91 F1: 0.86
2026-05-01 04:15:19 | DEBUG   | dpfl.core.base_simulator | Update norms — honest: ['40.31', '48.77', '32.25', '26.49', '47.24'], attacker: ['1.00', '1.00', '1.00', '1.00', '1.00']
2026-05-01 04:15:20 | INFO    | dpfl.core.base_simulator | Round  43/50 | Acc: 0.5682 | Loss: 16.1198 | eps_max: 7.06 eps_avg: 4.69 | P: 0.80 R: 0.91 F1: 0.85
2026-05-01 04:15:20 | DEBUG   | dpfl.core.base_simulator | Update norms — honest: ['46.42', '42.20', '34.97', '37.95', '18.24'], attacker: ['1.00', '1.00', '1.00', '1.00', '1.00']
2026-05-01 04:15:21 | INFO    | dpfl.core.base_simulator | Round  44/50 | Acc: 0.5607 | Loss: 17.1654 | eps_max: 7.28 eps_avg: 4.83 | P: 0.80 R: 0.90 F1: 0.85
2026-05-01 04:15:21 | DEBUG   | dpfl.core.base_simulator | Update norms — honest: ['30.64', '7.35', '7.39', '50.00', '36.61'], attacker: ['1.00', '1.00', '1.00', '1.00', '1.00']
2026-05-01 04:15:21 | INFO    | dpfl.core.base_simulator | Round  45/50 | Acc: 0.5765 | Loss: 16.6443 | eps_max: 7.28 eps_avg: 4.89 | P: 0.89 R: 0.91 F1: 0.90
2026-05-01 04:15:21 | DEBUG   | dpfl.core.base_simulator | Update norms — honest: ['38.53', '40.63', '48.01', '36.14', '49.28'], attacker: ['1.00', '1.00', '1.00', '1.00', '1.00']
2026-05-01 04:15:22 | INFO    | dpfl.core.base_simulator | Round  46/50 | Acc: 0.5594 | Loss: 18.6380 | eps_max: 7.37 eps_avg: 5.01 | P: 0.76 R: 0.91 F1: 0.83
2026-05-01 04:15:22 | DEBUG   | dpfl.core.base_simulator | Update norms — honest: ['31.32', '31.97', '45.79', '30.66', '48.00'], attacker: ['1.00', '1.00', '1.00', '1.00', '1.00']
2026-05-01 04:15:23 | INFO    | dpfl.core.base_simulator | Round  47/50 | Acc: 0.5690 | Loss: 18.5855 | eps_max: 7.69 eps_avg: 5.09 | P: 0.83 R: 0.91 F1: 0.87
2026-05-01 04:15:23 | DEBUG   | dpfl.core.base_simulator | Update norms — honest: ['34.38', '45.14', '30.29', '41.23', '52.16'], attacker: ['1.00', '1.00', '1.00', '1.00', '1.00']
2026-05-01 04:15:24 | INFO    | dpfl.core.base_simulator | Round  48/50 | Acc: 0.5629 | Loss: 20.2943 | eps_max: 7.69 eps_avg: 5.21 | P: 0.76 R: 0.91 F1: 0.83
2026-05-01 04:15:24 | DEBUG   | dpfl.core.base_simulator | Update norms — honest: ['38.29', '46.91', '49.20', '29.43', '43.18'], attacker: ['1.00', '1.00', '1.00', '1.00', '1.00']
2026-05-01 04:15:24 | INFO    | dpfl.core.base_simulator | Round  49/50 | Acc: 0.5720 | Loss: 20.8283 | eps_max: 7.73 eps_avg: 5.30 | P: 0.83 R: 0.91 F1: 0.87
2026-05-01 04:15:24 | DEBUG   | dpfl.core.base_simulator | Update norms — honest: ['44.32', '39.87', '51.32', '10.68', '43.07'], attacker: ['1.00', '1.00', '1.00', '1.00', '1.00']
2026-05-01 04:15:25 | INFO    | dpfl.core.base_simulator | Round  50/50 | Acc: 0.5632 | Loss: nan | eps_max: 7.88 eps_avg: 5.36 | P: 0.84 R: 0.93 F1: 0.88
2026-05-01 04:15:25 | DEBUG   | dpfl.core.base_simulator | Update norms — honest: ['34.17', '47.46', '44.95', '42.93', '46.79'], attacker: ['nan', 'nan', 'nan', 'nan', 'nan']
2026-05-01 04:15:26 | INFO    | dpfl | Experiment complete in 49.2s
============================================================
REPORT: DP-SGD Decentralized Federated Learning
============================================================
Timestamp:                  20260501_041436
Rounds completed:           50
Attack-active rounds:       30  (from round 20)
Final accuracy:             0.5632
Final test loss:            nan
Final epsilon (max honest): 7.88
Final epsilon (avg honest): 5.36
Best alpha:                 1000.0
Avg precision:              0.8265
Avg recall:                 0.9109
Avg F1 score:               0.8662
Avg update norm (honest):   28.7350
Avg update norm (attacker): nan

=== PER-NODE PRIVACY COST (final round) ===
Node   0 (attacker)  eps = —          sigma = —       (not tracked)
Node   1 (attacker)  eps = —          sigma = —       (not tracked)
Node   2 (attacker)  eps = —          sigma = —       (not tracked)
Node   3 (attacker)  eps = —          sigma = —       (not tracked)
Node   4 (attacker)  eps = —          sigma = —       (not tracked)
Node   5 (attacker)  eps = —          sigma = —       (not tracked)
Node   6 (attacker)  eps = —          sigma = —       (not tracked)
Node   7 (attacker)  eps = —          sigma = —       (not tracked)
Node   8 (attacker)  eps = —          sigma = —       (not tracked)
Node   9 (attacker)  eps = —          sigma = —       (not tracked)
Node  10 (attacker)  eps = —          sigma = —       (not tracked)
Node  11 (attacker)  eps = —          sigma = —       (not tracked)
Node  12 (attacker)  eps = —          sigma = —       (not tracked)
Node  13 (attacker)  eps = —          sigma = —       (not tracked)
Node  14 (attacker)  eps = —          sigma = —       (not tracked)
Node  15 (attacker)  eps = —          sigma = —       (not tracked)
Node  16 (attacker)  eps = —          sigma = —       (not tracked)
Node  17 (attacker)  eps = —          sigma = —       (not tracked)
Node  18 (attacker)  eps = —          sigma = —       (not tracked)
Node  19 (attacker)  eps = —          sigma = —       (not tracked)
Node  20 (attacker)  eps = —          sigma = —       (not tracked)
Node  21 (attacker)  eps = —          sigma = —       (not tracked)
Node  22 (attacker)  eps = —          sigma = —       (not tracked)
Node  23 (attacker)  eps = —          sigma = —       (not tracked)
Node  24 (attacker)  eps = —          sigma = —       (not tracked)
Node  25 (attacker)  eps = —          sigma = —       (not tracked)
Node  26 (attacker)  eps = —          sigma = —       (not tracked)
Node  27 (attacker)  eps = —          sigma = —       (not tracked)
Node  28 (attacker)  eps = —          sigma = —       (not tracked)
Node  29 (attacker)  eps = —          sigma = —       (not tracked)
Node  30 (attacker)  eps = —          sigma = —       (not tracked)
Node  31 (attacker)  eps = —          sigma = —       (not tracked)
Node  32 (attacker)  eps = —          sigma = —       (not tracked)
Node  33 (attacker)  eps = —          sigma = —       (not tracked)
Node  34 (attacker)  eps = —          sigma = —       (not tracked)
Node  35 (attacker)  eps = —          sigma = —       (not tracked)
Node  36 (attacker)  eps = —          sigma = —       (not tracked)
Node  37 (attacker)  eps = —          sigma = —       (not tracked)
Node  38 (attacker)  eps = —          sigma = —       (not tracked)
Node  39 (attacker)  eps = —          sigma = —       (not tracked)
Node  40 (attacker)  eps = —          sigma = —       (not tracked)
Node  41 (attacker)  eps = —          sigma = —       (not tracked)
Node  42 (attacker)  eps = —          sigma = —       (not tracked)
Node  43 (attacker)  eps = —          sigma = —       (not tracked)
Node  44 (attacker)  eps = —          sigma = —       (not tracked)
Node  45 (attacker)  eps = —          sigma = —       (not tracked)
Node  46 (attacker)  eps = —          sigma = —       (not tracked)
Node  47 (attacker)  eps = —          sigma = —       (not tracked)
Node  48 (attacker)  eps = —          sigma = —       (not tracked)
Node  49 (attacker)  eps = —          sigma = —       (not tracked)
Node  50 (attacker)  eps = —          sigma = —       (not tracked)
Node  51 (attacker)  eps = —          sigma = —       (not tracked)
Node  52 (attacker)  eps = —          sigma = —       (not tracked)
Node  53 (attacker)  eps = —          sigma = —       (not tracked)
Node  54 (attacker)  eps = —          sigma = —       (not tracked)
Node  55 (attacker)  eps = —          sigma = —       (not tracked)
Node  56 (attacker)  eps = —          sigma = —       (not tracked)
Node  57 (attacker)  eps = —          sigma = —       (not tracked)
Node  58 (attacker)  eps = —          sigma = —       (not tracked)
Node  59 (attacker)  eps = —          sigma = —       (not tracked)
Node  60 (honest  )  eps =   5.0201  sigma =  0.000  frozen = False
Node  61 (honest  )  eps =   6.3610  sigma =  0.000  frozen = False
Node  62 (honest  )  eps =   3.8109  sigma =  0.000  frozen = False
Node  63 (honest  )  eps =   5.0309  sigma =  0.000  frozen = False
Node  64 (honest  )  eps =   3.7447  sigma =  0.000  frozen = False
Node  65 (honest  )  eps =   4.1784  sigma =  0.000  frozen = False
Node  66 (honest  )  eps =   5.2575  sigma =  0.000  frozen = False
Node  67 (honest  )  eps =   4.9648  sigma =  0.000  frozen = False
Node  68 (honest  )  eps =   7.1817  sigma =  0.000  frozen = False
Node  69 (honest  )  eps =   6.6717  sigma =  0.000  frozen = False
Node  70 (honest  )  eps =   7.0750  sigma =  0.000  frozen = False
Node  71 (honest  )  eps =   5.2549  sigma =  0.000  frozen = False
Node  72 (honest  )  eps =   4.9672  sigma =  0.000  frozen = False
Node  73 (honest  )  eps =   3.3167  sigma =  0.000  frozen = False
Node  74 (honest  )  eps =   5.0920  sigma =  0.000  frozen = False
Node  75 (honest  )  eps =   5.5786  sigma =  0.000  frozen = False
Node  76 (honest  )  eps =   4.8988  sigma =  0.000  frozen = False
Node  77 (honest  )  eps =   5.8722  sigma =  0.000  frozen = False
Node  78 (honest  )  eps =   5.0583  sigma =  0.000  frozen = False
Node  79 (honest  )  eps =   6.2815  sigma =  0.000  frozen = False
Node  80 (honest  )  eps =   4.9800  sigma =  0.000  frozen = False
Node  81 (honest  )  eps =   7.1347  sigma =  0.000  frozen = False
Node  82 (honest  )  eps =   5.6055  sigma =  0.000  frozen = False
Node  83 (honest  )  eps =   4.9357  sigma =  0.000  frozen = False
Node  84 (honest  )  eps =   4.9701  sigma =  0.000  frozen = False
Node  85 (honest  )  eps =   4.9471  sigma =  0.000  frozen = False
Node  86 (honest  )  eps =   3.2147  sigma =  0.000  frozen = False
Node  87 (honest  )  eps =   4.9874  sigma =  0.000  frozen = False
Node  88 (honest  )  eps =   5.2025  sigma =  0.000  frozen = False
Node  89 (honest  )  eps =   7.0969  sigma =  0.000  frozen = False
Node  90 (honest  )  eps =   4.9123  sigma =  0.000  frozen = False
Node  91 (honest  )  eps =   3.7999  sigma =  0.000  frozen = False
Node  92 (honest  )  eps =   5.1072  sigma =  0.000  frozen = False
Node  93 (honest  )  eps =   5.1722  sigma =  0.000  frozen = False
Node  94 (honest  )  eps =   3.2741  sigma =  0.000  frozen = False
Node  95 (honest  )  eps =   5.1069  sigma =  0.000  frozen = False
Node  96 (honest  )  eps =   5.0632  sigma =  0.000  frozen = False
Node  97 (honest  )  eps =   4.9794  sigma =  0.000  frozen = False
Node  98 (honest  )  eps =   5.4031  sigma =  0.000  frozen = False
Node  99 (honest  )  eps =   6.0235  sigma =  0.000  frozen = False
Node 100 (honest  )  eps =   3.3640  sigma =  0.000  frozen = False
Node 101 (honest  )  eps =   6.1881  sigma =  0.000  frozen = False
Node 102 (honest  )  eps =   6.9103  sigma =  0.000  frozen = False
Node 103 (honest  )  eps =   3.3433  sigma =  0.000  frozen = False
Node 104 (honest  )  eps =   7.7287  sigma =  0.000  frozen = False
Node 105 (honest  )  eps =   6.7845  sigma =  0.000  frozen = False
Node 106 (honest  )  eps =   7.0836  sigma =  0.000  frozen = False
Node 107 (honest  )  eps =   4.9043  sigma =  0.000  frozen = False
Node 108 (honest  )  eps =   5.0437  sigma =  0.000  frozen = False
Node 109 (honest  )  eps =   5.1982  sigma =  0.000  frozen = False
Node 110 (honest  )  eps =   7.0110  sigma =  0.000  frozen = False
Node 111 (honest  )  eps =   7.0757  sigma =  0.000  frozen = False
Node 112 (honest  )  eps =   4.9448  sigma =  0.000  frozen = False
Node 113 (honest  )  eps =   3.7391  sigma =  0.000  frozen = False
Node 114 (honest  )  eps =   5.0445  sigma =  0.000  frozen = False
Node 115 (honest  )  eps =   5.5964  sigma =  0.000  frozen = False
Node 116 (honest  )  eps =   5.1002  sigma =  0.000  frozen = False
Node 117 (honest  )  eps =   3.4328  sigma =  0.000  frozen = False
Node 118 (honest  )  eps =   6.5535  sigma =  0.000  frozen = False
Node 119 (honest  )  eps =   5.6095  sigma =  0.000  frozen = False
Node 120 (honest  )  eps =   4.9319  sigma =  0.000  frozen = False
Node 121 (honest  )  eps =   5.2244  sigma =  0.000  frozen = False
Node 122 (honest  )  eps =   6.2539  sigma =  0.000  frozen = False
Node 123 (honest  )  eps =   6.8937  sigma =  0.000  frozen = False
Node 124 (honest  )  eps =   3.2049  sigma =  0.000  frozen = False
Node 125 (honest  )  eps =   4.2119  sigma =  0.000  frozen = False
Node 126 (honest  )  eps =   6.0955  sigma =  0.000  frozen = False
Node 127 (honest  )  eps =   5.2066  sigma =  0.000  frozen = False
Node 128 (honest  )  eps =   5.3553  sigma =  0.000  frozen = False
Node 129 (honest  )  eps =   5.3082  sigma =  0.000  frozen = False
Node 130 (honest  )  eps =   5.3425  sigma =  0.000  frozen = False
Node 131 (honest  )  eps =   4.9505  sigma =  0.000  frozen = False
Node 132 (honest  )  eps =   7.0342  sigma =  0.000  frozen = False
Node 133 (honest  )  eps =   4.9243  sigma =  0.000  frozen = False
Node 134 (honest  )  eps =   4.9167  sigma =  0.000  frozen = False
Node 135 (honest  )  eps =   6.9801  sigma =  0.000  frozen = False
Node 136 (honest  )  eps =   3.2199  sigma =  0.000  frozen = False
Node 137 (honest  )  eps =   5.5697  sigma =  0.000  frozen = False
Node 138 (honest  )  eps =   3.1695  sigma =  0.000  frozen = False
Node 139 (honest  )  eps =   6.8295  sigma =  0.000  frozen = False
Node 140 (honest  )  eps =   4.5294  sigma =  0.000  frozen = False
Node 141 (honest  )  eps =   5.8619  sigma =  0.000  frozen = False
Node 142 (honest  )  eps =   4.9200  sigma =  0.000  frozen = False
Node 143 (honest  )  eps =   6.8709  sigma =  0.000  frozen = False
Node 144 (honest  )  eps =   5.6133  sigma =  0.000  frozen = False
Node 145 (honest  )  eps =   3.7041  sigma =  0.000  frozen = False
Node 146 (honest  )  eps =   7.2295  sigma =  0.000  frozen = False
Node 147 (honest  )  eps =   4.9613  sigma =  0.000  frozen = False
Node 148 (honest  )  eps =   5.0224  sigma =  0.000  frozen = False
Node 149 (honest  )  eps =   5.0982  sigma =  0.000  frozen = False
Node 150 (honest  )  eps =   5.2502  sigma =  0.000  frozen = False
Node 151 (honest  )  eps =   5.7766  sigma =  0.000  frozen = False
Node 152 (honest  )  eps =   4.9918  sigma =  0.000  frozen = False
Node 153 (honest  )  eps =   5.1533  sigma =  0.000  frozen = False
Node 154 (honest  )  eps =   5.2273  sigma =  0.000  frozen = False
Node 155 (honest  )  eps =   4.9785  sigma =  0.000  frozen = False
Node 156 (honest  )  eps =   4.9372  sigma =  0.000  frozen = False
Node 157 (honest  )  eps =   5.8450  sigma =  0.000  frozen = False
Node 158 (honest  )  eps =   7.2136  sigma =  0.000  frozen = False
Node 159 (honest  )  eps =   6.0328  sigma =  0.000  frozen = False
Node 160 (honest  )  eps =   5.0904  sigma =  0.000  frozen = False
Node 161 (honest  )  eps =   4.9213  sigma =  0.000  frozen = False
Node 162 (honest  )  eps =   3.3031  sigma =  0.000  frozen = False
Node 163 (honest  )  eps =   3.2790  sigma =  0.000  frozen = False
Node 164 (honest  )  eps =   5.1206  sigma =  0.000  frozen = False
Node 165 (honest  )  eps =   4.8963  sigma =  0.000  frozen = False
Node 166 (honest  )  eps =   4.9122  sigma =  0.000  frozen = False
Node 167 (honest  )  eps =   5.1819  sigma =  0.000  frozen = False
Node 168 (honest  )  eps =   6.4512  sigma =  0.000  frozen = False
Node 169 (honest  )  eps =   7.0517  sigma =  0.000  frozen = False
Node 170 (honest  )  eps =   5.6053  sigma =  0.000  frozen = False
Node 171 (honest  )  eps =   5.2501  sigma =  0.000  frozen = False
Node 172 (honest  )  eps =   6.9102  sigma =  0.000  frozen = False
Node 173 (honest  )  eps =   4.9429  sigma =  0.000  frozen = False
Node 174 (honest  )  eps =   5.1278  sigma =  0.000  frozen = False
Node 175 (honest  )  eps =   5.9325  sigma =  0.000  frozen = False
Node 176 (honest  )  eps =   3.8143  sigma =  0.000  frozen = False
Node 177 (honest  )  eps =   7.0905  sigma =  0.000  frozen = False
Node 178 (honest  )  eps =   4.8576  sigma =  0.000  frozen = False
Node 179 (honest  )  eps =   4.9248  sigma =  0.000  frozen = False
Node 180 (honest  )  eps =   5.0494  sigma =  0.000  frozen = False
Node 181 (honest  )  eps =   4.5151  sigma =  0.000  frozen = False
Node 182 (honest  )  eps =   6.9553  sigma =  0.000  frozen = False
Node 183 (honest  )  eps =   5.0547  sigma =  0.000  frozen = False
Node 184 (honest  )  eps =   6.8029  sigma =  0.000  frozen = False
Node 185 (honest  )  eps =   5.0920  sigma =  0.000  frozen = False
Node 186 (honest  )  eps =   7.3402  sigma =  0.000  frozen = False
Node 187 (honest  )  eps =   5.4491  sigma =  0.000  frozen = False
Node 188 (honest  )  eps =   5.0025  sigma =  0.000  frozen = False
Node 189 (honest  )  eps =   5.2417  sigma =  0.000  frozen = False
Node 190 (honest  )  eps =   5.2571  sigma =  0.000  frozen = False
Node 191 (honest  )  eps =   4.9048  sigma =  0.000  frozen = False
Node 192 (honest  )  eps =   3.2821  sigma =  0.000  frozen = False
Node 193 (honest  )  eps =   4.9457  sigma =  0.000  frozen = False
Node 194 (honest  )  eps =   5.2605  sigma =  0.000  frozen = False
Node 195 (honest  )  eps =   4.8553  sigma =  0.000  frozen = False
Node 196 (honest  )  eps =   5.4180  sigma =  0.000  frozen = False
Node 197 (honest  )  eps =   4.9344  sigma =  0.000  frozen = False
Node 198 (honest  )  eps =   3.2874  sigma =  0.000  frozen = False
Node 199 (honest  )  eps =   4.9765  sigma =  0.000  frozen = False
Node 200 (honest  )  eps =   4.9378  sigma =  0.000  frozen = False
Node 201 (honest  )  eps =   5.6170  sigma =  0.000  frozen = False
Node 202 (honest  )  eps =   4.9402  sigma =  0.000  frozen = False
Node 203 (honest  )  eps =   4.9162  sigma =  0.000  frozen = False
Node 204 (honest  )  eps =   4.9783  sigma =  0.000  frozen = False
Node 205 (honest  )  eps =   7.1514  sigma =  0.000  frozen = False
Node 206 (honest  )  eps =   6.0400  sigma =  0.000  frozen = False
Node 207 (honest  )  eps =   6.6114  sigma =  0.000  frozen = False
Node 208 (honest  )  eps =   4.9191  sigma =  0.000  frozen = False
Node 209 (honest  )  eps =   5.0942  sigma =  0.000  frozen = False
Node 210 (honest  )  eps =   4.9012  sigma =  0.000  frozen = False
Node 211 (honest  )  eps =   6.8119  sigma =  0.000  frozen = False
Node 212 (honest  )  eps =   4.9995  sigma =  0.000  frozen = False
Node 213 (honest  )  eps =   5.0292  sigma =  0.000  frozen = False
Node 214 (honest  )  eps =   4.9035  sigma =  0.000  frozen = False
Node 215 (honest  )  eps =   5.0349  sigma =  0.000  frozen = False
Node 216 (honest  )  eps =   5.4041  sigma =  0.000  frozen = False
Node 217 (honest  )  eps =   4.8802  sigma =  0.000  frozen = False
Node 218 (honest  )  eps =   4.9954  sigma =  0.000  frozen = False
Node 219 (honest  )  eps =   5.2784  sigma =  0.000  frozen = False
Node 220 (honest  )  eps =   4.9863  sigma =  0.000  frozen = False
Node 221 (honest  )  eps =   3.3369  sigma =  0.000  frozen = False
Node 222 (honest  )  eps =   7.8841  sigma =  0.000  frozen = False
Node 223 (honest  )  eps =   5.0308  sigma =  0.000  frozen = False
Node 224 (honest  )  eps =   5.1927  sigma =  0.000  frozen = False
Node 225 (honest  )  eps =   6.5445  sigma =  0.000  frozen = False
Node 226 (honest  )  eps =   5.3838  sigma =  0.000  frozen = False
Node 227 (honest  )  eps =   4.9545  sigma =  0.000  frozen = False
Node 228 (honest  )  eps =   5.6516  sigma =  0.000  frozen = False
Node 229 (honest  )  eps =   7.2765  sigma =  0.000  frozen = False
Node 230 (honest  )  eps =   5.7561  sigma =  0.000  frozen = False
Node 231 (honest  )  eps =   5.6489  sigma =  0.000  frozen = False
Node 232 (honest  )  eps =   5.0632  sigma =  0.000  frozen = False
Node 233 (honest  )  eps =   7.2813  sigma =  0.000  frozen = False
Node 234 (honest  )  eps =   3.1581  sigma =  0.000  frozen = False
Node 235 (honest  )  eps =   6.6603  sigma =  0.000  frozen = False
Node 236 (honest  )  eps =   6.8029  sigma =  0.000  frozen = False
Node 237 (honest  )  eps =   3.6759  sigma =  0.000  frozen = False
Node 238 (honest  )  eps =   7.0668  sigma =  0.000  frozen = False
Node 239 (honest  )  eps =   4.9149  sigma =  0.000  frozen = False
Node 240 (honest  )  eps =   5.5569  sigma =  0.000  frozen = False
Node 241 (honest  )  eps =   5.6162  sigma =  0.000  frozen = False
Node 242 (honest  )  eps =   5.1417  sigma =  0.000  frozen = False
Node 243 (honest  )  eps =   5.1618  sigma =  0.000  frozen = False
Node 244 (honest  )  eps =   4.9920  sigma =  0.000  frozen = False
Node 245 (honest  )  eps =   5.5741  sigma =  0.000  frozen = False
Node 246 (honest  )  eps =   0.0000  sigma =  0.000  frozen = False
Node 247 (honest  )  eps =   3.1946  sigma =  0.000  frozen = False
Node 248 (honest  )  eps =   4.9180  sigma =  0.000  frozen = False
Node 249 (honest  )  eps =   5.8413  sigma =  0.000  frozen = False
Node 250 (honest  )  eps =   5.0454  sigma =  0.000  frozen = False
Node 251 (honest  )  eps =   5.7086  sigma =  0.000  frozen = False
Node 252 (honest  )  eps =   3.2539  sigma =  0.000  frozen = False
Node 253 (honest  )  eps =   4.5263  sigma =  0.000  frozen = False
Node 254 (honest  )  eps =   5.0914  sigma =  0.000  frozen = False
Node 255 (honest  )  eps =   6.5770  sigma =  0.000  frozen = False
Node 256 (honest  )  eps =   4.8636  sigma =  0.000  frozen = False
Node 257 (honest  )  eps =   6.8092  sigma =  0.000  frozen = False
Node 258 (honest  )  eps =   4.9846  sigma =  0.000  frozen = False
Node 259 (honest  )  eps =   5.1596  sigma =  0.000  frozen = False
Node 260 (honest  )  eps =   3.3357  sigma =  0.000  frozen = False
Node 261 (honest  )  eps =   6.9572  sigma =  0.000  frozen = False
Node 262 (honest  )  eps =   4.9704  sigma =  0.000  frozen = False
Node 263 (honest  )  eps =   7.0701  sigma =  0.000  frozen = False
Node 264 (honest  )  eps =   6.7937  sigma =  0.000  frozen = False
Node 265 (honest  )  eps =   5.0543  sigma =  0.000  frozen = False
Node 266 (honest  )  eps =   3.1786  sigma =  0.000  frozen = False
Node 267 (honest  )  eps =   5.2953  sigma =  0.000  frozen = False
Node 268 (honest  )  eps =   6.9641  sigma =  0.000  frozen = False
Node 269 (honest  )  eps =   5.7180  sigma =  0.000  frozen = False
Node 270 (honest  )  eps =   6.4009  sigma =  0.000  frozen = False
Node 271 (honest  )  eps =   5.4629  sigma =  0.000  frozen = False
Node 272 (honest  )  eps =   5.0414  sigma =  0.000  frozen = False
Node 273 (honest  )  eps =   5.5756  sigma =  0.000  frozen = False
Node 274 (honest  )  eps =   6.9296  sigma =  0.000  frozen = False
Node 275 (honest  )  eps =   4.9955  sigma =  0.000  frozen = False
Node 276 (honest  )  eps =   6.2612  sigma =  0.000  frozen = False
Node 277 (honest  )  eps =   4.9632  sigma =  0.000  frozen = False
Node 278 (honest  )  eps =   5.1258  sigma =  0.000  frozen = False
Node 279 (honest  )  eps =   4.9939  sigma =  0.000  frozen = False
Node 280 (honest  )  eps =   7.2293  sigma =  0.000  frozen = False
Node 281 (honest  )  eps =   7.2201  sigma =  0.000  frozen = False
Node 282 (honest  )  eps =   5.8333  sigma =  0.000  frozen = False
Node 283 (honest  )  eps =   5.1120  sigma =  0.000  frozen = False
Node 284 (honest  )  eps =   4.5823  sigma =  0.000  frozen = False
Node 285 (honest  )  eps =   4.3201  sigma =  0.000  frozen = False
Node 286 (honest  )  eps =   7.0469  sigma =  0.000  frozen = False
Node 287 (honest  )  eps =   6.4727  sigma =  0.000  frozen = False
Node 288 (honest  )  eps =   6.1948  sigma =  0.000  frozen = False
Node 289 (honest  )  eps =   6.0291  sigma =  0.000  frozen = False
Node 290 (honest  )  eps =   4.9636  sigma =  0.000  frozen = False
Node 291 (honest  )  eps =   5.0098  sigma =  0.000  frozen = False
Node 292 (honest  )  eps =   7.2010  sigma =  0.000  frozen = False
Node 293 (honest  )  eps =   4.9963  sigma =  0.000  frozen = False
Node 294 (honest  )  eps =   5.0026  sigma =  0.000  frozen = False
Node 295 (honest  )  eps =   6.9131  sigma =  0.000  frozen = False
Node 296 (honest  )  eps =   5.5069  sigma =  0.000  frozen = False
Node 297 (honest  )  eps =   5.0059  sigma =  0.000  frozen = False
Node 298 (honest  )  eps =   3.6309  sigma =  0.000  frozen = False
Node 299 (honest  )  eps =   6.8246  sigma =  0.000  frozen = False
------------------------------------------------------------
eps_system (max honest): 7.8841
eps_avg (honest):        5.3551
eps_std (honest):        1.1159
n_frozen:                0/240
============================================================
