2026-05-01 04:08:45 | INFO    | dpfl | Experiment start: algorithm=noise_game, dataset=mnist, model=mlp, device=cuda
2026-05-01 04:08:45 | INFO    | dpfl | Config: nodes=300, attackers=60, rounds=50, noise_mode=none, attack=scale
2026-05-01 04:08:45 | INFO    | dpfl.data.mnist_dataset | Loading MNIST dataset...
2026-05-01 04:08:45 | INFO    | dpfl.data.mnist_dataset | MNIST loaded: 60000 train, 10000 test samples
2026-05-01 04:09:00 | INFO    | dpfl.core.base_simulator | Vectorized state ready: param_spec.D=25450, X_test=(10000, 1, 28, 28), train clients N=300, max_n_samples=1200
2026-05-01 04:09:00 | INFO    | dpfl.core.base_simulator | Setup complete: 300 nodes (60 attackers), param_dim=25450, split=iid
2026-05-01 04:09:00 | DEBUG   | dpfl.core.base_simulator | Attacker IDs: {0, 1, 2, 3, 4, 5, 6, 7, 8, 9, 10, 11, 12, 13, 14, 15, 16, 17, 18, 19, 20, 21, 22, 23, 24, 25, 26, 27, 28, 29, 30, 31, 32, 33, 34, 35, 36, 37, 38, 39, 40, 41, 42, 43, 44, 45, 46, 47, 48, 49, 50, 51, 52, 53, 54, 55, 56, 57, 58, 59}
2026-05-01 04:09:05 | INFO    | dpfl.core.base_simulator | Round   1/50 | Acc: 0.1239 | Loss: 6.8274 | eps_max: 5.48 eps_avg: 2.63 | P: 0.00 R: 0.00 F1: 0.00
2026-05-01 04:09:05 | DEBUG   | dpfl.core.base_simulator | Update norms — honest: ['38.90', '39.14', '39.04', '38.83', '38.61'], attacker: ['0.11', '0.10', '0.11', '0.11', '0.11']
2026-05-01 04:09:09 | INFO    | dpfl.core.base_simulator | Round   2/50 | Acc: 0.1594 | Loss: 7.3961 | eps_max: 5.56 eps_avg: 4.17 | P: 0.00 R: 0.00 F1: 0.00
2026-05-01 04:09:09 | DEBUG   | dpfl.core.base_simulator | Update norms — honest: ['38.59', '6.32', '38.42', '38.44', '38.46'], attacker: ['0.10', '0.10', '0.10', '0.10', '0.10']
2026-05-01 04:09:12 | INFO    | dpfl.core.base_simulator | Round   3/50 | Acc: 0.1852 | Loss: 11.4866 | eps_max: 6.04 eps_avg: 4.93 | P: 0.00 R: 0.00 F1: 0.00
2026-05-01 04:09:12 | DEBUG   | dpfl.core.base_simulator | Update norms — honest: ['9.77', '8.16', '61.81', '38.01', '2.64'], attacker: ['0.11', '0.10', '0.11', '0.11', '0.11']
2026-05-01 04:09:15 | INFO    | dpfl.core.base_simulator | Round   4/50 | Acc: 0.2017 | Loss: 21.1834 | eps_max: 6.72 eps_avg: 5.43 | P: 0.00 R: 0.00 F1: 0.00
2026-05-01 04:09:15 | DEBUG   | dpfl.core.base_simulator | Update norms — honest: ['37.79', '37.33', '65.97', '62.37', '58.88'], attacker: ['0.11', '0.11', '0.11', '0.11', '0.11']
2026-05-01 04:09:19 | INFO    | dpfl.core.base_simulator | Round   5/50 | Acc: 0.2099 | Loss: 34.0474 | eps_max: 7.41 eps_avg: 5.83 | P: 0.00 R: 0.00 F1: 0.00
2026-05-01 04:09:19 | DEBUG   | dpfl.core.base_simulator | Update norms — honest: ['0.53', '67.92', '50.83', '66.01', '0.00'], attacker: ['0.11', '0.11', '0.11', '0.11', '0.11']
2026-05-01 04:09:23 | INFO    | dpfl.core.base_simulator | Round   6/50 | Acc: 0.2253 | Loss: 53.1166 | eps_max: 8.11 eps_avg: 6.11 | P: 0.00 R: 0.00 F1: 0.00
2026-05-01 04:09:23 | DEBUG   | dpfl.core.base_simulator | Update norms — honest: ['73.77', '58.99', '68.71', '50.52', '1.76'], attacker: ['0.10', '0.11', '0.11', '0.11', '0.11']
2026-05-01 04:09:27 | INFO    | dpfl.core.base_simulator | Round   7/50 | Acc: 0.2325 | Loss: 72.0110 | eps_max: 8.50 eps_avg: 6.42 | P: 0.00 R: 0.00 F1: 0.00
2026-05-01 04:09:27 | DEBUG   | dpfl.core.base_simulator | Update norms — honest: ['5.68', '73.27', '39.34', '65.94', '36.58'], attacker: ['0.10', '0.11', '0.11', '0.11', '0.11']
2026-05-01 04:09:31 | INFO    | dpfl.core.base_simulator | Round   8/50 | Acc: 0.2397 | Loss: 97.2059 | eps_max: 8.91 eps_avg: 6.75 | P: 0.00 R: 0.00 F1: 0.00
2026-05-01 04:09:31 | DEBUG   | dpfl.core.base_simulator | Update norms — honest: ['63.95', '36.62', '71.33', '61.03', '61.44'], attacker: ['0.10', '0.10', '0.11', '0.11', '0.11']
2026-05-01 04:09:35 | INFO    | dpfl.core.base_simulator | Round   9/50 | Acc: 0.2537 | Loss: 119.1458 | eps_max: 9.36 eps_avg: 7.05 | P: 0.00 R: 0.00 F1: 0.00
2026-05-01 04:09:35 | DEBUG   | dpfl.core.base_simulator | Update norms — honest: ['51.00', '58.36', '59.35', '37.10', '64.26'], attacker: ['0.10', '0.10', '0.10', '0.10', '0.11']
2026-05-01 04:09:38 | INFO    | dpfl.core.base_simulator | Round  10/50 | Acc: 0.2706 | Loss: 140.8603 | eps_max: 9.84 eps_avg: 7.32 | P: 0.00 R: 0.00 F1: 0.00
2026-05-01 04:09:38 | DEBUG   | dpfl.core.base_simulator | Update norms — honest: ['74.90', '59.20', '45.63', '64.19', '68.74'], attacker: ['0.09', '0.10', '0.10', '0.10', '0.10']
2026-05-01 04:09:42 | INFO    | dpfl.core.base_simulator | Round  11/50 | Acc: 0.2869 | Loss: 160.7902 | eps_max: 10.33 eps_avg: 7.59 | P: 0.00 R: 0.00 F1: 0.00
2026-05-01 04:09:42 | DEBUG   | dpfl.core.base_simulator | Update norms — honest: ['63.20', '55.99', '73.41', '73.68', '69.56'], attacker: ['0.09', '0.09', '0.09', '0.09', '0.10']
2026-05-01 04:09:46 | INFO    | dpfl.core.base_simulator | Round  12/50 | Acc: 0.2956 | Loss: 189.0043 | eps_max: 10.33 eps_avg: 7.88 | P: 0.00 R: 0.00 F1: 0.00
2026-05-01 04:09:46 | DEBUG   | dpfl.core.base_simulator | Update norms — honest: ['54.81', '63.15', '75.40', '65.48', '75.82'], attacker: ['0.08', '0.09', '0.09', '0.09', '0.09']
2026-05-01 04:09:50 | INFO    | dpfl.core.base_simulator | Round  13/50 | Acc: 0.3073 | Loss: 219.0218 | eps_max: 10.33 eps_avg: 8.14 | P: 0.00 R: 0.00 F1: 0.00
2026-05-01 04:09:50 | DEBUG   | dpfl.core.base_simulator | Update norms — honest: ['74.71', '74.21', '75.43', '74.61', '75.24'], attacker: ['0.08', '0.08', '0.08', '0.09', '0.09']
2026-05-01 04:09:54 | INFO    | dpfl.core.base_simulator | Round  14/50 | Acc: 0.3228 | Loss: 244.4739 | eps_max: 10.74 eps_avg: 8.39 | P: 0.00 R: 0.00 F1: 0.00
2026-05-01 04:09:54 | DEBUG   | dpfl.core.base_simulator | Update norms — honest: ['62.97', '74.22', '75.63', '65.43', '63.93'], attacker: ['0.09', '0.09', '0.09', '0.09', '0.09']
2026-05-01 04:09:58 | INFO    | dpfl.core.base_simulator | Round  15/50 | Acc: 0.3363 | Loss: 268.0505 | eps_max: 11.39 eps_avg: 8.64 | P: 0.00 R: 0.00 F1: 0.00
2026-05-01 04:09:58 | DEBUG   | dpfl.core.base_simulator | Update norms — honest: ['67.40', '75.54', '65.96', '58.86', '71.50'], attacker: ['0.09', '0.10', '0.08', '0.09', '0.09']
2026-05-01 04:10:02 | INFO    | dpfl.core.base_simulator | Round  16/50 | Acc: 0.3480 | Loss: 293.3202 | eps_max: 12.06 eps_avg: 8.89 | P: 0.00 R: 0.00 F1: 0.00
2026-05-01 04:10:02 | DEBUG   | dpfl.core.base_simulator | Update norms — honest: ['55.78', '68.92', '62.64', '72.78', '67.43'], attacker: ['0.11', '0.12', '0.10', '0.10', '0.10']
2026-05-01 04:10:06 | INFO    | dpfl.core.base_simulator | Round  17/50 | Acc: 0.3589 | Loss: 322.5093 | eps_max: 12.06 eps_avg: 9.17 | P: 0.00 R: 0.00 F1: 0.00
2026-05-01 04:10:06 | DEBUG   | dpfl.core.base_simulator | Update norms — honest: ['60.49', '70.31', '66.84', '54.86', '67.14'], attacker: ['0.12', '0.13', '0.10', '0.10', '0.10']
2026-05-01 04:10:10 | INFO    | dpfl.core.base_simulator | Round  18/50 | Acc: 0.3691 | Loss: 351.8285 | eps_max: 12.76 eps_avg: 9.46 | P: 0.00 R: 0.00 F1: 0.00
2026-05-01 04:10:10 | DEBUG   | dpfl.core.base_simulator | Update norms — honest: ['63.80', '72.65', '64.89', '67.44', '70.25'], attacker: ['0.12', '0.13', '0.10', '0.11', '0.10']
2026-05-01 04:10:14 | INFO    | dpfl.core.base_simulator | Round  19/50 | Acc: 0.3770 | Loss: 386.8820 | eps_max: 12.76 eps_avg: 9.78 | P: 0.00 R: 0.00 F1: 0.00
2026-05-01 04:10:14 | DEBUG   | dpfl.core.base_simulator | Update norms — honest: ['67.99', '72.65', '72.03', '73.89', '72.16'], attacker: ['0.13', '0.13', '0.10', '0.11', '0.11']
2026-05-01 04:10:18 | INFO    | dpfl.core.base_simulator | Round  20/50 | Acc: 0.3856 | Loss: 422.3254 | eps_max: 13.08 eps_avg: 10.12 | P: 0.00 R: 0.00 F1: 0.00
2026-05-01 04:10:18 | DEBUG   | dpfl.core.base_simulator | Update norms — honest: ['72.51', '72.68', '72.55', '74.29', '65.14'], attacker: ['0.13', '0.13', '0.10', '0.11', '0.11']
2026-05-01 04:10:22 | INFO    | dpfl.core.base_simulator | Round  21/50 | Acc: 0.3950 | Loss: 449.0444 | eps_max: 13.44 eps_avg: 10.44 | P: 0.36 R: 0.90 F1: 0.51
2026-05-01 04:10:22 | DEBUG   | dpfl.core.base_simulator | Update norms — honest: ['73.53', '67.23', '65.50', '63.90', '67.81'], attacker: ['1.00', '1.00', '1.00', '1.00', '1.00']
2026-05-01 04:10:26 | INFO    | dpfl.core.base_simulator | Round  22/50 | Acc: 0.4049 | Loss: 480.9259 | eps_max: 13.72 eps_avg: 10.80 | P: 0.37 R: 0.90 F1: 0.52
2026-05-01 04:10:26 | DEBUG   | dpfl.core.base_simulator | Update norms — honest: ['66.53', '72.53', '65.09', '63.96', '72.87'], attacker: ['1.00', '1.00', '1.00', '1.00', '1.00']
2026-05-01 04:10:31 | INFO    | dpfl.core.base_simulator | Round  23/50 | Acc: 0.4129 | Loss: 519.1313 | eps_max: 13.72 eps_avg: 11.17 | P: 0.37 R: 0.90 F1: 0.52
2026-05-01 04:10:31 | DEBUG   | dpfl.core.base_simulator | Update norms — honest: ['58.79', '69.25', '74.33', '71.77', '64.01'], attacker: ['1.00', '1.00', '1.00', '1.00', '1.00']
2026-05-01 04:10:34 | INFO    | dpfl.core.base_simulator | Round  24/50 | Acc: 0.4231 | Loss: 541.9738 | eps_max: 14.02 eps_avg: 11.47 | P: 0.40 R: 0.90 F1: 0.56
2026-05-01 04:10:34 | DEBUG   | dpfl.core.base_simulator | Update norms — honest: ['74.35', '70.06', '71.08', '69.87', '72.54'], attacker: ['1.00', '1.00', '1.00', '1.00', '1.00']
2026-05-01 04:10:39 | INFO    | dpfl.core.base_simulator | Round  25/50 | Acc: 0.4269 | Loss: 592.0399 | eps_max: 14.43 eps_avg: 11.89 | P: 0.33 R: 0.89 F1: 0.48
2026-05-01 04:10:39 | DEBUG   | dpfl.core.base_simulator | Update norms — honest: ['72.05', '65.81', '70.16', '70.40', '55.66'], attacker: ['1.00', '1.00', '1.00', '1.00', '1.00']
2026-05-01 04:10:43 | INFO    | dpfl.core.base_simulator | Round  26/50 | Acc: 0.4332 | Loss: 629.0440 | eps_max: 14.91 eps_avg: 12.24 | P: 0.36 R: 0.90 F1: 0.51
2026-05-01 04:10:43 | DEBUG   | dpfl.core.base_simulator | Update norms — honest: ['65.56', '65.83', '69.90', '63.37', '74.58'], attacker: ['1.00', '1.00', '1.00', '1.00', '1.00']
2026-05-01 04:10:48 | INFO    | dpfl.core.base_simulator | Round  27/50 | Acc: 0.4381 | Loss: 665.4182 | eps_max: 15.40 eps_avg: 12.62 | P: 0.36 R: 0.90 F1: 0.51
2026-05-01 04:10:48 | DEBUG   | dpfl.core.base_simulator | Update norms — honest: ['71.96', '51.83', '70.59', '72.05', '73.43'], attacker: ['1.00', '1.00', '1.00', '1.00', '1.00']
2026-05-01 04:10:51 | INFO    | dpfl.core.base_simulator | Round  28/50 | Acc: 0.4475 | Loss: 686.2367 | eps_max: 15.53 eps_avg: 12.92 | P: 0.40 R: 0.90 F1: 0.55
2026-05-01 04:10:51 | DEBUG   | dpfl.core.base_simulator | Update norms — honest: ['65.26', '69.94', '62.99', '74.36', '61.30'], attacker: ['1.00', '1.00', '1.00', '1.00', '1.00']
2026-05-01 04:10:56 | INFO    | dpfl.core.base_simulator | Round  29/50 | Acc: 0.4517 | Loss: 726.3295 | eps_max: 16.23 eps_avg: 13.26 | P: 0.35 R: 0.89 F1: 0.50
2026-05-01 04:10:56 | DEBUG   | dpfl.core.base_simulator | Update norms — honest: ['62.71', '66.79', '72.99', '66.79', '73.04'], attacker: ['1.00', '1.00', '1.00', '1.00', '1.00']
2026-05-01 04:11:00 | INFO    | dpfl.core.base_simulator | Round  30/50 | Acc: 0.4581 | Loss: 763.1759 | eps_max: 17.00 eps_avg: 13.56 | P: 0.36 R: 0.90 F1: 0.52
2026-05-01 04:11:00 | DEBUG   | dpfl.core.base_simulator | Update norms — honest: ['68.05', '70.36', '67.12', '57.44', '72.84'], attacker: ['1.00', '1.00', '1.00', '1.00', '1.00']
2026-05-01 04:11:04 | INFO    | dpfl.core.base_simulator | Round  31/50 | Acc: 0.4625 | Loss: 807.2198 | eps_max: 17.80 eps_avg: 13.88 | P: 0.35 R: 0.90 F1: 0.50
2026-05-01 04:11:04 | DEBUG   | dpfl.core.base_simulator | Update norms — honest: ['60.54', '70.60', '66.48', '67.31', '67.83'], attacker: ['1.00', '1.00', '1.00', '1.00', '1.00']
2026-05-01 04:11:09 | INFO    | dpfl.core.base_simulator | Round  32/50 | Acc: 0.4675 | Loss: 843.9608 | eps_max: 17.80 eps_avg: 14.17 | P: 0.37 R: 0.89 F1: 0.52
2026-05-01 04:11:09 | DEBUG   | dpfl.core.base_simulator | Update norms — honest: ['70.52', '66.33', '67.57', '72.24', '67.92'], attacker: ['1.00', '1.00', '1.00', '1.00', '1.00']
2026-05-01 04:11:13 | INFO    | dpfl.core.base_simulator | Round  33/50 | Acc: 0.4723 | Loss: 878.5624 | eps_max: 17.80 eps_avg: 14.49 | P: 0.36 R: 0.90 F1: 0.52
2026-05-01 04:11:13 | DEBUG   | dpfl.core.base_simulator | Update norms — honest: ['69.24', '68.80', '69.72', '72.63', '72.27'], attacker: ['1.00', '1.00', '1.00', '1.00', '1.00']
2026-05-01 04:11:18 | INFO    | dpfl.core.base_simulator | Round  34/50 | Acc: 0.4758 | Loss: 924.8815 | eps_max: 17.87 eps_avg: 14.83 | P: 0.35 R: 0.89 F1: 0.50
2026-05-01 04:11:18 | DEBUG   | dpfl.core.base_simulator | Update norms — honest: ['67.96', '68.48', '64.50', '71.97', '69.17'], attacker: ['1.00', '1.00', '1.00', '1.00', '1.00']
2026-05-01 04:11:22 | INFO    | dpfl.core.base_simulator | Round  35/50 | Acc: 0.4802 | Loss: 967.4636 | eps_max: 18.80 eps_avg: 15.18 | P: 0.35 R: 0.90 F1: 0.50
2026-05-01 04:11:22 | DEBUG   | dpfl.core.base_simulator | Update norms — honest: ['62.14', '72.55', '67.36', '69.01', '70.61'], attacker: ['1.00', '1.00', '1.00', '1.00', '1.00']
2026-05-01 04:11:26 | INFO    | dpfl.core.base_simulator | Round  36/50 | Acc: 0.4849 | Loss: 1005.9216 | eps_max: 19.85 eps_avg: 15.55 | P: 0.36 R: 0.89 F1: 0.51
2026-05-01 04:11:26 | DEBUG   | dpfl.core.base_simulator | Update norms — honest: ['67.67', '67.30', '69.02', '72.40', '63.63'], attacker: ['1.00', '1.00', '1.00', '1.00', '1.00']
2026-05-01 04:11:30 | INFO    | dpfl.core.base_simulator | Round  37/50 | Acc: 0.4909 | Loss: 1031.3437 | eps_max: 20.64 eps_avg: 15.90 | P: 0.39 R: 0.90 F1: 0.55
2026-05-01 04:11:30 | DEBUG   | dpfl.core.base_simulator | Update norms — honest: ['65.60', '67.61', '69.61', '71.47', '70.13'], attacker: ['1.00', '1.00', '1.00', '1.00', '1.00']
2026-05-01 04:11:34 | INFO    | dpfl.core.base_simulator | Round  38/50 | Acc: 0.4946 | Loss: 1065.0759 | eps_max: 21.40 eps_avg: 16.28 | P: 0.38 R: 0.90 F1: 0.53
2026-05-01 04:11:34 | DEBUG   | dpfl.core.base_simulator | Update norms — honest: ['70.30', '72.47', '64.62', '68.88', '60.85'], attacker: ['1.00', '1.00', '1.00', '1.00', '1.00']
2026-05-01 04:11:40 | INFO    | dpfl.core.base_simulator | Round  39/50 | Acc: 0.4952 | Loss: 1126.0999 | eps_max: 22.15 eps_avg: 16.78 | P: 0.31 R: 0.89 F1: 0.47
2026-05-01 04:11:40 | DEBUG   | dpfl.core.base_simulator | Update norms — honest: ['67.61', '70.99', '70.64', '70.84', '69.18'], attacker: ['1.00', '1.00', '1.00', '1.00', '1.00']
2026-05-01 04:11:44 | INFO    | dpfl.core.base_simulator | Round  40/50 | Acc: 0.4993 | Loss: 1162.4029 | eps_max: 22.94 eps_avg: 17.21 | P: 0.36 R: 0.90 F1: 0.52
2026-05-01 04:11:44 | DEBUG   | dpfl.core.base_simulator | Update norms — honest: ['71.47', '58.30', '58.02', '70.56', '72.81'], attacker: ['1.00', '1.00', '1.00', '1.00', '1.00']
2026-05-01 04:11:48 | INFO    | dpfl.core.base_simulator | Round  41/50 | Acc: 0.5027 | Loss: 1202.9564 | eps_max: 23.84 eps_avg: 17.70 | P: 0.36 R: 0.90 F1: 0.52
2026-05-01 04:11:48 | DEBUG   | dpfl.core.base_simulator | Update norms — honest: ['63.17', '72.12', '68.21', '69.76', '62.11'], attacker: ['1.00', '1.00', '1.00', '1.00', '1.00']
2026-05-01 04:11:53 | INFO    | dpfl.core.base_simulator | Round  42/50 | Acc: 0.5060 | Loss: 1248.7405 | eps_max: 24.74 eps_avg: 18.20 | P: 0.36 R: 0.89 F1: 0.51
2026-05-01 04:11:53 | DEBUG   | dpfl.core.base_simulator | Update norms — honest: ['70.12', '69.59', '67.69', '64.99', '64.66'], attacker: ['1.00', '1.00', '1.00', '1.00', '1.00']
2026-05-01 04:11:57 | INFO    | dpfl.core.base_simulator | Round  43/50 | Acc: 0.5094 | Loss: 1294.0518 | eps_max: 25.71 eps_avg: 18.68 | P: 0.35 R: 0.90 F1: 0.50
2026-05-01 04:11:57 | DEBUG   | dpfl.core.base_simulator | Update norms — honest: ['60.05', '63.50', '64.22', '64.15', '67.44'], attacker: ['1.00', '1.00', '1.00', '1.00', '1.00']
2026-05-01 04:12:02 | INFO    | dpfl.core.base_simulator | Round  44/50 | Acc: 0.5134 | Loss: 1331.9605 | eps_max: 26.93 eps_avg: 19.16 | P: 0.36 R: 0.89 F1: 0.51
2026-05-01 04:12:02 | DEBUG   | dpfl.core.base_simulator | Update norms — honest: ['63.39', '63.86', '70.16', '64.41', '58.04'], attacker: ['1.00', '1.00', '1.00', '1.00', '1.00']
2026-05-01 04:12:07 | INFO    | dpfl.core.base_simulator | Round  45/50 | Acc: 0.5153 | Loss: 1382.4337 | eps_max: 28.21 eps_avg: 19.70 | P: 0.34 R: 0.90 F1: 0.49
2026-05-01 04:12:07 | DEBUG   | dpfl.core.base_simulator | Update norms — honest: ['63.03', '59.36', '69.93', '63.90', '70.20'], attacker: ['1.00', '1.00', '1.00', '1.00', '1.00']
2026-05-01 04:12:11 | INFO    | dpfl.core.base_simulator | Round  46/50 | Acc: 0.5178 | Loss: 1426.4781 | eps_max: 28.21 eps_avg: 20.25 | P: 0.34 R: 0.89 F1: 0.49
2026-05-01 04:12:11 | DEBUG   | dpfl.core.base_simulator | Update norms — honest: ['59.62', '47.19', '71.27', '68.89', '52.70'], attacker: ['1.00', '1.00', '1.00', '1.00', '1.00']
2026-05-01 04:12:15 | INFO    | dpfl.core.base_simulator | Round  47/50 | Acc: 0.5195 | Loss: nan | eps_max: 28.21 eps_avg: 20.75 | P: 0.37 R: 0.90 F1: 0.53
2026-05-01 04:12:15 | DEBUG   | dpfl.core.base_simulator | Update norms — honest: ['65.86', '63.05', '65.58', '58.33', '61.50'], attacker: ['1.00', '1.00', '1.00', 'nan', '1.00']
2026-05-01 04:12:20 | INFO    | dpfl.core.base_simulator | Round  48/50 | Acc: 0.3962 | Loss: nan | eps_max: 28.21 eps_avg: 21.28 | P: 0.37 R: 0.92 F1: 0.52
2026-05-01 04:12:20 | DEBUG   | dpfl.core.base_simulator | Update norms — honest: ['67.22', '58.59', '63.47', '70.14', '63.00'], attacker: ['nan', 'nan', '0.00', 'nan', 'nan']
2026-05-01 04:12:25 | INFO    | dpfl.core.base_simulator | Round  49/50 | Acc: 0.2514 | Loss: nan | eps_max: 29.30 eps_avg: 21.69 | P: 0.33 R: 0.91 F1: 0.48
2026-05-01 04:12:25 | DEBUG   | dpfl.core.base_simulator | Update norms — honest: ['63.48', '65.56', 'nan', '66.58', '55.41'], attacker: ['nan', 'nan', 'nan', 'nan', 'nan']
2026-05-01 04:12:30 | INFO    | dpfl.core.base_simulator | Round  50/50 | Acc: 0.1867 | Loss: nan | eps_max: 29.30 eps_avg: 21.86 | P: 0.39 R: 0.92 F1: 0.54
2026-05-01 04:12:30 | DEBUG   | dpfl.core.base_simulator | Update norms — honest: ['61.62', 'nan', 'nan', 'nan', 'nan'], attacker: ['nan', 'nan', 'nan', 'nan', 'nan']
2026-05-01 04:12:31 | INFO    | dpfl | Experiment complete in 225.1s
============================================================
REPORT: DP-SGD Decentralized Federated Learning
============================================================
Timestamp:                  20260501_040845
Rounds completed:           50
Attack-active rounds:       30  (from round 20)
Final accuracy:             0.1867
Final test loss:            nan
Final epsilon (max honest): 29.30
Final epsilon (avg honest): 21.86
Best alpha:                 1000.0
Avg precision:              0.3596
Avg recall:                 0.8977
Avg F1 score:               0.5132
Avg update norm (honest):   nan
Avg update norm (attacker): nan

=== PER-NODE PRIVACY COST (final round) ===
Node   0 (attacker)  eps = —          sigma = —       (not tracked)
Node   1 (attacker)  eps = —          sigma = —       (not tracked)
Node   2 (attacker)  eps = —          sigma = —       (not tracked)
Node   3 (attacker)  eps = —          sigma = —       (not tracked)
Node   4 (attacker)  eps = —          sigma = —       (not tracked)
Node   5 (attacker)  eps = —          sigma = —       (not tracked)
Node   6 (attacker)  eps = —          sigma = —       (not tracked)
Node   7 (attacker)  eps = —          sigma = —       (not tracked)
Node   8 (attacker)  eps = —          sigma = —       (not tracked)
Node   9 (attacker)  eps = —          sigma = —       (not tracked)
Node  10 (attacker)  eps = —          sigma = —       (not tracked)
Node  11 (attacker)  eps = —          sigma = —       (not tracked)
Node  12 (attacker)  eps = —          sigma = —       (not tracked)
Node  13 (attacker)  eps = —          sigma = —       (not tracked)
Node  14 (attacker)  eps = —          sigma = —       (not tracked)
Node  15 (attacker)  eps = —          sigma = —       (not tracked)
Node  16 (attacker)  eps = —          sigma = —       (not tracked)
Node  17 (attacker)  eps = —          sigma = —       (not tracked)
Node  18 (attacker)  eps = —          sigma = —       (not tracked)
Node  19 (attacker)  eps = —          sigma = —       (not tracked)
Node  20 (attacker)  eps = —          sigma = —       (not tracked)
Node  21 (attacker)  eps = —          sigma = —       (not tracked)
Node  22 (attacker)  eps = —          sigma = —       (not tracked)
Node  23 (attacker)  eps = —          sigma = —       (not tracked)
Node  24 (attacker)  eps = —          sigma = —       (not tracked)
Node  25 (attacker)  eps = —          sigma = —       (not tracked)
Node  26 (attacker)  eps = —          sigma = —       (not tracked)
Node  27 (attacker)  eps = —          sigma = —       (not tracked)
Node  28 (attacker)  eps = —          sigma = —       (not tracked)
Node  29 (attacker)  eps = —          sigma = —       (not tracked)
Node  30 (attacker)  eps = —          sigma = —       (not tracked)
Node  31 (attacker)  eps = —          sigma = —       (not tracked)
Node  32 (attacker)  eps = —          sigma = —       (not tracked)
Node  33 (attacker)  eps = —          sigma = —       (not tracked)
Node  34 (attacker)  eps = —          sigma = —       (not tracked)
Node  35 (attacker)  eps = —          sigma = —       (not tracked)
Node  36 (attacker)  eps = —          sigma = —       (not tracked)
Node  37 (attacker)  eps = —          sigma = —       (not tracked)
Node  38 (attacker)  eps = —          sigma = —       (not tracked)
Node  39 (attacker)  eps = —          sigma = —       (not tracked)
Node  40 (attacker)  eps = —          sigma = —       (not tracked)
Node  41 (attacker)  eps = —          sigma = —       (not tracked)
Node  42 (attacker)  eps = —          sigma = —       (not tracked)
Node  43 (attacker)  eps = —          sigma = —       (not tracked)
Node  44 (attacker)  eps = —          sigma = —       (not tracked)
Node  45 (attacker)  eps = —          sigma = —       (not tracked)
Node  46 (attacker)  eps = —          sigma = —       (not tracked)
Node  47 (attacker)  eps = —          sigma = —       (not tracked)
Node  48 (attacker)  eps = —          sigma = —       (not tracked)
Node  49 (attacker)  eps = —          sigma = —       (not tracked)
Node  50 (attacker)  eps = —          sigma = —       (not tracked)
Node  51 (attacker)  eps = —          sigma = —       (not tracked)
Node  52 (attacker)  eps = —          sigma = —       (not tracked)
Node  53 (attacker)  eps = —          sigma = —       (not tracked)
Node  54 (attacker)  eps = —          sigma = —       (not tracked)
Node  55 (attacker)  eps = —          sigma = —       (not tracked)
Node  56 (attacker)  eps = —          sigma = —       (not tracked)
Node  57 (attacker)  eps = —          sigma = —       (not tracked)
Node  58 (attacker)  eps = —          sigma = —       (not tracked)
Node  59 (attacker)  eps = —          sigma = —       (not tracked)
Node  60 (honest  )  eps =  21.3159  sigma =  0.000  frozen = False
Node  61 (honest  )  eps =  21.5170  sigma =  0.000  frozen = False
Node  62 (honest  )  eps =  23.2666  sigma =  0.000  frozen = False
Node  63 (honest  )  eps =  21.3746  sigma =  0.000  frozen = False
Node  64 (honest  )  eps =  18.4246  sigma =  0.000  frozen = False
Node  65 (honest  )  eps =  20.7710  sigma =  0.000  frozen = False
Node  66 (honest  )  eps =  24.2069  sigma =  0.000  frozen = False
Node  67 (honest  )  eps =  23.4366  sigma =  0.000  frozen = False
Node  68 (honest  )  eps =  22.9487  sigma =  0.000  frozen = False
Node  69 (honest  )  eps =  23.2032  sigma =  0.000  frozen = False
Node  70 (honest  )  eps =  21.7890  sigma =  0.000  frozen = False
Node  71 (honest  )  eps =  23.4234  sigma =  0.000  frozen = False
Node  72 (honest  )  eps =  21.4131  sigma =  0.000  frozen = False
Node  73 (honest  )  eps =  18.4977  sigma =  0.000  frozen = False
Node  74 (honest  )  eps =  22.2009  sigma =  0.000  frozen = False
Node  75 (honest  )  eps =  22.5818  sigma =  0.000  frozen = False
Node  76 (honest  )  eps =  20.5533  sigma =  0.000  frozen = False
Node  77 (honest  )  eps =  25.0254  sigma =  0.000  frozen = False
Node  78 (honest  )  eps =  21.1002  sigma =  0.000  frozen = False
Node  79 (honest  )  eps =  20.9317  sigma =  0.000  frozen = False
Node  80 (honest  )  eps =  18.9293  sigma =  0.000  frozen = False
Node  81 (honest  )  eps =  26.4123  sigma =  0.000  frozen = False
Node  82 (honest  )  eps =  19.9443  sigma =  0.000  frozen = False
Node  83 (honest  )  eps =  20.9533  sigma =  0.000  frozen = False
Node  84 (honest  )  eps =  21.4599  sigma =  0.000  frozen = False
Node  85 (honest  )  eps =  21.8257  sigma =  0.000  frozen = False
Node  86 (honest  )  eps =  21.5181  sigma =  0.000  frozen = False
Node  87 (honest  )  eps =  25.6237  sigma =  0.000  frozen = False
Node  88 (honest  )  eps =  23.8203  sigma =  0.000  frozen = False
Node  89 (honest  )  eps =  26.2999  sigma =  0.000  frozen = False
Node  90 (honest  )  eps =  20.6987  sigma =  0.000  frozen = False
Node  91 (honest  )  eps =  21.6047  sigma =  0.000  frozen = False
Node  92 (honest  )  eps =  20.3826  sigma =  0.000  frozen = False
Node  93 (honest  )  eps =  20.3875  sigma =  0.000  frozen = False
Node  94 (honest  )  eps =  19.9669  sigma =  0.000  frozen = False
Node  95 (honest  )  eps =  24.8482  sigma =  0.000  frozen = False
Node  96 (honest  )  eps =  23.6385  sigma =  0.000  frozen = False
Node  97 (honest  )  eps =  20.9586  sigma =  0.000  frozen = False
Node  98 (honest  )  eps =  26.1983  sigma =  0.000  frozen = False
Node  99 (honest  )  eps =  24.4288  sigma =  0.000  frozen = False
Node 100 (honest  )  eps =  19.4680  sigma =  0.000  frozen = False
Node 101 (honest  )  eps =  20.6485  sigma =  0.000  frozen = False
Node 102 (honest  )  eps =  28.1895  sigma =  0.000  frozen = False
Node 103 (honest  )  eps =  20.1836  sigma =  0.000  frozen = False
Node 104 (honest  )  eps =  22.3412  sigma =  0.000  frozen = False
Node 105 (honest  )  eps =  19.6151  sigma =  0.000  frozen = False
Node 106 (honest  )  eps =  20.2658  sigma =  0.000  frozen = False
Node 107 (honest  )  eps =  20.1831  sigma =  0.000  frozen = False
Node 108 (honest  )  eps =  22.8536  sigma =  0.000  frozen = False
Node 109 (honest  )  eps =  21.5245  sigma =  0.000  frozen = False
Node 110 (honest  )  eps =  21.2000  sigma =  0.000  frozen = False
Node 111 (honest  )  eps =  20.6831  sigma =  0.000  frozen = False
Node 112 (honest  )  eps =  21.0579  sigma =  0.000  frozen = False
Node 113 (honest  )  eps =  19.2261  sigma =  0.000  frozen = False
Node 114 (honest  )  eps =  25.4230  sigma =  0.000  frozen = False
Node 115 (honest  )  eps =  20.1462  sigma =  0.000  frozen = False
Node 116 (honest  )  eps =  19.7432  sigma =  0.000  frozen = False
Node 117 (honest  )  eps =  21.3527  sigma =  0.000  frozen = False
Node 118 (honest  )  eps =  20.6458  sigma =  0.000  frozen = False
Node 119 (honest  )  eps =  21.1497  sigma =  0.000  frozen = False
Node 120 (honest  )  eps =  21.2046  sigma =  0.000  frozen = False
Node 121 (honest  )  eps =  21.0704  sigma =  0.000  frozen = False
Node 122 (honest  )  eps =  21.3555  sigma =  0.000  frozen = False
Node 123 (honest  )  eps =  21.8592  sigma =  0.000  frozen = False
Node 124 (honest  )  eps =  22.3148  sigma =  0.000  frozen = False
Node 125 (honest  )  eps =  17.2428  sigma =  0.000  frozen = False
Node 126 (honest  )  eps =  18.4423  sigma =  0.000  frozen = False
Node 127 (honest  )  eps =  21.3349  sigma =  0.000  frozen = False
Node 128 (honest  )  eps =  23.2962  sigma =  0.000  frozen = False
Node 129 (honest  )  eps =  21.9545  sigma =  0.000  frozen = False
Node 130 (honest  )  eps =  23.4570  sigma =  0.000  frozen = False
Node 131 (honest  )  eps =  21.5348  sigma =  0.000  frozen = False
Node 132 (honest  )  eps =  20.6613  sigma =  0.000  frozen = False
Node 133 (honest  )  eps =  19.9969  sigma =  0.000  frozen = False
Node 134 (honest  )  eps =  19.5822  sigma =  0.000  frozen = False
Node 135 (honest  )  eps =  22.6060  sigma =  0.000  frozen = False
Node 136 (honest  )  eps =  20.3888  sigma =  0.000  frozen = False
Node 137 (honest  )  eps =  24.2633  sigma =  0.000  frozen = False
Node 138 (honest  )  eps =  22.5666  sigma =  0.000  frozen = False
Node 139 (honest  )  eps =  27.2973  sigma =  0.000  frozen = False
Node 140 (honest  )  eps =  20.1824  sigma =  0.000  frozen = False
Node 141 (honest  )  eps =  24.1502  sigma =  0.000  frozen = False
Node 142 (honest  )  eps =  23.7748  sigma =  0.000  frozen = False
Node 143 (honest  )  eps =  22.6526  sigma =  0.000  frozen = False
Node 144 (honest  )  eps =  21.0914  sigma =  0.000  frozen = False
Node 145 (honest  )  eps =  19.8321  sigma =  0.000  frozen = False
Node 146 (honest  )  eps =  23.9002  sigma =  0.000  frozen = False
Node 147 (honest  )  eps =  28.0293  sigma =  0.000  frozen = False
Node 148 (honest  )  eps =  23.4171  sigma =  0.000  frozen = False
Node 149 (honest  )  eps =  16.6635  sigma =  0.000  frozen = False
Node 150 (honest  )  eps =  22.1572  sigma =  0.000  frozen = False
Node 151 (honest  )  eps =  25.6766  sigma =  0.000  frozen = False
Node 152 (honest  )  eps =  18.3626  sigma =  0.000  frozen = False
Node 153 (honest  )  eps =  21.1890  sigma =  0.000  frozen = False
Node 154 (honest  )  eps =  17.9279  sigma =  0.000  frozen = False
Node 155 (honest  )  eps =  23.0303  sigma =  0.000  frozen = False
Node 156 (honest  )  eps =  21.7316  sigma =  0.000  frozen = False
Node 157 (honest  )  eps =  20.4576  sigma =  0.000  frozen = False
Node 158 (honest  )  eps =  27.2065  sigma =  0.000  frozen = False
Node 159 (honest  )  eps =  20.7432  sigma =  0.000  frozen = False
Node 160 (honest  )  eps =  20.3346  sigma =  0.000  frozen = False
Node 161 (honest  )  eps =  19.9965  sigma =  0.000  frozen = False
Node 162 (honest  )  eps =  20.0387  sigma =  0.000  frozen = False
Node 163 (honest  )  eps =  21.7398  sigma =  0.000  frozen = False
Node 164 (honest  )  eps =  19.5984  sigma =  0.000  frozen = False
Node 165 (honest  )  eps =  21.5377  sigma =  0.000  frozen = False
Node 166 (honest  )  eps =  24.0462  sigma =  0.000  frozen = False
Node 167 (honest  )  eps =  20.5568  sigma =  0.000  frozen = False
Node 168 (honest  )  eps =  27.3725  sigma =  0.000  frozen = False
Node 169 (honest  )  eps =  24.7528  sigma =  0.000  frozen = False
Node 170 (honest  )  eps =  22.1521  sigma =  0.000  frozen = False
Node 171 (honest  )  eps =  20.8956  sigma =  0.000  frozen = False
Node 172 (honest  )  eps =  23.5449  sigma =  0.000  frozen = False
Node 173 (honest  )  eps =  20.8723  sigma =  0.000  frozen = False
Node 174 (honest  )  eps =  23.4642  sigma =  0.000  frozen = False
Node 175 (honest  )  eps =  23.6346  sigma =  0.000  frozen = False
Node 176 (honest  )  eps =  21.3052  sigma =  0.000  frozen = False
Node 177 (honest  )  eps =  20.7884  sigma =  0.000  frozen = False
Node 178 (honest  )  eps =  21.9034  sigma =  0.000  frozen = False
Node 179 (honest  )  eps =  21.2771  sigma =  0.000  frozen = False
Node 180 (honest  )  eps =  21.2010  sigma =  0.000  frozen = False
Node 181 (honest  )  eps =  23.4259  sigma =  0.000  frozen = False
Node 182 (honest  )  eps =  19.3703  sigma =  0.000  frozen = False
Node 183 (honest  )  eps =  20.1184  sigma =  0.000  frozen = False
Node 184 (honest  )  eps =  22.7085  sigma =  0.000  frozen = False
Node 185 (honest  )  eps =  23.1746  sigma =  0.000  frozen = False
Node 186 (honest  )  eps =  27.1952  sigma =  0.000  frozen = False
Node 187 (honest  )  eps =  22.3558  sigma =  0.000  frozen = False
Node 188 (honest  )  eps =  22.8615  sigma =  0.000  frozen = False
Node 189 (honest  )  eps =  21.3753  sigma =  0.000  frozen = False
Node 190 (honest  )  eps =  22.5696  sigma =  0.000  frozen = False
Node 191 (honest  )  eps =  19.8382  sigma =  0.000  frozen = False
Node 192 (honest  )  eps =  20.0980  sigma =  0.000  frozen = False
Node 193 (honest  )  eps =  21.1944  sigma =  0.000  frozen = False
Node 194 (honest  )  eps =  27.1869  sigma =  0.000  frozen = False
Node 195 (honest  )  eps =  25.4294  sigma =  0.000  frozen = False
Node 196 (honest  )  eps =  22.0740  sigma =  0.000  frozen = False
Node 197 (honest  )  eps =  24.5102  sigma =  0.000  frozen = False
Node 198 (honest  )  eps =  23.3202  sigma =  0.000  frozen = False
Node 199 (honest  )  eps =  22.6830  sigma =  0.000  frozen = False
Node 200 (honest  )  eps =  19.7515  sigma =  0.000  frozen = False
Node 201 (honest  )  eps =  20.1302  sigma =  0.000  frozen = False
Node 202 (honest  )  eps =  22.9701  sigma =  0.000  frozen = False
Node 203 (honest  )  eps =  20.8285  sigma =  0.000  frozen = False
Node 204 (honest  )  eps =  20.7807  sigma =  0.000  frozen = False
Node 205 (honest  )  eps =  23.2038  sigma =  0.000  frozen = False
Node 206 (honest  )  eps =  21.1247  sigma =  0.000  frozen = False
Node 207 (honest  )  eps =  23.6650  sigma =  0.000  frozen = False
Node 208 (honest  )  eps =  25.5568  sigma =  0.000  frozen = False
Node 209 (honest  )  eps =  20.8755  sigma =  0.000  frozen = False
Node 210 (honest  )  eps =  19.6887  sigma =  0.000  frozen = False
Node 211 (honest  )  eps =  22.3631  sigma =  0.000  frozen = False
Node 212 (honest  )  eps =  19.5458  sigma =  0.000  frozen = False
Node 213 (honest  )  eps =  15.5040  sigma =  0.000  frozen = False
Node 214 (honest  )  eps =  23.4661  sigma =  0.000  frozen = False
Node 215 (honest  )  eps =  19.1457  sigma =  0.000  frozen = False
Node 216 (honest  )  eps =  20.0274  sigma =  0.000  frozen = False
Node 217 (honest  )  eps =  19.9595  sigma =  0.000  frozen = False
Node 218 (honest  )  eps =  17.7044  sigma =  0.000  frozen = False
Node 219 (honest  )  eps =  19.7927  sigma =  0.000  frozen = False
Node 220 (honest  )  eps =  24.2162  sigma =  0.000  frozen = False
Node 221 (honest  )  eps =  20.9509  sigma =  0.000  frozen = False
Node 222 (honest  )  eps =  27.2423  sigma =  0.000  frozen = False
Node 223 (honest  )  eps =  21.9597  sigma =  0.000  frozen = False
Node 224 (honest  )  eps =  17.7659  sigma =  0.000  frozen = False
Node 225 (honest  )  eps =  22.1929  sigma =  0.000  frozen = False
Node 226 (honest  )  eps =  19.6973  sigma =  0.000  frozen = False
Node 227 (honest  )  eps =  22.0584  sigma =  0.000  frozen = False
Node 228 (honest  )  eps =  27.9423  sigma =  0.000  frozen = False
Node 229 (honest  )  eps =  16.7498  sigma =  0.000  frozen = False
Node 230 (honest  )  eps =  23.5593  sigma =  0.000  frozen = False
Node 231 (honest  )  eps =  25.1504  sigma =  0.000  frozen = False
Node 232 (honest  )  eps =  21.6466  sigma =  0.000  frozen = False
Node 233 (honest  )  eps =  27.5824  sigma =  0.000  frozen = False
Node 234 (honest  )  eps =  21.1179  sigma =  0.000  frozen = False
Node 235 (honest  )  eps =  19.3789  sigma =  0.000  frozen = False
Node 236 (honest  )  eps =  19.8725  sigma =  0.000  frozen = False
Node 237 (honest  )  eps =  18.0618  sigma =  0.000  frozen = False
Node 238 (honest  )  eps =  22.6130  sigma =  0.000  frozen = False
Node 239 (honest  )  eps =  22.7573  sigma =  0.000  frozen = False
Node 240 (honest  )  eps =  20.0763  sigma =  0.000  frozen = False
Node 241 (honest  )  eps =  20.3773  sigma =  0.000  frozen = False
Node 242 (honest  )  eps =  20.0315  sigma =  0.000  frozen = False
Node 243 (honest  )  eps =  21.0046  sigma =  0.000  frozen = False
Node 244 (honest  )  eps =  21.2111  sigma =  0.000  frozen = False
Node 245 (honest  )  eps =  24.9871  sigma =  0.000  frozen = False
Node 246 (honest  )  eps =  19.8725  sigma =  0.000  frozen = False
Node 247 (honest  )  eps =  20.8188  sigma =  0.000  frozen = False
Node 248 (honest  )  eps =  23.3299  sigma =  0.000  frozen = False
Node 249 (honest  )  eps =  21.0132  sigma =  0.000  frozen = False
Node 250 (honest  )  eps =  20.9077  sigma =  0.000  frozen = False
Node 251 (honest  )  eps =  20.4013  sigma =  0.000  frozen = False
Node 252 (honest  )  eps =  20.9084  sigma =  0.000  frozen = False
Node 253 (honest  )  eps =  21.9698  sigma =  0.000  frozen = False
Node 254 (honest  )  eps =  20.7851  sigma =  0.000  frozen = False
Node 255 (honest  )  eps =  18.9586  sigma =  0.000  frozen = False
Node 256 (honest  )  eps =  21.2937  sigma =  0.000  frozen = False
Node 257 (honest  )  eps =  19.8851  sigma =  0.000  frozen = False
Node 258 (honest  )  eps =  21.1887  sigma =  0.000  frozen = False
Node 259 (honest  )  eps =  23.0448  sigma =  0.000  frozen = False
Node 260 (honest  )  eps =  19.5064  sigma =  0.000  frozen = False
Node 261 (honest  )  eps =  20.2610  sigma =  0.000  frozen = False
Node 262 (honest  )  eps =  16.6984  sigma =  0.000  frozen = False
Node 263 (honest  )  eps =  26.2087  sigma =  0.000  frozen = False
Node 264 (honest  )  eps =  22.9194  sigma =  0.000  frozen = False
Node 265 (honest  )  eps =  23.0187  sigma =  0.000  frozen = False
Node 266 (honest  )  eps =  18.8435  sigma =  0.000  frozen = False
Node 267 (honest  )  eps =  23.6974  sigma =  0.000  frozen = False
Node 268 (honest  )  eps =  21.0344  sigma =  0.000  frozen = False
Node 269 (honest  )  eps =  22.7211  sigma =  0.000  frozen = False
Node 270 (honest  )  eps =  23.9864  sigma =  0.000  frozen = False
Node 271 (honest  )  eps =  24.2199  sigma =  0.000  frozen = False
Node 272 (honest  )  eps =  21.8132  sigma =  0.000  frozen = False
Node 273 (honest  )  eps =  25.1597  sigma =  0.000  frozen = False
Node 274 (honest  )  eps =  21.6002  sigma =  0.000  frozen = False
Node 275 (honest  )  eps =  23.2662  sigma =  0.000  frozen = False
Node 276 (honest  )  eps =  22.6138  sigma =  0.000  frozen = False
Node 277 (honest  )  eps =  20.2745  sigma =  0.000  frozen = False
Node 278 (honest  )  eps =  20.6996  sigma =  0.000  frozen = False
Node 279 (honest  )  eps =  20.7207  sigma =  0.000  frozen = False
Node 280 (honest  )  eps =  23.6520  sigma =  0.000  frozen = False
Node 281 (honest  )  eps =  22.1878  sigma =  0.000  frozen = False
Node 282 (honest  )  eps =  24.9449  sigma =  0.000  frozen = False
Node 283 (honest  )  eps =  20.2556  sigma =  0.000  frozen = False
Node 284 (honest  )  eps =  16.6860  sigma =  0.000  frozen = False
Node 285 (honest  )  eps =  18.4557  sigma =  0.000  frozen = False
Node 286 (honest  )  eps =  22.4675  sigma =  0.000  frozen = False
Node 287 (honest  )  eps =  29.2968  sigma =  0.000  frozen = False
Node 288 (honest  )  eps =  22.4823  sigma =  0.000  frozen = False
Node 289 (honest  )  eps =  21.3895  sigma =  0.000  frozen = False
Node 290 (honest  )  eps =  25.6688  sigma =  0.000  frozen = False
Node 291 (honest  )  eps =  23.7573  sigma =  0.000  frozen = False
Node 292 (honest  )  eps =  20.5117  sigma =  0.000  frozen = False
Node 293 (honest  )  eps =  22.9775  sigma =  0.000  frozen = False
Node 294 (honest  )  eps =  21.6472  sigma =  0.000  frozen = False
Node 295 (honest  )  eps =  20.7174  sigma =  0.000  frozen = False
Node 296 (honest  )  eps =  23.0300  sigma =  0.000  frozen = False
Node 297 (honest  )  eps =  20.7226  sigma =  0.000  frozen = False
Node 298 (honest  )  eps =  21.9257  sigma =  0.000  frozen = False
Node 299 (honest  )  eps =  21.8617  sigma =  0.000  frozen = False
------------------------------------------------------------
eps_system (max honest): 29.2968
eps_avg (honest):        21.8561
eps_std (honest):        2.3187
n_frozen:                0/240
============================================================
