2026-05-02 04:45:26 | INFO    | dpfl | Experiment start: algorithm=cfl_fedavg, dataset=fashion_mnist, model=mlp, device=cuda
2026-05-02 04:45:26 | INFO    | dpfl | Config: nodes=500, attackers=0, rounds=300, noise_mode=none, attack=scale
2026-05-02 04:45:26 | INFO    | dpfl.data.fashion_mnist_dataset | Loading Fashion-MNIST dataset...
2026-05-02 04:45:26 | INFO    | dpfl.data.fashion_mnist_dataset | Fashion-MNIST loaded: 60000 train, 10000 test samples
2026-05-02 04:48:25 | INFO    | dpfl.core.base_simulator | Vectorized state ready: param_spec.D=50890, X_test=(10000, 1, 28, 28), train clients N=500, max_n_samples=2000
2026-05-02 04:48:25 | INFO    | dpfl.core.base_simulator | Setup complete: 500 nodes (0 attackers), param_dim=50890, split=iid
2026-05-02 04:48:25 | DEBUG   | dpfl.core.base_simulator | Attacker IDs: set()
2026-05-02 04:48:25 | INFO    | dpfl.algorithms.cfl_fedavg.simulator | CFL-DP-FedAvg: K=500, q=0.050, S=0.0234, z=0.9000, σ=zS/(qW)=0.0008, DP=True
2026-05-02 04:48:26 | INFO    | dpfl.core.base_simulator | Round   1/300 | Acc: 0.0903 | Loss: 2.3154 | eps: 2.01 | P: 1.00 R: 0.00 F1: 0.00
2026-05-02 04:48:26 | DEBUG   | dpfl.core.base_simulator | Update norms — honest: ['0.43', '0.44', '0.44', '0.44', '0.44'], attacker: []
2026-05-02 04:48:26 | INFO    | dpfl.core.base_simulator | Round   2/300 | Acc: 0.1188 | Loss: 2.2822 | eps: 2.26 | P: 1.00 R: 0.00 F1: 0.00
2026-05-02 04:48:26 | DEBUG   | dpfl.core.base_simulator | Update norms — honest: ['0.44', '0.44', '0.44', '0.44', '0.44'], attacker: []
2026-05-02 04:48:26 | INFO    | dpfl.core.base_simulator | Round   3/300 | Acc: 0.1789 | Loss: 2.2431 | eps: 2.40 | P: 1.00 R: 0.00 F1: 0.00
2026-05-02 04:48:26 | DEBUG   | dpfl.core.base_simulator | Update norms — honest: ['0.44', '0.44', '0.45', '0.44', '0.44'], attacker: []
2026-05-02 04:48:27 | INFO    | dpfl.core.base_simulator | Round   4/300 | Acc: 0.2300 | Loss: 2.2027 | eps: 2.45 | P: 1.00 R: 0.00 F1: 0.00
2026-05-02 04:48:27 | DEBUG   | dpfl.core.base_simulator | Update norms — honest: ['0.44', '0.44', '0.44', '0.44', '0.44'], attacker: []
2026-05-02 04:48:27 | INFO    | dpfl.core.base_simulator | Round   5/300 | Acc: 0.2759 | Loss: 2.1652 | eps: 2.50 | P: 1.00 R: 0.00 F1: 0.00
2026-05-02 04:48:27 | DEBUG   | dpfl.core.base_simulator | Update norms — honest: ['0.44', '0.44', '0.45', '0.43', '0.44'], attacker: []
2026-05-02 04:48:29 | INFO    | dpfl.core.base_simulator | Round   6/300 | Acc: 0.3106 | Loss: 2.1341 | eps: 2.55 | P: 1.00 R: 0.00 F1: 0.00
2026-05-02 04:48:29 | DEBUG   | dpfl.core.base_simulator | Update norms — honest: ['0.43', '0.44', '0.44', '0.43', '0.44'], attacker: []
2026-05-02 04:48:34 | INFO    | dpfl.core.base_simulator | Round   7/300 | Acc: 0.3439 | Loss: 2.1015 | eps: 2.60 | P: 1.00 R: 0.00 F1: 0.00
2026-05-02 04:48:34 | DEBUG   | dpfl.core.base_simulator | Update norms — honest: ['0.43', '0.44', '0.44', '0.43', '0.44'], attacker: []
2026-05-02 04:48:39 | INFO    | dpfl.core.base_simulator | Round   8/300 | Acc: 0.3952 | Loss: 2.0586 | eps: 2.65 | P: 1.00 R: 0.00 F1: 0.00
2026-05-02 04:48:39 | DEBUG   | dpfl.core.base_simulator | Update norms — honest: ['0.43', '0.44', '0.44', '0.43', '0.44'], attacker: []
2026-05-02 04:48:44 | INFO    | dpfl.core.base_simulator | Round   9/300 | Acc: 0.4464 | Loss: 2.0135 | eps: 2.70 | P: 1.00 R: 0.00 F1: 0.00
2026-05-02 04:48:44 | DEBUG   | dpfl.core.base_simulator | Update norms — honest: ['0.43', '0.43', '0.43', '0.42', '0.43'], attacker: []
2026-05-02 04:48:48 | INFO    | dpfl.core.base_simulator | Round  10/300 | Acc: 0.4882 | Loss: 1.9714 | eps: 2.75 | P: 1.00 R: 0.00 F1: 0.00
2026-05-02 04:48:48 | DEBUG   | dpfl.core.base_simulator | Update norms — honest: ['0.42', '0.43', '0.43', '0.42', '0.43'], attacker: []
2026-05-02 04:48:53 | INFO    | dpfl.core.base_simulator | Round  11/300 | Acc: 0.5187 | Loss: 1.9294 | eps: 2.79 | P: 1.00 R: 0.00 F1: 0.00
2026-05-02 04:48:53 | DEBUG   | dpfl.core.base_simulator | Update norms — honest: ['0.42', '0.42', '0.42', '0.42', '0.43'], attacker: []
2026-05-02 04:48:57 | INFO    | dpfl.core.base_simulator | Round  12/300 | Acc: 0.5462 | Loss: 1.8843 | eps: 2.84 | P: 1.00 R: 0.00 F1: 0.00
2026-05-02 04:48:57 | DEBUG   | dpfl.core.base_simulator | Update norms — honest: ['0.41', '0.42', '0.42', '0.41', '0.42'], attacker: []
2026-05-02 04:49:01 | INFO    | dpfl.core.base_simulator | Round  13/300 | Acc: 0.5656 | Loss: 1.8443 | eps: 2.89 | P: 1.00 R: 0.00 F1: 0.00
2026-05-02 04:49:01 | DEBUG   | dpfl.core.base_simulator | Update norms — honest: ['0.40', '0.41', '0.41', '0.40', '0.41'], attacker: []
2026-05-02 04:49:06 | INFO    | dpfl.core.base_simulator | Round  14/300 | Acc: 0.5780 | Loss: 1.8061 | eps: 2.94 | P: 1.00 R: 0.00 F1: 0.00
2026-05-02 04:49:06 | DEBUG   | dpfl.core.base_simulator | Update norms — honest: ['0.40', '0.41', '0.41', '0.40', '0.41'], attacker: []
2026-05-02 04:49:10 | INFO    | dpfl.core.base_simulator | Round  15/300 | Acc: 0.5868 | Loss: 1.7831 | eps: 2.99 | P: 1.00 R: 0.00 F1: 0.00
2026-05-02 04:49:10 | DEBUG   | dpfl.core.base_simulator | Update norms — honest: ['0.39', '0.40', '0.40', '0.39', '0.40'], attacker: []
2026-05-02 04:49:14 | INFO    | dpfl.core.base_simulator | Round  16/300 | Acc: 0.5962 | Loss: 1.7510 | eps: 3.04 | P: 1.00 R: 0.00 F1: 0.00
2026-05-02 04:49:14 | DEBUG   | dpfl.core.base_simulator | Update norms — honest: ['0.39', '0.40', '0.40', '0.39', '0.40'], attacker: []
2026-05-02 04:49:20 | INFO    | dpfl.core.base_simulator | Round  17/300 | Acc: 0.6076 | Loss: 1.7181 | eps: 3.09 | P: 1.00 R: 0.00 F1: 0.00
2026-05-02 04:49:20 | DEBUG   | dpfl.core.base_simulator | Update norms — honest: ['0.38', '0.39', '0.39', '0.38', '0.39'], attacker: []
2026-05-02 04:49:24 | INFO    | dpfl.core.base_simulator | Round  18/300 | Acc: 0.6163 | Loss: 1.6865 | eps: 3.14 | P: 1.00 R: 0.00 F1: 0.00
2026-05-02 04:49:24 | DEBUG   | dpfl.core.base_simulator | Update norms — honest: ['0.38', '0.38', '0.39', '0.38', '0.39'], attacker: []
2026-05-02 04:49:29 | INFO    | dpfl.core.base_simulator | Round  19/300 | Acc: 0.6249 | Loss: 1.6551 | eps: 3.19 | P: 1.00 R: 0.00 F1: 0.00
2026-05-02 04:49:29 | DEBUG   | dpfl.core.base_simulator | Update norms — honest: ['0.37', '0.38', '0.38', '0.37', '0.38'], attacker: []
2026-05-02 04:49:33 | INFO    | dpfl.core.base_simulator | Round  20/300 | Acc: 0.6316 | Loss: 1.6271 | eps: 3.24 | P: 1.00 R: 0.00 F1: 0.00
2026-05-02 04:49:33 | DEBUG   | dpfl.core.base_simulator | Update norms — honest: ['0.37', '0.37', '0.37', '0.36', '0.38'], attacker: []
2026-05-02 04:49:39 | INFO    | dpfl.core.base_simulator | Round  21/300 | Acc: 0.6401 | Loss: 1.5898 | eps: 3.29 | P: 1.00 R: 0.00 F1: 0.00
2026-05-02 04:49:39 | DEBUG   | dpfl.core.base_simulator | Update norms — honest: ['0.36', '0.37', '0.37', '0.36', '0.37'], attacker: []
2026-05-02 04:49:44 | INFO    | dpfl.core.base_simulator | Round  22/300 | Acc: 0.6447 | Loss: 1.5645 | eps: 3.34 | P: 1.00 R: 0.00 F1: 0.00
2026-05-02 04:49:44 | DEBUG   | dpfl.core.base_simulator | Update norms — honest: ['0.35', '0.36', '0.36', '0.35', '0.36'], attacker: []
2026-05-02 04:49:47 | INFO    | dpfl.core.base_simulator | Round  23/300 | Acc: 0.6530 | Loss: 1.5297 | eps: 3.39 | P: 1.00 R: 0.00 F1: 0.00
2026-05-02 04:49:47 | DEBUG   | dpfl.core.base_simulator | Update norms — honest: ['0.35', '0.35', '0.35', '0.34', '0.35'], attacker: []
2026-05-02 04:49:47 | INFO    | dpfl.core.base_simulator | Round  24/300 | Acc: 0.6568 | Loss: 1.5043 | eps: 3.43 | P: 1.00 R: 0.00 F1: 0.00
2026-05-02 04:49:47 | DEBUG   | dpfl.core.base_simulator | Update norms — honest: ['0.34', '0.35', '0.34', '0.34', '0.35'], attacker: []
2026-05-02 04:49:48 | INFO    | dpfl.core.base_simulator | Round  25/300 | Acc: 0.6632 | Loss: 1.4797 | eps: 3.48 | P: 1.00 R: 0.00 F1: 0.00
2026-05-02 04:49:48 | DEBUG   | dpfl.core.base_simulator | Update norms — honest: ['0.34', '0.34', '0.34', '0.33', '0.34'], attacker: []
2026-05-02 04:49:48 | INFO    | dpfl.core.base_simulator | Round  26/300 | Acc: 0.6655 | Loss: 1.4563 | eps: 3.53 | P: 1.00 R: 0.00 F1: 0.00
2026-05-02 04:49:48 | DEBUG   | dpfl.core.base_simulator | Update norms — honest: ['0.33', '0.33', '0.33', '0.32', '0.34'], attacker: []
2026-05-02 04:49:48 | INFO    | dpfl.core.base_simulator | Round  27/300 | Acc: 0.6685 | Loss: 1.4314 | eps: 3.58 | P: 1.00 R: 0.00 F1: 0.00
2026-05-02 04:49:48 | DEBUG   | dpfl.core.base_simulator | Update norms — honest: ['0.32', '0.33', '0.33', '0.32', '0.33'], attacker: []
2026-05-02 04:49:51 | INFO    | dpfl.core.base_simulator | Round  28/300 | Acc: 0.6742 | Loss: 1.4017 | eps: 3.63 | P: 1.00 R: 0.00 F1: 0.00
2026-05-02 04:49:51 | DEBUG   | dpfl.core.base_simulator | Update norms — honest: ['0.32', '0.32', '0.32', '0.31', '0.32'], attacker: []
2026-05-02 04:49:52 | INFO    | dpfl.core.base_simulator | Round  29/300 | Acc: 0.6789 | Loss: 1.3719 | eps: 3.67 | P: 1.00 R: 0.00 F1: 0.00
2026-05-02 04:49:52 | DEBUG   | dpfl.core.base_simulator | Update norms — honest: ['0.31', '0.31', '0.31', '0.31', '0.32'], attacker: []
2026-05-02 04:49:52 | INFO    | dpfl.core.base_simulator | Round  30/300 | Acc: 0.6827 | Loss: 1.3498 | eps: 3.69 | P: 1.00 R: 0.00 F1: 0.00
2026-05-02 04:49:52 | DEBUG   | dpfl.core.base_simulator | Update norms — honest: ['0.30', '0.30', '0.31', '0.30', '0.31'], attacker: []
2026-05-02 04:49:53 | INFO    | dpfl.core.base_simulator | Round  31/300 | Acc: 0.6824 | Loss: 1.3152 | eps: 3.71 | P: 1.00 R: 0.00 F1: 0.00
2026-05-02 04:49:53 | DEBUG   | dpfl.core.base_simulator | Update norms — honest: ['0.30', '0.30', '0.30', '0.29', '0.30'], attacker: []
2026-05-02 04:49:53 | INFO    | dpfl.core.base_simulator | Round  32/300 | Acc: 0.6883 | Loss: 1.2955 | eps: 3.73 | P: 1.00 R: 0.00 F1: 0.00
2026-05-02 04:49:53 | DEBUG   | dpfl.core.base_simulator | Update norms — honest: ['0.29', '0.29', '0.29', '0.28', '0.29'], attacker: []
2026-05-02 04:49:54 | INFO    | dpfl.core.base_simulator | Round  33/300 | Acc: 0.6890 | Loss: 1.2732 | eps: 3.75 | P: 1.00 R: 0.00 F1: 0.00
2026-05-02 04:49:54 | DEBUG   | dpfl.core.base_simulator | Update norms — honest: ['0.28', '0.28', '0.28', '0.28', '0.29'], attacker: []
2026-05-02 04:49:54 | INFO    | dpfl.core.base_simulator | Round  34/300 | Acc: 0.6923 | Loss: 1.2508 | eps: 3.77 | P: 1.00 R: 0.00 F1: 0.00
2026-05-02 04:49:54 | DEBUG   | dpfl.core.base_simulator | Update norms — honest: ['0.28', '0.28', '0.28', '0.27', '0.28'], attacker: []
2026-05-02 04:49:54 | INFO    | dpfl.core.base_simulator | Round  35/300 | Acc: 0.6972 | Loss: 1.2151 | eps: 3.79 | P: 1.00 R: 0.00 F1: 0.00
2026-05-02 04:49:54 | DEBUG   | dpfl.core.base_simulator | Update norms — honest: ['0.27', '0.27', '0.27', '0.27', '0.27'], attacker: []
2026-05-02 04:49:55 | INFO    | dpfl.core.base_simulator | Round  36/300 | Acc: 0.6996 | Loss: 1.2004 | eps: 3.81 | P: 1.00 R: 0.00 F1: 0.00
2026-05-02 04:49:55 | DEBUG   | dpfl.core.base_simulator | Update norms — honest: ['0.26', '0.26', '0.26', '0.25', '0.27'], attacker: []
2026-05-02 04:49:55 | INFO    | dpfl.core.base_simulator | Round  37/300 | Acc: 0.7028 | Loss: 1.1775 | eps: 3.83 | P: 1.00 R: 0.00 F1: 0.00
2026-05-02 04:49:55 | DEBUG   | dpfl.core.base_simulator | Update norms — honest: ['0.26', '0.25', '0.26', '0.25', '0.26'], attacker: []
2026-05-02 04:49:55 | INFO    | dpfl.core.base_simulator | Round  38/300 | Acc: 0.7033 | Loss: 1.1611 | eps: 3.85 | P: 1.00 R: 0.00 F1: 0.00
2026-05-02 04:49:55 | DEBUG   | dpfl.core.base_simulator | Update norms — honest: ['0.25', '0.25', '0.25', '0.25', '0.25'], attacker: []
2026-05-02 04:50:01 | INFO    | dpfl.core.base_simulator | Round  39/300 | Acc: 0.7069 | Loss: 1.1306 | eps: 3.87 | P: 1.00 R: 0.00 F1: 0.00
2026-05-02 04:50:01 | DEBUG   | dpfl.core.base_simulator | Update norms — honest: ['0.24', '0.24', '0.25', '0.24', '0.25'], attacker: []
2026-05-02 04:50:06 | INFO    | dpfl.core.base_simulator | Round  40/300 | Acc: 0.7078 | Loss: 1.1121 | eps: 3.89 | P: 1.00 R: 0.00 F1: 0.00
2026-05-02 04:50:06 | DEBUG   | dpfl.core.base_simulator | Update norms — honest: ['0.24', '0.23', '0.23', '0.23', '0.24'], attacker: []
2026-05-02 04:50:11 | INFO    | dpfl.core.base_simulator | Round  41/300 | Acc: 0.7106 | Loss: 1.0885 | eps: 3.91 | P: 1.00 R: 0.00 F1: 0.00
2026-05-02 04:50:11 | DEBUG   | dpfl.core.base_simulator | Update norms — honest: ['0.23', '0.23', '0.23', '0.22', '0.23'], attacker: []
2026-05-02 04:50:15 | INFO    | dpfl.core.base_simulator | Round  42/300 | Acc: 0.7164 | Loss: 1.0615 | eps: 3.93 | P: 1.00 R: 0.00 F1: 0.00
2026-05-02 04:50:15 | DEBUG   | dpfl.core.base_simulator | Update norms — honest: ['0.22', '0.22', '0.22', '0.22', '0.23'], attacker: []
2026-05-02 04:50:16 | INFO    | dpfl.core.base_simulator | Round  43/300 | Acc: 0.7176 | Loss: 1.0452 | eps: 3.95 | P: 1.00 R: 0.00 F1: 0.00
2026-05-02 04:50:16 | DEBUG   | dpfl.core.base_simulator | Update norms — honest: ['0.21', '0.21', '0.21', '0.21', '0.22'], attacker: []
2026-05-02 04:50:16 | INFO    | dpfl.core.base_simulator | Round  44/300 | Acc: 0.7185 | Loss: 1.0248 | eps: 3.97 | P: 1.00 R: 0.00 F1: 0.00
2026-05-02 04:50:16 | DEBUG   | dpfl.core.base_simulator | Update norms — honest: ['0.21', '0.21', '0.21', '0.20', '0.21'], attacker: []
2026-05-02 04:50:17 | INFO    | dpfl.core.base_simulator | Round  45/300 | Acc: 0.7223 | Loss: 1.0030 | eps: 3.99 | P: 1.00 R: 0.00 F1: 0.00
2026-05-02 04:50:17 | DEBUG   | dpfl.core.base_simulator | Update norms — honest: ['0.20', '0.20', '0.20', '0.20', '0.21'], attacker: []
2026-05-02 04:50:18 | INFO    | dpfl.core.base_simulator | Round  46/300 | Acc: 0.7223 | Loss: 0.9862 | eps: 4.01 | P: 1.00 R: 0.00 F1: 0.00
2026-05-02 04:50:18 | DEBUG   | dpfl.core.base_simulator | Update norms — honest: ['0.20', '0.19', '0.19', '0.19', '0.20'], attacker: []
2026-05-02 04:50:19 | INFO    | dpfl.core.base_simulator | Round  47/300 | Acc: 0.7239 | Loss: 0.9755 | eps: 4.03 | P: 1.00 R: 0.00 F1: 0.00
2026-05-02 04:50:19 | DEBUG   | dpfl.core.base_simulator | Update norms — honest: ['0.19', '0.19', '0.19', '0.19', '0.19'], attacker: []
2026-05-02 04:50:20 | INFO    | dpfl.core.base_simulator | Round  48/300 | Acc: 0.7271 | Loss: 0.9562 | eps: 4.05 | P: 1.00 R: 0.00 F1: 0.00
2026-05-02 04:50:20 | DEBUG   | dpfl.core.base_simulator | Update norms — honest: ['0.19', '0.18', '0.18', '0.18', '0.19'], attacker: []
2026-05-02 04:50:21 | INFO    | dpfl.core.base_simulator | Round  49/300 | Acc: 0.7282 | Loss: 0.9457 | eps: 4.07 | P: 1.00 R: 0.00 F1: 0.00
2026-05-02 04:50:21 | DEBUG   | dpfl.core.base_simulator | Update norms — honest: ['0.18', '0.18', '0.18', '0.18', '0.18'], attacker: []
2026-05-02 04:50:22 | INFO    | dpfl.core.base_simulator | Round  50/300 | Acc: 0.7292 | Loss: 0.9344 | eps: 4.09 | P: 1.00 R: 0.00 F1: 0.00
2026-05-02 04:50:22 | DEBUG   | dpfl.core.base_simulator | Update norms — honest: ['0.18', '0.17', '0.17', '0.17', '0.18'], attacker: []
2026-05-02 04:50:23 | INFO    | dpfl.core.base_simulator | Round  51/300 | Acc: 0.7312 | Loss: 0.9211 | eps: 4.11 | P: 1.00 R: 0.00 F1: 0.00
2026-05-02 04:50:23 | DEBUG   | dpfl.core.base_simulator | Update norms — honest: ['0.17', '0.17', '0.17', '0.17', '0.17'], attacker: []
2026-05-02 04:50:23 | INFO    | dpfl.core.base_simulator | Round  52/300 | Acc: 0.7332 | Loss: 0.9105 | eps: 4.13 | P: 1.00 R: 0.00 F1: 0.00
2026-05-02 04:50:23 | DEBUG   | dpfl.core.base_simulator | Update norms — honest: ['0.17', '0.16', '0.17', '0.16', '0.17'], attacker: []
2026-05-02 04:50:24 | INFO    | dpfl.core.base_simulator | Round  53/300 | Acc: 0.7355 | Loss: 0.9002 | eps: 4.15 | P: 1.00 R: 0.00 F1: 0.00
2026-05-02 04:50:24 | DEBUG   | dpfl.core.base_simulator | Update norms — honest: ['0.17', '0.16', '0.17', '0.16', '0.17'], attacker: []
2026-05-02 04:50:25 | INFO    | dpfl.core.base_simulator | Round  54/300 | Acc: 0.7363 | Loss: 0.8904 | eps: 4.17 | P: 1.00 R: 0.00 F1: 0.00
2026-05-02 04:50:25 | DEBUG   | dpfl.core.base_simulator | Update norms — honest: ['0.17', '0.16', '0.16', '0.16', '0.16'], attacker: []
2026-05-02 04:50:26 | INFO    | dpfl.core.base_simulator | Round  55/300 | Acc: 0.7363 | Loss: 0.8759 | eps: 4.19 | P: 1.00 R: 0.00 F1: 0.00
2026-05-02 04:50:26 | DEBUG   | dpfl.core.base_simulator | Update norms — honest: ['0.16', '0.16', '0.15', '0.15', '0.16'], attacker: []
2026-05-02 04:50:27 | INFO    | dpfl.core.base_simulator | Round  56/300 | Acc: 0.7373 | Loss: 0.8690 | eps: 4.21 | P: 1.00 R: 0.00 F1: 0.00
2026-05-02 04:50:27 | DEBUG   | dpfl.core.base_simulator | Update norms — honest: ['0.16', '0.15', '0.15', '0.15', '0.15'], attacker: []
2026-05-02 04:50:28 | INFO    | dpfl.core.base_simulator | Round  57/300 | Acc: 0.7377 | Loss: 0.8629 | eps: 4.23 | P: 1.00 R: 0.00 F1: 0.00
2026-05-02 04:50:28 | DEBUG   | dpfl.core.base_simulator | Update norms — honest: ['0.15', '0.15', '0.15', '0.15', '0.15'], attacker: []
2026-05-02 04:50:29 | INFO    | dpfl.core.base_simulator | Round  58/300 | Acc: 0.7394 | Loss: 0.8516 | eps: 4.25 | P: 1.00 R: 0.00 F1: 0.00
2026-05-02 04:50:29 | DEBUG   | dpfl.core.base_simulator | Update norms — honest: ['0.15', '0.14', '0.15', '0.14', '0.15'], attacker: []
2026-05-02 04:50:30 | INFO    | dpfl.core.base_simulator | Round  59/300 | Acc: 0.7422 | Loss: 0.8392 | eps: 4.27 | P: 1.00 R: 0.00 F1: 0.00
2026-05-02 04:50:30 | DEBUG   | dpfl.core.base_simulator | Update norms — honest: ['0.15', '0.14', '0.14', '0.14', '0.15'], attacker: []
2026-05-02 04:50:31 | INFO    | dpfl.core.base_simulator | Round  60/300 | Acc: 0.7438 | Loss: 0.8311 | eps: 4.29 | P: 1.00 R: 0.00 F1: 0.00
2026-05-02 04:50:31 | DEBUG   | dpfl.core.base_simulator | Update norms — honest: ['0.14', '0.14', '0.14', '0.14', '0.14'], attacker: []
2026-05-02 04:50:32 | INFO    | dpfl.core.base_simulator | Round  61/300 | Acc: 0.7441 | Loss: 0.8218 | eps: 4.31 | P: 1.00 R: 0.00 F1: 0.00
2026-05-02 04:50:32 | DEBUG   | dpfl.core.base_simulator | Update norms — honest: ['0.14', '0.13', '0.14', '0.13', '0.14'], attacker: []
2026-05-02 04:50:33 | INFO    | dpfl.core.base_simulator | Round  62/300 | Acc: 0.7452 | Loss: 0.8125 | eps: 4.33 | P: 1.00 R: 0.00 F1: 0.00
2026-05-02 04:50:33 | DEBUG   | dpfl.core.base_simulator | Update norms — honest: ['0.14', '0.13', '0.13', '0.13', '0.14'], attacker: []
2026-05-02 04:50:34 | INFO    | dpfl.core.base_simulator | Round  63/300 | Acc: 0.7472 | Loss: 0.8031 | eps: 4.35 | P: 1.00 R: 0.00 F1: 0.00
2026-05-02 04:50:34 | DEBUG   | dpfl.core.base_simulator | Update norms — honest: ['0.14', '0.13', '0.13', '0.13', '0.13'], attacker: []
2026-05-02 04:50:35 | INFO    | dpfl.core.base_simulator | Round  64/300 | Acc: 0.7491 | Loss: 0.7926 | eps: 4.37 | P: 1.00 R: 0.00 F1: 0.00
2026-05-02 04:50:35 | DEBUG   | dpfl.core.base_simulator | Update norms — honest: ['0.13', '0.13', '0.13', '0.13', '0.13'], attacker: []
2026-05-02 04:50:36 | INFO    | dpfl.core.base_simulator | Round  65/300 | Acc: 0.7505 | Loss: 0.7830 | eps: 4.39 | P: 1.00 R: 0.00 F1: 0.00
2026-05-02 04:50:36 | DEBUG   | dpfl.core.base_simulator | Update norms — honest: ['0.13', '0.12', '0.12', '0.12', '0.13'], attacker: []
2026-05-02 04:50:37 | INFO    | dpfl.core.base_simulator | Round  66/300 | Acc: 0.7520 | Loss: 0.7749 | eps: 4.41 | P: 1.00 R: 0.00 F1: 0.00
2026-05-02 04:50:37 | DEBUG   | dpfl.core.base_simulator | Update norms — honest: ['0.13', '0.12', '0.12', '0.12', '0.13'], attacker: []
2026-05-02 04:50:38 | INFO    | dpfl.core.base_simulator | Round  67/300 | Acc: 0.7536 | Loss: 0.7671 | eps: 4.43 | P: 1.00 R: 0.00 F1: 0.00
2026-05-02 04:50:38 | DEBUG   | dpfl.core.base_simulator | Update norms — honest: ['0.12', '0.12', '0.12', '0.12', '0.12'], attacker: []
2026-05-02 04:50:39 | INFO    | dpfl.core.base_simulator | Round  68/300 | Acc: 0.7560 | Loss: 0.7585 | eps: 4.45 | P: 1.00 R: 0.00 F1: 0.00
2026-05-02 04:50:39 | DEBUG   | dpfl.core.base_simulator | Update norms — honest: ['0.12', '0.11', '0.11', '0.12', '0.12'], attacker: []
2026-05-02 04:50:40 | INFO    | dpfl.core.base_simulator | Round  69/300 | Acc: 0.7577 | Loss: 0.7488 | eps: 4.47 | P: 1.00 R: 0.00 F1: 0.00
2026-05-02 04:50:40 | DEBUG   | dpfl.core.base_simulator | Update norms — honest: ['0.12', '0.11', '0.11', '0.11', '0.11'], attacker: []
2026-05-02 04:50:41 | INFO    | dpfl.core.base_simulator | Round  70/300 | Acc: 0.7583 | Loss: 0.7434 | eps: 4.49 | P: 1.00 R: 0.00 F1: 0.00
2026-05-02 04:50:41 | DEBUG   | dpfl.core.base_simulator | Update norms — honest: ['0.12', '0.11', '0.11', '0.11', '0.11'], attacker: []
2026-05-02 04:50:42 | INFO    | dpfl.core.base_simulator | Round  71/300 | Acc: 0.7598 | Loss: 0.7395 | eps: 4.51 | P: 1.00 R: 0.00 F1: 0.00
2026-05-02 04:50:42 | DEBUG   | dpfl.core.base_simulator | Update norms — honest: ['0.11', '0.11', '0.11', '0.11', '0.11'], attacker: []
2026-05-02 04:50:43 | INFO    | dpfl.core.base_simulator | Round  72/300 | Acc: 0.7607 | Loss: 0.7340 | eps: 4.53 | P: 1.00 R: 0.00 F1: 0.00
2026-05-02 04:50:43 | DEBUG   | dpfl.core.base_simulator | Update norms — honest: ['0.11', '0.11', '0.11', '0.11', '0.11'], attacker: []
2026-05-02 04:50:44 | INFO    | dpfl.core.base_simulator | Round  73/300 | Acc: 0.7615 | Loss: 0.7278 | eps: 4.55 | P: 1.00 R: 0.00 F1: 0.00
2026-05-02 04:50:44 | DEBUG   | dpfl.core.base_simulator | Update norms — honest: ['0.11', '0.11', '0.11', '0.10', '0.11'], attacker: []
2026-05-02 04:50:45 | INFO    | dpfl.core.base_simulator | Round  74/300 | Acc: 0.7640 | Loss: 0.7203 | eps: 4.57 | P: 1.00 R: 0.00 F1: 0.00
2026-05-02 04:50:45 | DEBUG   | dpfl.core.base_simulator | Update norms — honest: ['0.11', '0.10', '0.10', '0.10', '0.11'], attacker: []
2026-05-02 04:50:46 | INFO    | dpfl.core.base_simulator | Round  75/300 | Acc: 0.7645 | Loss: 0.7148 | eps: 4.59 | P: 1.00 R: 0.00 F1: 0.00
2026-05-02 04:50:46 | DEBUG   | dpfl.core.base_simulator | Update norms — honest: ['0.11', '0.10', '0.10', '0.10', '0.11'], attacker: []
2026-05-02 04:50:47 | INFO    | dpfl.core.base_simulator | Round  76/300 | Acc: 0.7661 | Loss: 0.7088 | eps: 4.61 | P: 1.00 R: 0.00 F1: 0.00
2026-05-02 04:50:47 | DEBUG   | dpfl.core.base_simulator | Update norms — honest: ['0.11', '0.10', '0.10', '0.10', '0.10'], attacker: []
2026-05-02 04:50:48 | INFO    | dpfl.core.base_simulator | Round  77/300 | Acc: 0.7673 | Loss: 0.7044 | eps: 4.63 | P: 1.00 R: 0.00 F1: 0.00
2026-05-02 04:50:48 | DEBUG   | dpfl.core.base_simulator | Update norms — honest: ['0.10', '0.10', '0.10', '0.10', '0.10'], attacker: []
2026-05-02 04:50:49 | INFO    | dpfl.core.base_simulator | Round  78/300 | Acc: 0.7696 | Loss: 0.6989 | eps: 4.65 | P: 1.00 R: 0.00 F1: 0.00
2026-05-02 04:50:49 | DEBUG   | dpfl.core.base_simulator | Update norms — honest: ['0.10', '0.10', '0.10', '0.10', '0.10'], attacker: []
2026-05-02 04:50:50 | INFO    | dpfl.core.base_simulator | Round  79/300 | Acc: 0.7697 | Loss: 0.6950 | eps: 4.67 | P: 1.00 R: 0.00 F1: 0.00
2026-05-02 04:50:50 | DEBUG   | dpfl.core.base_simulator | Update norms — honest: ['0.10', '0.10', '0.09', '0.09', '0.10'], attacker: []
2026-05-02 04:50:50 | INFO    | dpfl.core.base_simulator | Round  80/300 | Acc: 0.7698 | Loss: 0.6905 | eps: 4.69 | P: 1.00 R: 0.00 F1: 0.00
2026-05-02 04:50:50 | DEBUG   | dpfl.core.base_simulator | Update norms — honest: ['0.10', '0.10', '0.10', '0.09', '0.10'], attacker: []
2026-05-02 04:50:51 | INFO    | dpfl.core.base_simulator | Round  81/300 | Acc: 0.7717 | Loss: 0.6846 | eps: 4.71 | P: 1.00 R: 0.00 F1: 0.00
2026-05-02 04:50:51 | DEBUG   | dpfl.core.base_simulator | Update norms — honest: ['0.10', '0.09', '0.09', '0.09', '0.09'], attacker: []
2026-05-02 04:50:52 | INFO    | dpfl.core.base_simulator | Round  82/300 | Acc: 0.7715 | Loss: 0.6798 | eps: 4.73 | P: 1.00 R: 0.00 F1: 0.00
2026-05-02 04:50:52 | DEBUG   | dpfl.core.base_simulator | Update norms — honest: ['0.10', '0.09', '0.09', '0.09', '0.09'], attacker: []
2026-05-02 04:50:53 | INFO    | dpfl.core.base_simulator | Round  83/300 | Acc: 0.7732 | Loss: 0.6777 | eps: 4.75 | P: 1.00 R: 0.00 F1: 0.00
2026-05-02 04:50:53 | DEBUG   | dpfl.core.base_simulator | Update norms — honest: ['0.09', '0.09', '0.09', '0.09', '0.09'], attacker: []
2026-05-02 04:50:54 | INFO    | dpfl.core.base_simulator | Round  84/300 | Acc: 0.7753 | Loss: 0.6740 | eps: 4.77 | P: 1.00 R: 0.00 F1: 0.00
2026-05-02 04:50:54 | DEBUG   | dpfl.core.base_simulator | Update norms — honest: ['0.09', '0.09', '0.09', '0.09', '0.09'], attacker: []
2026-05-02 04:50:55 | INFO    | dpfl.core.base_simulator | Round  85/300 | Acc: 0.7761 | Loss: 0.6680 | eps: 4.79 | P: 1.00 R: 0.00 F1: 0.00
2026-05-02 04:50:55 | DEBUG   | dpfl.core.base_simulator | Update norms — honest: ['0.09', '0.09', '0.09', '0.09', '0.09'], attacker: []
2026-05-02 04:50:56 | INFO    | dpfl.core.base_simulator | Round  86/300 | Acc: 0.7762 | Loss: 0.6641 | eps: 4.81 | P: 1.00 R: 0.00 F1: 0.00
2026-05-02 04:50:56 | DEBUG   | dpfl.core.base_simulator | Update norms — honest: ['0.09', '0.09', '0.09', '0.08', '0.09'], attacker: []
2026-05-02 04:50:57 | INFO    | dpfl.core.base_simulator | Round  87/300 | Acc: 0.7769 | Loss: 0.6603 | eps: 4.83 | P: 1.00 R: 0.00 F1: 0.00
2026-05-02 04:50:57 | DEBUG   | dpfl.core.base_simulator | Update norms — honest: ['0.09', '0.09', '0.08', '0.09', '0.09'], attacker: []
2026-05-02 04:50:58 | INFO    | dpfl.core.base_simulator | Round  88/300 | Acc: 0.7770 | Loss: 0.6576 | eps: 4.85 | P: 1.00 R: 0.00 F1: 0.00
2026-05-02 04:50:58 | DEBUG   | dpfl.core.base_simulator | Update norms — honest: ['0.09', '0.09', '0.08', '0.09', '0.08'], attacker: []
2026-05-02 04:50:59 | INFO    | dpfl.core.base_simulator | Round  89/300 | Acc: 0.7772 | Loss: 0.6544 | eps: 4.88 | P: 1.00 R: 0.00 F1: 0.00
2026-05-02 04:50:59 | DEBUG   | dpfl.core.base_simulator | Update norms — honest: ['0.09', '0.09', '0.08', '0.08', '0.09'], attacker: []
2026-05-02 04:51:00 | INFO    | dpfl.core.base_simulator | Round  90/300 | Acc: 0.7786 | Loss: 0.6515 | eps: 4.90 | P: 1.00 R: 0.00 F1: 0.00
2026-05-02 04:51:00 | DEBUG   | dpfl.core.base_simulator | Update norms — honest: ['0.09', '0.08', '0.08', '0.08', '0.09'], attacker: []
2026-05-02 04:51:01 | INFO    | dpfl.core.base_simulator | Round  91/300 | Acc: 0.7802 | Loss: 0.6455 | eps: 4.92 | P: 1.00 R: 0.00 F1: 0.00
2026-05-02 04:51:01 | DEBUG   | dpfl.core.base_simulator | Update norms — honest: ['0.08', '0.08', '0.08', '0.08', '0.08'], attacker: []
2026-05-02 04:51:02 | INFO    | dpfl.core.base_simulator | Round  92/300 | Acc: 0.7804 | Loss: 0.6422 | eps: 4.94 | P: 1.00 R: 0.00 F1: 0.00
2026-05-02 04:51:02 | DEBUG   | dpfl.core.base_simulator | Update norms — honest: ['0.08', '0.08', '0.08', '0.08', '0.09'], attacker: []
2026-05-02 04:51:03 | INFO    | dpfl.core.base_simulator | Round  93/300 | Acc: 0.7821 | Loss: 0.6386 | eps: 4.96 | P: 1.00 R: 0.00 F1: 0.00
2026-05-02 04:51:03 | DEBUG   | dpfl.core.base_simulator | Update norms — honest: ['0.08', '0.08', '0.08', '0.08', '0.08'], attacker: []
2026-05-02 04:51:04 | INFO    | dpfl.core.base_simulator | Round  94/300 | Acc: 0.7821 | Loss: 0.6345 | eps: 4.98 | P: 1.00 R: 0.00 F1: 0.00
2026-05-02 04:51:04 | DEBUG   | dpfl.core.base_simulator | Update norms — honest: ['0.08', '0.08', '0.08', '0.08', '0.08'], attacker: []
2026-05-02 04:51:05 | INFO    | dpfl.core.base_simulator | Round  95/300 | Acc: 0.7836 | Loss: 0.6318 | eps: 5.00 | P: 1.00 R: 0.00 F1: 0.00
2026-05-02 04:51:05 | DEBUG   | dpfl.core.base_simulator | Update norms — honest: ['0.08', '0.08', '0.08', '0.08', '0.08'], attacker: []
2026-05-02 04:51:06 | INFO    | dpfl.core.base_simulator | Round  96/300 | Acc: 0.7836 | Loss: 0.6281 | eps: 5.02 | P: 1.00 R: 0.00 F1: 0.00
2026-05-02 04:51:06 | DEBUG   | dpfl.core.base_simulator | Update norms — honest: ['0.08', '0.08', '0.08', '0.08', '0.08'], attacker: []
2026-05-02 04:51:07 | INFO    | dpfl.core.base_simulator | Round  97/300 | Acc: 0.7858 | Loss: 0.6241 | eps: 5.04 | P: 1.00 R: 0.00 F1: 0.00
2026-05-02 04:51:07 | DEBUG   | dpfl.core.base_simulator | Update norms — honest: ['0.08', '0.08', '0.08', '0.08', '0.08'], attacker: []
2026-05-02 04:51:08 | INFO    | dpfl.core.base_simulator | Round  98/300 | Acc: 0.7861 | Loss: 0.6203 | eps: 5.06 | P: 1.00 R: 0.00 F1: 0.00
2026-05-02 04:51:08 | DEBUG   | dpfl.core.base_simulator | Update norms — honest: ['0.08', '0.08', '0.08', '0.08', '0.08'], attacker: []
2026-05-02 04:51:09 | INFO    | dpfl.core.base_simulator | Round  99/300 | Acc: 0.7868 | Loss: 0.6185 | eps: 5.08 | P: 1.00 R: 0.00 F1: 0.00
2026-05-02 04:51:09 | DEBUG   | dpfl.core.base_simulator | Update norms — honest: ['0.08', '0.08', '0.07', '0.08', '0.08'], attacker: []
2026-05-02 04:51:10 | INFO    | dpfl.core.base_simulator | Round 100/300 | Acc: 0.7879 | Loss: 0.6160 | eps: 5.10 | P: 1.00 R: 0.00 F1: 0.00
2026-05-02 04:51:10 | DEBUG   | dpfl.core.base_simulator | Update norms — honest: ['0.07', '0.07', '0.07', '0.08', '0.07'], attacker: []
2026-05-02 04:51:11 | INFO    | dpfl.core.base_simulator | Round 101/300 | Acc: 0.7884 | Loss: 0.6131 | eps: 5.12 | P: 1.00 R: 0.00 F1: 0.00
2026-05-02 04:51:11 | DEBUG   | dpfl.core.base_simulator | Update norms — honest: ['0.08', '0.08', '0.07', '0.08', '0.08'], attacker: []
2026-05-02 04:51:12 | INFO    | dpfl.core.base_simulator | Round 102/300 | Acc: 0.7904 | Loss: 0.6098 | eps: 5.14 | P: 1.00 R: 0.00 F1: 0.00
2026-05-02 04:51:12 | DEBUG   | dpfl.core.base_simulator | Update norms — honest: ['0.08', '0.07', '0.07', '0.07', '0.08'], attacker: []
2026-05-02 04:51:13 | INFO    | dpfl.core.base_simulator | Round 103/300 | Acc: 0.7911 | Loss: 0.6069 | eps: 5.16 | P: 1.00 R: 0.00 F1: 0.00
2026-05-02 04:51:13 | DEBUG   | dpfl.core.base_simulator | Update norms — honest: ['0.07', '0.08', '0.07', '0.07', '0.08'], attacker: []
2026-05-02 04:51:14 | INFO    | dpfl.core.base_simulator | Round 104/300 | Acc: 0.7915 | Loss: 0.6039 | eps: 5.18 | P: 1.00 R: 0.00 F1: 0.00
2026-05-02 04:51:14 | DEBUG   | dpfl.core.base_simulator | Update norms — honest: ['0.07', '0.08', '0.07', '0.08', '0.07'], attacker: []
2026-05-02 04:51:15 | INFO    | dpfl.core.base_simulator | Round 105/300 | Acc: 0.7927 | Loss: 0.6010 | eps: 5.20 | P: 1.00 R: 0.00 F1: 0.00
2026-05-02 04:51:15 | DEBUG   | dpfl.core.base_simulator | Update norms — honest: ['0.07', '0.08', '0.07', '0.07', '0.07'], attacker: []
2026-05-02 04:51:16 | INFO    | dpfl.core.base_simulator | Round 106/300 | Acc: 0.7935 | Loss: 0.5986 | eps: 5.22 | P: 1.00 R: 0.00 F1: 0.00
2026-05-02 04:51:16 | DEBUG   | dpfl.core.base_simulator | Update norms — honest: ['0.07', '0.08', '0.07', '0.07', '0.07'], attacker: []
2026-05-02 04:51:17 | INFO    | dpfl.core.base_simulator | Round 107/300 | Acc: 0.7936 | Loss: 0.5957 | eps: 5.24 | P: 1.00 R: 0.00 F1: 0.00
2026-05-02 04:51:17 | DEBUG   | dpfl.core.base_simulator | Update norms — honest: ['0.07', '0.07', '0.07', '0.07', '0.07'], attacker: []
2026-05-02 04:51:18 | INFO    | dpfl.core.base_simulator | Round 108/300 | Acc: 0.7940 | Loss: 0.5936 | eps: 5.26 | P: 1.00 R: 0.00 F1: 0.00
2026-05-02 04:51:18 | DEBUG   | dpfl.core.base_simulator | Update norms — honest: ['0.07', '0.07', '0.07', '0.07', '0.08'], attacker: []
2026-05-02 04:51:19 | INFO    | dpfl.core.base_simulator | Round 109/300 | Acc: 0.7935 | Loss: 0.5914 | eps: 5.28 | P: 1.00 R: 0.00 F1: 0.00
2026-05-02 04:51:19 | DEBUG   | dpfl.core.base_simulator | Update norms — honest: ['0.07', '0.07', '0.07', '0.07', '0.07'], attacker: []
2026-05-02 04:51:19 | INFO    | dpfl.core.base_simulator | Round 110/300 | Acc: 0.7956 | Loss: 0.5879 | eps: 5.30 | P: 1.00 R: 0.00 F1: 0.00
2026-05-02 04:51:19 | DEBUG   | dpfl.core.base_simulator | Update norms — honest: ['0.07', '0.07', '0.07', '0.07', '0.07'], attacker: []
2026-05-02 04:51:20 | INFO    | dpfl.core.base_simulator | Round 111/300 | Acc: 0.7960 | Loss: 0.5853 | eps: 5.32 | P: 1.00 R: 0.00 F1: 0.00
2026-05-02 04:51:20 | DEBUG   | dpfl.core.base_simulator | Update norms — honest: ['0.07', '0.07', '0.07', '0.07', '0.07'], attacker: []
2026-05-02 04:51:21 | INFO    | dpfl.core.base_simulator | Round 112/300 | Acc: 0.7968 | Loss: 0.5831 | eps: 5.34 | P: 1.00 R: 0.00 F1: 0.00
2026-05-02 04:51:21 | DEBUG   | dpfl.core.base_simulator | Update norms — honest: ['0.07', '0.07', '0.07', '0.07', '0.07'], attacker: []
2026-05-02 04:51:22 | INFO    | dpfl.core.base_simulator | Round 113/300 | Acc: 0.7978 | Loss: 0.5816 | eps: 5.36 | P: 1.00 R: 0.00 F1: 0.00
2026-05-02 04:51:22 | DEBUG   | dpfl.core.base_simulator | Update norms — honest: ['0.07', '0.07', '0.07', '0.07', '0.07'], attacker: []
2026-05-02 04:51:23 | INFO    | dpfl.core.base_simulator | Round 114/300 | Acc: 0.7992 | Loss: 0.5790 | eps: 5.38 | P: 1.00 R: 0.00 F1: 0.00
2026-05-02 04:51:23 | DEBUG   | dpfl.core.base_simulator | Update norms — honest: ['0.07', '0.07', '0.07', '0.07', '0.07'], attacker: []
2026-05-02 04:51:24 | INFO    | dpfl.core.base_simulator | Round 115/300 | Acc: 0.8001 | Loss: 0.5769 | eps: 5.40 | P: 1.00 R: 0.00 F1: 0.00
2026-05-02 04:51:24 | DEBUG   | dpfl.core.base_simulator | Update norms — honest: ['0.07', '0.07', '0.07', '0.07', '0.07'], attacker: []
2026-05-02 04:51:25 | INFO    | dpfl.core.base_simulator | Round 116/300 | Acc: 0.7998 | Loss: 0.5747 | eps: 5.42 | P: 1.00 R: 0.00 F1: 0.00
2026-05-02 04:51:25 | DEBUG   | dpfl.core.base_simulator | Update norms — honest: ['0.07', '0.07', '0.07', '0.07', '0.06'], attacker: []
2026-05-02 04:51:26 | INFO    | dpfl.core.base_simulator | Round 117/300 | Acc: 0.8002 | Loss: 0.5722 | eps: 5.44 | P: 1.00 R: 0.00 F1: 0.00
2026-05-02 04:51:26 | DEBUG   | dpfl.core.base_simulator | Update norms — honest: ['0.07', '0.07', '0.07', '0.07', '0.06'], attacker: []
2026-05-02 04:51:27 | INFO    | dpfl.core.base_simulator | Round 118/300 | Acc: 0.8009 | Loss: 0.5702 | eps: 5.46 | P: 1.00 R: 0.00 F1: 0.00
2026-05-02 04:51:27 | DEBUG   | dpfl.core.base_simulator | Update norms — honest: ['0.06', '0.07', '0.07', '0.07', '0.07'], attacker: []
2026-05-02 04:51:28 | INFO    | dpfl.core.base_simulator | Round 119/300 | Acc: 0.8014 | Loss: 0.5683 | eps: 5.48 | P: 1.00 R: 0.00 F1: 0.00
2026-05-02 04:51:28 | DEBUG   | dpfl.core.base_simulator | Update norms — honest: ['0.07', '0.07', '0.07', '0.06', '0.07'], attacker: []
2026-05-02 04:51:29 | INFO    | dpfl.core.base_simulator | Round 120/300 | Acc: 0.8018 | Loss: 0.5667 | eps: 5.50 | P: 1.00 R: 0.00 F1: 0.00
2026-05-02 04:51:29 | DEBUG   | dpfl.core.base_simulator | Update norms — honest: ['0.06', '0.07', '0.07', '0.07', '0.07'], attacker: []
2026-05-02 04:51:30 | INFO    | dpfl.core.base_simulator | Round 121/300 | Acc: 0.8034 | Loss: 0.5641 | eps: 5.52 | P: 1.00 R: 0.00 F1: 0.00
2026-05-02 04:51:30 | DEBUG   | dpfl.core.base_simulator | Update norms — honest: ['0.06', '0.07', '0.07', '0.06', '0.07'], attacker: []
2026-05-02 04:51:31 | INFO    | dpfl.core.base_simulator | Round 122/300 | Acc: 0.8028 | Loss: 0.5623 | eps: 5.54 | P: 1.00 R: 0.00 F1: 0.00
2026-05-02 04:51:31 | DEBUG   | dpfl.core.base_simulator | Update norms — honest: ['0.06', '0.07', '0.07', '0.07', '0.06'], attacker: []
2026-05-02 04:51:32 | INFO    | dpfl.core.base_simulator | Round 123/300 | Acc: 0.8044 | Loss: 0.5613 | eps: 5.56 | P: 1.00 R: 0.00 F1: 0.00
2026-05-02 04:51:32 | DEBUG   | dpfl.core.base_simulator | Update norms — honest: ['0.06', '0.07', '0.07', '0.06', '0.07'], attacker: []
2026-05-02 04:51:33 | INFO    | dpfl.core.base_simulator | Round 124/300 | Acc: 0.8045 | Loss: 0.5602 | eps: 5.58 | P: 1.00 R: 0.00 F1: 0.00
2026-05-02 04:51:33 | DEBUG   | dpfl.core.base_simulator | Update norms — honest: ['0.06', '0.07', '0.07', '0.07', '0.07'], attacker: []
2026-05-02 04:51:34 | INFO    | dpfl.core.base_simulator | Round 125/300 | Acc: 0.8057 | Loss: 0.5586 | eps: 5.60 | P: 1.00 R: 0.00 F1: 0.00
2026-05-02 04:51:34 | DEBUG   | dpfl.core.base_simulator | Update norms — honest: ['0.07', '0.07', '0.07', '0.07', '0.07'], attacker: []
2026-05-02 04:51:35 | INFO    | dpfl.core.base_simulator | Round 126/300 | Acc: 0.8065 | Loss: 0.5572 | eps: 5.62 | P: 1.00 R: 0.00 F1: 0.00
2026-05-02 04:51:35 | DEBUG   | dpfl.core.base_simulator | Update norms — honest: ['0.07', '0.07', '0.06', '0.07', '0.07'], attacker: []
2026-05-02 04:51:36 | INFO    | dpfl.core.base_simulator | Round 127/300 | Acc: 0.8068 | Loss: 0.5556 | eps: 5.64 | P: 1.00 R: 0.00 F1: 0.00
2026-05-02 04:51:36 | DEBUG   | dpfl.core.base_simulator | Update norms — honest: ['0.07', '0.07', '0.06', '0.07', '0.06'], attacker: []
2026-05-02 04:51:37 | INFO    | dpfl.core.base_simulator | Round 128/300 | Acc: 0.8078 | Loss: 0.5544 | eps: 5.66 | P: 1.00 R: 0.00 F1: 0.00
2026-05-02 04:51:37 | DEBUG   | dpfl.core.base_simulator | Update norms — honest: ['0.06', '0.07', '0.06', '0.06', '0.06'], attacker: []
2026-05-02 04:51:38 | INFO    | dpfl.core.base_simulator | Round 129/300 | Acc: 0.8083 | Loss: 0.5534 | eps: 5.68 | P: 1.00 R: 0.00 F1: 0.00
2026-05-02 04:51:38 | DEBUG   | dpfl.core.base_simulator | Update norms — honest: ['0.06', '0.07', '0.06', '0.06', '0.06'], attacker: []
2026-05-02 04:51:39 | INFO    | dpfl.core.base_simulator | Round 130/300 | Acc: 0.8075 | Loss: 0.5513 | eps: 5.70 | P: 1.00 R: 0.00 F1: 0.00
2026-05-02 04:51:39 | DEBUG   | dpfl.core.base_simulator | Update norms — honest: ['0.06', '0.07', '0.07', '0.06', '0.07'], attacker: []
2026-05-02 04:51:40 | INFO    | dpfl.core.base_simulator | Round 131/300 | Acc: 0.8071 | Loss: 0.5501 | eps: 5.72 | P: 1.00 R: 0.00 F1: 0.00
2026-05-02 04:51:40 | DEBUG   | dpfl.core.base_simulator | Update norms — honest: ['0.06', '0.06', '0.06', '0.06', '0.06'], attacker: []
2026-05-02 04:51:41 | INFO    | dpfl.core.base_simulator | Round 132/300 | Acc: 0.8070 | Loss: 0.5493 | eps: 5.74 | P: 1.00 R: 0.00 F1: 0.00
2026-05-02 04:51:41 | DEBUG   | dpfl.core.base_simulator | Update norms — honest: ['0.06', '0.07', '0.06', '0.06', '0.07'], attacker: []
2026-05-02 04:51:42 | INFO    | dpfl.core.base_simulator | Round 133/300 | Acc: 0.8082 | Loss: 0.5471 | eps: 5.76 | P: 1.00 R: 0.00 F1: 0.00
2026-05-02 04:51:42 | DEBUG   | dpfl.core.base_simulator | Update norms — honest: ['0.06', '0.06', '0.06', '0.06', '0.06'], attacker: []
2026-05-02 04:51:43 | INFO    | dpfl.core.base_simulator | Round 134/300 | Acc: 0.8095 | Loss: 0.5455 | eps: 5.78 | P: 1.00 R: 0.00 F1: 0.00
2026-05-02 04:51:43 | DEBUG   | dpfl.core.base_simulator | Update norms — honest: ['0.06', '0.07', '0.06', '0.06', '0.06'], attacker: []
2026-05-02 04:51:44 | INFO    | dpfl.core.base_simulator | Round 135/300 | Acc: 0.8101 | Loss: 0.5442 | eps: 5.80 | P: 1.00 R: 0.00 F1: 0.00
2026-05-02 04:51:44 | DEBUG   | dpfl.core.base_simulator | Update norms — honest: ['0.06', '0.07', '0.06', '0.06', '0.06'], attacker: []
2026-05-02 04:51:45 | INFO    | dpfl.core.base_simulator | Round 136/300 | Acc: 0.8095 | Loss: 0.5430 | eps: 5.82 | P: 1.00 R: 0.00 F1: 0.00
2026-05-02 04:51:45 | DEBUG   | dpfl.core.base_simulator | Update norms — honest: ['0.06', '0.07', '0.06', '0.06', '0.06'], attacker: []
2026-05-02 04:51:46 | INFO    | dpfl.core.base_simulator | Round 137/300 | Acc: 0.8101 | Loss: 0.5416 | eps: 5.84 | P: 1.00 R: 0.00 F1: 0.00
2026-05-02 04:51:46 | DEBUG   | dpfl.core.base_simulator | Update norms — honest: ['0.07', '0.06', '0.06', '0.06', '0.07'], attacker: []
2026-05-02 04:51:46 | INFO    | dpfl.core.base_simulator | Round 138/300 | Acc: 0.8110 | Loss: 0.5399 | eps: 5.86 | P: 1.00 R: 0.00 F1: 0.00
2026-05-02 04:51:46 | DEBUG   | dpfl.core.base_simulator | Update norms — honest: ['0.06', '0.07', '0.06', '0.06', '0.07'], attacker: []
2026-05-02 04:51:47 | INFO    | dpfl.core.base_simulator | Round 139/300 | Acc: 0.8114 | Loss: 0.5387 | eps: 5.88 | P: 1.00 R: 0.00 F1: 0.00
2026-05-02 04:51:47 | DEBUG   | dpfl.core.base_simulator | Update norms — honest: ['0.06', '0.06', '0.06', '0.06', '0.06'], attacker: []
2026-05-02 04:51:48 | INFO    | dpfl.core.base_simulator | Round 140/300 | Acc: 0.8129 | Loss: 0.5369 | eps: 5.90 | P: 1.00 R: 0.00 F1: 0.00
2026-05-02 04:51:48 | DEBUG   | dpfl.core.base_simulator | Update norms — honest: ['0.06', '0.06', '0.06', '0.06', '0.06'], attacker: []
2026-05-02 04:51:49 | INFO    | dpfl.core.base_simulator | Round 141/300 | Acc: 0.8137 | Loss: 0.5355 | eps: 5.92 | P: 1.00 R: 0.00 F1: 0.00
2026-05-02 04:51:49 | DEBUG   | dpfl.core.base_simulator | Update norms — honest: ['0.06', '0.06', '0.06', '0.06', '0.06'], attacker: []
2026-05-02 04:51:50 | INFO    | dpfl.core.base_simulator | Round 142/300 | Acc: 0.8135 | Loss: 0.5342 | eps: 5.94 | P: 1.00 R: 0.00 F1: 0.00
2026-05-02 04:51:50 | DEBUG   | dpfl.core.base_simulator | Update norms — honest: ['0.06', '0.06', '0.06', '0.06', '0.06'], attacker: []
2026-05-02 04:51:51 | INFO    | dpfl.core.base_simulator | Round 143/300 | Acc: 0.8131 | Loss: 0.5335 | eps: 5.96 | P: 1.00 R: 0.00 F1: 0.00
2026-05-02 04:51:51 | DEBUG   | dpfl.core.base_simulator | Update norms — honest: ['0.06', '0.06', '0.06', '0.06', '0.06'], attacker: []
2026-05-02 04:51:52 | INFO    | dpfl.core.base_simulator | Round 144/300 | Acc: 0.8131 | Loss: 0.5324 | eps: 5.98 | P: 1.00 R: 0.00 F1: 0.00
2026-05-02 04:51:52 | DEBUG   | dpfl.core.base_simulator | Update norms — honest: ['0.06', '0.06', '0.06', '0.06', '0.06'], attacker: []
2026-05-02 04:51:53 | INFO    | dpfl.core.base_simulator | Round 145/300 | Acc: 0.8129 | Loss: 0.5314 | eps: 6.00 | P: 1.00 R: 0.00 F1: 0.00
2026-05-02 04:51:53 | DEBUG   | dpfl.core.base_simulator | Update norms — honest: ['0.06', '0.06', '0.06', '0.06', '0.06'], attacker: []
2026-05-02 04:51:54 | INFO    | dpfl.core.base_simulator | Round 146/300 | Acc: 0.8137 | Loss: 0.5301 | eps: 6.02 | P: 1.00 R: 0.00 F1: 0.00
2026-05-02 04:51:54 | DEBUG   | dpfl.core.base_simulator | Update norms — honest: ['0.06', '0.07', '0.06', '0.06', '0.06'], attacker: []
2026-05-02 04:51:55 | INFO    | dpfl.core.base_simulator | Round 147/300 | Acc: 0.8142 | Loss: 0.5294 | eps: 6.04 | P: 1.00 R: 0.00 F1: 0.00
2026-05-02 04:51:55 | DEBUG   | dpfl.core.base_simulator | Update norms — honest: ['0.06', '0.06', '0.06', '0.06', '0.06'], attacker: []
2026-05-02 04:51:56 | INFO    | dpfl.core.base_simulator | Round 148/300 | Acc: 0.8136 | Loss: 0.5280 | eps: 6.06 | P: 1.00 R: 0.00 F1: 0.00
2026-05-02 04:51:56 | DEBUG   | dpfl.core.base_simulator | Update norms — honest: ['0.06', '0.07', '0.06', '0.06', '0.06'], attacker: []
2026-05-02 04:51:57 | INFO    | dpfl.core.base_simulator | Round 149/300 | Acc: 0.8139 | Loss: 0.5268 | eps: 6.08 | P: 1.00 R: 0.00 F1: 0.00
2026-05-02 04:51:57 | DEBUG   | dpfl.core.base_simulator | Update norms — honest: ['0.06', '0.06', '0.06', '0.06', '0.06'], attacker: []
2026-05-02 04:51:58 | INFO    | dpfl.core.base_simulator | Round 150/300 | Acc: 0.8140 | Loss: 0.5256 | eps: 6.10 | P: 1.00 R: 0.00 F1: 0.00
2026-05-02 04:51:58 | DEBUG   | dpfl.core.base_simulator | Update norms — honest: ['0.06', '0.06', '0.06', '0.06', '0.06'], attacker: []
2026-05-02 04:51:59 | INFO    | dpfl.core.base_simulator | Round 151/300 | Acc: 0.8143 | Loss: 0.5250 | eps: 6.12 | P: 1.00 R: 0.00 F1: 0.00
2026-05-02 04:51:59 | DEBUG   | dpfl.core.base_simulator | Update norms — honest: ['0.06', '0.06', '0.06', '0.06', '0.06'], attacker: []
2026-05-02 04:52:00 | INFO    | dpfl.core.base_simulator | Round 152/300 | Acc: 0.8150 | Loss: 0.5237 | eps: 6.14 | P: 1.00 R: 0.00 F1: 0.00
2026-05-02 04:52:00 | DEBUG   | dpfl.core.base_simulator | Update norms — honest: ['0.06', '0.06', '0.06', '0.06', '0.06'], attacker: []
2026-05-02 04:52:01 | INFO    | dpfl.core.base_simulator | Round 153/300 | Acc: 0.8152 | Loss: 0.5228 | eps: 6.16 | P: 1.00 R: 0.00 F1: 0.00
2026-05-02 04:52:01 | DEBUG   | dpfl.core.base_simulator | Update norms — honest: ['0.06', '0.06', '0.06', '0.06', '0.06'], attacker: []
2026-05-02 04:52:02 | INFO    | dpfl.core.base_simulator | Round 154/300 | Acc: 0.8155 | Loss: 0.5221 | eps: 6.18 | P: 1.00 R: 0.00 F1: 0.00
2026-05-02 04:52:02 | DEBUG   | dpfl.core.base_simulator | Update norms — honest: ['0.06', '0.07', '0.06', '0.06', '0.06'], attacker: []
2026-05-02 04:52:03 | INFO    | dpfl.core.base_simulator | Round 155/300 | Acc: 0.8159 | Loss: 0.5211 | eps: 6.20 | P: 1.00 R: 0.00 F1: 0.00
2026-05-02 04:52:03 | DEBUG   | dpfl.core.base_simulator | Update norms — honest: ['0.06', '0.06', '0.06', '0.06', '0.06'], attacker: []
2026-05-02 04:52:04 | INFO    | dpfl.core.base_simulator | Round 156/300 | Acc: 0.8161 | Loss: 0.5202 | eps: 6.22 | P: 1.00 R: 0.00 F1: 0.00
2026-05-02 04:52:04 | DEBUG   | dpfl.core.base_simulator | Update norms — honest: ['0.06', '0.06', '0.06', '0.06', '0.06'], attacker: []
2026-05-02 04:52:05 | INFO    | dpfl.core.base_simulator | Round 157/300 | Acc: 0.8151 | Loss: 0.5193 | eps: 6.24 | P: 1.00 R: 0.00 F1: 0.00
2026-05-02 04:52:05 | DEBUG   | dpfl.core.base_simulator | Update norms — honest: ['0.06', '0.06', '0.06', '0.06', '0.06'], attacker: []
2026-05-02 04:52:06 | INFO    | dpfl.core.base_simulator | Round 158/300 | Acc: 0.8160 | Loss: 0.5182 | eps: 6.26 | P: 1.00 R: 0.00 F1: 0.00
2026-05-02 04:52:06 | DEBUG   | dpfl.core.base_simulator | Update norms — honest: ['0.06', '0.06', '0.06', '0.06', '0.06'], attacker: []
2026-05-02 04:52:07 | INFO    | dpfl.core.base_simulator | Round 159/300 | Acc: 0.8183 | Loss: 0.5174 | eps: 6.28 | P: 1.00 R: 0.00 F1: 0.00
2026-05-02 04:52:07 | DEBUG   | dpfl.core.base_simulator | Update norms — honest: ['0.06', '0.06', '0.06', '0.06', '0.06'], attacker: []
2026-05-02 04:52:08 | INFO    | dpfl.core.base_simulator | Round 160/300 | Acc: 0.8175 | Loss: 0.5167 | eps: 6.30 | P: 1.00 R: 0.00 F1: 0.00
2026-05-02 04:52:08 | DEBUG   | dpfl.core.base_simulator | Update norms — honest: ['0.06', '0.06', '0.06', '0.06', '0.06'], attacker: []
2026-05-02 04:52:09 | INFO    | dpfl.core.base_simulator | Round 161/300 | Acc: 0.8170 | Loss: 0.5156 | eps: 6.32 | P: 1.00 R: 0.00 F1: 0.00
2026-05-02 04:52:09 | DEBUG   | dpfl.core.base_simulator | Update norms — honest: ['0.06', '0.06', '0.06', '0.06', '0.06'], attacker: []
2026-05-02 04:52:10 | INFO    | dpfl.core.base_simulator | Round 162/300 | Acc: 0.8173 | Loss: 0.5149 | eps: 6.34 | P: 1.00 R: 0.00 F1: 0.00
2026-05-02 04:52:10 | DEBUG   | dpfl.core.base_simulator | Update norms — honest: ['0.06', '0.06', '0.06', '0.05', '0.06'], attacker: []
2026-05-02 04:52:10 | INFO    | dpfl.core.base_simulator | Round 163/300 | Acc: 0.8178 | Loss: 0.5136 | eps: 6.36 | P: 1.00 R: 0.00 F1: 0.00
2026-05-02 04:52:10 | DEBUG   | dpfl.core.base_simulator | Update norms — honest: ['0.06', '0.06', '0.06', '0.06', '0.06'], attacker: []
2026-05-02 04:52:11 | INFO    | dpfl.core.base_simulator | Round 164/300 | Acc: 0.8191 | Loss: 0.5130 | eps: 6.38 | P: 1.00 R: 0.00 F1: 0.00
2026-05-02 04:52:11 | DEBUG   | dpfl.core.base_simulator | Update norms — honest: ['0.06', '0.06', '0.06', '0.06', '0.06'], attacker: []
2026-05-02 04:52:12 | INFO    | dpfl.core.base_simulator | Round 165/300 | Acc: 0.8190 | Loss: 0.5124 | eps: 6.40 | P: 1.00 R: 0.00 F1: 0.00
2026-05-02 04:52:12 | DEBUG   | dpfl.core.base_simulator | Update norms — honest: ['0.06', '0.06', '0.06', '0.06', '0.06'], attacker: []
2026-05-02 04:52:13 | INFO    | dpfl.core.base_simulator | Round 166/300 | Acc: 0.8184 | Loss: 0.5119 | eps: 6.42 | P: 1.00 R: 0.00 F1: 0.00
2026-05-02 04:52:13 | DEBUG   | dpfl.core.base_simulator | Update norms — honest: ['0.06', '0.06', '0.06', '0.06', '0.06'], attacker: []
2026-05-02 04:52:14 | INFO    | dpfl.core.base_simulator | Round 167/300 | Acc: 0.8190 | Loss: 0.5113 | eps: 6.44 | P: 1.00 R: 0.00 F1: 0.00
2026-05-02 04:52:14 | DEBUG   | dpfl.core.base_simulator | Update norms — honest: ['0.06', '0.06', '0.06', '0.06', '0.06'], attacker: []
2026-05-02 04:52:15 | INFO    | dpfl.core.base_simulator | Round 168/300 | Acc: 0.8194 | Loss: 0.5102 | eps: 6.46 | P: 1.00 R: 0.00 F1: 0.00
2026-05-02 04:52:15 | DEBUG   | dpfl.core.base_simulator | Update norms — honest: ['0.06', '0.06', '0.06', '0.06', '0.06'], attacker: []
2026-05-02 04:52:16 | INFO    | dpfl.core.base_simulator | Round 169/300 | Acc: 0.8194 | Loss: 0.5093 | eps: 6.48 | P: 1.00 R: 0.00 F1: 0.00
2026-05-02 04:52:16 | DEBUG   | dpfl.core.base_simulator | Update norms — honest: ['0.06', '0.06', '0.06', '0.05', '0.06'], attacker: []
2026-05-02 04:52:17 | INFO    | dpfl.core.base_simulator | Round 170/300 | Acc: 0.8196 | Loss: 0.5090 | eps: 6.50 | P: 1.00 R: 0.00 F1: 0.00
2026-05-02 04:52:17 | DEBUG   | dpfl.core.base_simulator | Update norms — honest: ['0.06', '0.06', '0.06', '0.06', '0.06'], attacker: []
2026-05-02 04:52:18 | INFO    | dpfl.core.base_simulator | Round 171/300 | Acc: 0.8204 | Loss: 0.5086 | eps: 6.52 | P: 1.00 R: 0.00 F1: 0.00
2026-05-02 04:52:18 | DEBUG   | dpfl.core.base_simulator | Update norms — honest: ['0.06', '0.06', '0.06', '0.06', '0.07'], attacker: []
2026-05-02 04:52:19 | INFO    | dpfl.core.base_simulator | Round 172/300 | Acc: 0.8201 | Loss: 0.5077 | eps: 6.54 | P: 1.00 R: 0.00 F1: 0.00
2026-05-02 04:52:19 | DEBUG   | dpfl.core.base_simulator | Update norms — honest: ['0.06', '0.06', '0.06', '0.06', '0.06'], attacker: []
2026-05-02 04:52:20 | INFO    | dpfl.core.base_simulator | Round 173/300 | Acc: 0.8192 | Loss: 0.5070 | eps: 6.56 | P: 1.00 R: 0.00 F1: 0.00
2026-05-02 04:52:20 | DEBUG   | dpfl.core.base_simulator | Update norms — honest: ['0.06', '0.06', '0.06', '0.06', '0.06'], attacker: []
2026-05-02 04:52:21 | INFO    | dpfl.core.base_simulator | Round 174/300 | Acc: 0.8199 | Loss: 0.5063 | eps: 6.58 | P: 1.00 R: 0.00 F1: 0.00
2026-05-02 04:52:21 | DEBUG   | dpfl.core.base_simulator | Update norms — honest: ['0.06', '0.06', '0.06', '0.06', '0.06'], attacker: []
2026-05-02 04:52:22 | INFO    | dpfl.core.base_simulator | Round 175/300 | Acc: 0.8205 | Loss: 0.5052 | eps: 6.60 | P: 1.00 R: 0.00 F1: 0.00
2026-05-02 04:52:22 | DEBUG   | dpfl.core.base_simulator | Update norms — honest: ['0.06', '0.06', '0.06', '0.06', '0.06'], attacker: []
2026-05-02 04:52:23 | INFO    | dpfl.core.base_simulator | Round 176/300 | Acc: 0.8214 | Loss: 0.5045 | eps: 6.62 | P: 1.00 R: 0.00 F1: 0.00
2026-05-02 04:52:23 | DEBUG   | dpfl.core.base_simulator | Update norms — honest: ['0.06', '0.06', '0.06', '0.06', '0.06'], attacker: []
2026-05-02 04:52:24 | INFO    | dpfl.core.base_simulator | Round 177/300 | Acc: 0.8210 | Loss: 0.5040 | eps: 6.64 | P: 1.00 R: 0.00 F1: 0.00
2026-05-02 04:52:24 | DEBUG   | dpfl.core.base_simulator | Update norms — honest: ['0.06', '0.06', '0.06', '0.06', '0.06'], attacker: []
2026-05-02 04:52:25 | INFO    | dpfl.core.base_simulator | Round 178/300 | Acc: 0.8221 | Loss: 0.5031 | eps: 6.66 | P: 1.00 R: 0.00 F1: 0.00
2026-05-02 04:52:25 | DEBUG   | dpfl.core.base_simulator | Update norms — honest: ['0.06', '0.07', '0.06', '0.06', '0.06'], attacker: []
2026-05-02 04:52:26 | INFO    | dpfl.core.base_simulator | Round 179/300 | Acc: 0.8211 | Loss: 0.5027 | eps: 6.68 | P: 1.00 R: 0.00 F1: 0.00
2026-05-02 04:52:26 | DEBUG   | dpfl.core.base_simulator | Update norms — honest: ['0.06', '0.06', '0.06', '0.05', '0.06'], attacker: []
2026-05-02 04:52:27 | INFO    | dpfl.core.base_simulator | Round 180/300 | Acc: 0.8218 | Loss: 0.5024 | eps: 6.70 | P: 1.00 R: 0.00 F1: 0.00
2026-05-02 04:52:27 | DEBUG   | dpfl.core.base_simulator | Update norms — honest: ['0.06', '0.06', '0.06', '0.06', '0.06'], attacker: []
2026-05-02 04:52:27 | INFO    | dpfl.core.base_simulator | Round 181/300 | Acc: 0.8213 | Loss: 0.5014 | eps: 6.72 | P: 1.00 R: 0.00 F1: 0.00
2026-05-02 04:52:27 | DEBUG   | dpfl.core.base_simulator | Update norms — honest: ['0.05', '0.06', '0.06', '0.06', '0.06'], attacker: []
2026-05-02 04:52:28 | INFO    | dpfl.core.base_simulator | Round 182/300 | Acc: 0.8214 | Loss: 0.5005 | eps: 6.74 | P: 1.00 R: 0.00 F1: 0.00
2026-05-02 04:52:28 | DEBUG   | dpfl.core.base_simulator | Update norms — honest: ['0.06', '0.06', '0.06', '0.05', '0.06'], attacker: []
2026-05-02 04:52:29 | INFO    | dpfl.core.base_simulator | Round 183/300 | Acc: 0.8227 | Loss: 0.4998 | eps: 6.76 | P: 1.00 R: 0.00 F1: 0.00
2026-05-02 04:52:29 | DEBUG   | dpfl.core.base_simulator | Update norms — honest: ['0.06', '0.06', '0.06', '0.06', '0.06'], attacker: []
2026-05-02 04:52:30 | INFO    | dpfl.core.base_simulator | Round 184/300 | Acc: 0.8222 | Loss: 0.4992 | eps: 6.78 | P: 1.00 R: 0.00 F1: 0.00
2026-05-02 04:52:30 | DEBUG   | dpfl.core.base_simulator | Update norms — honest: ['0.06', '0.06', '0.06', '0.06', '0.06'], attacker: []
2026-05-02 04:52:31 | INFO    | dpfl.core.base_simulator | Round 185/300 | Acc: 0.8224 | Loss: 0.4988 | eps: 6.80 | P: 1.00 R: 0.00 F1: 0.00
2026-05-02 04:52:31 | DEBUG   | dpfl.core.base_simulator | Update norms — honest: ['0.06', '0.06', '0.06', '0.06', '0.06'], attacker: []
2026-05-02 04:52:32 | INFO    | dpfl.core.base_simulator | Round 186/300 | Acc: 0.8221 | Loss: 0.4982 | eps: 6.82 | P: 1.00 R: 0.00 F1: 0.00
2026-05-02 04:52:32 | DEBUG   | dpfl.core.base_simulator | Update norms — honest: ['0.06', '0.07', '0.06', '0.06', '0.06'], attacker: []
2026-05-02 04:52:33 | INFO    | dpfl.core.base_simulator | Round 187/300 | Acc: 0.8228 | Loss: 0.4978 | eps: 6.84 | P: 1.00 R: 0.00 F1: 0.00
2026-05-02 04:52:33 | DEBUG   | dpfl.core.base_simulator | Update norms — honest: ['0.06', '0.06', '0.06', '0.06', '0.06'], attacker: []
2026-05-02 04:52:34 | INFO    | dpfl.core.base_simulator | Round 188/300 | Acc: 0.8233 | Loss: 0.4971 | eps: 6.86 | P: 1.00 R: 0.00 F1: 0.00
2026-05-02 04:52:34 | DEBUG   | dpfl.core.base_simulator | Update norms — honest: ['0.06', '0.06', '0.06', '0.06', '0.06'], attacker: []
2026-05-02 04:52:35 | INFO    | dpfl.core.base_simulator | Round 189/300 | Acc: 0.8236 | Loss: 0.4965 | eps: 6.88 | P: 1.00 R: 0.00 F1: 0.00
2026-05-02 04:52:35 | DEBUG   | dpfl.core.base_simulator | Update norms — honest: ['0.06', '0.06', '0.06', '0.06', '0.06'], attacker: []
2026-05-02 04:52:36 | INFO    | dpfl.core.base_simulator | Round 190/300 | Acc: 0.8227 | Loss: 0.4961 | eps: 6.90 | P: 1.00 R: 0.00 F1: 0.00
2026-05-02 04:52:36 | DEBUG   | dpfl.core.base_simulator | Update norms — honest: ['0.06', '0.06', '0.06', '0.06', '0.06'], attacker: []
2026-05-02 04:52:37 | INFO    | dpfl.core.base_simulator | Round 191/300 | Acc: 0.8227 | Loss: 0.4955 | eps: 6.91 | P: 1.00 R: 0.00 F1: 0.00
2026-05-02 04:52:37 | DEBUG   | dpfl.core.base_simulator | Update norms — honest: ['0.06', '0.06', '0.06', '0.06', '0.06'], attacker: []
2026-05-02 04:52:38 | INFO    | dpfl.core.base_simulator | Round 192/300 | Acc: 0.8238 | Loss: 0.4952 | eps: 6.92 | P: 1.00 R: 0.00 F1: 0.00
2026-05-02 04:52:38 | DEBUG   | dpfl.core.base_simulator | Update norms — honest: ['0.06', '0.06', '0.06', '0.06', '0.06'], attacker: []
2026-05-02 04:52:39 | INFO    | dpfl.core.base_simulator | Round 193/300 | Acc: 0.8238 | Loss: 0.4944 | eps: 6.93 | P: 1.00 R: 0.00 F1: 0.00
2026-05-02 04:52:39 | DEBUG   | dpfl.core.base_simulator | Update norms — honest: ['0.06', '0.06', '0.06', '0.05', '0.06'], attacker: []
2026-05-02 04:52:40 | INFO    | dpfl.core.base_simulator | Round 194/300 | Acc: 0.8227 | Loss: 0.4939 | eps: 6.94 | P: 1.00 R: 0.00 F1: 0.00
2026-05-02 04:52:40 | DEBUG   | dpfl.core.base_simulator | Update norms — honest: ['0.06', '0.06', '0.06', '0.06', '0.06'], attacker: []
2026-05-02 04:52:41 | INFO    | dpfl.core.base_simulator | Round 195/300 | Acc: 0.8235 | Loss: 0.4936 | eps: 6.95 | P: 1.00 R: 0.00 F1: 0.00
2026-05-02 04:52:41 | DEBUG   | dpfl.core.base_simulator | Update norms — honest: ['0.05', '0.06', '0.06', '0.06', '0.06'], attacker: []
2026-05-02 04:52:42 | INFO    | dpfl.core.base_simulator | Round 196/300 | Acc: 0.8235 | Loss: 0.4931 | eps: 6.96 | P: 1.00 R: 0.00 F1: 0.00
2026-05-02 04:52:42 | DEBUG   | dpfl.core.base_simulator | Update norms — honest: ['0.06', '0.06', '0.06', '0.05', '0.06'], attacker: []
2026-05-02 04:52:43 | INFO    | dpfl.core.base_simulator | Round 197/300 | Acc: 0.8234 | Loss: 0.4923 | eps: 6.98 | P: 1.00 R: 0.00 F1: 0.00
2026-05-02 04:52:43 | DEBUG   | dpfl.core.base_simulator | Update norms — honest: ['0.06', '0.06', '0.06', '0.06', '0.06'], attacker: []
2026-05-02 04:52:44 | INFO    | dpfl.core.base_simulator | Round 198/300 | Acc: 0.8235 | Loss: 0.4918 | eps: 6.99 | P: 1.00 R: 0.00 F1: 0.00
2026-05-02 04:52:44 | DEBUG   | dpfl.core.base_simulator | Update norms — honest: ['0.05', '0.06', '0.06', '0.06', '0.06'], attacker: []
2026-05-02 04:52:45 | INFO    | dpfl.core.base_simulator | Round 199/300 | Acc: 0.8251 | Loss: 0.4914 | eps: 7.00 | P: 1.00 R: 0.00 F1: 0.00
2026-05-02 04:52:45 | DEBUG   | dpfl.core.base_simulator | Update norms — honest: ['0.05', '0.06', '0.06', '0.06', '0.06'], attacker: []
2026-05-02 04:52:45 | INFO    | dpfl.core.base_simulator | Round 200/300 | Acc: 0.8242 | Loss: 0.4909 | eps: 7.01 | P: 1.00 R: 0.00 F1: 0.00
2026-05-02 04:52:45 | DEBUG   | dpfl.core.base_simulator | Update norms — honest: ['0.06', '0.06', '0.06', '0.06', '0.06'], attacker: []
2026-05-02 04:52:46 | INFO    | dpfl.core.base_simulator | Round 201/300 | Acc: 0.8241 | Loss: 0.4905 | eps: 7.02 | P: 1.00 R: 0.00 F1: 0.00
2026-05-02 04:52:46 | DEBUG   | dpfl.core.base_simulator | Update norms — honest: ['0.06', '0.06', '0.06', '0.06', '0.06'], attacker: []
2026-05-02 04:52:47 | INFO    | dpfl.core.base_simulator | Round 202/300 | Acc: 0.8249 | Loss: 0.4900 | eps: 7.03 | P: 1.00 R: 0.00 F1: 0.00
2026-05-02 04:52:47 | DEBUG   | dpfl.core.base_simulator | Update norms — honest: ['0.06', '0.06', '0.06', '0.06', '0.05'], attacker: []
2026-05-02 04:52:48 | INFO    | dpfl.core.base_simulator | Round 203/300 | Acc: 0.8260 | Loss: 0.4895 | eps: 7.04 | P: 1.00 R: 0.00 F1: 0.00
2026-05-02 04:52:48 | DEBUG   | dpfl.core.base_simulator | Update norms — honest: ['0.06', '0.06', '0.06', '0.06', '0.06'], attacker: []
2026-05-02 04:52:49 | INFO    | dpfl.core.base_simulator | Round 204/300 | Acc: 0.8251 | Loss: 0.4889 | eps: 7.05 | P: 1.00 R: 0.00 F1: 0.00
2026-05-02 04:52:49 | DEBUG   | dpfl.core.base_simulator | Update norms — honest: ['0.06', '0.06', '0.06', '0.06', '0.06'], attacker: []
2026-05-02 04:52:50 | INFO    | dpfl.core.base_simulator | Round 205/300 | Acc: 0.8251 | Loss: 0.4885 | eps: 7.06 | P: 1.00 R: 0.00 F1: 0.00
2026-05-02 04:52:50 | DEBUG   | dpfl.core.base_simulator | Update norms — honest: ['0.05', '0.06', '0.06', '0.06', '0.06'], attacker: []
2026-05-02 04:52:51 | INFO    | dpfl.core.base_simulator | Round 206/300 | Acc: 0.8256 | Loss: 0.4878 | eps: 7.07 | P: 1.00 R: 0.00 F1: 0.00
2026-05-02 04:52:51 | DEBUG   | dpfl.core.base_simulator | Update norms — honest: ['0.07', '0.06', '0.06', '0.06', '0.06'], attacker: []
2026-05-02 04:52:52 | INFO    | dpfl.core.base_simulator | Round 207/300 | Acc: 0.8263 | Loss: 0.4874 | eps: 7.09 | P: 1.00 R: 0.00 F1: 0.00
2026-05-02 04:52:52 | DEBUG   | dpfl.core.base_simulator | Update norms — honest: ['0.06', '0.06', '0.06', '0.06', '0.06'], attacker: []
2026-05-02 04:52:53 | INFO    | dpfl.core.base_simulator | Round 208/300 | Acc: 0.8258 | Loss: 0.4870 | eps: 7.10 | P: 1.00 R: 0.00 F1: 0.00
2026-05-02 04:52:53 | DEBUG   | dpfl.core.base_simulator | Update norms — honest: ['0.06', '0.06', '0.06', '0.06', '0.06'], attacker: []
2026-05-02 04:52:54 | INFO    | dpfl.core.base_simulator | Round 209/300 | Acc: 0.8261 | Loss: 0.4864 | eps: 7.11 | P: 1.00 R: 0.00 F1: 0.00
2026-05-02 04:52:54 | DEBUG   | dpfl.core.base_simulator | Update norms — honest: ['0.07', '0.06', '0.06', '0.06', '0.06'], attacker: []
2026-05-02 04:52:55 | INFO    | dpfl.core.base_simulator | Round 210/300 | Acc: 0.8261 | Loss: 0.4861 | eps: 7.12 | P: 1.00 R: 0.00 F1: 0.00
2026-05-02 04:52:55 | DEBUG   | dpfl.core.base_simulator | Update norms — honest: ['0.06', '0.06', '0.06', '0.06', '0.06'], attacker: []
2026-05-02 04:52:56 | INFO    | dpfl.core.base_simulator | Round 211/300 | Acc: 0.8266 | Loss: 0.4856 | eps: 7.13 | P: 1.00 R: 0.00 F1: 0.00
2026-05-02 04:52:56 | DEBUG   | dpfl.core.base_simulator | Update norms — honest: ['0.05', '0.06', '0.06', '0.05', '0.06'], attacker: []
2026-05-02 04:52:57 | INFO    | dpfl.core.base_simulator | Round 212/300 | Acc: 0.8268 | Loss: 0.4855 | eps: 7.14 | P: 1.00 R: 0.00 F1: 0.00
2026-05-02 04:52:57 | DEBUG   | dpfl.core.base_simulator | Update norms — honest: ['0.06', '0.06', '0.06', '0.06', '0.06'], attacker: []
2026-05-02 04:52:58 | INFO    | dpfl.core.base_simulator | Round 213/300 | Acc: 0.8265 | Loss: 0.4850 | eps: 7.15 | P: 1.00 R: 0.00 F1: 0.00
2026-05-02 04:52:58 | DEBUG   | dpfl.core.base_simulator | Update norms — honest: ['0.05', '0.06', '0.06', '0.06', '0.06'], attacker: []
2026-05-02 04:52:59 | INFO    | dpfl.core.base_simulator | Round 214/300 | Acc: 0.8266 | Loss: 0.4845 | eps: 7.16 | P: 1.00 R: 0.00 F1: 0.00
2026-05-02 04:52:59 | DEBUG   | dpfl.core.base_simulator | Update norms — honest: ['0.06', '0.06', '0.06', '0.06', '0.06'], attacker: []
2026-05-02 04:53:00 | INFO    | dpfl.core.base_simulator | Round 215/300 | Acc: 0.8271 | Loss: 0.4843 | eps: 7.17 | P: 1.00 R: 0.00 F1: 0.00
2026-05-02 04:53:00 | DEBUG   | dpfl.core.base_simulator | Update norms — honest: ['0.05', '0.06', '0.06', '0.06', '0.06'], attacker: []
2026-05-02 04:53:01 | INFO    | dpfl.core.base_simulator | Round 216/300 | Acc: 0.8276 | Loss: 0.4834 | eps: 7.18 | P: 1.00 R: 0.00 F1: 0.00
2026-05-02 04:53:01 | DEBUG   | dpfl.core.base_simulator | Update norms — honest: ['0.05', '0.06', '0.06', '0.06', '0.06'], attacker: []
2026-05-02 04:53:02 | INFO    | dpfl.core.base_simulator | Round 217/300 | Acc: 0.8277 | Loss: 0.4832 | eps: 7.20 | P: 1.00 R: 0.00 F1: 0.00
2026-05-02 04:53:02 | DEBUG   | dpfl.core.base_simulator | Update norms — honest: ['0.05', '0.06', '0.06', '0.05', '0.06'], attacker: []
2026-05-02 04:53:03 | INFO    | dpfl.core.base_simulator | Round 218/300 | Acc: 0.8280 | Loss: 0.4830 | eps: 7.21 | P: 1.00 R: 0.00 F1: 0.00
2026-05-02 04:53:03 | DEBUG   | dpfl.core.base_simulator | Update norms — honest: ['0.06', '0.06', '0.06', '0.06', '0.06'], attacker: []
2026-05-02 04:53:04 | INFO    | dpfl.core.base_simulator | Round 219/300 | Acc: 0.8282 | Loss: 0.4827 | eps: 7.22 | P: 1.00 R: 0.00 F1: 0.00
2026-05-02 04:53:04 | DEBUG   | dpfl.core.base_simulator | Update norms — honest: ['0.06', '0.06', '0.06', '0.06', '0.06'], attacker: []
2026-05-02 04:53:05 | INFO    | dpfl.core.base_simulator | Round 220/300 | Acc: 0.8285 | Loss: 0.4822 | eps: 7.23 | P: 1.00 R: 0.00 F1: 0.00
2026-05-02 04:53:05 | DEBUG   | dpfl.core.base_simulator | Update norms — honest: ['0.05', '0.06', '0.06', '0.06', '0.06'], attacker: []
2026-05-02 04:53:06 | INFO    | dpfl.core.base_simulator | Round 221/300 | Acc: 0.8296 | Loss: 0.4816 | eps: 7.24 | P: 1.00 R: 0.00 F1: 0.00
2026-05-02 04:53:06 | DEBUG   | dpfl.core.base_simulator | Update norms — honest: ['0.05', '0.06', '0.06', '0.06', '0.06'], attacker: []
2026-05-02 04:53:06 | INFO    | dpfl.core.base_simulator | Round 222/300 | Acc: 0.8285 | Loss: 0.4814 | eps: 7.25 | P: 1.00 R: 0.00 F1: 0.00
2026-05-02 04:53:06 | DEBUG   | dpfl.core.base_simulator | Update norms — honest: ['0.05', '0.06', '0.06', '0.06', '0.06'], attacker: []
2026-05-02 04:53:07 | INFO    | dpfl.core.base_simulator | Round 223/300 | Acc: 0.8295 | Loss: 0.4807 | eps: 7.26 | P: 1.00 R: 0.00 F1: 0.00
2026-05-02 04:53:07 | DEBUG   | dpfl.core.base_simulator | Update norms — honest: ['0.06', '0.06', '0.06', '0.06', '0.06'], attacker: []
2026-05-02 04:53:09 | INFO    | dpfl.core.base_simulator | Round 224/300 | Acc: 0.8296 | Loss: 0.4803 | eps: 7.27 | P: 1.00 R: 0.00 F1: 0.00
2026-05-02 04:53:09 | DEBUG   | dpfl.core.base_simulator | Update norms — honest: ['0.06', '0.06', '0.06', '0.05', '0.06'], attacker: []
2026-05-02 04:53:09 | INFO    | dpfl.core.base_simulator | Round 225/300 | Acc: 0.8292 | Loss: 0.4803 | eps: 7.28 | P: 1.00 R: 0.00 F1: 0.00
2026-05-02 04:53:09 | DEBUG   | dpfl.core.base_simulator | Update norms — honest: ['0.06', '0.06', '0.06', '0.06', '0.06'], attacker: []
2026-05-02 04:53:10 | INFO    | dpfl.core.base_simulator | Round 226/300 | Acc: 0.8290 | Loss: 0.4794 | eps: 7.30 | P: 1.00 R: 0.00 F1: 0.00
2026-05-02 04:53:10 | DEBUG   | dpfl.core.base_simulator | Update norms — honest: ['0.06', '0.06', '0.07', '0.06', '0.06'], attacker: []
2026-05-02 04:53:11 | INFO    | dpfl.core.base_simulator | Round 227/300 | Acc: 0.8294 | Loss: 0.4790 | eps: 7.31 | P: 1.00 R: 0.00 F1: 0.00
2026-05-02 04:53:11 | DEBUG   | dpfl.core.base_simulator | Update norms — honest: ['0.06', '0.06', '0.06', '0.07', '0.06'], attacker: []
2026-05-02 04:53:12 | INFO    | dpfl.core.base_simulator | Round 228/300 | Acc: 0.8291 | Loss: 0.4789 | eps: 7.32 | P: 1.00 R: 0.00 F1: 0.00
2026-05-02 04:53:12 | DEBUG   | dpfl.core.base_simulator | Update norms — honest: ['0.06', '0.06', '0.05', '0.06', '0.06'], attacker: []
2026-05-02 04:53:13 | INFO    | dpfl.core.base_simulator | Round 229/300 | Acc: 0.8295 | Loss: 0.4785 | eps: 7.33 | P: 1.00 R: 0.00 F1: 0.00
2026-05-02 04:53:13 | DEBUG   | dpfl.core.base_simulator | Update norms — honest: ['0.06', '0.06', '0.06', '0.06', '0.06'], attacker: []
2026-05-02 04:53:14 | INFO    | dpfl.core.base_simulator | Round 230/300 | Acc: 0.8298 | Loss: 0.4781 | eps: 7.34 | P: 1.00 R: 0.00 F1: 0.00
2026-05-02 04:53:14 | DEBUG   | dpfl.core.base_simulator | Update norms — honest: ['0.06', '0.06', '0.06', '0.06', '0.06'], attacker: []
2026-05-02 04:53:15 | INFO    | dpfl.core.base_simulator | Round 231/300 | Acc: 0.8298 | Loss: 0.4776 | eps: 7.35 | P: 1.00 R: 0.00 F1: 0.00
2026-05-02 04:53:15 | DEBUG   | dpfl.core.base_simulator | Update norms — honest: ['0.06', '0.06', '0.06', '0.06', '0.06'], attacker: []
2026-05-02 04:53:16 | INFO    | dpfl.core.base_simulator | Round 232/300 | Acc: 0.8292 | Loss: 0.4772 | eps: 7.36 | P: 1.00 R: 0.00 F1: 0.00
2026-05-02 04:53:16 | DEBUG   | dpfl.core.base_simulator | Update norms — honest: ['0.05', '0.06', '0.06', '0.05', '0.06'], attacker: []
2026-05-02 04:53:17 | INFO    | dpfl.core.base_simulator | Round 233/300 | Acc: 0.8306 | Loss: 0.4766 | eps: 7.37 | P: 1.00 R: 0.00 F1: 0.00
2026-05-02 04:53:17 | DEBUG   | dpfl.core.base_simulator | Update norms — honest: ['0.06', '0.06', '0.06', '0.06', '0.06'], attacker: []
2026-05-02 04:53:18 | INFO    | dpfl.core.base_simulator | Round 234/300 | Acc: 0.8309 | Loss: 0.4761 | eps: 7.38 | P: 1.00 R: 0.00 F1: 0.00
2026-05-02 04:53:18 | DEBUG   | dpfl.core.base_simulator | Update norms — honest: ['0.06', '0.06', '0.06', '0.06', '0.06'], attacker: []
2026-05-02 04:53:19 | INFO    | dpfl.core.base_simulator | Round 235/300 | Acc: 0.8301 | Loss: 0.4758 | eps: 7.39 | P: 1.00 R: 0.00 F1: 0.00
2026-05-02 04:53:19 | DEBUG   | dpfl.core.base_simulator | Update norms — honest: ['0.06', '0.06', '0.06', '0.06', '0.06'], attacker: []
2026-05-02 04:53:20 | INFO    | dpfl.core.base_simulator | Round 236/300 | Acc: 0.8312 | Loss: 0.4753 | eps: 7.41 | P: 1.00 R: 0.00 F1: 0.00
2026-05-02 04:53:20 | DEBUG   | dpfl.core.base_simulator | Update norms — honest: ['0.06', '0.06', '0.06', '0.06', '0.06'], attacker: []
2026-05-02 04:53:21 | INFO    | dpfl.core.base_simulator | Round 237/300 | Acc: 0.8316 | Loss: 0.4749 | eps: 7.42 | P: 1.00 R: 0.00 F1: 0.00
2026-05-02 04:53:21 | DEBUG   | dpfl.core.base_simulator | Update norms — honest: ['0.06', '0.06', '0.06', '0.05', '0.06'], attacker: []
2026-05-02 04:53:22 | INFO    | dpfl.core.base_simulator | Round 238/300 | Acc: 0.8308 | Loss: 0.4746 | eps: 7.43 | P: 1.00 R: 0.00 F1: 0.00
2026-05-02 04:53:22 | DEBUG   | dpfl.core.base_simulator | Update norms — honest: ['0.05', '0.06', '0.06', '0.06', '0.06'], attacker: []
2026-05-02 04:53:22 | INFO    | dpfl.core.base_simulator | Round 239/300 | Acc: 0.8311 | Loss: 0.4741 | eps: 7.44 | P: 1.00 R: 0.00 F1: 0.00
2026-05-02 04:53:22 | DEBUG   | dpfl.core.base_simulator | Update norms — honest: ['0.06', '0.06', '0.06', '0.06', '0.06'], attacker: []
2026-05-02 04:53:23 | INFO    | dpfl.core.base_simulator | Round 240/300 | Acc: 0.8309 | Loss: 0.4739 | eps: 7.45 | P: 1.00 R: 0.00 F1: 0.00
2026-05-02 04:53:23 | DEBUG   | dpfl.core.base_simulator | Update norms — honest: ['0.05', '0.06', '0.06', '0.05', '0.06'], attacker: []
2026-05-02 04:53:24 | INFO    | dpfl.core.base_simulator | Round 241/300 | Acc: 0.8314 | Loss: 0.4736 | eps: 7.46 | P: 1.00 R: 0.00 F1: 0.00
2026-05-02 04:53:24 | DEBUG   | dpfl.core.base_simulator | Update norms — honest: ['0.06', '0.06', '0.06', '0.06', '0.07'], attacker: []
2026-05-02 04:53:25 | INFO    | dpfl.core.base_simulator | Round 242/300 | Acc: 0.8313 | Loss: 0.4731 | eps: 7.47 | P: 1.00 R: 0.00 F1: 0.00
2026-05-02 04:53:25 | DEBUG   | dpfl.core.base_simulator | Update norms — honest: ['0.06', '0.06', '0.06', '0.06', '0.06'], attacker: []
2026-05-02 04:53:26 | INFO    | dpfl.core.base_simulator | Round 243/300 | Acc: 0.8309 | Loss: 0.4726 | eps: 7.48 | P: 1.00 R: 0.00 F1: 0.00
2026-05-02 04:53:26 | DEBUG   | dpfl.core.base_simulator | Update norms — honest: ['0.06', '0.06', '0.06', '0.06', '0.06'], attacker: []
2026-05-02 04:53:27 | INFO    | dpfl.core.base_simulator | Round 244/300 | Acc: 0.8314 | Loss: 0.4721 | eps: 7.49 | P: 1.00 R: 0.00 F1: 0.00
2026-05-02 04:53:27 | DEBUG   | dpfl.core.base_simulator | Update norms — honest: ['0.06', '0.06', '0.06', '0.06', '0.06'], attacker: []
2026-05-02 04:53:28 | INFO    | dpfl.core.base_simulator | Round 245/300 | Acc: 0.8316 | Loss: 0.4718 | eps: 7.50 | P: 1.00 R: 0.00 F1: 0.00
2026-05-02 04:53:28 | DEBUG   | dpfl.core.base_simulator | Update norms — honest: ['0.06', '0.06', '0.06', '0.06', '0.06'], attacker: []
2026-05-02 04:53:29 | INFO    | dpfl.core.base_simulator | Round 246/300 | Acc: 0.8319 | Loss: 0.4716 | eps: 7.52 | P: 1.00 R: 0.00 F1: 0.00
2026-05-02 04:53:29 | DEBUG   | dpfl.core.base_simulator | Update norms — honest: ['0.06', '0.06', '0.06', '0.06', '0.06'], attacker: []
2026-05-02 04:53:30 | INFO    | dpfl.core.base_simulator | Round 247/300 | Acc: 0.8316 | Loss: 0.4713 | eps: 7.53 | P: 1.00 R: 0.00 F1: 0.00
2026-05-02 04:53:30 | DEBUG   | dpfl.core.base_simulator | Update norms — honest: ['0.06', '0.06', '0.06', '0.06', '0.06'], attacker: []
2026-05-02 04:53:31 | INFO    | dpfl.core.base_simulator | Round 248/300 | Acc: 0.8313 | Loss: 0.4710 | eps: 7.54 | P: 1.00 R: 0.00 F1: 0.00
2026-05-02 04:53:31 | DEBUG   | dpfl.core.base_simulator | Update norms — honest: ['0.06', '0.06', '0.06', '0.06', '0.06'], attacker: []
2026-05-02 04:53:32 | INFO    | dpfl.core.base_simulator | Round 249/300 | Acc: 0.8312 | Loss: 0.4706 | eps: 7.55 | P: 1.00 R: 0.00 F1: 0.00
2026-05-02 04:53:32 | DEBUG   | dpfl.core.base_simulator | Update norms — honest: ['0.06', '0.06', '0.06', '0.06', '0.06'], attacker: []
2026-05-02 04:53:33 | INFO    | dpfl.core.base_simulator | Round 250/300 | Acc: 0.8314 | Loss: 0.4702 | eps: 7.56 | P: 1.00 R: 0.00 F1: 0.00
2026-05-02 04:53:33 | DEBUG   | dpfl.core.base_simulator | Update norms — honest: ['0.06', '0.06', '0.06', '0.06', '0.06'], attacker: []
2026-05-02 04:53:34 | INFO    | dpfl.core.base_simulator | Round 251/300 | Acc: 0.8324 | Loss: 0.4697 | eps: 7.57 | P: 1.00 R: 0.00 F1: 0.00
2026-05-02 04:53:34 | DEBUG   | dpfl.core.base_simulator | Update norms — honest: ['0.06', '0.06', '0.06', '0.06', '0.06'], attacker: []
2026-05-02 04:53:35 | INFO    | dpfl.core.base_simulator | Round 252/300 | Acc: 0.8320 | Loss: 0.4694 | eps: 7.58 | P: 1.00 R: 0.00 F1: 0.00
2026-05-02 04:53:35 | DEBUG   | dpfl.core.base_simulator | Update norms — honest: ['0.06', '0.06', '0.06', '0.06', '0.06'], attacker: []
2026-05-02 04:53:36 | INFO    | dpfl.core.base_simulator | Round 253/300 | Acc: 0.8321 | Loss: 0.4694 | eps: 7.59 | P: 1.00 R: 0.00 F1: 0.00
2026-05-02 04:53:36 | DEBUG   | dpfl.core.base_simulator | Update norms — honest: ['0.06', '0.06', '0.06', '0.06', '0.06'], attacker: []
2026-05-02 04:53:37 | INFO    | dpfl.core.base_simulator | Round 254/300 | Acc: 0.8326 | Loss: 0.4689 | eps: 7.60 | P: 1.00 R: 0.00 F1: 0.00
2026-05-02 04:53:37 | DEBUG   | dpfl.core.base_simulator | Update norms — honest: ['0.06', '0.06', '0.06', '0.06', '0.06'], attacker: []
2026-05-02 04:53:38 | INFO    | dpfl.core.base_simulator | Round 255/300 | Acc: 0.8325 | Loss: 0.4689 | eps: 7.62 | P: 1.00 R: 0.00 F1: 0.00
2026-05-02 04:53:38 | DEBUG   | dpfl.core.base_simulator | Update norms — honest: ['0.06', '0.06', '0.06', '0.05', '0.06'], attacker: []
2026-05-02 04:53:39 | INFO    | dpfl.core.base_simulator | Round 256/300 | Acc: 0.8321 | Loss: 0.4685 | eps: 7.63 | P: 1.00 R: 0.00 F1: 0.00
2026-05-02 04:53:39 | DEBUG   | dpfl.core.base_simulator | Update norms — honest: ['0.06', '0.06', '0.06', '0.06', '0.06'], attacker: []
2026-05-02 04:53:40 | INFO    | dpfl.core.base_simulator | Round 257/300 | Acc: 0.8324 | Loss: 0.4681 | eps: 7.64 | P: 1.00 R: 0.00 F1: 0.00
2026-05-02 04:53:40 | DEBUG   | dpfl.core.base_simulator | Update norms — honest: ['0.06', '0.06', '0.06', '0.06', '0.06'], attacker: []
2026-05-02 04:53:41 | INFO    | dpfl.core.base_simulator | Round 258/300 | Acc: 0.8334 | Loss: 0.4676 | eps: 7.65 | P: 1.00 R: 0.00 F1: 0.00
2026-05-02 04:53:41 | DEBUG   | dpfl.core.base_simulator | Update norms — honest: ['0.05', '0.06', '0.06', '0.06', '0.06'], attacker: []
2026-05-02 04:53:42 | INFO    | dpfl.core.base_simulator | Round 259/300 | Acc: 0.8329 | Loss: 0.4673 | eps: 7.66 | P: 1.00 R: 0.00 F1: 0.00
2026-05-02 04:53:42 | DEBUG   | dpfl.core.base_simulator | Update norms — honest: ['0.06', '0.06', '0.06', '0.05', '0.06'], attacker: []
2026-05-02 04:53:43 | INFO    | dpfl.core.base_simulator | Round 260/300 | Acc: 0.8333 | Loss: 0.4671 | eps: 7.67 | P: 1.00 R: 0.00 F1: 0.00
2026-05-02 04:53:43 | DEBUG   | dpfl.core.base_simulator | Update norms — honest: ['0.05', '0.06', '0.06', '0.06', '0.06'], attacker: []
2026-05-02 04:53:43 | INFO    | dpfl.core.base_simulator | Round 261/300 | Acc: 0.8331 | Loss: 0.4668 | eps: 7.68 | P: 1.00 R: 0.00 F1: 0.00
2026-05-02 04:53:43 | DEBUG   | dpfl.core.base_simulator | Update norms — honest: ['0.06', '0.06', '0.06', '0.06', '0.06'], attacker: []
2026-05-02 04:53:44 | INFO    | dpfl.core.base_simulator | Round 262/300 | Acc: 0.8340 | Loss: 0.4668 | eps: 7.69 | P: 1.00 R: 0.00 F1: 0.00
2026-05-02 04:53:44 | DEBUG   | dpfl.core.base_simulator | Update norms — honest: ['0.06', '0.06', '0.06', '0.06', '0.06'], attacker: []
2026-05-02 04:53:45 | INFO    | dpfl.core.base_simulator | Round 263/300 | Acc: 0.8336 | Loss: 0.4664 | eps: 7.70 | P: 1.00 R: 0.00 F1: 0.00
2026-05-02 04:53:45 | DEBUG   | dpfl.core.base_simulator | Update norms — honest: ['0.05', '0.06', '0.06', '0.06', '0.06'], attacker: []
2026-05-02 04:53:46 | INFO    | dpfl.core.base_simulator | Round 264/300 | Acc: 0.8338 | Loss: 0.4662 | eps: 7.71 | P: 1.00 R: 0.00 F1: 0.00
2026-05-02 04:53:46 | DEBUG   | dpfl.core.base_simulator | Update norms — honest: ['0.06', '0.06', '0.05', '0.06', '0.06'], attacker: []
2026-05-02 04:53:47 | INFO    | dpfl.core.base_simulator | Round 265/300 | Acc: 0.8338 | Loss: 0.4659 | eps: 7.73 | P: 1.00 R: 0.00 F1: 0.00
2026-05-02 04:53:47 | DEBUG   | dpfl.core.base_simulator | Update norms — honest: ['0.05', '0.06', '0.06', '0.06', '0.06'], attacker: []
2026-05-02 04:53:48 | INFO    | dpfl.core.base_simulator | Round 266/300 | Acc: 0.8338 | Loss: 0.4656 | eps: 7.74 | P: 1.00 R: 0.00 F1: 0.00
2026-05-02 04:53:48 | DEBUG   | dpfl.core.base_simulator | Update norms — honest: ['0.06', '0.06', '0.06', '0.06', '0.06'], attacker: []
2026-05-02 04:53:49 | INFO    | dpfl.core.base_simulator | Round 267/300 | Acc: 0.8338 | Loss: 0.4653 | eps: 7.75 | P: 1.00 R: 0.00 F1: 0.00
2026-05-02 04:53:49 | DEBUG   | dpfl.core.base_simulator | Update norms — honest: ['0.06', '0.06', '0.06', '0.06', '0.06'], attacker: []
2026-05-02 04:53:50 | INFO    | dpfl.core.base_simulator | Round 268/300 | Acc: 0.8340 | Loss: 0.4650 | eps: 7.76 | P: 1.00 R: 0.00 F1: 0.00
2026-05-02 04:53:50 | DEBUG   | dpfl.core.base_simulator | Update norms — honest: ['0.06', '0.06', '0.06', '0.06', '0.06'], attacker: []
2026-05-02 04:53:51 | INFO    | dpfl.core.base_simulator | Round 269/300 | Acc: 0.8344 | Loss: 0.4645 | eps: 7.77 | P: 1.00 R: 0.00 F1: 0.00
2026-05-02 04:53:51 | DEBUG   | dpfl.core.base_simulator | Update norms — honest: ['0.06', '0.06', '0.06', '0.06', '0.06'], attacker: []
2026-05-02 04:53:52 | INFO    | dpfl.core.base_simulator | Round 270/300 | Acc: 0.8351 | Loss: 0.4642 | eps: 7.78 | P: 1.00 R: 0.00 F1: 0.00
2026-05-02 04:53:52 | DEBUG   | dpfl.core.base_simulator | Update norms — honest: ['0.06', '0.06', '0.06', '0.06', '0.06'], attacker: []
2026-05-02 04:53:53 | INFO    | dpfl.core.base_simulator | Round 271/300 | Acc: 0.8355 | Loss: 0.4636 | eps: 7.79 | P: 1.00 R: 0.00 F1: 0.00
2026-05-02 04:53:53 | DEBUG   | dpfl.core.base_simulator | Update norms — honest: ['0.06', '0.06', '0.06', '0.06', '0.06'], attacker: []
2026-05-02 04:53:54 | INFO    | dpfl.core.base_simulator | Round 272/300 | Acc: 0.8349 | Loss: 0.4636 | eps: 7.80 | P: 1.00 R: 0.00 F1: 0.00
2026-05-02 04:53:54 | DEBUG   | dpfl.core.base_simulator | Update norms — honest: ['0.06', '0.06', '0.06', '0.07', '0.06'], attacker: []
2026-05-02 04:53:55 | INFO    | dpfl.core.base_simulator | Round 273/300 | Acc: 0.8351 | Loss: 0.4634 | eps: 7.81 | P: 1.00 R: 0.00 F1: 0.00
2026-05-02 04:53:55 | DEBUG   | dpfl.core.base_simulator | Update norms — honest: ['0.06', '0.06', '0.06', '0.06', '0.06'], attacker: []
2026-05-02 04:53:56 | INFO    | dpfl.core.base_simulator | Round 274/300 | Acc: 0.8350 | Loss: 0.4629 | eps: 7.82 | P: 1.00 R: 0.00 F1: 0.00
2026-05-02 04:53:56 | DEBUG   | dpfl.core.base_simulator | Update norms — honest: ['0.05', '0.06', '0.06', '0.06', '0.06'], attacker: []
2026-05-02 04:53:57 | INFO    | dpfl.core.base_simulator | Round 275/300 | Acc: 0.8347 | Loss: 0.4626 | eps: 7.84 | P: 1.00 R: 0.00 F1: 0.00
2026-05-02 04:53:57 | DEBUG   | dpfl.core.base_simulator | Update norms — honest: ['0.05', '0.06', '0.06', '0.06', '0.06'], attacker: []
2026-05-02 04:53:58 | INFO    | dpfl.core.base_simulator | Round 276/300 | Acc: 0.8347 | Loss: 0.4623 | eps: 7.85 | P: 1.00 R: 0.00 F1: 0.00
2026-05-02 04:53:58 | DEBUG   | dpfl.core.base_simulator | Update norms — honest: ['0.07', '0.06', '0.06', '0.06', '0.06'], attacker: []
2026-05-02 04:53:59 | INFO    | dpfl.core.base_simulator | Round 277/300 | Acc: 0.8359 | Loss: 0.4619 | eps: 7.86 | P: 1.00 R: 0.00 F1: 0.00
2026-05-02 04:53:59 | DEBUG   | dpfl.core.base_simulator | Update norms — honest: ['0.06', '0.06', '0.06', '0.06', '0.06'], attacker: []
2026-05-02 04:54:00 | INFO    | dpfl.core.base_simulator | Round 278/300 | Acc: 0.8347 | Loss: 0.4616 | eps: 7.87 | P: 1.00 R: 0.00 F1: 0.00
2026-05-02 04:54:00 | DEBUG   | dpfl.core.base_simulator | Update norms — honest: ['0.06', '0.06', '0.06', '0.06', '0.06'], attacker: []
2026-05-02 04:54:01 | INFO    | dpfl.core.base_simulator | Round 279/300 | Acc: 0.8339 | Loss: 0.4616 | eps: 7.88 | P: 1.00 R: 0.00 F1: 0.00
2026-05-02 04:54:01 | DEBUG   | dpfl.core.base_simulator | Update norms — honest: ['0.05', '0.06', '0.06', '0.06', '0.06'], attacker: []
2026-05-02 04:54:02 | INFO    | dpfl.core.base_simulator | Round 280/300 | Acc: 0.8345 | Loss: 0.4611 | eps: 7.89 | P: 1.00 R: 0.00 F1: 0.00
2026-05-02 04:54:02 | DEBUG   | dpfl.core.base_simulator | Update norms — honest: ['0.06', '0.06', '0.06', '0.06', '0.06'], attacker: []
2026-05-02 04:54:03 | INFO    | dpfl.core.base_simulator | Round 281/300 | Acc: 0.8356 | Loss: 0.4607 | eps: 7.90 | P: 1.00 R: 0.00 F1: 0.00
2026-05-02 04:54:03 | DEBUG   | dpfl.core.base_simulator | Update norms — honest: ['0.06', '0.06', '0.06', '0.06', '0.06'], attacker: []
2026-05-02 04:54:04 | INFO    | dpfl.core.base_simulator | Round 282/300 | Acc: 0.8356 | Loss: 0.4603 | eps: 7.91 | P: 1.00 R: 0.00 F1: 0.00
2026-05-02 04:54:04 | DEBUG   | dpfl.core.base_simulator | Update norms — honest: ['0.05', '0.06', '0.06', '0.06', '0.06'], attacker: []
2026-05-02 04:54:05 | INFO    | dpfl.core.base_simulator | Round 283/300 | Acc: 0.8359 | Loss: 0.4602 | eps: 7.92 | P: 1.00 R: 0.00 F1: 0.00
2026-05-02 04:54:05 | DEBUG   | dpfl.core.base_simulator | Update norms — honest: ['0.06', '0.06', '0.06', '0.06', '0.06'], attacker: []
2026-05-02 04:54:05 | INFO    | dpfl.core.base_simulator | Round 284/300 | Acc: 0.8362 | Loss: 0.4598 | eps: 7.94 | P: 1.00 R: 0.00 F1: 0.00
2026-05-02 04:54:05 | DEBUG   | dpfl.core.base_simulator | Update norms — honest: ['0.06', '0.06', '0.06', '0.06', '0.05'], attacker: []
2026-05-02 04:54:06 | INFO    | dpfl.core.base_simulator | Round 285/300 | Acc: 0.8365 | Loss: 0.4595 | eps: 7.95 | P: 1.00 R: 0.00 F1: 0.00
2026-05-02 04:54:06 | DEBUG   | dpfl.core.base_simulator | Update norms — honest: ['0.05', '0.06', '0.06', '0.06', '0.06'], attacker: []
2026-05-02 04:54:07 | INFO    | dpfl.core.base_simulator | Round 286/300 | Acc: 0.8360 | Loss: 0.4595 | eps: 7.96 | P: 1.00 R: 0.00 F1: 0.00
2026-05-02 04:54:07 | DEBUG   | dpfl.core.base_simulator | Update norms — honest: ['0.05', '0.06', '0.06', '0.06', '0.06'], attacker: []
2026-05-02 04:54:08 | INFO    | dpfl.core.base_simulator | Round 287/300 | Acc: 0.8367 | Loss: 0.4591 | eps: 7.97 | P: 1.00 R: 0.00 F1: 0.00
2026-05-02 04:54:08 | DEBUG   | dpfl.core.base_simulator | Update norms — honest: ['0.06', '0.06', '0.06', '0.06', '0.06'], attacker: []
2026-05-02 04:54:09 | INFO    | dpfl.core.base_simulator | Round 288/300 | Acc: 0.8368 | Loss: 0.4590 | eps: 7.98 | P: 1.00 R: 0.00 F1: 0.00
2026-05-02 04:54:09 | DEBUG   | dpfl.core.base_simulator | Update norms — honest: ['0.06', '0.06', '0.06', '0.06', '0.06'], attacker: []
2026-05-02 04:54:10 | INFO    | dpfl.core.base_simulator | Round 289/300 | Acc: 0.8360 | Loss: 0.4587 | eps: 7.99 | P: 1.00 R: 0.00 F1: 0.00
2026-05-02 04:54:10 | DEBUG   | dpfl.core.base_simulator | Update norms — honest: ['0.06', '0.06', '0.06', '0.06', '0.06'], attacker: []
2026-05-02 04:54:11 | INFO    | dpfl.core.base_simulator | Round 290/300 | Acc: 0.8364 | Loss: 0.4585 | eps: 8.00 | P: 1.00 R: 0.00 F1: 0.00
2026-05-02 04:54:11 | DEBUG   | dpfl.core.base_simulator | Update norms — honest: ['0.06', '0.06', '0.06', '0.06', '0.07'], attacker: []
2026-05-02 04:54:11 | WARNING | dpfl.algorithms.cfl_fedavg.simulator | Round 290/300 | Budget exceeded (eps=8.00 > 8.00)
2026-05-02 04:54:14 | INFO    | dpfl | Experiment complete in 525.4s
============================================================
REPORT: DP-SGD Decentralized Federated Learning
============================================================
Timestamp:                  20260502_044526
Rounds completed:           290
Attack-active rounds:       0  (from round 99999)
Final accuracy:             0.8364
Final test loss:            0.4585
Final epsilon:              8.00
Best alpha:                 3.0
Avg precision:              0.0000
Avg recall:                 0.0000
Avg F1 score:               0.0000
Avg update norm (honest):   0.1153
Avg update norm (attacker): 0.0000
============================================================
