2026-05-02 05:45:27 | INFO    | dpfl | Experiment start: algorithm=dp_fedavg, dataset=mnist, model=mlp, device=cuda
2026-05-02 05:45:27 | INFO    | dpfl | Config: nodes=500, attackers=0, rounds=300, noise_mode=post_training, attack=scale
2026-05-02 05:45:27 | INFO    | dpfl.data.mnist_dataset | Loading MNIST dataset...
2026-05-02 05:45:27 | INFO    | dpfl.data.mnist_dataset | MNIST loaded: 60000 train, 10000 test samples
2026-05-02 05:48:49 | INFO    | dpfl.core.base_simulator | Vectorized state ready: param_spec.D=50890, X_test=(10000, 1, 28, 28), train clients N=500, max_n_samples=7000
2026-05-02 05:48:49 | INFO    | dpfl.core.base_simulator | Setup complete: 500 nodes (0 attackers), param_dim=50890, split=iid
2026-05-02 05:48:49 | DEBUG   | dpfl.core.base_simulator | Attacker IDs: set()
2026-05-02 05:48:49 | INFO    | dpfl.algorithms.fedavg.simulator | FedAvg data_sizes set: min=7000, max=7000, total=3500000
2026-05-02 05:48:50 | INFO    | dpfl.core.base_simulator | Round   1/300 | Acc: 0.1430 | Loss: 2.2835 | eps: 4.66 | P: 1.00 R: 0.00 F1: 0.00
2026-05-02 05:48:50 | DEBUG   | dpfl.core.base_simulator | Update norms — honest: ['3.16', '3.18', '3.17', '3.18', '3.17'], attacker: []
2026-05-02 05:48:52 | INFO    | dpfl.core.base_simulator | Round   2/300 | Acc: 0.1517 | Loss: 2.2739 | eps: 5.29 | P: 1.00 R: 0.00 F1: 0.00
2026-05-02 05:48:52 | DEBUG   | dpfl.core.base_simulator | Update norms — honest: ['3.16', '3.17', '3.17', '3.16', '3.18'], attacker: []
2026-05-02 05:48:53 | INFO    | dpfl.core.base_simulator | Round   3/300 | Acc: 0.1615 | Loss: 2.2641 | eps: 5.53 | P: 1.00 R: 0.00 F1: 0.00
2026-05-02 05:48:53 | DEBUG   | dpfl.core.base_simulator | Update norms — honest: ['3.17', '3.17', '3.17', '3.19', '3.18'], attacker: []
2026-05-02 05:48:54 | INFO    | dpfl.core.base_simulator | Round   4/300 | Acc: 0.1686 | Loss: 2.2546 | eps: 5.78 | P: 1.00 R: 0.00 F1: 0.00
2026-05-02 05:48:54 | DEBUG   | dpfl.core.base_simulator | Update norms — honest: ['3.16', '3.17', '3.17', '3.19', '3.17'], attacker: []
2026-05-02 05:48:56 | INFO    | dpfl.core.base_simulator | Round   5/300 | Acc: 0.1760 | Loss: 2.2463 | eps: 6.02 | P: 1.00 R: 0.00 F1: 0.00
2026-05-02 05:48:56 | DEBUG   | dpfl.core.base_simulator | Update norms — honest: ['3.17', '3.16', '3.17', '3.16', '3.17'], attacker: []
2026-05-02 05:48:57 | INFO    | dpfl.core.base_simulator | Round   6/300 | Acc: 0.1847 | Loss: 2.2351 | eps: 6.26 | P: 1.00 R: 0.00 F1: 0.00
2026-05-02 05:48:57 | DEBUG   | dpfl.core.base_simulator | Update norms — honest: ['3.16', '3.17', '3.16', '3.17', '3.17'], attacker: []
2026-05-02 05:48:58 | INFO    | dpfl.core.base_simulator | Round   7/300 | Acc: 0.1927 | Loss: 2.2232 | eps: 6.51 | P: 1.00 R: 0.00 F1: 0.00
2026-05-02 05:48:58 | DEBUG   | dpfl.core.base_simulator | Update norms — honest: ['3.17', '3.16', '3.17', '3.17', '3.16'], attacker: []
2026-05-02 05:49:00 | INFO    | dpfl.core.base_simulator | Round   8/300 | Acc: 0.2002 | Loss: 2.2123 | eps: 6.75 | P: 1.00 R: 0.00 F1: 0.00
2026-05-02 05:49:00 | DEBUG   | dpfl.core.base_simulator | Update norms — honest: ['3.16', '3.15', '3.18', '3.16', '3.17'], attacker: []
2026-05-02 05:49:01 | INFO    | dpfl.core.base_simulator | Round   9/300 | Acc: 0.2071 | Loss: 2.2019 | eps: 6.99 | P: 1.00 R: 0.00 F1: 0.00
2026-05-02 05:49:01 | DEBUG   | dpfl.core.base_simulator | Update norms — honest: ['3.14', '3.16', '3.18', '3.16', '3.17'], attacker: []
2026-05-02 05:49:02 | INFO    | dpfl.core.base_simulator | Round  10/300 | Acc: 0.2133 | Loss: 2.1925 | eps: 7.24 | P: 1.00 R: 0.00 F1: 0.00
2026-05-02 05:49:02 | DEBUG   | dpfl.core.base_simulator | Update norms — honest: ['3.17', '3.18', '3.17', '3.16', '3.17'], attacker: []
2026-05-02 05:49:04 | INFO    | dpfl.core.base_simulator | Round  11/300 | Acc: 0.2192 | Loss: 2.1827 | eps: 7.46 | P: 1.00 R: 0.00 F1: 0.00
2026-05-02 05:49:04 | DEBUG   | dpfl.core.base_simulator | Update norms — honest: ['3.15', '3.17', '3.16', '3.16', '3.17'], attacker: []
2026-05-02 05:49:05 | INFO    | dpfl.core.base_simulator | Round  12/300 | Acc: 0.2260 | Loss: 2.1727 | eps: 7.54 | P: 1.00 R: 0.00 F1: 0.00
2026-05-02 05:49:05 | DEBUG   | dpfl.core.base_simulator | Update norms — honest: ['3.18', '3.17', '3.18', '3.17', '3.16'], attacker: []
2026-05-02 05:49:07 | INFO    | dpfl.core.base_simulator | Round  13/300 | Acc: 0.2325 | Loss: 2.1598 | eps: 7.62 | P: 1.00 R: 0.00 F1: 0.00
2026-05-02 05:49:07 | DEBUG   | dpfl.core.base_simulator | Update norms — honest: ['3.17', '3.17', '3.16', '3.16', '3.16'], attacker: []
2026-05-02 05:49:08 | INFO    | dpfl.core.base_simulator | Round  14/300 | Acc: 0.2387 | Loss: 2.1479 | eps: 7.71 | P: 1.00 R: 0.00 F1: 0.00
2026-05-02 05:49:08 | DEBUG   | dpfl.core.base_simulator | Update norms — honest: ['3.17', '3.18', '3.17', '3.16', '3.16'], attacker: []
2026-05-02 05:49:09 | INFO    | dpfl.core.base_simulator | Round  15/300 | Acc: 0.2443 | Loss: 2.1383 | eps: 7.79 | P: 1.00 R: 0.00 F1: 0.00
2026-05-02 05:49:09 | DEBUG   | dpfl.core.base_simulator | Update norms — honest: ['3.16', '3.15', '3.15', '3.16', '3.16'], attacker: []
2026-05-02 05:49:11 | INFO    | dpfl.core.base_simulator | Round  16/300 | Acc: 0.2502 | Loss: 2.1267 | eps: 7.87 | P: 1.00 R: 0.00 F1: 0.00
2026-05-02 05:49:11 | DEBUG   | dpfl.core.base_simulator | Update norms — honest: ['3.18', '3.14', '3.16', '3.17', '3.19'], attacker: []
2026-05-02 05:49:12 | INFO    | dpfl.core.base_simulator | Round  17/300 | Acc: 0.2570 | Loss: 2.1138 | eps: 7.95 | P: 1.00 R: 0.00 F1: 0.00
2026-05-02 05:49:12 | DEBUG   | dpfl.core.base_simulator | Update norms — honest: ['3.17', '3.16', '3.14', '3.17', '3.17'], attacker: []
2026-05-02 05:49:14 | INFO    | dpfl.core.base_simulator | Round  18/300 | Acc: 0.2620 | Loss: 2.1036 | eps: 8.03 | P: 1.00 R: 0.00 F1: 0.00
2026-05-02 05:49:14 | DEBUG   | dpfl.core.base_simulator | Update norms — honest: ['3.17', '3.14', '3.15', '3.18', '3.16'], attacker: []
2026-05-02 05:49:15 | INFO    | dpfl.core.base_simulator | Round  19/300 | Acc: 0.2680 | Loss: 2.0945 | eps: 8.12 | P: 1.00 R: 0.00 F1: 0.00
2026-05-02 05:49:15 | DEBUG   | dpfl.core.base_simulator | Update norms — honest: ['3.16', '3.16', '3.17', '3.17', '3.17'], attacker: []
2026-05-02 05:49:16 | INFO    | dpfl.core.base_simulator | Round  20/300 | Acc: 0.2735 | Loss: 2.0838 | eps: 8.20 | P: 1.00 R: 0.00 F1: 0.00
2026-05-02 05:49:16 | DEBUG   | dpfl.core.base_simulator | Update norms — honest: ['3.17', '3.16', '3.16', '3.18', '3.17'], attacker: []
2026-05-02 05:49:18 | INFO    | dpfl.core.base_simulator | Round  21/300 | Acc: 0.2787 | Loss: 2.0760 | eps: 8.28 | P: 1.00 R: 0.00 F1: 0.00
2026-05-02 05:49:18 | DEBUG   | dpfl.core.base_simulator | Update norms — honest: ['3.17', '3.17', '3.18', '3.17', '3.17'], attacker: []
2026-05-02 05:49:19 | INFO    | dpfl.core.base_simulator | Round  22/300 | Acc: 0.2841 | Loss: 2.0655 | eps: 8.36 | P: 1.00 R: 0.00 F1: 0.00
2026-05-02 05:49:19 | DEBUG   | dpfl.core.base_simulator | Update norms — honest: ['3.16', '3.17', '3.15', '3.17', '3.17'], attacker: []
2026-05-02 05:49:20 | INFO    | dpfl.core.base_simulator | Round  23/300 | Acc: 0.2902 | Loss: 2.0526 | eps: 8.45 | P: 1.00 R: 0.00 F1: 0.00
2026-05-02 05:49:20 | DEBUG   | dpfl.core.base_simulator | Update norms — honest: ['3.16', '3.18', '3.17', '3.17', '3.17'], attacker: []
2026-05-02 05:49:21 | INFO    | dpfl.core.base_simulator | Round  24/300 | Acc: 0.2947 | Loss: 2.0429 | eps: 8.53 | P: 1.00 R: 0.00 F1: 0.00
2026-05-02 05:49:21 | DEBUG   | dpfl.core.base_simulator | Update norms — honest: ['3.16', '3.16', '3.16', '3.18', '3.17'], attacker: []
2026-05-02 05:49:23 | INFO    | dpfl.core.base_simulator | Round  25/300 | Acc: 0.3012 | Loss: 2.0295 | eps: 8.61 | P: 1.00 R: 0.00 F1: 0.00
2026-05-02 05:49:23 | DEBUG   | dpfl.core.base_simulator | Update norms — honest: ['3.18', '3.16', '3.16', '3.17', '3.17'], attacker: []
2026-05-02 05:49:24 | INFO    | dpfl.core.base_simulator | Round  26/300 | Acc: 0.3058 | Loss: 2.0187 | eps: 8.69 | P: 1.00 R: 0.00 F1: 0.00
2026-05-02 05:49:24 | DEBUG   | dpfl.core.base_simulator | Update norms — honest: ['3.15', '3.17', '3.17', '3.16', '3.18'], attacker: []
2026-05-02 05:49:25 | INFO    | dpfl.core.base_simulator | Round  27/300 | Acc: 0.3102 | Loss: 2.0108 | eps: 8.78 | P: 1.00 R: 0.00 F1: 0.00
2026-05-02 05:49:25 | DEBUG   | dpfl.core.base_simulator | Update norms — honest: ['3.17', '3.18', '3.18', '3.16', '3.18'], attacker: []
2026-05-02 05:49:27 | INFO    | dpfl.core.base_simulator | Round  28/300 | Acc: 0.3165 | Loss: 1.9977 | eps: 8.86 | P: 1.00 R: 0.00 F1: 0.00
2026-05-02 05:49:27 | DEBUG   | dpfl.core.base_simulator | Update norms — honest: ['3.18', '3.18', '3.16', '3.19', '3.16'], attacker: []
2026-05-02 05:49:28 | INFO    | dpfl.core.base_simulator | Round  29/300 | Acc: 0.3218 | Loss: 1.9862 | eps: 8.94 | P: 1.00 R: 0.00 F1: 0.00
2026-05-02 05:49:28 | DEBUG   | dpfl.core.base_simulator | Update norms — honest: ['3.18', '3.16', '3.17', '3.17', '3.16'], attacker: []
2026-05-02 05:49:29 | INFO    | dpfl.core.base_simulator | Round  30/300 | Acc: 0.3272 | Loss: 1.9753 | eps: 9.02 | P: 1.00 R: 0.00 F1: 0.00
2026-05-02 05:49:29 | DEBUG   | dpfl.core.base_simulator | Update norms — honest: ['3.19', '3.17', '3.16', '3.16', '3.17'], attacker: []
2026-05-02 05:49:31 | INFO    | dpfl.core.base_simulator | Round  31/300 | Acc: 0.3316 | Loss: 1.9640 | eps: 9.10 | P: 1.00 R: 0.00 F1: 0.00
2026-05-02 05:49:31 | DEBUG   | dpfl.core.base_simulator | Update norms — honest: ['3.18', '3.17', '3.18', '3.18', '3.16'], attacker: []
2026-05-02 05:49:32 | INFO    | dpfl.core.base_simulator | Round  32/300 | Acc: 0.3351 | Loss: 1.9556 | eps: 9.19 | P: 1.00 R: 0.00 F1: 0.00
2026-05-02 05:49:32 | DEBUG   | dpfl.core.base_simulator | Update norms — honest: ['3.17', '3.18', '3.15', '3.16', '3.15'], attacker: []
2026-05-02 05:49:34 | INFO    | dpfl.core.base_simulator | Round  33/300 | Acc: 0.3405 | Loss: 1.9452 | eps: 9.27 | P: 1.00 R: 0.00 F1: 0.00
2026-05-02 05:49:34 | DEBUG   | dpfl.core.base_simulator | Update norms — honest: ['3.17', '3.16', '3.17', '3.17', '3.19'], attacker: []
2026-05-02 05:49:35 | INFO    | dpfl.core.base_simulator | Round  34/300 | Acc: 0.3461 | Loss: 1.9332 | eps: 9.35 | P: 1.00 R: 0.00 F1: 0.00
2026-05-02 05:49:35 | DEBUG   | dpfl.core.base_simulator | Update norms — honest: ['3.17', '3.17', '3.17', '3.17', '3.17'], attacker: []
2026-05-02 05:49:37 | INFO    | dpfl.core.base_simulator | Round  35/300 | Acc: 0.3521 | Loss: 1.9211 | eps: 9.43 | P: 1.00 R: 0.00 F1: 0.00
2026-05-02 05:49:37 | DEBUG   | dpfl.core.base_simulator | Update norms — honest: ['3.18', '3.16', '3.17', '3.16', '3.16'], attacker: []
2026-05-02 05:49:38 | INFO    | dpfl.core.base_simulator | Round  36/300 | Acc: 0.3564 | Loss: 1.9134 | eps: 9.52 | P: 1.00 R: 0.00 F1: 0.00
2026-05-02 05:49:38 | DEBUG   | dpfl.core.base_simulator | Update norms — honest: ['3.16', '3.17', '3.16', '3.17', '3.14'], attacker: []
2026-05-02 05:49:39 | INFO    | dpfl.core.base_simulator | Round  37/300 | Acc: 0.3613 | Loss: 1.9015 | eps: 9.60 | P: 1.00 R: 0.00 F1: 0.00
2026-05-02 05:49:39 | DEBUG   | dpfl.core.base_simulator | Update norms — honest: ['3.17', '3.17', '3.16', '3.15', '3.15'], attacker: []
2026-05-02 05:49:40 | INFO    | dpfl.core.base_simulator | Round  38/300 | Acc: 0.3654 | Loss: 1.8935 | eps: 9.68 | P: 1.00 R: 0.00 F1: 0.00
2026-05-02 05:49:40 | DEBUG   | dpfl.core.base_simulator | Update norms — honest: ['3.17', '3.15', '3.15', '3.16', '3.17'], attacker: []
2026-05-02 05:49:41 | INFO    | dpfl.core.base_simulator | Round  39/300 | Acc: 0.3707 | Loss: 1.8811 | eps: 9.76 | P: 1.00 R: 0.00 F1: 0.00
2026-05-02 05:49:41 | DEBUG   | dpfl.core.base_simulator | Update norms — honest: ['3.16', '3.15', '3.14', '3.19', '3.16'], attacker: []
2026-05-02 05:49:43 | INFO    | dpfl.core.base_simulator | Round  40/300 | Acc: 0.3758 | Loss: 1.8701 | eps: 9.85 | P: 1.00 R: 0.00 F1: 0.00
2026-05-02 05:49:43 | DEBUG   | dpfl.core.base_simulator | Update norms — honest: ['3.17', '3.18', '3.17', '3.17', '3.17'], attacker: []
2026-05-02 05:49:44 | INFO    | dpfl.core.base_simulator | Round  41/300 | Acc: 0.3807 | Loss: 1.8601 | eps: 9.93 | P: 1.00 R: 0.00 F1: 0.00
2026-05-02 05:49:44 | DEBUG   | dpfl.core.base_simulator | Update norms — honest: ['3.15', '3.15', '3.17', '3.17', '3.16'], attacker: []
2026-05-02 05:49:46 | INFO    | dpfl.core.base_simulator | Round  42/300 | Acc: 0.3851 | Loss: 1.8501 | eps: 10.01 | P: 1.00 R: 0.00 F1: 0.00
2026-05-02 05:49:46 | DEBUG   | dpfl.core.base_simulator | Update norms — honest: ['3.17', '3.16', '3.16', '3.18', '3.18'], attacker: []
2026-05-02 05:49:47 | INFO    | dpfl.core.base_simulator | Round  43/300 | Acc: 0.3905 | Loss: 1.8386 | eps: 10.09 | P: 1.00 R: 0.00 F1: 0.00
2026-05-02 05:49:47 | DEBUG   | dpfl.core.base_simulator | Update norms — honest: ['3.17', '3.16', '3.16', '3.17', '3.17'], attacker: []
2026-05-02 05:49:48 | INFO    | dpfl.core.base_simulator | Round  44/300 | Acc: 0.3948 | Loss: 1.8295 | eps: 10.17 | P: 1.00 R: 0.00 F1: 0.00
2026-05-02 05:49:48 | DEBUG   | dpfl.core.base_simulator | Update norms — honest: ['3.19', '3.16', '3.16', '3.14', '3.15'], attacker: []
2026-05-02 05:49:50 | INFO    | dpfl.core.base_simulator | Round  45/300 | Acc: 0.3985 | Loss: 1.8242 | eps: 10.26 | P: 1.00 R: 0.00 F1: 0.00
2026-05-02 05:49:50 | DEBUG   | dpfl.core.base_simulator | Update norms — honest: ['3.15', '3.16', '3.15', '3.17', '3.16'], attacker: []
2026-05-02 05:49:51 | INFO    | dpfl.core.base_simulator | Round  46/300 | Acc: 0.4019 | Loss: 1.8163 | eps: 10.34 | P: 1.00 R: 0.00 F1: 0.00
2026-05-02 05:49:51 | DEBUG   | dpfl.core.base_simulator | Update norms — honest: ['3.17', '3.16', '3.17', '3.17', '3.16'], attacker: []
2026-05-02 05:49:53 | INFO    | dpfl.core.base_simulator | Round  47/300 | Acc: 0.4056 | Loss: 1.8079 | eps: 10.42 | P: 1.00 R: 0.00 F1: 0.00
2026-05-02 05:49:53 | DEBUG   | dpfl.core.base_simulator | Update norms — honest: ['3.17', '3.17', '3.18', '3.16', '3.15'], attacker: []
2026-05-02 05:49:54 | INFO    | dpfl.core.base_simulator | Round  48/300 | Acc: 0.4108 | Loss: 1.7934 | eps: 10.50 | P: 1.00 R: 0.00 F1: 0.00
2026-05-02 05:49:54 | DEBUG   | dpfl.core.base_simulator | Update norms — honest: ['3.16', '3.15', '3.16', '3.17', '3.19'], attacker: []
2026-05-02 05:49:55 | INFO    | dpfl.core.base_simulator | Round  49/300 | Acc: 0.4149 | Loss: 1.7848 | eps: 10.59 | P: 1.00 R: 0.00 F1: 0.00
2026-05-02 05:49:55 | DEBUG   | dpfl.core.base_simulator | Update norms — honest: ['3.17', '3.15', '3.18', '3.16', '3.15'], attacker: []
2026-05-02 05:49:56 | INFO    | dpfl.core.base_simulator | Round  50/300 | Acc: 0.4190 | Loss: 1.7763 | eps: 10.67 | P: 1.00 R: 0.00 F1: 0.00
2026-05-02 05:49:56 | DEBUG   | dpfl.core.base_simulator | Update norms — honest: ['3.14', '3.18', '3.17', '3.16', '3.16'], attacker: []
2026-05-02 05:49:58 | INFO    | dpfl.core.base_simulator | Round  51/300 | Acc: 0.4219 | Loss: 1.7688 | eps: 10.75 | P: 1.00 R: 0.00 F1: 0.00
2026-05-02 05:49:58 | DEBUG   | dpfl.core.base_simulator | Update norms — honest: ['3.17', '3.17', '3.17', '3.15', '3.16'], attacker: []
2026-05-02 05:49:59 | INFO    | dpfl.core.base_simulator | Round  52/300 | Acc: 0.4261 | Loss: 1.7606 | eps: 10.83 | P: 1.00 R: 0.00 F1: 0.00
2026-05-02 05:49:59 | DEBUG   | dpfl.core.base_simulator | Update norms — honest: ['3.16', '3.14', '3.16', '3.16', '3.15'], attacker: []
2026-05-02 05:50:00 | INFO    | dpfl.core.base_simulator | Round  53/300 | Acc: 0.4298 | Loss: 1.7537 | eps: 10.92 | P: 1.00 R: 0.00 F1: 0.00
2026-05-02 05:50:00 | DEBUG   | dpfl.core.base_simulator | Update norms — honest: ['3.17', '3.17', '3.19', '3.16', '3.17'], attacker: []
2026-05-02 05:50:02 | INFO    | dpfl.core.base_simulator | Round  54/300 | Acc: 0.4336 | Loss: 1.7459 | eps: 11.00 | P: 1.00 R: 0.00 F1: 0.00
2026-05-02 05:50:02 | DEBUG   | dpfl.core.base_simulator | Update norms — honest: ['3.15', '3.17', '3.16', '3.17', '3.16'], attacker: []
2026-05-02 05:50:03 | INFO    | dpfl.core.base_simulator | Round  55/300 | Acc: 0.4363 | Loss: 1.7407 | eps: 11.08 | P: 1.00 R: 0.00 F1: 0.00
2026-05-02 05:50:03 | DEBUG   | dpfl.core.base_simulator | Update norms — honest: ['3.15', '3.16', '3.15', '3.15', '3.16'], attacker: []
2026-05-02 05:50:04 | INFO    | dpfl.core.base_simulator | Round  56/300 | Acc: 0.4413 | Loss: 1.7303 | eps: 11.16 | P: 1.00 R: 0.00 F1: 0.00
2026-05-02 05:50:04 | DEBUG   | dpfl.core.base_simulator | Update norms — honest: ['3.17', '3.16', '3.15', '3.18', '3.18'], attacker: []
2026-05-02 05:50:06 | INFO    | dpfl.core.base_simulator | Round  57/300 | Acc: 0.4445 | Loss: 1.7244 | eps: 11.24 | P: 1.00 R: 0.00 F1: 0.00
2026-05-02 05:50:06 | DEBUG   | dpfl.core.base_simulator | Update norms — honest: ['3.18', '3.16', '3.16', '3.18', '3.16'], attacker: []
2026-05-02 05:50:07 | INFO    | dpfl.core.base_simulator | Round  58/300 | Acc: 0.4490 | Loss: 1.7135 | eps: 11.33 | P: 1.00 R: 0.00 F1: 0.00
2026-05-02 05:50:07 | DEBUG   | dpfl.core.base_simulator | Update norms — honest: ['3.16', '3.17', '3.16', '3.17', '3.19'], attacker: []
2026-05-02 05:50:08 | INFO    | dpfl.core.base_simulator | Round  59/300 | Acc: 0.4529 | Loss: 1.7039 | eps: 11.41 | P: 1.00 R: 0.00 F1: 0.00
2026-05-02 05:50:08 | DEBUG   | dpfl.core.base_simulator | Update norms — honest: ['3.18', '3.16', '3.17', '3.17', '3.17'], attacker: []
2026-05-02 05:50:10 | INFO    | dpfl.core.base_simulator | Round  60/300 | Acc: 0.4560 | Loss: 1.6990 | eps: 11.49 | P: 1.00 R: 0.00 F1: 0.00
2026-05-02 05:50:10 | DEBUG   | dpfl.core.base_simulator | Update norms — honest: ['3.16', '3.15', '3.15', '3.17', '3.16'], attacker: []
2026-05-02 05:50:11 | INFO    | dpfl.core.base_simulator | Round  61/300 | Acc: 0.4597 | Loss: 1.6912 | eps: 11.57 | P: 1.00 R: 0.00 F1: 0.00
2026-05-02 05:50:11 | DEBUG   | dpfl.core.base_simulator | Update norms — honest: ['3.18', '3.17', '3.17', '3.16', '3.17'], attacker: []
2026-05-02 05:50:13 | INFO    | dpfl.core.base_simulator | Round  62/300 | Acc: 0.4631 | Loss: 1.6814 | eps: 11.66 | P: 1.00 R: 0.00 F1: 0.00
2026-05-02 05:50:13 | DEBUG   | dpfl.core.base_simulator | Update norms — honest: ['3.19', '3.17', '3.16', '3.16', '3.17'], attacker: []
2026-05-02 05:50:14 | INFO    | dpfl.core.base_simulator | Round  63/300 | Acc: 0.4658 | Loss: 1.6760 | eps: 11.74 | P: 1.00 R: 0.00 F1: 0.00
2026-05-02 05:50:14 | DEBUG   | dpfl.core.base_simulator | Update norms — honest: ['3.16', '3.17', '3.16', '3.17', '3.16'], attacker: []
2026-05-02 05:50:15 | INFO    | dpfl.core.base_simulator | Round  64/300 | Acc: 0.4692 | Loss: 1.6698 | eps: 11.82 | P: 1.00 R: 0.00 F1: 0.00
2026-05-02 05:50:15 | DEBUG   | dpfl.core.base_simulator | Update norms — honest: ['3.18', '3.18', '3.19', '3.17', '3.17'], attacker: []
2026-05-02 05:50:17 | INFO    | dpfl.core.base_simulator | Round  65/300 | Acc: 0.4714 | Loss: 1.6671 | eps: 11.90 | P: 1.00 R: 0.00 F1: 0.00
2026-05-02 05:50:17 | DEBUG   | dpfl.core.base_simulator | Update norms — honest: ['3.17', '3.16', '3.16', '3.16', '3.16'], attacker: []
2026-05-02 05:50:18 | INFO    | dpfl.core.base_simulator | Round  66/300 | Acc: 0.4742 | Loss: 1.6599 | eps: 11.99 | P: 1.00 R: 0.00 F1: 0.00
2026-05-02 05:50:18 | DEBUG   | dpfl.core.base_simulator | Update norms — honest: ['3.16', '3.17', '3.17', '3.16', '3.16'], attacker: []
2026-05-02 05:50:19 | INFO    | dpfl.core.base_simulator | Round  67/300 | Acc: 0.4769 | Loss: 1.6550 | eps: 12.07 | P: 1.00 R: 0.00 F1: 0.00
2026-05-02 05:50:19 | DEBUG   | dpfl.core.base_simulator | Update norms — honest: ['3.18', '3.18', '3.18', '3.14', '3.17'], attacker: []
2026-05-02 05:50:21 | INFO    | dpfl.core.base_simulator | Round  68/300 | Acc: 0.4801 | Loss: 1.6485 | eps: 12.15 | P: 1.00 R: 0.00 F1: 0.00
2026-05-02 05:50:21 | DEBUG   | dpfl.core.base_simulator | Update norms — honest: ['3.17', '3.16', '3.16', '3.17', '3.16'], attacker: []
2026-05-02 05:50:22 | INFO    | dpfl.core.base_simulator | Round  69/300 | Acc: 0.4834 | Loss: 1.6430 | eps: 12.23 | P: 1.00 R: 0.00 F1: 0.00
2026-05-02 05:50:22 | DEBUG   | dpfl.core.base_simulator | Update norms — honest: ['3.18', '3.18', '3.16', '3.17', '3.17'], attacker: []
2026-05-02 05:50:23 | INFO    | dpfl.core.base_simulator | Round  70/300 | Acc: 0.4865 | Loss: 1.6375 | eps: 12.31 | P: 1.00 R: 0.00 F1: 0.00
2026-05-02 05:50:23 | DEBUG   | dpfl.core.base_simulator | Update norms — honest: ['3.17', '3.18', '3.17', '3.16', '3.16'], attacker: []
2026-05-02 05:50:25 | INFO    | dpfl.core.base_simulator | Round  71/300 | Acc: 0.4900 | Loss: 1.6319 | eps: 12.40 | P: 1.00 R: 0.00 F1: 0.00
2026-05-02 05:50:25 | DEBUG   | dpfl.core.base_simulator | Update norms — honest: ['3.17', '3.20', '3.17', '3.17', '3.16'], attacker: []
2026-05-02 05:50:26 | INFO    | dpfl.core.base_simulator | Round  72/300 | Acc: 0.4931 | Loss: 1.6271 | eps: 12.48 | P: 1.00 R: 0.00 F1: 0.00
2026-05-02 05:50:26 | DEBUG   | dpfl.core.base_simulator | Update norms — honest: ['3.18', '3.16', '3.17', '3.16', '3.17'], attacker: []
2026-05-02 05:50:27 | INFO    | dpfl.core.base_simulator | Round  73/300 | Acc: 0.4944 | Loss: 1.6268 | eps: 12.56 | P: 1.00 R: 0.00 F1: 0.00
2026-05-02 05:50:27 | DEBUG   | dpfl.core.base_simulator | Update norms — honest: ['3.17', '3.16', '3.16', '3.19', '3.17'], attacker: []
2026-05-02 05:50:28 | INFO    | dpfl.core.base_simulator | Round  74/300 | Acc: 0.4971 | Loss: 1.6224 | eps: 12.64 | P: 1.00 R: 0.00 F1: 0.00
2026-05-02 05:50:28 | DEBUG   | dpfl.core.base_simulator | Update norms — honest: ['3.18', '3.17', '3.17', '3.14', '3.17'], attacker: []
2026-05-02 05:50:30 | INFO    | dpfl.core.base_simulator | Round  75/300 | Acc: 0.4997 | Loss: 1.6167 | eps: 12.73 | P: 1.00 R: 0.00 F1: 0.00
2026-05-02 05:50:30 | DEBUG   | dpfl.core.base_simulator | Update norms — honest: ['3.16', '3.17', '3.18', '3.17', '3.16'], attacker: []
2026-05-02 05:50:31 | INFO    | dpfl.core.base_simulator | Round  76/300 | Acc: 0.5015 | Loss: 1.6163 | eps: 12.81 | P: 1.00 R: 0.00 F1: 0.00
2026-05-02 05:50:31 | DEBUG   | dpfl.core.base_simulator | Update norms — honest: ['3.16', '3.16', '3.16', '3.17', '3.16'], attacker: []
2026-05-02 05:50:33 | INFO    | dpfl.core.base_simulator | Round  77/300 | Acc: 0.5040 | Loss: 1.6093 | eps: 12.89 | P: 1.00 R: 0.00 F1: 0.00
2026-05-02 05:50:33 | DEBUG   | dpfl.core.base_simulator | Update norms — honest: ['3.18', '3.17', '3.17', '3.18', '3.15'], attacker: []
2026-05-02 05:50:34 | INFO    | dpfl.core.base_simulator | Round  78/300 | Acc: 0.5070 | Loss: 1.6012 | eps: 12.97 | P: 1.00 R: 0.00 F1: 0.00
2026-05-02 05:50:34 | DEBUG   | dpfl.core.base_simulator | Update norms — honest: ['3.16', '3.16', '3.16', '3.17', '3.18'], attacker: []
2026-05-02 05:50:35 | INFO    | dpfl.core.base_simulator | Round  79/300 | Acc: 0.5088 | Loss: 1.5985 | eps: 13.05 | P: 1.00 R: 0.00 F1: 0.00
2026-05-02 05:50:35 | DEBUG   | dpfl.core.base_simulator | Update norms — honest: ['3.17', '3.15', '3.17', '3.17', '3.17'], attacker: []
2026-05-02 05:50:37 | INFO    | dpfl.core.base_simulator | Round  80/300 | Acc: 0.5115 | Loss: 1.5952 | eps: 13.09 | P: 1.00 R: 0.00 F1: 0.00
2026-05-02 05:50:37 | DEBUG   | dpfl.core.base_simulator | Update norms — honest: ['3.17', '3.16', '3.16', '3.17', '3.19'], attacker: []
2026-05-02 05:50:38 | INFO    | dpfl.core.base_simulator | Round  81/300 | Acc: 0.5143 | Loss: 1.5890 | eps: 13.12 | P: 1.00 R: 0.00 F1: 0.00
2026-05-02 05:50:38 | DEBUG   | dpfl.core.base_simulator | Update norms — honest: ['3.16', '3.16', '3.17', '3.18', '3.18'], attacker: []
2026-05-02 05:50:39 | INFO    | dpfl.core.base_simulator | Round  82/300 | Acc: 0.5164 | Loss: 1.5876 | eps: 13.16 | P: 1.00 R: 0.00 F1: 0.00
2026-05-02 05:50:39 | DEBUG   | dpfl.core.base_simulator | Update norms — honest: ['3.17', '3.15', '3.16', '3.18', '3.16'], attacker: []
2026-05-02 05:50:40 | INFO    | dpfl.core.base_simulator | Round  83/300 | Acc: 0.5194 | Loss: 1.5800 | eps: 13.20 | P: 1.00 R: 0.00 F1: 0.00
2026-05-02 05:50:40 | DEBUG   | dpfl.core.base_simulator | Update norms — honest: ['3.16', '3.18', '3.17', '3.17', '3.17'], attacker: []
2026-05-02 05:50:42 | INFO    | dpfl.core.base_simulator | Round  84/300 | Acc: 0.5220 | Loss: 1.5742 | eps: 13.24 | P: 1.00 R: 0.00 F1: 0.00
2026-05-02 05:50:42 | DEBUG   | dpfl.core.base_simulator | Update norms — honest: ['3.18', '3.18', '3.17', '3.17', '3.16'], attacker: []
2026-05-02 05:50:43 | INFO    | dpfl.core.base_simulator | Round  85/300 | Acc: 0.5237 | Loss: 1.5717 | eps: 13.27 | P: 1.00 R: 0.00 F1: 0.00
2026-05-02 05:50:43 | DEBUG   | dpfl.core.base_simulator | Update norms — honest: ['3.15', '3.16', '3.17', '3.17', '3.18'], attacker: []
2026-05-02 05:50:45 | INFO    | dpfl.core.base_simulator | Round  86/300 | Acc: 0.5251 | Loss: 1.5695 | eps: 13.31 | P: 1.00 R: 0.00 F1: 0.00
2026-05-02 05:50:45 | DEBUG   | dpfl.core.base_simulator | Update norms — honest: ['3.16', '3.17', '3.18', '3.15', '3.15'], attacker: []
2026-05-02 05:50:46 | INFO    | dpfl.core.base_simulator | Round  87/300 | Acc: 0.5274 | Loss: 1.5643 | eps: 13.35 | P: 1.00 R: 0.00 F1: 0.00
2026-05-02 05:50:46 | DEBUG   | dpfl.core.base_simulator | Update norms — honest: ['3.15', '3.17', '3.16', '3.17', '3.18'], attacker: []
2026-05-02 05:50:47 | INFO    | dpfl.core.base_simulator | Round  88/300 | Acc: 0.5305 | Loss: 1.5574 | eps: 13.38 | P: 1.00 R: 0.00 F1: 0.00
2026-05-02 05:50:47 | DEBUG   | dpfl.core.base_simulator | Update norms — honest: ['3.16', '3.16', '3.17', '3.16', '3.16'], attacker: []
2026-05-02 05:50:49 | INFO    | dpfl.core.base_simulator | Round  89/300 | Acc: 0.5323 | Loss: 1.5557 | eps: 13.42 | P: 1.00 R: 0.00 F1: 0.00
2026-05-02 05:50:49 | DEBUG   | dpfl.core.base_simulator | Update norms — honest: ['3.16', '3.16', '3.18', '3.18', '3.17'], attacker: []
2026-05-02 05:50:50 | INFO    | dpfl.core.base_simulator | Round  90/300 | Acc: 0.5353 | Loss: 1.5492 | eps: 13.46 | P: 1.00 R: 0.00 F1: 0.00
2026-05-02 05:50:50 | DEBUG   | dpfl.core.base_simulator | Update norms — honest: ['3.17', '3.17', '3.17', '3.16', '3.17'], attacker: []
2026-05-02 05:50:51 | INFO    | dpfl.core.base_simulator | Round  91/300 | Acc: 0.5389 | Loss: 1.5382 | eps: 13.49 | P: 1.00 R: 0.00 F1: 0.00
2026-05-02 05:50:51 | DEBUG   | dpfl.core.base_simulator | Update norms — honest: ['3.16', '3.16', '3.17', '3.16', '3.17'], attacker: []
2026-05-02 05:50:53 | INFO    | dpfl.core.base_simulator | Round  92/300 | Acc: 0.5411 | Loss: 1.5342 | eps: 13.53 | P: 1.00 R: 0.00 F1: 0.00
2026-05-02 05:50:53 | DEBUG   | dpfl.core.base_simulator | Update norms — honest: ['3.18', '3.17', '3.17', '3.16', '3.17'], attacker: []
2026-05-02 05:50:54 | INFO    | dpfl.core.base_simulator | Round  93/300 | Acc: 0.5444 | Loss: 1.5246 | eps: 13.57 | P: 1.00 R: 0.00 F1: 0.00
2026-05-02 05:50:54 | DEBUG   | dpfl.core.base_simulator | Update norms — honest: ['3.18', '3.16', '3.17', '3.18', '3.16'], attacker: []
2026-05-02 05:50:56 | INFO    | dpfl.core.base_simulator | Round  94/300 | Acc: 0.5471 | Loss: 1.5180 | eps: 13.61 | P: 1.00 R: 0.00 F1: 0.00
2026-05-02 05:50:56 | DEBUG   | dpfl.core.base_simulator | Update norms — honest: ['3.17', '3.15', '3.18', '3.16', '3.16'], attacker: []
2026-05-02 05:50:57 | INFO    | dpfl.core.base_simulator | Round  95/300 | Acc: 0.5495 | Loss: 1.5107 | eps: 13.64 | P: 1.00 R: 0.00 F1: 0.00
2026-05-02 05:50:57 | DEBUG   | dpfl.core.base_simulator | Update norms — honest: ['3.18', '3.16', '3.17', '3.17', '3.18'], attacker: []
2026-05-02 05:50:59 | INFO    | dpfl.core.base_simulator | Round  96/300 | Acc: 0.5511 | Loss: 1.5063 | eps: 13.68 | P: 1.00 R: 0.00 F1: 0.00
2026-05-02 05:50:59 | DEBUG   | dpfl.core.base_simulator | Update norms — honest: ['3.17', '3.18', '3.17', '3.16', '3.17'], attacker: []
2026-05-02 05:51:00 | INFO    | dpfl.core.base_simulator | Round  97/300 | Acc: 0.5529 | Loss: 1.5057 | eps: 13.72 | P: 1.00 R: 0.00 F1: 0.00
2026-05-02 05:51:00 | DEBUG   | dpfl.core.base_simulator | Update norms — honest: ['3.16', '3.16', '3.17', '3.17', '3.18'], attacker: []
2026-05-02 05:51:01 | INFO    | dpfl.core.base_simulator | Round  98/300 | Acc: 0.5548 | Loss: 1.4985 | eps: 13.75 | P: 1.00 R: 0.00 F1: 0.00
2026-05-02 05:51:01 | DEBUG   | dpfl.core.base_simulator | Update norms — honest: ['3.18', '3.17', '3.16', '3.20', '3.18'], attacker: []
2026-05-02 05:51:03 | INFO    | dpfl.core.base_simulator | Round  99/300 | Acc: 0.5579 | Loss: 1.4905 | eps: 13.79 | P: 1.00 R: 0.00 F1: 0.00
2026-05-02 05:51:03 | DEBUG   | dpfl.core.base_simulator | Update norms — honest: ['3.16', '3.17', '3.18', '3.16', '3.16'], attacker: []
2026-05-02 05:51:04 | INFO    | dpfl.core.base_simulator | Round 100/300 | Acc: 0.5594 | Loss: 1.4885 | eps: 13.83 | P: 1.00 R: 0.00 F1: 0.00
2026-05-02 05:51:04 | DEBUG   | dpfl.core.base_simulator | Update norms — honest: ['3.20', '3.15', '3.17', '3.16', '3.18'], attacker: []
2026-05-02 05:51:05 | INFO    | dpfl.core.base_simulator | Round 101/300 | Acc: 0.5608 | Loss: 1.4857 | eps: 13.87 | P: 1.00 R: 0.00 F1: 0.00
2026-05-02 05:51:05 | DEBUG   | dpfl.core.base_simulator | Update norms — honest: ['3.16', '3.17', '3.17', '3.19', '3.17'], attacker: []
2026-05-02 05:51:07 | INFO    | dpfl.core.base_simulator | Round 102/300 | Acc: 0.5634 | Loss: 1.4769 | eps: 13.90 | P: 1.00 R: 0.00 F1: 0.00
2026-05-02 05:51:07 | DEBUG   | dpfl.core.base_simulator | Update norms — honest: ['3.19', '3.18', '3.17', '3.17', '3.16'], attacker: []
2026-05-02 05:51:08 | INFO    | dpfl.core.base_simulator | Round 103/300 | Acc: 0.5660 | Loss: 1.4713 | eps: 13.94 | P: 1.00 R: 0.00 F1: 0.00
2026-05-02 05:51:08 | DEBUG   | dpfl.core.base_simulator | Update norms — honest: ['3.17', '3.15', '3.18', '3.17', '3.17'], attacker: []
2026-05-02 05:51:10 | INFO    | dpfl.core.base_simulator | Round 104/300 | Acc: 0.5686 | Loss: 1.4646 | eps: 13.98 | P: 1.00 R: 0.00 F1: 0.00
2026-05-02 05:51:10 | DEBUG   | dpfl.core.base_simulator | Update norms — honest: ['3.18', '3.18', '3.16', '3.16', '3.17'], attacker: []
2026-05-02 05:51:11 | INFO    | dpfl.core.base_simulator | Round 105/300 | Acc: 0.5699 | Loss: 1.4626 | eps: 14.01 | P: 1.00 R: 0.00 F1: 0.00
2026-05-02 05:51:11 | DEBUG   | dpfl.core.base_simulator | Update norms — honest: ['3.18', '3.17', '3.17', '3.18', '3.18'], attacker: []
2026-05-02 05:51:12 | INFO    | dpfl.core.base_simulator | Round 106/300 | Acc: 0.5720 | Loss: 1.4583 | eps: 14.05 | P: 1.00 R: 0.00 F1: 0.00
2026-05-02 05:51:12 | DEBUG   | dpfl.core.base_simulator | Update norms — honest: ['3.16', '3.16', '3.17', '3.16', '3.15'], attacker: []
2026-05-02 05:51:13 | INFO    | dpfl.core.base_simulator | Round 107/300 | Acc: 0.5741 | Loss: 1.4520 | eps: 14.09 | P: 1.00 R: 0.00 F1: 0.00
2026-05-02 05:51:13 | DEBUG   | dpfl.core.base_simulator | Update norms — honest: ['3.17', '3.17', '3.16', '3.17', '3.17'], attacker: []
2026-05-02 05:51:15 | INFO    | dpfl.core.base_simulator | Round 108/300 | Acc: 0.5760 | Loss: 1.4481 | eps: 14.12 | P: 1.00 R: 0.00 F1: 0.00
2026-05-02 05:51:15 | DEBUG   | dpfl.core.base_simulator | Update norms — honest: ['3.16', '3.17', '3.16', '3.16', '3.18'], attacker: []
2026-05-02 05:51:16 | INFO    | dpfl.core.base_simulator | Round 109/300 | Acc: 0.5770 | Loss: 1.4484 | eps: 14.16 | P: 1.00 R: 0.00 F1: 0.00
2026-05-02 05:51:16 | DEBUG   | dpfl.core.base_simulator | Update norms — honest: ['3.16', '3.16', '3.16', '3.17', '3.17'], attacker: []
2026-05-02 05:51:17 | INFO    | dpfl.core.base_simulator | Round 110/300 | Acc: 0.5794 | Loss: 1.4429 | eps: 14.20 | P: 1.00 R: 0.00 F1: 0.00
2026-05-02 05:51:17 | DEBUG   | dpfl.core.base_simulator | Update norms — honest: ['3.18', '3.18', '3.17', '3.15', '3.16'], attacker: []
2026-05-02 05:51:19 | INFO    | dpfl.core.base_simulator | Round 111/300 | Acc: 0.5808 | Loss: 1.4405 | eps: 14.24 | P: 1.00 R: 0.00 F1: 0.00
2026-05-02 05:51:19 | DEBUG   | dpfl.core.base_simulator | Update norms — honest: ['3.17', '3.15', '3.16', '3.17', '3.17'], attacker: []
2026-05-02 05:51:20 | INFO    | dpfl.core.base_simulator | Round 112/300 | Acc: 0.5828 | Loss: 1.4355 | eps: 14.27 | P: 1.00 R: 0.00 F1: 0.00
2026-05-02 05:51:20 | DEBUG   | dpfl.core.base_simulator | Update norms — honest: ['3.17', '3.17', '3.16', '3.17', '3.18'], attacker: []
2026-05-02 05:51:21 | INFO    | dpfl.core.base_simulator | Round 113/300 | Acc: 0.5839 | Loss: 1.4363 | eps: 14.31 | P: 1.00 R: 0.00 F1: 0.00
2026-05-02 05:51:21 | DEBUG   | dpfl.core.base_simulator | Update norms — honest: ['3.18', '3.16', '3.17', '3.15', '3.18'], attacker: []
2026-05-02 05:51:23 | INFO    | dpfl.core.base_simulator | Round 114/300 | Acc: 0.5850 | Loss: 1.4378 | eps: 14.35 | P: 1.00 R: 0.00 F1: 0.00
2026-05-02 05:51:23 | DEBUG   | dpfl.core.base_simulator | Update norms — honest: ['3.19', '3.16', '3.18', '3.17', '3.16'], attacker: []
2026-05-02 05:51:24 | INFO    | dpfl.core.base_simulator | Round 115/300 | Acc: 0.5870 | Loss: 1.4331 | eps: 14.38 | P: 1.00 R: 0.00 F1: 0.00
2026-05-02 05:51:24 | DEBUG   | dpfl.core.base_simulator | Update norms — honest: ['3.17', '3.15', '3.17', '3.17', '3.16'], attacker: []
2026-05-02 05:51:25 | INFO    | dpfl.core.base_simulator | Round 116/300 | Acc: 0.5890 | Loss: 1.4288 | eps: 14.42 | P: 1.00 R: 0.00 F1: 0.00
2026-05-02 05:51:25 | DEBUG   | dpfl.core.base_simulator | Update norms — honest: ['3.16', '3.16', '3.17', '3.18', '3.16'], attacker: []
2026-05-02 05:51:27 | INFO    | dpfl.core.base_simulator | Round 117/300 | Acc: 0.5904 | Loss: 1.4277 | eps: 14.46 | P: 1.00 R: 0.00 F1: 0.00
2026-05-02 05:51:27 | DEBUG   | dpfl.core.base_simulator | Update norms — honest: ['3.16', '3.17', '3.17', '3.17', '3.17'], attacker: []
2026-05-02 05:51:28 | INFO    | dpfl.core.base_simulator | Round 118/300 | Acc: 0.5921 | Loss: 1.4233 | eps: 14.49 | P: 1.00 R: 0.00 F1: 0.00
2026-05-02 05:51:28 | DEBUG   | dpfl.core.base_simulator | Update norms — honest: ['3.16', '3.16', '3.18', '3.18', '3.16'], attacker: []
2026-05-02 05:51:30 | INFO    | dpfl.core.base_simulator | Round 119/300 | Acc: 0.5939 | Loss: 1.4200 | eps: 14.53 | P: 1.00 R: 0.00 F1: 0.00
2026-05-02 05:51:30 | DEBUG   | dpfl.core.base_simulator | Update norms — honest: ['3.17', '3.17', '3.18', '3.17', '3.15'], attacker: []
2026-05-02 05:51:31 | INFO    | dpfl.core.base_simulator | Round 120/300 | Acc: 0.5952 | Loss: 1.4185 | eps: 14.57 | P: 1.00 R: 0.00 F1: 0.00
2026-05-02 05:51:31 | DEBUG   | dpfl.core.base_simulator | Update norms — honest: ['3.17', '3.17', '3.16', '3.19', '3.16'], attacker: []
2026-05-02 05:51:32 | INFO    | dpfl.core.base_simulator | Round 121/300 | Acc: 0.5965 | Loss: 1.4157 | eps: 14.61 | P: 1.00 R: 0.00 F1: 0.00
2026-05-02 05:51:32 | DEBUG   | dpfl.core.base_simulator | Update norms — honest: ['3.17', '3.16', '3.17', '3.18', '3.15'], attacker: []
2026-05-02 05:51:34 | INFO    | dpfl.core.base_simulator | Round 122/300 | Acc: 0.5978 | Loss: 1.4150 | eps: 14.64 | P: 1.00 R: 0.00 F1: 0.00
2026-05-02 05:51:34 | DEBUG   | dpfl.core.base_simulator | Update norms — honest: ['3.16', '3.16', '3.17', '3.17', '3.15'], attacker: []
2026-05-02 05:51:35 | INFO    | dpfl.core.base_simulator | Round 123/300 | Acc: 0.5996 | Loss: 1.4098 | eps: 14.68 | P: 1.00 R: 0.00 F1: 0.00
2026-05-02 05:51:35 | DEBUG   | dpfl.core.base_simulator | Update norms — honest: ['3.18', '3.16', '3.17', '3.17', '3.17'], attacker: []
2026-05-02 05:51:37 | INFO    | dpfl.core.base_simulator | Round 124/300 | Acc: 0.6013 | Loss: 1.4065 | eps: 14.72 | P: 1.00 R: 0.00 F1: 0.00
2026-05-02 05:51:37 | DEBUG   | dpfl.core.base_simulator | Update norms — honest: ['3.15', '3.15', '3.17', '3.17', '3.16'], attacker: []
2026-05-02 05:51:38 | INFO    | dpfl.core.base_simulator | Round 125/300 | Acc: 0.6027 | Loss: 1.4044 | eps: 14.75 | P: 1.00 R: 0.00 F1: 0.00
2026-05-02 05:51:38 | DEBUG   | dpfl.core.base_simulator | Update norms — honest: ['3.17', '3.16', '3.14', '3.16', '3.17'], attacker: []
2026-05-02 05:51:39 | INFO    | dpfl.core.base_simulator | Round 126/300 | Acc: 0.6041 | Loss: 1.4017 | eps: 14.79 | P: 1.00 R: 0.00 F1: 0.00
2026-05-02 05:51:39 | DEBUG   | dpfl.core.base_simulator | Update norms — honest: ['3.16', '3.16', '3.16', '3.17', '3.16'], attacker: []
2026-05-02 05:51:40 | INFO    | dpfl.core.base_simulator | Round 127/300 | Acc: 0.6052 | Loss: 1.4010 | eps: 14.83 | P: 1.00 R: 0.00 F1: 0.00
2026-05-02 05:51:40 | DEBUG   | dpfl.core.base_simulator | Update norms — honest: ['3.18', '3.16', '3.17', '3.15', '3.16'], attacker: []
2026-05-02 05:51:42 | INFO    | dpfl.core.base_simulator | Round 128/300 | Acc: 0.6070 | Loss: 1.3957 | eps: 14.86 | P: 1.00 R: 0.00 F1: 0.00
2026-05-02 05:51:42 | DEBUG   | dpfl.core.base_simulator | Update norms — honest: ['3.17', '3.17', '3.19', '3.17', '3.18'], attacker: []
2026-05-02 05:51:43 | INFO    | dpfl.core.base_simulator | Round 129/300 | Acc: 0.6089 | Loss: 1.3917 | eps: 14.90 | P: 1.00 R: 0.00 F1: 0.00
2026-05-02 05:51:43 | DEBUG   | dpfl.core.base_simulator | Update norms — honest: ['3.17', '3.18', '3.16', '3.17', '3.16'], attacker: []
2026-05-02 05:51:44 | INFO    | dpfl.core.base_simulator | Round 130/300 | Acc: 0.6109 | Loss: 1.3875 | eps: 14.94 | P: 1.00 R: 0.00 F1: 0.00
2026-05-02 05:51:44 | DEBUG   | dpfl.core.base_simulator | Update norms — honest: ['3.16', '3.18', '3.16', '3.17', '3.16'], attacker: []
2026-05-02 05:51:46 | INFO    | dpfl.core.base_simulator | Round 131/300 | Acc: 0.6132 | Loss: 1.3819 | eps: 14.98 | P: 1.00 R: 0.00 F1: 0.00
2026-05-02 05:51:46 | DEBUG   | dpfl.core.base_simulator | Update norms — honest: ['3.16', '3.16', '3.17', '3.17', '3.17'], attacker: []
2026-05-02 05:51:47 | INFO    | dpfl.core.base_simulator | Round 132/300 | Acc: 0.6145 | Loss: 1.3806 | eps: 15.01 | P: 1.00 R: 0.00 F1: 0.00
2026-05-02 05:51:47 | DEBUG   | dpfl.core.base_simulator | Update norms — honest: ['3.17', '3.17', '3.18', '3.18', '3.16'], attacker: []
2026-05-02 05:51:49 | INFO    | dpfl.core.base_simulator | Round 133/300 | Acc: 0.6151 | Loss: 1.3805 | eps: 15.05 | P: 1.00 R: 0.00 F1: 0.00
2026-05-02 05:51:49 | DEBUG   | dpfl.core.base_simulator | Update norms — honest: ['3.18', '3.17', '3.17', '3.17', '3.15'], attacker: []
2026-05-02 05:51:50 | INFO    | dpfl.core.base_simulator | Round 134/300 | Acc: 0.6156 | Loss: 1.3812 | eps: 15.09 | P: 1.00 R: 0.00 F1: 0.00
2026-05-02 05:51:50 | DEBUG   | dpfl.core.base_simulator | Update norms — honest: ['3.17', '3.18', '3.17', '3.17', '3.17'], attacker: []
2026-05-02 05:51:52 | INFO    | dpfl.core.base_simulator | Round 135/300 | Acc: 0.6171 | Loss: 1.3784 | eps: 15.12 | P: 1.00 R: 0.00 F1: 0.00
2026-05-02 05:51:52 | DEBUG   | dpfl.core.base_simulator | Update norms — honest: ['3.17', '3.16', '3.18', '3.18', '3.17'], attacker: []
2026-05-02 05:51:52 | INFO    | dpfl.core.base_simulator | Round 136/300 | Acc: 0.6187 | Loss: 1.3748 | eps: 15.16 | P: 1.00 R: 0.00 F1: 0.00
2026-05-02 05:51:52 | DEBUG   | dpfl.core.base_simulator | Update norms — honest: ['3.17', '3.17', '3.17', '3.16', '3.20'], attacker: []
2026-05-02 05:51:53 | INFO    | dpfl.core.base_simulator | Round 137/300 | Acc: 0.6193 | Loss: 1.3752 | eps: 15.20 | P: 1.00 R: 0.00 F1: 0.00
2026-05-02 05:51:53 | DEBUG   | dpfl.core.base_simulator | Update norms — honest: ['3.18', '3.19', '3.16', '3.17', '3.17'], attacker: []
2026-05-02 05:51:54 | INFO    | dpfl.core.base_simulator | Round 138/300 | Acc: 0.6200 | Loss: 1.3760 | eps: 15.23 | P: 1.00 R: 0.00 F1: 0.00
2026-05-02 05:51:54 | DEBUG   | dpfl.core.base_simulator | Update norms — honest: ['3.16', '3.17', '3.18', '3.16', '3.15'], attacker: []
2026-05-02 05:51:54 | INFO    | dpfl.core.base_simulator | Round 139/300 | Acc: 0.6209 | Loss: 1.3772 | eps: 15.27 | P: 1.00 R: 0.00 F1: 0.00
2026-05-02 05:51:54 | DEBUG   | dpfl.core.base_simulator | Update norms — honest: ['3.18', '3.15', '3.16', '3.18', '3.16'], attacker: []
2026-05-02 05:51:55 | INFO    | dpfl.core.base_simulator | Round 140/300 | Acc: 0.6224 | Loss: 1.3720 | eps: 15.31 | P: 1.00 R: 0.00 F1: 0.00
2026-05-02 05:51:55 | DEBUG   | dpfl.core.base_simulator | Update norms — honest: ['3.17', '3.19', '3.17', '3.16', '3.17'], attacker: []
2026-05-02 05:51:56 | INFO    | dpfl.core.base_simulator | Round 141/300 | Acc: 0.6230 | Loss: 1.3725 | eps: 15.35 | P: 1.00 R: 0.00 F1: 0.00
2026-05-02 05:51:56 | DEBUG   | dpfl.core.base_simulator | Update norms — honest: ['3.17', '3.17', '3.16', '3.17', '3.17'], attacker: []
2026-05-02 05:51:56 | INFO    | dpfl.core.base_simulator | Round 142/300 | Acc: 0.6244 | Loss: 1.3686 | eps: 15.38 | P: 1.00 R: 0.00 F1: 0.00
2026-05-02 05:51:56 | DEBUG   | dpfl.core.base_simulator | Update norms — honest: ['3.16', '3.15', '3.17', '3.16', '3.16'], attacker: []
2026-05-02 05:51:57 | INFO    | dpfl.core.base_simulator | Round 143/300 | Acc: 0.6256 | Loss: 1.3667 | eps: 15.42 | P: 1.00 R: 0.00 F1: 0.00
2026-05-02 05:51:57 | DEBUG   | dpfl.core.base_simulator | Update norms — honest: ['3.16', '3.17', '3.17', '3.15', '3.18'], attacker: []
2026-05-02 05:52:04 | INFO    | dpfl.core.base_simulator | Round 144/300 | Acc: 0.6259 | Loss: 1.3693 | eps: 15.46 | P: 1.00 R: 0.00 F1: 0.00
2026-05-02 05:52:04 | DEBUG   | dpfl.core.base_simulator | Update norms — honest: ['3.16', '3.16', '3.15', '3.17', '3.15'], attacker: []
2026-05-02 05:52:13 | INFO    | dpfl.core.base_simulator | Round 145/300 | Acc: 0.6269 | Loss: 1.3677 | eps: 15.49 | P: 1.00 R: 0.00 F1: 0.00
2026-05-02 05:52:13 | DEBUG   | dpfl.core.base_simulator | Update norms — honest: ['3.16', '3.16', '3.15', '3.17', '3.17'], attacker: []
2026-05-02 05:52:21 | INFO    | dpfl.core.base_simulator | Round 146/300 | Acc: 0.6281 | Loss: 1.3652 | eps: 15.53 | P: 1.00 R: 0.00 F1: 0.00
2026-05-02 05:52:21 | DEBUG   | dpfl.core.base_simulator | Update norms — honest: ['3.19', '3.16', '3.17', '3.17', '3.17'], attacker: []
2026-05-02 05:52:29 | INFO    | dpfl.core.base_simulator | Round 147/300 | Acc: 0.6301 | Loss: 1.3593 | eps: 15.57 | P: 1.00 R: 0.00 F1: 0.00
2026-05-02 05:52:29 | DEBUG   | dpfl.core.base_simulator | Update norms — honest: ['3.16', '3.16', '3.16', '3.16', '3.15'], attacker: []
2026-05-02 05:52:38 | INFO    | dpfl.core.base_simulator | Round 148/300 | Acc: 0.6312 | Loss: 1.3564 | eps: 15.60 | P: 1.00 R: 0.00 F1: 0.00
2026-05-02 05:52:38 | DEBUG   | dpfl.core.base_simulator | Update norms — honest: ['3.16', '3.18', '3.15', '3.15', '3.16'], attacker: []
2026-05-02 05:52:45 | INFO    | dpfl.core.base_simulator | Round 149/300 | Acc: 0.6327 | Loss: 1.3534 | eps: 15.64 | P: 1.00 R: 0.00 F1: 0.00
2026-05-02 05:52:45 | DEBUG   | dpfl.core.base_simulator | Update norms — honest: ['3.17', '3.17', '3.16', '3.16', '3.17'], attacker: []
2026-05-02 05:52:54 | INFO    | dpfl.core.base_simulator | Round 150/300 | Acc: 0.6329 | Loss: 1.3565 | eps: 15.68 | P: 1.00 R: 0.00 F1: 0.00
2026-05-02 05:52:54 | DEBUG   | dpfl.core.base_simulator | Update norms — honest: ['3.16', '3.16', '3.16', '3.18', '3.17'], attacker: []
2026-05-02 05:53:02 | INFO    | dpfl.core.base_simulator | Round 151/300 | Acc: 0.6338 | Loss: 1.3553 | eps: 15.72 | P: 1.00 R: 0.00 F1: 0.00
2026-05-02 05:53:02 | DEBUG   | dpfl.core.base_simulator | Update norms — honest: ['3.16', '3.16', '3.16', '3.17', '3.17'], attacker: []
2026-05-02 05:53:09 | INFO    | dpfl.core.base_simulator | Round 152/300 | Acc: 0.6353 | Loss: 1.3510 | eps: 15.75 | P: 1.00 R: 0.00 F1: 0.00
2026-05-02 05:53:09 | DEBUG   | dpfl.core.base_simulator | Update norms — honest: ['3.16', '3.18', '3.18', '3.16', '3.19'], attacker: []
2026-05-02 05:53:19 | INFO    | dpfl.core.base_simulator | Round 153/300 | Acc: 0.6363 | Loss: 1.3501 | eps: 15.79 | P: 1.00 R: 0.00 F1: 0.00
2026-05-02 05:53:19 | DEBUG   | dpfl.core.base_simulator | Update norms — honest: ['3.17', '3.17', '3.16', '3.17', '3.17'], attacker: []
2026-05-02 05:53:30 | INFO    | dpfl.core.base_simulator | Round 154/300 | Acc: 0.6372 | Loss: 1.3512 | eps: 15.83 | P: 1.00 R: 0.00 F1: 0.00
2026-05-02 05:53:30 | DEBUG   | dpfl.core.base_simulator | Update norms — honest: ['3.16', '3.17', '3.17', '3.17', '3.17'], attacker: []
2026-05-02 05:53:43 | INFO    | dpfl.core.base_simulator | Round 155/300 | Acc: 0.6384 | Loss: 1.3498 | eps: 15.86 | P: 1.00 R: 0.00 F1: 0.00
2026-05-02 05:53:43 | DEBUG   | dpfl.core.base_simulator | Update norms — honest: ['3.16', '3.17', '3.18', '3.16', '3.16'], attacker: []
2026-05-02 05:53:55 | INFO    | dpfl.core.base_simulator | Round 156/300 | Acc: 0.6393 | Loss: 1.3489 | eps: 15.90 | P: 1.00 R: 0.00 F1: 0.00
2026-05-02 05:53:55 | DEBUG   | dpfl.core.base_simulator | Update norms — honest: ['3.19', '3.17', '3.16', '3.16', '3.17'], attacker: []
2026-05-02 05:54:09 | INFO    | dpfl.core.base_simulator | Round 157/300 | Acc: 0.6397 | Loss: 1.3491 | eps: 15.94 | P: 1.00 R: 0.00 F1: 0.00
2026-05-02 05:54:09 | DEBUG   | dpfl.core.base_simulator | Update norms — honest: ['3.16', '3.15', '3.17', '3.17', '3.17'], attacker: []
2026-05-02 05:54:21 | INFO    | dpfl.core.base_simulator | Round 158/300 | Acc: 0.6410 | Loss: 1.3467 | eps: 15.97 | P: 1.00 R: 0.00 F1: 0.00
2026-05-02 05:54:21 | DEBUG   | dpfl.core.base_simulator | Update norms — honest: ['3.16', '3.16', '3.17', '3.16', '3.17'], attacker: []
2026-05-02 05:54:34 | INFO    | dpfl.core.base_simulator | Round 159/300 | Acc: 0.6420 | Loss: 1.3442 | eps: 16.01 | P: 1.00 R: 0.00 F1: 0.00
2026-05-02 05:54:34 | DEBUG   | dpfl.core.base_simulator | Update norms — honest: ['3.17', '3.17', '3.15', '3.18', '3.17'], attacker: []
2026-05-02 05:54:34 | WARNING | dpfl.algorithms.fedavg.simulator | Round 159/300 | Budget exceeded (eps=16.01)
2026-05-02 05:55:19 | INFO    | dpfl | Experiment complete in 546.6s
============================================================
REPORT: DP-SGD Decentralized Federated Learning
============================================================
Timestamp:                  20260502_054527
Rounds completed:           159
Attack-active rounds:       0  (from round 99999)
Final accuracy:             0.6420
Final test loss:            1.3442
Final epsilon:              16.01
Best alpha:                 2.0
Avg precision:              0.0000
Avg recall:                 0.0000
Avg F1 score:               0.0000
Avg update norm (honest):   3.1673
Avg update norm (attacker): 0.0000
============================================================
