2026-05-02 14:35:37 | INFO    | dpfl | Experiment start: algorithm=dp_fedavg, dataset=fashion_mnist, model=mlp, device=cuda
2026-05-02 14:35:37 | INFO    | dpfl | Config: nodes=500, attackers=100, rounds=300, noise_mode=post_training, attack=label_flip
2026-05-02 14:35:37 | INFO    | dpfl.data.fashion_mnist_dataset | Loading Fashion-MNIST dataset...
2026-05-02 14:35:37 | INFO    | dpfl.data.fashion_mnist_dataset | Fashion-MNIST loaded: 60000 train, 10000 test samples
2026-05-02 14:38:37 | INFO    | dpfl.core.base_simulator | Vectorized state ready: param_spec.D=50890, X_test=(10000, 1, 28, 28), train clients N=500, max_n_samples=7000
2026-05-02 14:38:37 | INFO    | dpfl.core.base_simulator | Setup complete: 500 nodes (100 attackers), param_dim=50890, split=iid
2026-05-02 14:38:37 | DEBUG   | dpfl.core.base_simulator | Attacker IDs: {0, 1, 2, 3, 4, 5, 6, 7, 8, 9, 10, 11, 12, 13, 14, 15, 16, 17, 18, 19, 20, 21, 22, 23, 24, 25, 26, 27, 28, 29, 30, 31, 32, 33, 34, 35, 36, 37, 38, 39, 40, 41, 42, 43, 44, 45, 46, 47, 48, 49, 50, 51, 52, 53, 54, 55, 56, 57, 58, 59, 60, 61, 62, 63, 64, 65, 66, 67, 68, 69, 70, 71, 72, 73, 74, 75, 76, 77, 78, 79, 80, 81, 82, 83, 84, 85, 86, 87, 88, 89, 90, 91, 92, 93, 94, 95, 96, 97, 98, 99}
2026-05-02 14:38:37 | INFO    | dpfl.core.base_simulator | Data poisoning active: LabelFlipAttack
2026-05-02 14:38:37 | INFO    | dpfl.algorithms.fedavg.simulator | FedAvg data_sizes set: min=7000, max=7000, total=3500000
2026-05-02 14:38:39 | INFO    | dpfl.core.base_simulator | Round   1/300 | Acc: 0.1083 | Loss: 2.3180 | eps: 6.34 | P: 1.00 R: 0.00 F1: 0.00
2026-05-02 14:38:39 | DEBUG   | dpfl.core.base_simulator | Update norms — honest: ['2.64', '2.63', '2.65', '2.63', '2.64'], attacker: ['2.63', '2.65', '2.64', '2.65', '2.64']
2026-05-02 14:38:39 | INFO    | dpfl.core.base_simulator | Round   2/300 | Acc: 0.1302 | Loss: 2.2984 | eps: 7.53 | P: 1.00 R: 0.00 F1: 0.00
2026-05-02 14:38:39 | DEBUG   | dpfl.core.base_simulator | Update norms — honest: ['2.63', '2.63', '2.65', '2.62', '2.63'], attacker: ['2.64', '2.64', '2.64', '2.63', '2.65']
2026-05-02 14:38:40 | INFO    | dpfl.core.base_simulator | Round   3/300 | Acc: 0.1507 | Loss: 2.2764 | eps: 8.01 | P: 1.00 R: 0.00 F1: 0.00
2026-05-02 14:38:40 | DEBUG   | dpfl.core.base_simulator | Update norms — honest: ['2.65', '2.65', '2.63', '2.63', '2.63'], attacker: ['2.64', '2.64', '2.64', '2.66', '2.65']
2026-05-02 14:38:41 | INFO    | dpfl.core.base_simulator | Round   4/300 | Acc: 0.1681 | Loss: 2.2542 | eps: 8.50 | P: 1.00 R: 0.00 F1: 0.00
2026-05-02 14:38:41 | DEBUG   | dpfl.core.base_simulator | Update norms — honest: ['2.63', '2.66', '2.64', '2.63', '2.66'], attacker: ['2.64', '2.64', '2.64', '2.66', '2.64']
2026-05-02 14:38:42 | INFO    | dpfl.core.base_simulator | Round   5/300 | Acc: 0.1823 | Loss: 2.2322 | eps: 8.99 | P: 1.00 R: 0.00 F1: 0.00
2026-05-02 14:38:42 | DEBUG   | dpfl.core.base_simulator | Update norms — honest: ['2.65', '2.63', '2.64', '2.64', '2.64'], attacker: ['2.64', '2.63', '2.64', '2.64', '2.64']
2026-05-02 14:38:42 | INFO    | dpfl.core.base_simulator | Round   6/300 | Acc: 0.1956 | Loss: 2.2119 | eps: 9.47 | P: 1.00 R: 0.00 F1: 0.00
2026-05-02 14:38:42 | DEBUG   | dpfl.core.base_simulator | Update norms — honest: ['2.65', '2.65', '2.62', '2.62', '2.64'], attacker: ['2.63', '2.64', '2.63', '2.64', '2.64']
2026-05-02 14:38:43 | INFO    | dpfl.core.base_simulator | Round   7/300 | Acc: 0.2070 | Loss: 2.1885 | eps: 9.96 | P: 1.00 R: 0.00 F1: 0.00
2026-05-02 14:38:43 | DEBUG   | dpfl.core.base_simulator | Update norms — honest: ['2.63', '2.64', '2.64', '2.65', '2.61'], attacker: ['2.64', '2.64', '2.65', '2.64', '2.63']
2026-05-02 14:38:44 | INFO    | dpfl.core.base_simulator | Round   8/300 | Acc: 0.2201 | Loss: 2.1648 | eps: 10.45 | P: 1.00 R: 0.00 F1: 0.00
2026-05-02 14:38:44 | DEBUG   | dpfl.core.base_simulator | Update norms — honest: ['2.65', '2.63', '2.62', '2.63', '2.65'], attacker: ['2.63', '2.63', '2.65', '2.63', '2.65']
2026-05-02 14:38:45 | INFO    | dpfl.core.base_simulator | Round   9/300 | Acc: 0.2310 | Loss: 2.1426 | eps: 10.93 | P: 1.00 R: 0.00 F1: 0.00
2026-05-02 14:38:45 | DEBUG   | dpfl.core.base_simulator | Update norms — honest: ['2.66', '2.63', '2.63', '2.64', '2.64'], attacker: ['2.62', '2.64', '2.65', '2.63', '2.64']
2026-05-02 14:38:46 | INFO    | dpfl.core.base_simulator | Round  10/300 | Acc: 0.2423 | Loss: 2.1207 | eps: 11.38 | P: 1.00 R: 0.00 F1: 0.00
2026-05-02 14:38:46 | DEBUG   | dpfl.core.base_simulator | Update norms — honest: ['2.65', '2.64', '2.64', '2.65', '2.65'], attacker: ['2.64', '2.65', '2.64', '2.63', '2.64']
2026-05-02 14:38:47 | INFO    | dpfl.core.base_simulator | Round  11/300 | Acc: 0.2543 | Loss: 2.0978 | eps: 11.51 | P: 1.00 R: 0.00 F1: 0.00
2026-05-02 14:38:47 | DEBUG   | dpfl.core.base_simulator | Update norms — honest: ['2.64', '2.64', '2.63', '2.63', '2.64'], attacker: ['2.62', '2.65', '2.63', '2.63', '2.64']
2026-05-02 14:38:47 | INFO    | dpfl.core.base_simulator | Round  12/300 | Acc: 0.2659 | Loss: 2.0731 | eps: 11.64 | P: 1.00 R: 0.00 F1: 0.00
2026-05-02 14:38:47 | DEBUG   | dpfl.core.base_simulator | Update norms — honest: ['2.63', '2.64', '2.64', '2.64', '2.64'], attacker: ['2.65', '2.64', '2.65', '2.64', '2.64']
2026-05-02 14:38:48 | INFO    | dpfl.core.base_simulator | Round  13/300 | Acc: 0.2758 | Loss: 2.0512 | eps: 11.76 | P: 1.00 R: 0.00 F1: 0.00
2026-05-02 14:38:48 | DEBUG   | dpfl.core.base_simulator | Update norms — honest: ['2.64', '2.63', '2.65', '2.64', '2.65'], attacker: ['2.65', '2.64', '2.64', '2.63', '2.64']
2026-05-02 14:38:49 | INFO    | dpfl.core.base_simulator | Round  14/300 | Acc: 0.2856 | Loss: 2.0272 | eps: 11.89 | P: 1.00 R: 0.00 F1: 0.00
2026-05-02 14:38:49 | DEBUG   | dpfl.core.base_simulator | Update norms — honest: ['2.65', '2.64', '2.64', '2.64', '2.65'], attacker: ['2.64', '2.65', '2.64', '2.64', '2.63']
2026-05-02 14:38:50 | INFO    | dpfl.core.base_simulator | Round  15/300 | Acc: 0.2950 | Loss: 2.0056 | eps: 12.01 | P: 1.00 R: 0.00 F1: 0.00
2026-05-02 14:38:50 | DEBUG   | dpfl.core.base_simulator | Update norms — honest: ['2.65', '2.64', '2.64', '2.64', '2.64'], attacker: ['2.64', '2.63', '2.63', '2.63', '2.63']
2026-05-02 14:38:50 | INFO    | dpfl.core.base_simulator | Round  16/300 | Acc: 0.3050 | Loss: 1.9830 | eps: 12.14 | P: 1.00 R: 0.00 F1: 0.00
2026-05-02 14:38:50 | DEBUG   | dpfl.core.base_simulator | Update norms — honest: ['2.64', '2.64', '2.65', '2.65', '2.65'], attacker: ['2.65', '2.62', '2.64', '2.65', '2.66']
2026-05-02 14:38:51 | INFO    | dpfl.core.base_simulator | Round  17/300 | Acc: 0.3156 | Loss: 1.9562 | eps: 12.26 | P: 1.00 R: 0.00 F1: 0.00
2026-05-02 14:38:51 | DEBUG   | dpfl.core.base_simulator | Update norms — honest: ['2.65', '2.64', '2.64', '2.64', '2.64'], attacker: ['2.64', '2.63', '2.62', '2.64', '2.64']
2026-05-02 14:38:52 | INFO    | dpfl.core.base_simulator | Round  18/300 | Acc: 0.3245 | Loss: 1.9349 | eps: 12.39 | P: 1.00 R: 0.00 F1: 0.00
2026-05-02 14:38:52 | DEBUG   | dpfl.core.base_simulator | Update norms — honest: ['2.64', '2.63', '2.64', '2.64', '2.64'], attacker: ['2.64', '2.62', '2.63', '2.65', '2.63']
2026-05-02 14:38:53 | INFO    | dpfl.core.base_simulator | Round  19/300 | Acc: 0.3344 | Loss: 1.9110 | eps: 12.52 | P: 1.00 R: 0.00 F1: 0.00
2026-05-02 14:38:53 | DEBUG   | dpfl.core.base_simulator | Update norms — honest: ['2.64', '2.64', '2.63', '2.64', '2.65'], attacker: ['2.63', '2.63', '2.64', '2.64', '2.65']
2026-05-02 14:38:53 | INFO    | dpfl.core.base_simulator | Round  20/300 | Acc: 0.3421 | Loss: 1.8878 | eps: 12.64 | P: 1.00 R: 0.00 F1: 0.00
2026-05-02 14:38:53 | DEBUG   | dpfl.core.base_simulator | Update norms — honest: ['2.64', '2.65', '2.64', '2.65', '2.64'], attacker: ['2.64', '2.63', '2.63', '2.65', '2.64']
2026-05-02 14:38:54 | INFO    | dpfl.core.base_simulator | Round  21/300 | Acc: 0.3498 | Loss: 1.8686 | eps: 12.77 | P: 1.00 R: 0.00 F1: 0.00
2026-05-02 14:38:54 | DEBUG   | dpfl.core.base_simulator | Update norms — honest: ['2.64', '2.64', '2.65', '2.65', '2.63'], attacker: ['2.64', '2.65', '2.65', '2.64', '2.64']
2026-05-02 14:38:55 | INFO    | dpfl.core.base_simulator | Round  22/300 | Acc: 0.3602 | Loss: 1.8442 | eps: 12.89 | P: 1.00 R: 0.00 F1: 0.00
2026-05-02 14:38:55 | DEBUG   | dpfl.core.base_simulator | Update norms — honest: ['2.63', '2.65', '2.63', '2.63', '2.64'], attacker: ['2.64', '2.65', '2.63', '2.64', '2.64']
2026-05-02 14:38:56 | INFO    | dpfl.core.base_simulator | Round  23/300 | Acc: 0.3700 | Loss: 1.8195 | eps: 13.02 | P: 1.00 R: 0.00 F1: 0.00
2026-05-02 14:38:56 | DEBUG   | dpfl.core.base_simulator | Update norms — honest: ['2.63', '2.64', '2.64', '2.63', '2.63'], attacker: ['2.63', '2.65', '2.64', '2.64', '2.64']
2026-05-02 14:38:56 | INFO    | dpfl.core.base_simulator | Round  24/300 | Acc: 0.3782 | Loss: 1.7965 | eps: 13.14 | P: 1.00 R: 0.00 F1: 0.00
2026-05-02 14:38:56 | DEBUG   | dpfl.core.base_simulator | Update norms — honest: ['2.64', '2.62', '2.64', '2.64', '2.64'], attacker: ['2.63', '2.64', '2.64', '2.65', '2.64']
2026-05-02 14:38:57 | INFO    | dpfl.core.base_simulator | Round  25/300 | Acc: 0.3868 | Loss: 1.7721 | eps: 13.27 | P: 1.00 R: 0.00 F1: 0.00
2026-05-02 14:38:57 | DEBUG   | dpfl.core.base_simulator | Update norms — honest: ['2.65', '2.65', '2.63', '2.62', '2.65'], attacker: ['2.65', '2.63', '2.63', '2.64', '2.64']
2026-05-02 14:38:58 | INFO    | dpfl.core.base_simulator | Round  26/300 | Acc: 0.3951 | Loss: 1.7504 | eps: 13.40 | P: 1.00 R: 0.00 F1: 0.00
2026-05-02 14:38:58 | DEBUG   | dpfl.core.base_simulator | Update norms — honest: ['2.64', '2.65', '2.64', '2.64', '2.65'], attacker: ['2.62', '2.65', '2.64', '2.63', '2.65']
2026-05-02 14:38:59 | INFO    | dpfl.core.base_simulator | Round  27/300 | Acc: 0.4025 | Loss: 1.7282 | eps: 13.52 | P: 1.00 R: 0.00 F1: 0.00
2026-05-02 14:38:59 | DEBUG   | dpfl.core.base_simulator | Update norms — honest: ['2.65', '2.64', '2.64', '2.63', '2.66'], attacker: ['2.64', '2.65', '2.65', '2.64', '2.65']
2026-05-02 14:38:59 | INFO    | dpfl.core.base_simulator | Round  28/300 | Acc: 0.4110 | Loss: 1.7054 | eps: 13.65 | P: 1.00 R: 0.00 F1: 0.00
2026-05-02 14:38:59 | DEBUG   | dpfl.core.base_simulator | Update norms — honest: ['2.63', '2.64', '2.63', '2.64', '2.64'], attacker: ['2.65', '2.65', '2.63', '2.66', '2.63']
2026-05-02 14:39:00 | INFO    | dpfl.core.base_simulator | Round  29/300 | Acc: 0.4183 | Loss: 1.6872 | eps: 13.77 | P: 1.00 R: 0.00 F1: 0.00
2026-05-02 14:39:00 | DEBUG   | dpfl.core.base_simulator | Update norms — honest: ['2.64', '2.64', '2.65', '2.65', '2.64'], attacker: ['2.65', '2.64', '2.64', '2.64', '2.63']
2026-05-02 14:39:01 | INFO    | dpfl.core.base_simulator | Round  30/300 | Acc: 0.4246 | Loss: 1.6689 | eps: 13.90 | P: 1.00 R: 0.00 F1: 0.00
2026-05-02 14:39:01 | DEBUG   | dpfl.core.base_simulator | Update norms — honest: ['2.64', '2.65', '2.64', '2.65', '2.66'], attacker: ['2.66', '2.64', '2.64', '2.64', '2.64']
2026-05-02 14:39:02 | INFO    | dpfl.core.base_simulator | Round  31/300 | Acc: 0.4306 | Loss: 1.6495 | eps: 14.02 | P: 1.00 R: 0.00 F1: 0.00
2026-05-02 14:39:02 | DEBUG   | dpfl.core.base_simulator | Update norms — honest: ['2.62', '2.64', '2.64', '2.64', '2.63'], attacker: ['2.65', '2.65', '2.65', '2.65', '2.64']
2026-05-02 14:39:03 | INFO    | dpfl.core.base_simulator | Round  32/300 | Acc: 0.4384 | Loss: 1.6281 | eps: 14.15 | P: 1.00 R: 0.00 F1: 0.00
2026-05-02 14:39:03 | DEBUG   | dpfl.core.base_simulator | Update norms — honest: ['2.65', '2.64', '2.62', '2.63', '2.63'], attacker: ['2.65', '2.65', '2.62', '2.63', '2.63']
2026-05-02 14:39:03 | INFO    | dpfl.core.base_simulator | Round  33/300 | Acc: 0.4442 | Loss: 1.6104 | eps: 14.28 | P: 1.00 R: 0.00 F1: 0.00
2026-05-02 14:39:03 | DEBUG   | dpfl.core.base_simulator | Update norms — honest: ['2.64', '2.66', '2.65', '2.66', '2.62'], attacker: ['2.64', '2.63', '2.64', '2.64', '2.66']
2026-05-02 14:39:04 | INFO    | dpfl.core.base_simulator | Round  34/300 | Acc: 0.4515 | Loss: 1.5905 | eps: 14.40 | P: 1.00 R: 0.00 F1: 0.00
2026-05-02 14:39:04 | DEBUG   | dpfl.core.base_simulator | Update norms — honest: ['2.63', '2.64', '2.64', '2.63', '2.63'], attacker: ['2.64', '2.64', '2.64', '2.64', '2.64']
2026-05-02 14:39:05 | INFO    | dpfl.core.base_simulator | Round  35/300 | Acc: 0.4591 | Loss: 1.5700 | eps: 14.53 | P: 1.00 R: 0.00 F1: 0.00
2026-05-02 14:39:05 | DEBUG   | dpfl.core.base_simulator | Update norms — honest: ['2.63', '2.63', '2.63', '2.64', '2.65'], attacker: ['2.65', '2.64', '2.64', '2.63', '2.64']
2026-05-02 14:39:06 | INFO    | dpfl.core.base_simulator | Round  36/300 | Acc: 0.4652 | Loss: 1.5509 | eps: 14.65 | P: 1.00 R: 0.00 F1: 0.00
2026-05-02 14:39:06 | DEBUG   | dpfl.core.base_simulator | Update norms — honest: ['2.63', '2.64', '2.64', '2.65', '2.65'], attacker: ['2.63', '2.65', '2.63', '2.64', '2.62']
2026-05-02 14:39:06 | INFO    | dpfl.core.base_simulator | Round  37/300 | Acc: 0.4711 | Loss: 1.5338 | eps: 14.78 | P: 1.00 R: 0.00 F1: 0.00
2026-05-02 14:39:06 | DEBUG   | dpfl.core.base_simulator | Update norms — honest: ['2.65', '2.63', '2.64', '2.62', '2.63'], attacker: ['2.64', '2.64', '2.63', '2.63', '2.63']
2026-05-02 14:39:07 | INFO    | dpfl.core.base_simulator | Round  38/300 | Acc: 0.4753 | Loss: 1.5182 | eps: 14.91 | P: 1.00 R: 0.00 F1: 0.00
2026-05-02 14:39:07 | DEBUG   | dpfl.core.base_simulator | Update norms — honest: ['2.63', '2.65', '2.65', '2.65', '2.63'], attacker: ['2.64', '2.63', '2.63', '2.63', '2.65']
2026-05-02 14:39:08 | INFO    | dpfl.core.base_simulator | Round  39/300 | Acc: 0.4811 | Loss: 1.5009 | eps: 15.03 | P: 1.00 R: 0.00 F1: 0.00
2026-05-02 14:39:08 | DEBUG   | dpfl.core.base_simulator | Update norms — honest: ['2.65', '2.63', '2.63', '2.64', '2.63'], attacker: ['2.63', '2.62', '2.62', '2.66', '2.64']
2026-05-02 14:39:09 | INFO    | dpfl.core.base_simulator | Round  40/300 | Acc: 0.4876 | Loss: 1.4823 | eps: 15.16 | P: 1.00 R: 0.00 F1: 0.00
2026-05-02 14:39:09 | DEBUG   | dpfl.core.base_simulator | Update norms — honest: ['2.65', '2.64', '2.65', '2.64', '2.65'], attacker: ['2.64', '2.65', '2.64', '2.64', '2.64']
2026-05-02 14:39:10 | INFO    | dpfl.core.base_simulator | Round  41/300 | Acc: 0.4921 | Loss: 1.4670 | eps: 15.28 | P: 1.00 R: 0.00 F1: 0.00
2026-05-02 14:39:10 | DEBUG   | dpfl.core.base_simulator | Update norms — honest: ['2.64', '2.63', '2.63', '2.63', '2.63'], attacker: ['2.63', '2.63', '2.64', '2.64', '2.64']
2026-05-02 14:39:10 | INFO    | dpfl.core.base_simulator | Round  42/300 | Acc: 0.4971 | Loss: 1.4523 | eps: 15.41 | P: 1.00 R: 0.00 F1: 0.00
2026-05-02 14:39:10 | DEBUG   | dpfl.core.base_simulator | Update norms — honest: ['2.64', '2.65', '2.63', '2.64', '2.64'], attacker: ['2.64', '2.64', '2.63', '2.65', '2.65']
2026-05-02 14:39:11 | INFO    | dpfl.core.base_simulator | Round  43/300 | Acc: 0.5042 | Loss: 1.4334 | eps: 15.53 | P: 1.00 R: 0.00 F1: 0.00
2026-05-02 14:39:11 | DEBUG   | dpfl.core.base_simulator | Update norms — honest: ['2.64', '2.64', '2.65', '2.64', '2.64'], attacker: ['2.64', '2.64', '2.63', '2.64', '2.64']
2026-05-02 14:39:12 | INFO    | dpfl.core.base_simulator | Round  44/300 | Acc: 0.5080 | Loss: 1.4197 | eps: 15.66 | P: 1.00 R: 0.00 F1: 0.00
2026-05-02 14:39:12 | DEBUG   | dpfl.core.base_simulator | Update norms — honest: ['2.63', '2.64', '2.64', '2.63', '2.64'], attacker: ['2.66', '2.64', '2.63', '2.62', '2.63']
2026-05-02 14:39:13 | INFO    | dpfl.core.base_simulator | Round  45/300 | Acc: 0.5129 | Loss: 1.4042 | eps: 15.79 | P: 1.00 R: 0.00 F1: 0.00
2026-05-02 14:39:13 | DEBUG   | dpfl.core.base_simulator | Update norms — honest: ['2.65', '2.63', '2.65', '2.65', '2.61'], attacker: ['2.62', '2.63', '2.63', '2.64', '2.64']
2026-05-02 14:39:14 | INFO    | dpfl.core.base_simulator | Round  46/300 | Acc: 0.5185 | Loss: 1.3888 | eps: 15.91 | P: 1.00 R: 0.00 F1: 0.00
2026-05-02 14:39:14 | DEBUG   | dpfl.core.base_simulator | Update norms — honest: ['2.64', '2.65', '2.64', '2.64', '2.63'], attacker: ['2.64', '2.63', '2.64', '2.64', '2.63']
2026-05-02 14:39:14 | INFO    | dpfl.core.base_simulator | Round  47/300 | Acc: 0.5232 | Loss: 1.3731 | eps: 16.04 | P: 1.00 R: 0.00 F1: 0.00
2026-05-02 14:39:14 | DEBUG   | dpfl.core.base_simulator | Update norms — honest: ['2.63', '2.64', '2.63', '2.64', '2.64'], attacker: ['2.64', '2.64', '2.65', '2.63', '2.63']
2026-05-02 14:39:14 | WARNING | dpfl.algorithms.fedavg.simulator | Round  47/300 | Budget exceeded (eps=16.04)
2026-05-02 14:39:16 | INFO    | dpfl | Experiment complete in 217.0s
============================================================
REPORT: DP-SGD Decentralized Federated Learning
============================================================
Timestamp:                  20260502_143537
Rounds completed:           47
Attack-active rounds:       0  (from round 50)
Final accuracy:             0.5232
Final test loss:            1.3731
Final epsilon:              16.04
Best alpha:                 2.0
Avg precision:              0.0000
Avg recall:                 0.0000
Avg F1 score:               0.0000
Avg update norm (honest):   2.6393
Avg update norm (attacker): 2.6394
============================================================
