2026-05-01 15:30:04 | INFO    | dpfl | Experiment start: algorithm=noise_game, dataset=mnist, model=mlp, device=cuda
2026-05-01 15:30:04 | INFO    | dpfl | Config: nodes=300, attackers=60, rounds=50, noise_mode=none, attack=scale
2026-05-01 15:30:04 | INFO    | dpfl.data.mnist_dataset | Loading MNIST dataset...
2026-05-01 15:30:04 | INFO    | dpfl.data.mnist_dataset | MNIST loaded: 60000 train, 10000 test samples
2026-05-01 15:31:12 | INFO    | dpfl.core.base_simulator | Vectorized state ready: param_spec.D=25450, X_test=(10000, 1, 28, 28), train clients N=300, max_n_samples=1200
2026-05-01 15:31:12 | INFO    | dpfl.core.base_simulator | Setup complete: 300 nodes (60 attackers), param_dim=25450, split=iid
2026-05-01 15:31:12 | DEBUG   | dpfl.core.base_simulator | Attacker IDs: {0, 1, 2, 3, 4, 5, 6, 7, 8, 9, 10, 11, 12, 13, 14, 15, 16, 17, 18, 19, 20, 21, 22, 23, 24, 25, 26, 27, 28, 29, 30, 31, 32, 33, 34, 35, 36, 37, 38, 39, 40, 41, 42, 43, 44, 45, 46, 47, 48, 49, 50, 51, 52, 53, 54, 55, 56, 57, 58, 59}
2026-05-01 15:31:23 | INFO    | dpfl.core.base_simulator | Round   1/50 | Acc: 0.1247 | Loss: 4.5352 | eps_max: 3.39 eps_avg: 1.62 | P: 0.00 R: 0.00 F1: 0.00
2026-05-01 15:31:23 | DEBUG   | dpfl.core.base_simulator | Update norms — honest: ['28.60', '28.78', '28.70', '28.55', '28.39'], attacker: ['0.11', '0.10', '0.11', '0.11', '0.11']
2026-05-01 15:31:35 | INFO    | dpfl.core.base_simulator | Round   2/50 | Acc: 0.1603 | Loss: 4.9302 | eps_max: 4.05 eps_avg: 2.70 | P: 0.00 R: 0.00 F1: 0.00
2026-05-01 15:31:35 | DEBUG   | dpfl.core.base_simulator | Update norms — honest: ['28.43', '6.88', '28.31', '28.32', '28.34'], attacker: ['0.10', '0.10', '0.10', '0.10', '0.10']
2026-05-01 15:31:46 | INFO    | dpfl.core.base_simulator | Round   3/50 | Acc: 0.1862 | Loss: 8.4964 | eps_max: 5.07 eps_avg: 3.38 | P: 0.00 R: 0.00 F1: 0.00
2026-05-01 15:31:46 | DEBUG   | dpfl.core.base_simulator | Update norms — honest: ['10.95', '9.28', '56.89', '28.04', '4.49'], attacker: ['0.11', '0.10', '0.11', '0.11', '0.11']
2026-05-01 15:31:59 | INFO    | dpfl.core.base_simulator | Round   4/50 | Acc: 0.2016 | Loss: 17.0597 | eps_max: 5.88 eps_avg: 3.97 | P: 0.00 R: 0.00 F1: 0.00
2026-05-01 15:31:59 | DEBUG   | dpfl.core.base_simulator | Update norms — honest: ['27.90', '27.56', '59.74', '57.89', '54.08'], attacker: ['0.11', '0.11', '0.10', '0.11', '0.11']
2026-05-01 15:32:11 | INFO    | dpfl.core.base_simulator | Round   5/50 | Acc: 0.2083 | Loss: 28.8373 | eps_max: 6.67 eps_avg: 4.50 | P: 0.00 R: 0.00 F1: 0.00
2026-05-01 15:32:11 | DEBUG   | dpfl.core.base_simulator | Update norms — honest: ['1.99', '67.86', '46.49', '64.04', '0.70'], attacker: ['0.11', '0.11', '0.11', '0.11', '0.11']
2026-05-01 15:32:22 | INFO    | dpfl.core.base_simulator | Round   6/50 | Acc: 0.2219 | Loss: 47.6982 | eps_max: 7.56 eps_avg: 4.93 | P: 0.00 R: 0.00 F1: 0.00
2026-05-01 15:32:22 | DEBUG   | dpfl.core.base_simulator | Update norms — honest: ['77.69', '58.21', '72.25', '47.89', '5.57'], attacker: ['0.10', '0.11', '0.11', '0.11', '0.11']
2026-05-01 15:32:33 | INFO    | dpfl.core.base_simulator | Round   7/50 | Acc: 0.2281 | Loss: 66.9853 | eps_max: 8.10 eps_avg: 5.36 | P: 0.00 R: 0.00 F1: 0.00
2026-05-01 15:32:33 | DEBUG   | dpfl.core.base_simulator | Update norms — honest: ['9.06', '77.20', '34.35', '59.38', '35.03'], attacker: ['0.10', '0.11', '0.11', '0.11', '0.11']
2026-05-01 15:32:46 | INFO    | dpfl.core.base_simulator | Round   8/50 | Acc: 0.2335 | Loss: 94.4908 | eps_max: 8.66 eps_avg: 5.80 | P: 0.00 R: 0.00 F1: 0.00
2026-05-01 15:32:46 | DEBUG   | dpfl.core.base_simulator | Update norms — honest: ['56.18', '34.15', '77.96', '63.52', '54.91'], attacker: ['0.10', '0.10', '0.11', '0.10', '0.11']
2026-05-01 15:32:56 | INFO    | dpfl.core.base_simulator | Round   9/50 | Acc: 0.2472 | Loss: 119.8653 | eps_max: 9.23 eps_avg: 6.19 | P: 0.00 R: 0.00 F1: 0.00
2026-05-01 15:32:56 | DEBUG   | dpfl.core.base_simulator | Update norms — honest: ['49.35', '60.95', '65.71', '41.66', '58.93'], attacker: ['0.10', '0.10', '0.10', '0.10', '0.10']
2026-05-01 15:33:06 | INFO    | dpfl.core.base_simulator | Round  10/50 | Acc: 0.2629 | Loss: 146.0486 | eps_max: 9.81 eps_avg: 6.52 | P: 0.00 R: 0.00 F1: 0.00
2026-05-01 15:33:06 | DEBUG   | dpfl.core.base_simulator | Update norms — honest: ['85.08', '64.67', '41.79', '63.62', '77.53'], attacker: ['0.09', '0.10', '0.10', '0.10', '0.10']
2026-05-01 15:33:17 | INFO    | dpfl.core.base_simulator | Round  11/50 | Acc: 0.2783 | Loss: 170.2605 | eps_max: 10.40 eps_avg: 6.86 | P: 0.00 R: 0.00 F1: 0.00
2026-05-01 15:33:17 | DEBUG   | dpfl.core.base_simulator | Update norms — honest: ['57.52', '58.15', '85.26', '81.29', '78.00'], attacker: ['0.09', '0.09', '0.09', '0.09', '0.10']
2026-05-01 15:33:28 | INFO    | dpfl.core.base_simulator | Round  12/50 | Acc: 0.2856 | Loss: 204.8927 | eps_max: 10.40 eps_avg: 7.23 | P: 0.00 R: 0.00 F1: 0.00
2026-05-01 15:33:28 | DEBUG   | dpfl.core.base_simulator | Update norms — honest: ['57.74', '68.87', '88.84', '74.16', '88.33'], attacker: ['0.08', '0.09', '0.09', '0.09', '0.09']
2026-05-01 15:33:39 | INFO    | dpfl.core.base_simulator | Round  13/50 | Acc: 0.2964 | Loss: 242.8457 | eps_max: 10.40 eps_avg: 7.57 | P: 0.00 R: 0.00 F1: 0.00
2026-05-01 15:33:39 | DEBUG   | dpfl.core.base_simulator | Update norms — honest: ['87.01', '81.75', '87.65', '87.17', '85.62'], attacker: ['0.08', '0.08', '0.08', '0.08', '0.09']
2026-05-01 15:33:50 | INFO    | dpfl.core.base_simulator | Round  14/50 | Acc: 0.3111 | Loss: 276.1388 | eps_max: 10.92 eps_avg: 7.88 | P: 0.00 R: 0.00 F1: 0.00
2026-05-01 15:33:50 | DEBUG   | dpfl.core.base_simulator | Update norms — honest: ['70.67', '84.18', '89.17', '69.27', '76.86'], attacker: ['0.08', '0.08', '0.08', '0.08', '0.08']
2026-05-01 15:35:11 | INFO    | dpfl.core.base_simulator | Round  15/50 | Acc: 0.3246 | Loss: 308.5638 | eps_max: 11.49 eps_avg: 8.17 | P: 0.00 R: 0.00 F1: 0.00
2026-05-01 15:35:11 | DEBUG   | dpfl.core.base_simulator | Update norms — honest: ['77.73', '90.28', '77.00', '66.70', '81.25'], attacker: ['0.07', '0.07', '0.07', '0.08', '0.08']
2026-05-01 15:35:22 | INFO    | dpfl.core.base_simulator | Round  16/50 | Acc: 0.3359 | Loss: 342.5550 | eps_max: 11.73 eps_avg: 8.46 | P: 0.00 R: 0.00 F1: 0.00
2026-05-01 15:35:22 | DEBUG   | dpfl.core.base_simulator | Update norms — honest: ['62.30', '80.84', '71.28', '79.90', '79.18'], attacker: ['0.08', '0.08', '0.08', '0.08', '0.08']
2026-05-01 15:35:33 | INFO    | dpfl.core.base_simulator | Round  17/50 | Acc: 0.3469 | Loss: 381.9470 | eps_max: 11.76 eps_avg: 8.76 | P: 0.00 R: 0.00 F1: 0.00
2026-05-01 15:35:33 | DEBUG   | dpfl.core.base_simulator | Update norms — honest: ['69.11', '84.92', '79.26', '61.13', '74.57'], attacker: ['0.07', '0.07', '0.07', '0.07', '0.07']
2026-05-01 15:35:43 | INFO    | dpfl.core.base_simulator | Round  18/50 | Acc: 0.3569 | Loss: 422.8358 | eps_max: 12.21 eps_avg: 9.05 | P: 0.00 R: 0.00 F1: 0.00
2026-05-01 15:35:43 | DEBUG   | dpfl.core.base_simulator | Update norms — honest: ['73.52', '86.16', '75.99', '80.73', '73.77'], attacker: ['0.09', '0.10', '0.08', '0.10', '0.09']
2026-05-01 15:35:54 | INFO    | dpfl.core.base_simulator | Round  19/50 | Acc: 0.3644 | Loss: 472.3112 | eps_max: 12.68 eps_avg: 9.36 | P: 0.00 R: 0.00 F1: 0.00
2026-05-01 15:35:54 | DEBUG   | dpfl.core.base_simulator | Update norms — honest: ['80.45', '87.46', '86.34', '88.22', '86.89'], attacker: ['0.11', '0.12', '0.10', '0.11', '0.10']
2026-05-01 15:36:05 | INFO    | dpfl.core.base_simulator | Round  20/50 | Acc: 0.3729 | Loss: 521.8935 | eps_max: 12.68 eps_avg: 9.67 | P: 0.00 R: 0.00 F1: 0.00
2026-05-01 15:36:05 | DEBUG   | dpfl.core.base_simulator | Update norms — honest: ['87.80', '88.28', '85.43', '89.38', '77.73'], attacker: ['0.13', '0.13', '0.12', '0.13', '0.13']
2026-05-01 15:36:16 | INFO    | dpfl.core.base_simulator | Round  21/50 | Acc: 0.3830 | Loss: 559.3999 | eps_max: 12.68 eps_avg: 9.96 | P: 0.36 R: 0.90 F1: 0.51
2026-05-01 15:36:16 | DEBUG   | dpfl.core.base_simulator | Update norms — honest: ['88.26', '79.75', '78.79', '74.86', '82.01'], attacker: ['1.00', '1.00', '1.00', '1.00', '1.00']
2026-05-01 15:36:26 | INFO    | dpfl.core.base_simulator | Round  22/50 | Acc: 0.3930 | Loss: 605.8909 | eps_max: 12.68 eps_avg: 10.24 | P: 0.37 R: 0.90 F1: 0.52
2026-05-01 15:36:26 | DEBUG   | dpfl.core.base_simulator | Update norms — honest: ['79.85', '87.08', '79.91', '76.97', '87.86'], attacker: ['1.00', '1.00', '1.00', '1.00', '1.00']
2026-05-01 15:36:37 | INFO    | dpfl.core.base_simulator | Round  23/50 | Acc: 0.4020 | Loss: 659.9782 | eps_max: 13.07 eps_avg: 10.54 | P: 0.37 R: 0.90 F1: 0.52
2026-05-01 15:36:37 | DEBUG   | dpfl.core.base_simulator | Update norms — honest: ['70.01', '84.34', '90.50', '86.00', '77.03'], attacker: ['1.00', '1.00', '1.00', '1.00', '1.00']
2026-05-01 15:36:47 | INFO    | dpfl.core.base_simulator | Round  24/50 | Acc: 0.4127 | Loss: 694.3737 | eps_max: 13.43 eps_avg: 10.79 | P: 0.40 R: 0.90 F1: 0.56
2026-05-01 15:36:47 | DEBUG   | dpfl.core.base_simulator | Update norms — honest: ['91.11', '85.05', '82.83', '85.71', '85.18'], attacker: ['1.00', '1.00', '1.00', '1.00', '1.00']
2026-05-01 15:36:59 | INFO    | dpfl.core.base_simulator | Round  25/50 | Acc: 0.4161 | Loss: 766.0007 | eps_max: 13.93 eps_avg: 11.10 | P: 0.33 R: 0.89 F1: 0.48
2026-05-01 15:36:59 | DEBUG   | dpfl.core.base_simulator | Update norms — honest: ['86.92', '81.03', '85.29', '85.26', '64.07'], attacker: ['1.00', '1.00', '1.00', '1.00', '1.00']
2026-05-01 15:37:10 | INFO    | dpfl.core.base_simulator | Round  26/50 | Acc: 0.4227 | Loss: 819.3643 | eps_max: 14.18 eps_avg: 11.38 | P: 0.36 R: 0.90 F1: 0.51
2026-05-01 15:37:10 | DEBUG   | dpfl.core.base_simulator | Update norms — honest: ['76.11', '81.55', '86.42', '77.80', '89.98'], attacker: ['1.00', '1.00', '1.00', '1.00', '1.00']
2026-05-01 15:37:21 | INFO    | dpfl.core.base_simulator | Round  27/50 | Acc: 0.4275 | Loss: 873.2736 | eps_max: 14.71 eps_avg: 11.67 | P: 0.36 R: 0.90 F1: 0.51
2026-05-01 15:37:21 | DEBUG   | dpfl.core.base_simulator | Update norms — honest: ['88.59', '69.72', '86.65', '87.81', '89.38'], attacker: ['1.00', '1.00', '1.00', '1.00', '1.00']
2026-05-01 15:37:31 | INFO    | dpfl.core.base_simulator | Round  28/50 | Acc: 0.4377 | Loss: 903.6637 | eps_max: 14.71 eps_avg: 11.92 | P: 0.40 R: 0.90 F1: 0.55
2026-05-01 15:37:31 | DEBUG   | dpfl.core.base_simulator | Update norms — honest: ['77.80', '87.75', '76.62', '91.02', '73.81'], attacker: ['1.00', '1.00', '1.00', '1.00', '1.00']
2026-05-01 15:37:43 | INFO    | dpfl.core.base_simulator | Round  29/50 | Acc: 0.4415 | Loss: 963.1053 | eps_max: 15.19 eps_avg: 12.19 | P: 0.35 R: 0.89 F1: 0.50
2026-05-01 15:37:43 | DEBUG   | dpfl.core.base_simulator | Update norms — honest: ['73.98', '80.93', '89.21', '78.96', '88.65'], attacker: ['1.00', '1.00', '1.00', '1.00', '1.00']
2026-05-01 15:37:53 | INFO    | dpfl.core.base_simulator | Round  30/50 | Acc: 0.4487 | Loss: 1016.3066 | eps_max: 15.36 eps_avg: 12.46 | P: 0.36 R: 0.90 F1: 0.52
2026-05-01 15:37:53 | DEBUG   | dpfl.core.base_simulator | Update norms — honest: ['83.70', '86.62', '80.55', '71.46', '88.62'], attacker: ['1.00', '1.00', '1.00', '1.00', '1.00']
2026-05-01 15:38:05 | INFO    | dpfl.core.base_simulator | Round  31/50 | Acc: 0.4531 | Loss: 1081.3072 | eps_max: 15.55 eps_avg: 12.75 | P: 0.35 R: 0.90 F1: 0.50
2026-05-01 15:38:05 | DEBUG   | dpfl.core.base_simulator | Update norms — honest: ['73.00', '86.88', '84.02', '83.08', '82.26'], attacker: ['1.00', '1.00', '1.00', '1.00', '1.00']
2026-05-01 15:38:16 | INFO    | dpfl.core.base_simulator | Round  32/50 | Acc: 0.4586 | Loss: 1134.7589 | eps_max: 15.89 eps_avg: 13.02 | P: 0.37 R: 0.89 F1: 0.52
2026-05-01 15:38:16 | DEBUG   | dpfl.core.base_simulator | Update norms — honest: ['86.17', '85.69', '83.30', '88.17', '84.44'], attacker: ['1.00', '1.00', '1.00', '1.00', '1.00']
2026-05-01 15:38:27 | INFO    | dpfl.core.base_simulator | Round  33/50 | Acc: 0.4630 | Loss: 1186.1515 | eps_max: 16.20 eps_avg: 13.29 | P: 0.36 R: 0.90 F1: 0.52
2026-05-01 15:38:27 | DEBUG   | dpfl.core.base_simulator | Update norms — honest: ['86.45', '85.41', '87.35', '86.70', '86.99'], attacker: ['1.00', '1.00', '1.00', '1.00', '1.00']
2026-05-01 15:38:38 | INFO    | dpfl.core.base_simulator | Round  34/50 | Acc: 0.4671 | Loss: 1253.7689 | eps_max: 16.77 eps_avg: 13.58 | P: 0.35 R: 0.90 F1: 0.50
2026-05-01 15:38:38 | DEBUG   | dpfl.core.base_simulator | Update norms — honest: ['84.00', '85.85', '80.56', '88.77', '84.38'], attacker: ['1.00', '1.00', '1.00', '1.00', '1.00']
2026-05-01 15:38:49 | INFO    | dpfl.core.base_simulator | Round  35/50 | Acc: 0.4717 | Loss: 1318.2649 | eps_max: 17.40 eps_avg: 13.86 | P: 0.35 R: 0.90 F1: 0.50
2026-05-01 15:38:49 | DEBUG   | dpfl.core.base_simulator | Update norms — honest: ['76.52', '86.91', '82.88', '82.90', '85.94'], attacker: ['1.00', '1.00', '1.00', '1.00', '1.00']
2026-05-01 15:38:59 | INFO    | dpfl.core.base_simulator | Round  36/50 | Acc: 0.4765 | Loss: 1373.3081 | eps_max: 17.99 eps_avg: 14.14 | P: 0.36 R: 0.89 F1: 0.51
2026-05-01 15:38:59 | DEBUG   | dpfl.core.base_simulator | Update norms — honest: ['85.68', '85.40', '83.35', '89.17', '75.50'], attacker: ['1.00', '1.00', '1.00', '1.00', '1.00']
2026-05-01 15:39:09 | INFO    | dpfl.core.base_simulator | Round  37/50 | Acc: 0.4833 | Loss: 1410.6256 | eps_max: 17.99 eps_avg: 14.40 | P: 0.39 R: 0.90 F1: 0.55
2026-05-01 15:39:09 | DEBUG   | dpfl.core.base_simulator | Update norms — honest: ['82.68', '82.97', '84.22', '89.46', '87.13'], attacker: ['1.00', '1.00', '1.00', '1.00', '1.00']
2026-05-01 15:39:19 | INFO    | dpfl.core.base_simulator | Round  38/50 | Acc: 0.4872 | Loss: 1462.0398 | eps_max: 18.22 eps_avg: 14.67 | P: 0.38 R: 0.90 F1: 0.53
2026-05-01 15:39:19 | DEBUG   | dpfl.core.base_simulator | Update norms — honest: ['87.13', '88.38', '77.79', '81.21', '73.15'], attacker: ['1.00', '1.00', '1.00', '1.00', '1.00']
2026-05-01 15:39:32 | INFO    | dpfl.core.base_simulator | Round  39/50 | Acc: 0.4880 | Loss: 1550.5575 | eps_max: 18.80 eps_avg: 15.01 | P: 0.31 R: 0.89 F1: 0.47
2026-05-01 15:39:32 | DEBUG   | dpfl.core.base_simulator | Update norms — honest: ['84.82', '86.73', '86.21', '87.70', '85.00'], attacker: ['1.00', '1.00', '1.00', '1.00', '1.00']
2026-05-01 15:39:42 | INFO    | dpfl.core.base_simulator | Round  40/50 | Acc: 0.4924 | Loss: 1604.4634 | eps_max: 19.13 eps_avg: 15.29 | P: 0.36 R: 0.90 F1: 0.52
2026-05-01 15:39:42 | DEBUG   | dpfl.core.base_simulator | Update norms — honest: ['87.22', '73.19', '68.94', '86.53', '88.20'], attacker: ['1.00', '1.00', '1.00', '1.00', '1.00']
2026-05-01 15:39:53 | INFO    | dpfl.core.base_simulator | Round  41/50 | Acc: 0.4959 | Loss: 1666.1962 | eps_max: 19.62 eps_avg: 15.59 | P: 0.36 R: 0.90 F1: 0.52
2026-05-01 15:39:53 | DEBUG   | dpfl.core.base_simulator | Update norms — honest: ['74.48', '87.90', '84.97', '84.78', '74.46'], attacker: ['1.00', '1.00', '1.00', '1.00', '1.00']
2026-05-01 15:40:04 | INFO    | dpfl.core.base_simulator | Round  42/50 | Acc: 0.4995 | Loss: 1733.9870 | eps_max: 20.10 eps_avg: 15.90 | P: 0.36 R: 0.89 F1: 0.51
2026-05-01 15:40:04 | DEBUG   | dpfl.core.base_simulator | Update norms — honest: ['78.70', '83.92', '83.74', '81.92', '82.63'], attacker: ['1.00', '1.00', '1.00', '1.00', '1.00']
2026-05-01 15:40:15 | INFO    | dpfl.core.base_simulator | Round  43/50 | Acc: 0.5035 | Loss: 1801.9544 | eps_max: 20.59 eps_avg: 16.19 | P: 0.35 R: 0.90 F1: 0.50
2026-05-01 15:40:15 | DEBUG   | dpfl.core.base_simulator | Update norms — honest: ['73.92', '79.78', '81.98', '82.45', '81.94'], attacker: ['1.00', '1.00', '1.00', '1.00', '1.00']
2026-05-01 15:40:25 | INFO    | dpfl.core.base_simulator | Round  44/50 | Acc: 0.5075 | Loss: 1859.4104 | eps_max: 21.11 eps_avg: 16.48 | P: 0.36 R: 0.89 F1: 0.51
2026-05-01 15:40:25 | DEBUG   | dpfl.core.base_simulator | Update norms — honest: ['79.35', '75.07', '86.00', '79.39', '71.27'], attacker: ['1.00', '1.00', '1.00', '1.00', '1.00']
2026-05-01 15:40:37 | INFO    | dpfl.core.base_simulator | Round  45/50 | Acc: 0.5097 | Loss: 1933.8102 | eps_max: 21.63 eps_avg: 16.80 | P: 0.34 R: 0.90 F1: 0.49
2026-05-01 15:40:37 | DEBUG   | dpfl.core.base_simulator | Update norms — honest: ['79.88', '72.66', '82.78', '76.58', '85.00'], attacker: ['1.00', '1.00', '1.00', '1.00', '1.00']
2026-05-01 15:40:48 | INFO    | dpfl.core.base_simulator | Round  46/50 | Acc: 0.5123 | Loss: 1998.8902 | eps_max: 21.63 eps_avg: 17.10 | P: 0.34 R: 0.89 F1: 0.49
2026-05-01 15:40:48 | DEBUG   | dpfl.core.base_simulator | Update norms — honest: ['75.11', '62.19', '86.33', '85.55', '64.58'], attacker: ['1.00', '1.00', '1.00', '1.00', '1.00']
2026-05-01 15:40:58 | INFO    | dpfl.core.base_simulator | Round  47/50 | Acc: 0.5144 | Loss: nan | eps_max: 21.73 eps_avg: 17.38 | P: 0.37 R: 0.90 F1: 0.53
2026-05-01 15:40:58 | DEBUG   | dpfl.core.base_simulator | Update norms — honest: ['82.44', '76.37', '82.15', '71.91', '72.54'], attacker: ['1.00', '1.00', '1.00', 'nan', '1.00']
2026-05-01 15:41:09 | INFO    | dpfl.core.base_simulator | Round  48/50 | Acc: 0.4174 | Loss: nan | eps_max: 21.73 eps_avg: 17.68 | P: 0.36 R: 0.91 F1: 0.52
2026-05-01 15:41:09 | DEBUG   | dpfl.core.base_simulator | Update norms — honest: ['81.67', '73.21', '80.98', '85.78', '73.47'], attacker: ['nan', 'nan', 'nan', 'nan', 'nan']
2026-05-01 15:41:19 | INFO    | dpfl.core.base_simulator | Round  49/50 | Acc: 0.3025 | Loss: nan | eps_max: 22.12 eps_avg: 17.92 | P: 0.33 R: 0.91 F1: 0.48
2026-05-01 15:41:19 | DEBUG   | dpfl.core.base_simulator | Update norms — honest: ['78.00', '82.06', 'nan', '80.29', '63.55'], attacker: ['nan', 'nan', 'nan', 'nan', 'nan']
2026-05-01 15:41:26 | INFO    | dpfl.core.base_simulator | Round  50/50 | Acc: 0.2138 | Loss: nan | eps_max: 22.15 eps_avg: 18.04 | P: 0.39 R: 0.92 F1: 0.54
2026-05-01 15:41:26 | DEBUG   | dpfl.core.base_simulator | Update norms — honest: ['74.37', 'nan', 'nan', 'nan', 'nan'], attacker: ['nan', 'nan', 'nan', 'nan', 'nan']
2026-05-01 15:41:28 | INFO    | dpfl | Experiment complete in 681.9s
============================================================
REPORT: DP-SGD Decentralized Federated Learning
============================================================
Timestamp:                  20260501_153004
Rounds completed:           50
Attack-active rounds:       30  (from round 20)
Final accuracy:             0.2138
Final test loss:            nan
Final epsilon (max honest): 22.15
Final epsilon (avg honest): 18.04
Best alpha:                 1000.0
Avg precision:              0.3595
Avg recall:                 0.8976
Avg F1 score:               0.5131
Avg update norm (honest):   nan
Avg update norm (attacker): nan

=== PER-NODE PRIVACY COST (final round) ===
Node   0 (attacker)  eps = —          sigma = —       (not tracked)
Node   1 (attacker)  eps = —          sigma = —       (not tracked)
Node   2 (attacker)  eps = —          sigma = —       (not tracked)
Node   3 (attacker)  eps = —          sigma = —       (not tracked)
Node   4 (attacker)  eps = —          sigma = —       (not tracked)
Node   5 (attacker)  eps = —          sigma = —       (not tracked)
Node   6 (attacker)  eps = —          sigma = —       (not tracked)
Node   7 (attacker)  eps = —          sigma = —       (not tracked)
Node   8 (attacker)  eps = —          sigma = —       (not tracked)
Node   9 (attacker)  eps = —          sigma = —       (not tracked)
Node  10 (attacker)  eps = —          sigma = —       (not tracked)
Node  11 (attacker)  eps = —          sigma = —       (not tracked)
Node  12 (attacker)  eps = —          sigma = —       (not tracked)
Node  13 (attacker)  eps = —          sigma = —       (not tracked)
Node  14 (attacker)  eps = —          sigma = —       (not tracked)
Node  15 (attacker)  eps = —          sigma = —       (not tracked)
Node  16 (attacker)  eps = —          sigma = —       (not tracked)
Node  17 (attacker)  eps = —          sigma = —       (not tracked)
Node  18 (attacker)  eps = —          sigma = —       (not tracked)
Node  19 (attacker)  eps = —          sigma = —       (not tracked)
Node  20 (attacker)  eps = —          sigma = —       (not tracked)
Node  21 (attacker)  eps = —          sigma = —       (not tracked)
Node  22 (attacker)  eps = —          sigma = —       (not tracked)
Node  23 (attacker)  eps = —          sigma = —       (not tracked)
Node  24 (attacker)  eps = —          sigma = —       (not tracked)
Node  25 (attacker)  eps = —          sigma = —       (not tracked)
Node  26 (attacker)  eps = —          sigma = —       (not tracked)
Node  27 (attacker)  eps = —          sigma = —       (not tracked)
Node  28 (attacker)  eps = —          sigma = —       (not tracked)
Node  29 (attacker)  eps = —          sigma = —       (not tracked)
Node  30 (attacker)  eps = —          sigma = —       (not tracked)
Node  31 (attacker)  eps = —          sigma = —       (not tracked)
Node  32 (attacker)  eps = —          sigma = —       (not tracked)
Node  33 (attacker)  eps = —          sigma = —       (not tracked)
Node  34 (attacker)  eps = —          sigma = —       (not tracked)
Node  35 (attacker)  eps = —          sigma = —       (not tracked)
Node  36 (attacker)  eps = —          sigma = —       (not tracked)
Node  37 (attacker)  eps = —          sigma = —       (not tracked)
Node  38 (attacker)  eps = —          sigma = —       (not tracked)
Node  39 (attacker)  eps = —          sigma = —       (not tracked)
Node  40 (attacker)  eps = —          sigma = —       (not tracked)
Node  41 (attacker)  eps = —          sigma = —       (not tracked)
Node  42 (attacker)  eps = —          sigma = —       (not tracked)
Node  43 (attacker)  eps = —          sigma = —       (not tracked)
Node  44 (attacker)  eps = —          sigma = —       (not tracked)
Node  45 (attacker)  eps = —          sigma = —       (not tracked)
Node  46 (attacker)  eps = —          sigma = —       (not tracked)
Node  47 (attacker)  eps = —          sigma = —       (not tracked)
Node  48 (attacker)  eps = —          sigma = —       (not tracked)
Node  49 (attacker)  eps = —          sigma = —       (not tracked)
Node  50 (attacker)  eps = —          sigma = —       (not tracked)
Node  51 (attacker)  eps = —          sigma = —       (not tracked)
Node  52 (attacker)  eps = —          sigma = —       (not tracked)
Node  53 (attacker)  eps = —          sigma = —       (not tracked)
Node  54 (attacker)  eps = —          sigma = —       (not tracked)
Node  55 (attacker)  eps = —          sigma = —       (not tracked)
Node  56 (attacker)  eps = —          sigma = —       (not tracked)
Node  57 (attacker)  eps = —          sigma = —       (not tracked)
Node  58 (attacker)  eps = —          sigma = —       (not tracked)
Node  59 (attacker)  eps = —          sigma = —       (not tracked)
Node  60 (honest  )  eps =  17.3653  sigma =  1.463  frozen = False
Node  61 (honest  )  eps =  18.2325  sigma =    nan  frozen = False
Node  62 (honest  )  eps =  20.0531  sigma =    nan  frozen = False
Node  63 (honest  )  eps =  17.2071  sigma =  0.000  frozen = False
Node  64 (honest  )  eps =  14.5243  sigma =  0.000  frozen = False
Node  65 (honest  )  eps =  16.7789  sigma =  0.000  frozen = False
Node  66 (honest  )  eps =  19.9999  sigma =  0.000  frozen = False
Node  67 (honest  )  eps =  18.5647  sigma =  0.000  frozen = False
Node  68 (honest  )  eps =  19.3982  sigma =    nan  frozen = False
Node  69 (honest  )  eps =  17.7514  sigma =    nan  frozen = False
Node  70 (honest  )  eps =  18.9471  sigma =  1.465  frozen = False
Node  71 (honest  )  eps =  18.2924  sigma =  1.410  frozen = False
Node  72 (honest  )  eps =  18.1841  sigma =  1.515  frozen = False
Node  73 (honest  )  eps =  16.1024  sigma =  0.000  frozen = False
Node  74 (honest  )  eps =  17.7518  sigma =  0.000  frozen = False
Node  75 (honest  )  eps =  17.0252  sigma =  0.000  frozen = False
Node  76 (honest  )  eps =  17.3254  sigma =  0.000  frozen = False
Node  77 (honest  )  eps =  20.4024  sigma =    nan  frozen = False
Node  78 (honest  )  eps =  18.5625  sigma =  0.000  frozen = False
Node  79 (honest  )  eps =  18.3057  sigma =    nan  frozen = False
Node  80 (honest  )  eps =  16.7511  sigma =  0.000  frozen = False
Node  81 (honest  )  eps =  22.1489  sigma =  1.516  frozen = False
Node  82 (honest  )  eps =  16.2537  sigma =  0.000  frozen = False
Node  83 (honest  )  eps =  16.1011  sigma =    nan  frozen = False
Node  84 (honest  )  eps =  17.1110  sigma =  1.490  frozen = False
Node  85 (honest  )  eps =  18.8946  sigma =  1.398  frozen = False
Node  86 (honest  )  eps =  17.0836  sigma =  0.000  frozen = False
Node  87 (honest  )  eps =  20.8465  sigma =  0.000  frozen = False
Node  88 (honest  )  eps =  19.6273  sigma =    nan  frozen = False
Node  89 (honest  )  eps =  20.6119  sigma =  1.449  frozen = False
Node  90 (honest  )  eps =  17.3547  sigma =  0.000  frozen = False
Node  91 (honest  )  eps =  19.0442  sigma =  1.382  frozen = False
Node  92 (honest  )  eps =  17.9829  sigma =  1.507  frozen = False
Node  93 (honest  )  eps =  18.8019  sigma =  0.000  frozen = False
Node  94 (honest  )  eps =  18.4195  sigma =  0.000  frozen = False
Node  95 (honest  )  eps =  22.0692  sigma =  1.420  frozen = False
Node  96 (honest  )  eps =  18.1331  sigma =  0.000  frozen = False
Node  97 (honest  )  eps =  17.9355  sigma =    nan  frozen = False
Node  98 (honest  )  eps =  20.5685  sigma =  1.353  frozen = False
Node  99 (honest  )  eps =  19.0032  sigma =  0.000  frozen = False
Node 100 (honest  )  eps =  15.6505  sigma =  0.000  frozen = False
Node 101 (honest  )  eps =  16.8352  sigma =    nan  frozen = False
Node 102 (honest  )  eps =  21.7834  sigma =  0.000  frozen = False
Node 103 (honest  )  eps =  15.1992  sigma =  0.000  frozen = False
Node 104 (honest  )  eps =  18.1362  sigma =    nan  frozen = False
Node 105 (honest  )  eps =  15.5080  sigma =  1.338  frozen = False
Node 106 (honest  )  eps =  16.6509  sigma =  0.000  frozen = False
Node 107 (honest  )  eps =  16.0541  sigma =  0.000  frozen = False
Node 108 (honest  )  eps =  18.6722  sigma =    nan  frozen = False
Node 109 (honest  )  eps =  17.7280  sigma =  0.000  frozen = False
Node 110 (honest  )  eps =  17.9160  sigma =    nan  frozen = False
Node 111 (honest  )  eps =  16.6251  sigma =  0.000  frozen = False
Node 112 (honest  )  eps =  17.7191  sigma =    nan  frozen = False
Node 113 (honest  )  eps =  15.1048  sigma =  0.000  frozen = False
Node 114 (honest  )  eps =  20.6085  sigma =    nan  frozen = False
Node 115 (honest  )  eps =  16.4648  sigma =    nan  frozen = False
Node 116 (honest  )  eps =  16.0962  sigma =  0.000  frozen = False
Node 117 (honest  )  eps =  19.6070  sigma =    nan  frozen = False
Node 118 (honest  )  eps =  17.4343  sigma =  0.000  frozen = False
Node 119 (honest  )  eps =  18.2126  sigma =  1.372  frozen = False
Node 120 (honest  )  eps =  18.1870  sigma =    nan  frozen = False
Node 121 (honest  )  eps =  17.5006  sigma =    nan  frozen = False
Node 122 (honest  )  eps =  15.9466  sigma =    nan  frozen = False
Node 123 (honest  )  eps =  18.5912  sigma =  0.000  frozen = False
Node 124 (honest  )  eps =  18.3831  sigma =  0.000  frozen = False
Node 125 (honest  )  eps =  14.5542  sigma =  1.466  frozen = False
Node 126 (honest  )  eps =  15.4161  sigma =  0.000  frozen = False
Node 127 (honest  )  eps =  18.3234  sigma =  0.000  frozen = False
Node 128 (honest  )  eps =  19.5676  sigma =  0.000  frozen = False
Node 129 (honest  )  eps =  16.6817  sigma =  0.000  frozen = False
Node 130 (honest  )  eps =  20.1569  sigma =    nan  frozen = False
Node 131 (honest  )  eps =  19.1472  sigma =    nan  frozen = False
Node 132 (honest  )  eps =  15.6721  sigma =    nan  frozen = False
Node 133 (honest  )  eps =  17.9799  sigma =  0.000  frozen = False
Node 134 (honest  )  eps =  17.2037  sigma =  0.000  frozen = False
Node 135 (honest  )  eps =  19.5400  sigma =  1.472  frozen = False
Node 136 (honest  )  eps =  17.2374  sigma =  0.000  frozen = False
Node 137 (honest  )  eps =  19.8528  sigma =  0.000  frozen = False
Node 138 (honest  )  eps =  18.7444  sigma =  1.350  frozen = False
Node 139 (honest  )  eps =  20.5458  sigma =  1.349  frozen = False
Node 140 (honest  )  eps =  17.8290  sigma =  0.000  frozen = False
Node 141 (honest  )  eps =  20.1958  sigma =    nan  frozen = False
Node 142 (honest  )  eps =  18.7636  sigma =    nan  frozen = False
Node 143 (honest  )  eps =  19.0610  sigma =  0.000  frozen = False
Node 144 (honest  )  eps =  17.5629  sigma =  0.000  frozen = False
Node 145 (honest  )  eps =  17.1660  sigma =  0.000  frozen = False
Node 146 (honest  )  eps =  21.0918  sigma =  0.000  frozen = False
Node 147 (honest  )  eps =  20.6760  sigma =  1.352  frozen = False
Node 148 (honest  )  eps =  18.6761  sigma =  0.000  frozen = False
Node 149 (honest  )  eps =  14.4083  sigma =  0.000  frozen = False
Node 150 (honest  )  eps =  17.9791  sigma =    nan  frozen = False
Node 151 (honest  )  eps =  20.7668  sigma =    nan  frozen = False
Node 152 (honest  )  eps =  16.8218  sigma =  0.000  frozen = False
Node 153 (honest  )  eps =  17.8951  sigma =    nan  frozen = False
Node 154 (honest  )  eps =  14.2001  sigma =  1.522  frozen = False
Node 155 (honest  )  eps =  19.5286  sigma =  1.413  frozen = False
Node 156 (honest  )  eps =  18.7996  sigma =  0.000  frozen = False
Node 157 (honest  )  eps =  17.4823  sigma =  0.000  frozen = False
Node 158 (honest  )  eps =  21.0784  sigma =  1.331  frozen = False
Node 159 (honest  )  eps =  17.3160  sigma =  0.000  frozen = False
Node 160 (honest  )  eps =  17.4709  sigma =  0.000  frozen = False
Node 161 (honest  )  eps =  18.5196  sigma =  0.000  frozen = False
Node 162 (honest  )  eps =  17.2173  sigma =  1.581  frozen = False
Node 163 (honest  )  eps =  18.7647  sigma =  1.519  frozen = False
Node 164 (honest  )  eps =  16.9912  sigma =  0.000  frozen = False
Node 165 (honest  )  eps =  18.7206  sigma =  0.000  frozen = False
Node 166 (honest  )  eps =  19.6548  sigma =  0.000  frozen = False
Node 167 (honest  )  eps =  16.4352  sigma =  0.000  frozen = False
Node 168 (honest  )  eps =  20.4807  sigma =  0.000  frozen = False
Node 169 (honest  )  eps =  19.9118  sigma =  1.429  frozen = False
Node 170 (honest  )  eps =  18.9727  sigma =  0.000  frozen = False
Node 171 (honest  )  eps =  16.6132  sigma =  0.000  frozen = False
Node 172 (honest  )  eps =  18.9422  sigma =  0.000  frozen = False
Node 173 (honest  )  eps =  16.9978  sigma =  1.439  frozen = False
Node 174 (honest  )  eps =  18.6391  sigma =  1.447  frozen = False
Node 175 (honest  )  eps =  20.0098  sigma =  0.000  frozen = False
Node 176 (honest  )  eps =  17.5929  sigma =  0.000  frozen = False
Node 177 (honest  )  eps =  16.0564  sigma =  0.000  frozen = False
Node 178 (honest  )  eps =  18.2318  sigma =  0.000  frozen = False
Node 179 (honest  )  eps =  17.6721  sigma =  1.434  frozen = False
Node 180 (honest  )  eps =  19.4020  sigma =  1.525  frozen = False
Node 181 (honest  )  eps =  18.4657  sigma =  0.000  frozen = False
Node 182 (honest  )  eps =  16.5561  sigma =  1.574  frozen = False
Node 183 (honest  )  eps =  15.8161  sigma =  1.437  frozen = False
Node 184 (honest  )  eps =  18.4444  sigma =  1.462  frozen = False
Node 185 (honest  )  eps =  17.8355  sigma =  1.311  frozen = False
Node 186 (honest  )  eps =  20.8057  sigma =  1.397  frozen = False
Node 187 (honest  )  eps =  18.5009  sigma =  1.549  frozen = False
Node 188 (honest  )  eps =  18.5248  sigma =  0.000  frozen = False
Node 189 (honest  )  eps =  18.2445  sigma =  0.000  frozen = False
Node 190 (honest  )  eps =  18.5663  sigma =  0.000  frozen = False
Node 191 (honest  )  eps =  18.6223  sigma =  0.000  frozen = False
Node 192 (honest  )  eps =  17.5232  sigma =  1.675  frozen = False
Node 193 (honest  )  eps =  16.5739  sigma =  0.000  frozen = False
Node 194 (honest  )  eps =  19.2627  sigma =  1.401  frozen = False
Node 195 (honest  )  eps =  19.1132  sigma =  1.329  frozen = False
Node 196 (honest  )  eps =  18.2874  sigma =  1.379  frozen = False
Node 197 (honest  )  eps =  19.9729  sigma =    nan  frozen = False
Node 198 (honest  )  eps =  18.7710  sigma =  0.000  frozen = False
Node 199 (honest  )  eps =  18.7315  sigma =  0.000  frozen = False
Node 200 (honest  )  eps =  16.4324  sigma =  0.000  frozen = False
Node 201 (honest  )  eps =  18.6831  sigma =  0.000  frozen = False
Node 202 (honest  )  eps =  18.9937  sigma =  1.515  frozen = False
Node 203 (honest  )  eps =  18.4855  sigma =  0.000  frozen = False
Node 204 (honest  )  eps =  17.1490  sigma =  0.000  frozen = False
Node 205 (honest  )  eps =  20.6668  sigma =    nan  frozen = False
Node 206 (honest  )  eps =  16.2880  sigma =    nan  frozen = False
Node 207 (honest  )  eps =  19.7018  sigma =  0.000  frozen = False
Node 208 (honest  )  eps =  20.5417  sigma =  1.336  frozen = False
Node 209 (honest  )  eps =  16.9057  sigma =  0.000  frozen = False
Node 210 (honest  )  eps =  16.0986  sigma =  0.000  frozen = False
Node 211 (honest  )  eps =  18.4237  sigma =  1.344  frozen = False
Node 212 (honest  )  eps =  16.5828  sigma =  1.508  frozen = False
Node 213 (honest  )  eps =  13.1489  sigma =  0.000  frozen = False
Node 214 (honest  )  eps =  19.5237  sigma =  1.439  frozen = False
Node 215 (honest  )  eps =  16.7701  sigma =  0.000  frozen = False
Node 216 (honest  )  eps =  16.7282  sigma =  0.000  frozen = False
Node 217 (honest  )  eps =  15.8747  sigma =  1.487  frozen = False
Node 218 (honest  )  eps =  16.7120  sigma =  0.000  frozen = False
Node 219 (honest  )  eps =  15.8088  sigma =  0.000  frozen = False
Node 220 (honest  )  eps =  20.1651  sigma =  0.000  frozen = False
Node 221 (honest  )  eps =  17.9126  sigma =  1.578  frozen = False
Node 222 (honest  )  eps =  21.8015  sigma =  1.496  frozen = False
Node 223 (honest  )  eps =  19.6570  sigma =  0.000  frozen = False
Node 224 (honest  )  eps =  14.4399  sigma =  0.000  frozen = False
Node 225 (honest  )  eps =  18.5358  sigma =    nan  frozen = False
Node 226 (honest  )  eps =  16.9752  sigma =    nan  frozen = False
Node 227 (honest  )  eps =  17.4140  sigma =    nan  frozen = False
Node 228 (honest  )  eps =  20.2673  sigma =    nan  frozen = False
Node 229 (honest  )  eps =  13.6466  sigma =  1.589  frozen = False
Node 230 (honest  )  eps =  19.5587  sigma =  0.000  frozen = False
Node 231 (honest  )  eps =  19.7235  sigma =  0.000  frozen = False
Node 232 (honest  )  eps =  18.7254  sigma =  0.000  frozen = False
Node 233 (honest  )  eps =  21.1219  sigma =  0.000  frozen = False
Node 234 (honest  )  eps =  17.9695  sigma =  0.000  frozen = False
Node 235 (honest  )  eps =  16.3922  sigma =  0.000  frozen = False
Node 236 (honest  )  eps =  16.1757  sigma =  1.443  frozen = False
Node 237 (honest  )  eps =  14.2934  sigma =    nan  frozen = False
Node 238 (honest  )  eps =  19.7196  sigma =  0.000  frozen = False
Node 239 (honest  )  eps =  19.8597  sigma =    nan  frozen = False
Node 240 (honest  )  eps =  14.4707  sigma =    nan  frozen = False
Node 241 (honest  )  eps =  14.9550  sigma =  0.000  frozen = False
Node 242 (honest  )  eps =  18.5335  sigma =  0.000  frozen = False
Node 243 (honest  )  eps =  16.9193  sigma =  0.000  frozen = False
Node 244 (honest  )  eps =  18.2761  sigma =    nan  frozen = False
Node 245 (honest  )  eps =  19.2201  sigma =  0.000  frozen = False
Node 246 (honest  )  eps =  14.1361  sigma =  0.000  frozen = False
Node 247 (honest  )  eps =  17.4387  sigma =  0.000  frozen = False
Node 248 (honest  )  eps =  20.0418  sigma =    nan  frozen = False
Node 249 (honest  )  eps =  17.2562  sigma =  0.000  frozen = False
Node 250 (honest  )  eps =  17.5214  sigma =    nan  frozen = False
Node 251 (honest  )  eps =  17.8283  sigma =    nan  frozen = False
Node 252 (honest  )  eps =  17.4579  sigma =  0.000  frozen = False
Node 253 (honest  )  eps =  19.3360  sigma =    nan  frozen = False
Node 254 (honest  )  eps =  18.2697  sigma =    nan  frozen = False
Node 255 (honest  )  eps =  15.6132  sigma =  0.000  frozen = False
Node 256 (honest  )  eps =  18.6350  sigma =  0.000  frozen = False
Node 257 (honest  )  eps =  16.4063  sigma =  1.855  frozen = False
Node 258 (honest  )  eps =  17.9374  sigma =    nan  frozen = False
Node 259 (honest  )  eps =  18.2198  sigma =  0.000  frozen = False
Node 260 (honest  )  eps =  15.1962  sigma =  0.000  frozen = False
Node 261 (honest  )  eps =  17.0896  sigma =  0.000  frozen = False
Node 262 (honest  )  eps =  14.6857  sigma =  0.000  frozen = False
Node 263 (honest  )  eps =  20.7960  sigma =    nan  frozen = False
Node 264 (honest  )  eps =  19.4039  sigma =  0.000  frozen = False
Node 265 (honest  )  eps =  19.5199  sigma =    nan  frozen = False
Node 266 (honest  )  eps =  16.2251  sigma =  0.000  frozen = False
Node 267 (honest  )  eps =  19.7472  sigma =    nan  frozen = False
Node 268 (honest  )  eps =  18.0273  sigma =  0.000  frozen = False
Node 269 (honest  )  eps =  19.1862  sigma =    nan  frozen = False
Node 270 (honest  )  eps =  19.9010  sigma =  0.000  frozen = False
Node 271 (honest  )  eps =  19.0506  sigma =  0.000  frozen = False
Node 272 (honest  )  eps =  15.9062  sigma =  0.000  frozen = False
Node 273 (honest  )  eps =  19.0131  sigma =  0.000  frozen = False
Node 274 (honest  )  eps =  18.0653  sigma =    nan  frozen = False
Node 275 (honest  )  eps =  18.1992  sigma =  0.000  frozen = False
Node 276 (honest  )  eps =  19.2070  sigma =  0.000  frozen = False
Node 277 (honest  )  eps =  17.3115  sigma =  0.000  frozen = False
Node 278 (honest  )  eps =  18.1854  sigma =  0.000  frozen = False
Node 279 (honest  )  eps =  17.8796  sigma =  0.000  frozen = False
Node 280 (honest  )  eps =  16.0947  sigma =    nan  frozen = False
Node 281 (honest  )  eps =  19.6792  sigma =    nan  frozen = False
Node 282 (honest  )  eps =  18.0840  sigma =    nan  frozen = False
Node 283 (honest  )  eps =  16.5678  sigma =    nan  frozen = False
Node 284 (honest  )  eps =  14.8453  sigma =    nan  frozen = False
Node 285 (honest  )  eps =  16.8660  sigma =  0.000  frozen = False
Node 286 (honest  )  eps =  19.0674  sigma =    nan  frozen = False
Node 287 (honest  )  eps =  22.1214  sigma =  0.000  frozen = False
Node 288 (honest  )  eps =  18.6770  sigma =  0.000  frozen = False
Node 289 (honest  )  eps =  18.6430  sigma =    nan  frozen = False
Node 290 (honest  )  eps =  19.6464  sigma =  1.455  frozen = False
Node 291 (honest  )  eps =  19.8048  sigma =    nan  frozen = False
Node 292 (honest  )  eps =  17.0881  sigma =    nan  frozen = False
Node 293 (honest  )  eps =  18.2539  sigma =  0.000  frozen = False
Node 294 (honest  )  eps =  17.4164  sigma =  0.000  frozen = False
Node 295 (honest  )  eps =  18.8455  sigma =  0.000  frozen = False
Node 296 (honest  )  eps =  18.1315  sigma =    nan  frozen = False
Node 297 (honest  )  eps =  16.7934  sigma =  0.000  frozen = False
Node 298 (honest  )  eps =  17.6887  sigma =  0.000  frozen = False
Node 299 (honest  )  eps =  19.2383  sigma =  0.000  frozen = False
------------------------------------------------------------
eps_system (max honest): 22.1489
eps_avg (honest):        18.0436
eps_std (honest):        1.7012
n_frozen:                0/240
============================================================
