2026-05-02 11:12:45 | INFO    | dpfl | Experiment start: algorithm=dp_fedavg, dataset=mnist, model=mlp, device=cuda
2026-05-02 11:12:45 | INFO    | dpfl | Config: nodes=500, attackers=100, rounds=300, noise_mode=post_training, attack=label_flip
2026-05-02 11:12:45 | INFO    | dpfl.data.mnist_dataset | Loading MNIST dataset...
2026-05-02 11:12:45 | INFO    | dpfl.data.mnist_dataset | MNIST loaded: 60000 train, 10000 test samples
2026-05-02 11:15:51 | INFO    | dpfl.core.base_simulator | Vectorized state ready: param_spec.D=50890, X_test=(10000, 1, 28, 28), train clients N=500, max_n_samples=7000
2026-05-02 11:15:51 | INFO    | dpfl.core.base_simulator | Setup complete: 500 nodes (100 attackers), param_dim=50890, split=iid
2026-05-02 11:15:51 | DEBUG   | dpfl.core.base_simulator | Attacker IDs: {0, 1, 2, 3, 4, 5, 6, 7, 8, 9, 10, 11, 12, 13, 14, 15, 16, 17, 18, 19, 20, 21, 22, 23, 24, 25, 26, 27, 28, 29, 30, 31, 32, 33, 34, 35, 36, 37, 38, 39, 40, 41, 42, 43, 44, 45, 46, 47, 48, 49, 50, 51, 52, 53, 54, 55, 56, 57, 58, 59, 60, 61, 62, 63, 64, 65, 66, 67, 68, 69, 70, 71, 72, 73, 74, 75, 76, 77, 78, 79, 80, 81, 82, 83, 84, 85, 86, 87, 88, 89, 90, 91, 92, 93, 94, 95, 96, 97, 98, 99}
2026-05-02 11:15:51 | INFO    | dpfl.core.base_simulator | Data poisoning active: LabelFlipAttack
2026-05-02 11:15:51 | INFO    | dpfl.algorithms.fedavg.simulator | FedAvg data_sizes set: min=7000, max=7000, total=3500000
2026-05-02 11:31:02 | INFO    | dpfl.core.base_simulator | Round   1/300 | Acc: 0.8144 | Loss: 0.9751 | eps: 6.34 | P: 1.00 R: 0.00 F1: 0.00
2026-05-02 11:31:02 | DEBUG   | dpfl.core.base_simulator | Update norms — honest: ['2.65', '2.65', '2.63', '2.64', '2.65'], attacker: ['2.65', '2.65', '2.63', '2.63', '2.65']
2026-05-02 11:45:20 | INFO    | dpfl.core.base_simulator | Round   2/300 | Acc: 0.8636 | Loss: 0.5849 | eps: 7.53 | P: 1.00 R: 0.00 F1: 0.00
2026-05-02 11:45:20 | DEBUG   | dpfl.core.base_simulator | Update norms — honest: ['2.63', '2.64', '2.64', '2.63', '2.63'], attacker: ['2.64', '2.64', '2.64', '2.64', '2.65']
2026-05-02 11:59:39 | INFO    | dpfl.core.base_simulator | Round   3/300 | Acc: 0.8807 | Loss: 0.4703 | eps: 8.01 | P: 1.00 R: 0.00 F1: 0.00
2026-05-02 11:59:39 | DEBUG   | dpfl.core.base_simulator | Update norms — honest: ['2.64', '2.63', '2.65', '2.63', '2.65'], attacker: ['2.63', '2.66', '2.63', '2.63', '2.64']
2026-05-02 12:16:19 | INFO    | dpfl.core.base_simulator | Round   4/300 | Acc: 0.8896 | Loss: 0.4165 | eps: 8.50 | P: 1.00 R: 0.00 F1: 0.00
2026-05-02 12:16:19 | DEBUG   | dpfl.core.base_simulator | Update norms — honest: ['2.63', '2.63', '2.62', '2.63', '2.63'], attacker: ['2.65', '2.65', '2.64', '2.64', '2.63']
2026-05-02 12:33:08 | INFO    | dpfl.core.base_simulator | Round   5/300 | Acc: 0.8954 | Loss: 0.3844 | eps: 8.99 | P: 1.00 R: 0.00 F1: 0.00
2026-05-02 12:33:08 | DEBUG   | dpfl.core.base_simulator | Update norms — honest: ['2.64', '2.65', '2.65', '2.64', '2.63'], attacker: ['2.64', '2.65', '2.64', '2.65', '2.64']
2026-05-02 12:47:58 | INFO    | dpfl.core.base_simulator | Round   6/300 | Acc: 0.8996 | Loss: 0.3628 | eps: 9.47 | P: 1.00 R: 0.00 F1: 0.00
2026-05-02 12:47:58 | DEBUG   | dpfl.core.base_simulator | Update norms — honest: ['2.64', '2.64', '2.63', '2.63', '2.64'], attacker: ['2.65', '2.65', '2.65', '2.62', '2.65']
2026-05-02 13:02:42 | INFO    | dpfl.core.base_simulator | Round   7/300 | Acc: 0.9028 | Loss: 0.3470 | eps: 9.96 | P: 1.00 R: 0.00 F1: 0.00
2026-05-02 13:02:42 | DEBUG   | dpfl.core.base_simulator | Update norms — honest: ['2.63', '2.63', '2.64', '2.64', '2.64'], attacker: ['2.64', '2.64', '2.63', '2.63', '2.64']
2026-05-02 13:17:34 | INFO    | dpfl.core.base_simulator | Round   8/300 | Acc: 0.9054 | Loss: 0.3349 | eps: 10.45 | P: 1.00 R: 0.00 F1: 0.00
2026-05-02 13:17:34 | DEBUG   | dpfl.core.base_simulator | Update norms — honest: ['2.64', '2.63', '2.62', '2.63', '2.65'], attacker: ['2.65', '2.66', '2.63', '2.64', '2.63']
2026-05-02 13:34:06 | INFO    | dpfl.core.base_simulator | Round   9/300 | Acc: 0.9075 | Loss: 0.3252 | eps: 10.93 | P: 1.00 R: 0.00 F1: 0.00
2026-05-02 13:34:06 | DEBUG   | dpfl.core.base_simulator | Update norms — honest: ['2.65', '2.63', '2.64', '2.63', '2.64'], attacker: ['2.65', '2.63', '2.65', '2.66', '2.63']
2026-05-02 14:05:43 | INFO    | dpfl.core.base_simulator | Round  10/300 | Acc: 0.9094 | Loss: 0.3171 | eps: 11.38 | P: 1.00 R: 0.00 F1: 0.00
2026-05-02 14:05:43 | DEBUG   | dpfl.core.base_simulator | Update norms — honest: ['2.63', '2.63', '2.65', '2.66', '2.65'], attacker: ['2.65', '2.63', '2.65', '2.64', '2.65']
2026-05-02 14:05:43 | DEBUG   | dpfl.core.base_node | Node 0: data poisoning (LabelFlipAttack)
2026-05-02 14:05:43 | DEBUG   | dpfl.core.base_node | Node 1: data poisoning (LabelFlipAttack)
2026-05-02 14:05:43 | DEBUG   | dpfl.core.base_node | Node 2: data poisoning (LabelFlipAttack)
2026-05-02 14:05:43 | DEBUG   | dpfl.core.base_node | Node 3: data poisoning (LabelFlipAttack)
2026-05-02 14:05:43 | DEBUG   | dpfl.core.base_node | Node 4: data poisoning (LabelFlipAttack)
2026-05-02 14:05:52 | DEBUG   | dpfl.core.base_node | Node 5: data poisoning (LabelFlipAttack)
2026-05-02 14:05:52 | DEBUG   | dpfl.core.base_node | Node 6: data poisoning (LabelFlipAttack)
2026-05-02 14:05:52 | DEBUG   | dpfl.core.base_node | Node 7: data poisoning (LabelFlipAttack)
2026-05-02 14:05:52 | DEBUG   | dpfl.core.base_node | Node 8: data poisoning (LabelFlipAttack)
2026-05-02 14:05:52 | DEBUG   | dpfl.core.base_node | Node 9: data poisoning (LabelFlipAttack)
2026-05-02 14:06:01 | DEBUG   | dpfl.core.base_node | Node 10: data poisoning (LabelFlipAttack)
2026-05-02 14:06:01 | DEBUG   | dpfl.core.base_node | Node 11: data poisoning (LabelFlipAttack)
2026-05-02 14:06:01 | DEBUG   | dpfl.core.base_node | Node 12: data poisoning (LabelFlipAttack)
2026-05-02 14:06:01 | DEBUG   | dpfl.core.base_node | Node 13: data poisoning (LabelFlipAttack)
2026-05-02 14:06:01 | DEBUG   | dpfl.core.base_node | Node 14: data poisoning (LabelFlipAttack)
2026-05-02 14:06:10 | DEBUG   | dpfl.core.base_node | Node 15: data poisoning (LabelFlipAttack)
2026-05-02 14:06:10 | DEBUG   | dpfl.core.base_node | Node 16: data poisoning (LabelFlipAttack)
2026-05-02 14:06:10 | DEBUG   | dpfl.core.base_node | Node 17: data poisoning (LabelFlipAttack)
2026-05-02 14:06:10 | DEBUG   | dpfl.core.base_node | Node 18: data poisoning (LabelFlipAttack)
2026-05-02 14:06:11 | DEBUG   | dpfl.core.base_node | Node 19: data poisoning (LabelFlipAttack)
2026-05-02 14:06:20 | DEBUG   | dpfl.core.base_node | Node 20: data poisoning (LabelFlipAttack)
2026-05-02 14:06:20 | DEBUG   | dpfl.core.base_node | Node 21: data poisoning (LabelFlipAttack)
2026-05-02 14:06:20 | DEBUG   | dpfl.core.base_node | Node 22: data poisoning (LabelFlipAttack)
2026-05-02 14:06:20 | DEBUG   | dpfl.core.base_node | Node 23: data poisoning (LabelFlipAttack)
2026-05-02 14:06:20 | DEBUG   | dpfl.core.base_node | Node 24: data poisoning (LabelFlipAttack)
2026-05-02 14:06:29 | DEBUG   | dpfl.core.base_node | Node 25: data poisoning (LabelFlipAttack)
2026-05-02 14:06:29 | DEBUG   | dpfl.core.base_node | Node 26: data poisoning (LabelFlipAttack)
2026-05-02 14:06:29 | DEBUG   | dpfl.core.base_node | Node 27: data poisoning (LabelFlipAttack)
2026-05-02 14:06:30 | DEBUG   | dpfl.core.base_node | Node 28: data poisoning (LabelFlipAttack)
2026-05-02 14:06:30 | DEBUG   | dpfl.core.base_node | Node 29: data poisoning (LabelFlipAttack)
2026-05-02 14:06:38 | DEBUG   | dpfl.core.base_node | Node 30: data poisoning (LabelFlipAttack)
2026-05-02 14:06:38 | DEBUG   | dpfl.core.base_node | Node 31: data poisoning (LabelFlipAttack)
2026-05-02 14:06:39 | DEBUG   | dpfl.core.base_node | Node 32: data poisoning (LabelFlipAttack)
2026-05-02 14:06:39 | DEBUG   | dpfl.core.base_node | Node 33: data poisoning (LabelFlipAttack)
2026-05-02 14:06:39 | DEBUG   | dpfl.core.base_node | Node 34: data poisoning (LabelFlipAttack)
2026-05-02 14:06:47 | DEBUG   | dpfl.core.base_node | Node 35: data poisoning (LabelFlipAttack)
2026-05-02 14:06:47 | DEBUG   | dpfl.core.base_node | Node 36: data poisoning (LabelFlipAttack)
2026-05-02 14:06:48 | DEBUG   | dpfl.core.base_node | Node 37: data poisoning (LabelFlipAttack)
2026-05-02 14:06:48 | DEBUG   | dpfl.core.base_node | Node 38: data poisoning (LabelFlipAttack)
2026-05-02 14:06:48 | DEBUG   | dpfl.core.base_node | Node 39: data poisoning (LabelFlipAttack)
2026-05-02 14:06:56 | DEBUG   | dpfl.core.base_node | Node 40: data poisoning (LabelFlipAttack)
2026-05-02 14:06:56 | DEBUG   | dpfl.core.base_node | Node 41: data poisoning (LabelFlipAttack)
2026-05-02 14:06:56 | DEBUG   | dpfl.core.base_node | Node 42: data poisoning (LabelFlipAttack)
2026-05-02 14:06:57 | DEBUG   | dpfl.core.base_node | Node 43: data poisoning (LabelFlipAttack)
2026-05-02 14:06:57 | DEBUG   | dpfl.core.base_node | Node 44: data poisoning (LabelFlipAttack)
2026-05-02 14:07:05 | DEBUG   | dpfl.core.base_node | Node 45: data poisoning (LabelFlipAttack)
2026-05-02 14:07:05 | DEBUG   | dpfl.core.base_node | Node 46: data poisoning (LabelFlipAttack)
2026-05-02 14:07:05 | DEBUG   | dpfl.core.base_node | Node 47: data poisoning (LabelFlipAttack)
2026-05-02 14:07:06 | DEBUG   | dpfl.core.base_node | Node 48: data poisoning (LabelFlipAttack)
2026-05-02 14:07:06 | DEBUG   | dpfl.core.base_node | Node 49: data poisoning (LabelFlipAttack)
2026-05-02 14:07:14 | DEBUG   | dpfl.core.base_node | Node 50: data poisoning (LabelFlipAttack)
2026-05-02 14:07:14 | DEBUG   | dpfl.core.base_node | Node 51: data poisoning (LabelFlipAttack)
2026-05-02 14:07:14 | DEBUG   | dpfl.core.base_node | Node 52: data poisoning (LabelFlipAttack)
2026-05-02 14:07:15 | DEBUG   | dpfl.core.base_node | Node 53: data poisoning (LabelFlipAttack)
2026-05-02 14:07:15 | DEBUG   | dpfl.core.base_node | Node 54: data poisoning (LabelFlipAttack)
2026-05-02 14:07:23 | DEBUG   | dpfl.core.base_node | Node 55: data poisoning (LabelFlipAttack)
2026-05-02 14:07:23 | DEBUG   | dpfl.core.base_node | Node 56: data poisoning (LabelFlipAttack)
2026-05-02 14:07:23 | DEBUG   | dpfl.core.base_node | Node 57: data poisoning (LabelFlipAttack)
2026-05-02 14:07:24 | DEBUG   | dpfl.core.base_node | Node 58: data poisoning (LabelFlipAttack)
2026-05-02 14:07:24 | DEBUG   | dpfl.core.base_node | Node 59: data poisoning (LabelFlipAttack)
2026-05-02 14:07:31 | DEBUG   | dpfl.core.base_node | Node 60: data poisoning (LabelFlipAttack)
2026-05-02 14:07:32 | DEBUG   | dpfl.core.base_node | Node 61: data poisoning (LabelFlipAttack)
2026-05-02 14:07:32 | DEBUG   | dpfl.core.base_node | Node 62: data poisoning (LabelFlipAttack)
2026-05-02 14:07:32 | DEBUG   | dpfl.core.base_node | Node 63: data poisoning (LabelFlipAttack)
2026-05-02 14:07:33 | DEBUG   | dpfl.core.base_node | Node 64: data poisoning (LabelFlipAttack)
2026-05-02 14:07:40 | DEBUG   | dpfl.core.base_node | Node 65: data poisoning (LabelFlipAttack)
2026-05-02 14:07:40 | DEBUG   | dpfl.core.base_node | Node 66: data poisoning (LabelFlipAttack)
2026-05-02 14:07:41 | DEBUG   | dpfl.core.base_node | Node 67: data poisoning (LabelFlipAttack)
2026-05-02 14:07:41 | DEBUG   | dpfl.core.base_node | Node 68: data poisoning (LabelFlipAttack)
2026-05-02 14:07:42 | DEBUG   | dpfl.core.base_node | Node 69: data poisoning (LabelFlipAttack)
2026-05-02 14:07:49 | DEBUG   | dpfl.core.base_node | Node 70: data poisoning (LabelFlipAttack)
2026-05-02 14:07:50 | DEBUG   | dpfl.core.base_node | Node 71: data poisoning (LabelFlipAttack)
2026-05-02 14:07:50 | DEBUG   | dpfl.core.base_node | Node 72: data poisoning (LabelFlipAttack)
2026-05-02 14:07:51 | DEBUG   | dpfl.core.base_node | Node 73: data poisoning (LabelFlipAttack)
2026-05-02 14:07:51 | DEBUG   | dpfl.core.base_node | Node 74: data poisoning (LabelFlipAttack)
2026-05-02 14:07:58 | DEBUG   | dpfl.core.base_node | Node 75: data poisoning (LabelFlipAttack)
2026-05-02 14:07:59 | DEBUG   | dpfl.core.base_node | Node 76: data poisoning (LabelFlipAttack)
2026-05-02 14:07:59 | DEBUG   | dpfl.core.base_node | Node 77: data poisoning (LabelFlipAttack)
2026-05-02 14:07:59 | DEBUG   | dpfl.core.base_node | Node 78: data poisoning (LabelFlipAttack)
2026-05-02 14:07:59 | DEBUG   | dpfl.core.base_node | Node 79: data poisoning (LabelFlipAttack)
2026-05-02 14:08:07 | DEBUG   | dpfl.core.base_node | Node 80: data poisoning (LabelFlipAttack)
2026-05-02 14:08:08 | DEBUG   | dpfl.core.base_node | Node 81: data poisoning (LabelFlipAttack)
2026-05-02 14:08:08 | DEBUG   | dpfl.core.base_node | Node 82: data poisoning (LabelFlipAttack)
2026-05-02 14:08:08 | DEBUG   | dpfl.core.base_node | Node 83: data poisoning (LabelFlipAttack)
2026-05-02 14:08:09 | DEBUG   | dpfl.core.base_node | Node 84: data poisoning (LabelFlipAttack)
2026-05-02 14:08:16 | DEBUG   | dpfl.core.base_node | Node 85: data poisoning (LabelFlipAttack)
2026-05-02 14:08:16 | DEBUG   | dpfl.core.base_node | Node 86: data poisoning (LabelFlipAttack)
2026-05-02 14:08:17 | DEBUG   | dpfl.core.base_node | Node 87: data poisoning (LabelFlipAttack)
2026-05-02 14:08:17 | DEBUG   | dpfl.core.base_node | Node 88: data poisoning (LabelFlipAttack)
2026-05-02 14:08:17 | DEBUG   | dpfl.core.base_node | Node 89: data poisoning (LabelFlipAttack)
2026-05-02 14:08:24 | DEBUG   | dpfl.core.base_node | Node 90: data poisoning (LabelFlipAttack)
2026-05-02 14:08:25 | DEBUG   | dpfl.core.base_node | Node 91: data poisoning (LabelFlipAttack)
2026-05-02 14:08:26 | DEBUG   | dpfl.core.base_node | Node 92: data poisoning (LabelFlipAttack)
2026-05-02 14:08:26 | DEBUG   | dpfl.core.base_node | Node 93: data poisoning (LabelFlipAttack)
2026-05-02 14:08:26 | DEBUG   | dpfl.core.base_node | Node 94: data poisoning (LabelFlipAttack)
2026-05-02 14:08:33 | DEBUG   | dpfl.core.base_node | Node 95: data poisoning (LabelFlipAttack)
2026-05-02 14:08:34 | DEBUG   | dpfl.core.base_node | Node 96: data poisoning (LabelFlipAttack)
2026-05-02 14:08:35 | DEBUG   | dpfl.core.base_node | Node 97: data poisoning (LabelFlipAttack)
2026-05-02 14:08:35 | DEBUG   | dpfl.core.base_node | Node 98: data poisoning (LabelFlipAttack)
2026-05-02 14:08:35 | DEBUG   | dpfl.core.base_node | Node 99: data poisoning (LabelFlipAttack)
2026-05-02 14:20:34 | INFO    | dpfl.core.base_simulator | Round  11/300 | Acc: 0.9110 | Loss: 0.3101 | eps: 11.51 | P: 1.00 R: 0.00 F1: 0.00
2026-05-02 14:20:34 | DEBUG   | dpfl.core.base_simulator | Update norms — honest: ['2.63', '2.63', '2.64', '2.64', '2.63'], attacker: ['2.64', '2.62', '2.64', '2.65', '2.61']
2026-05-02 14:20:34 | DEBUG   | dpfl.core.base_node | Node 0: data poisoning (LabelFlipAttack)
2026-05-02 14:20:34 | DEBUG   | dpfl.core.base_node | Node 1: data poisoning (LabelFlipAttack)
2026-05-02 14:20:34 | DEBUG   | dpfl.core.base_node | Node 2: data poisoning (LabelFlipAttack)
2026-05-02 14:20:34 | DEBUG   | dpfl.core.base_node | Node 3: data poisoning (LabelFlipAttack)
2026-05-02 14:20:34 | DEBUG   | dpfl.core.base_node | Node 4: data poisoning (LabelFlipAttack)
2026-05-02 14:20:43 | DEBUG   | dpfl.core.base_node | Node 5: data poisoning (LabelFlipAttack)
2026-05-02 14:20:43 | DEBUG   | dpfl.core.base_node | Node 6: data poisoning (LabelFlipAttack)
2026-05-02 14:20:43 | DEBUG   | dpfl.core.base_node | Node 7: data poisoning (LabelFlipAttack)
2026-05-02 14:20:43 | DEBUG   | dpfl.core.base_node | Node 8: data poisoning (LabelFlipAttack)
2026-05-02 14:20:43 | DEBUG   | dpfl.core.base_node | Node 9: data poisoning (LabelFlipAttack)
2026-05-02 14:20:51 | DEBUG   | dpfl.core.base_node | Node 10: data poisoning (LabelFlipAttack)
2026-05-02 14:20:51 | DEBUG   | dpfl.core.base_node | Node 11: data poisoning (LabelFlipAttack)
2026-05-02 14:20:51 | DEBUG   | dpfl.core.base_node | Node 12: data poisoning (LabelFlipAttack)
2026-05-02 14:20:51 | DEBUG   | dpfl.core.base_node | Node 13: data poisoning (LabelFlipAttack)
2026-05-02 14:20:51 | DEBUG   | dpfl.core.base_node | Node 14: data poisoning (LabelFlipAttack)
2026-05-02 14:21:00 | DEBUG   | dpfl.core.base_node | Node 15: data poisoning (LabelFlipAttack)
2026-05-02 14:21:00 | DEBUG   | dpfl.core.base_node | Node 16: data poisoning (LabelFlipAttack)
2026-05-02 14:21:00 | DEBUG   | dpfl.core.base_node | Node 17: data poisoning (LabelFlipAttack)
2026-05-02 14:21:00 | DEBUG   | dpfl.core.base_node | Node 18: data poisoning (LabelFlipAttack)
2026-05-02 14:21:00 | DEBUG   | dpfl.core.base_node | Node 19: data poisoning (LabelFlipAttack)
2026-05-02 14:21:08 | DEBUG   | dpfl.core.base_node | Node 20: data poisoning (LabelFlipAttack)
2026-05-02 14:21:08 | DEBUG   | dpfl.core.base_node | Node 21: data poisoning (LabelFlipAttack)
2026-05-02 14:21:08 | DEBUG   | dpfl.core.base_node | Node 22: data poisoning (LabelFlipAttack)
2026-05-02 14:21:09 | DEBUG   | dpfl.core.base_node | Node 23: data poisoning (LabelFlipAttack)
2026-05-02 14:21:09 | DEBUG   | dpfl.core.base_node | Node 24: data poisoning (LabelFlipAttack)
2026-05-02 14:21:17 | DEBUG   | dpfl.core.base_node | Node 25: data poisoning (LabelFlipAttack)
2026-05-02 14:21:17 | DEBUG   | dpfl.core.base_node | Node 26: data poisoning (LabelFlipAttack)
2026-05-02 14:21:17 | DEBUG   | dpfl.core.base_node | Node 27: data poisoning (LabelFlipAttack)
2026-05-02 14:21:17 | DEBUG   | dpfl.core.base_node | Node 28: data poisoning (LabelFlipAttack)
2026-05-02 14:21:17 | DEBUG   | dpfl.core.base_node | Node 29: data poisoning (LabelFlipAttack)
2026-05-02 14:21:26 | DEBUG   | dpfl.core.base_node | Node 30: data poisoning (LabelFlipAttack)
2026-05-02 14:21:26 | DEBUG   | dpfl.core.base_node | Node 31: data poisoning (LabelFlipAttack)
2026-05-02 14:21:26 | DEBUG   | dpfl.core.base_node | Node 32: data poisoning (LabelFlipAttack)
2026-05-02 14:21:26 | DEBUG   | dpfl.core.base_node | Node 33: data poisoning (LabelFlipAttack)
2026-05-02 14:21:26 | DEBUG   | dpfl.core.base_node | Node 34: data poisoning (LabelFlipAttack)
2026-05-02 14:21:34 | DEBUG   | dpfl.core.base_node | Node 35: data poisoning (LabelFlipAttack)
2026-05-02 14:21:34 | DEBUG   | dpfl.core.base_node | Node 36: data poisoning (LabelFlipAttack)
2026-05-02 14:21:34 | DEBUG   | dpfl.core.base_node | Node 37: data poisoning (LabelFlipAttack)
2026-05-02 14:21:34 | DEBUG   | dpfl.core.base_node | Node 38: data poisoning (LabelFlipAttack)
2026-05-02 14:21:35 | DEBUG   | dpfl.core.base_node | Node 39: data poisoning (LabelFlipAttack)
2026-05-02 14:21:44 | DEBUG   | dpfl.core.base_node | Node 40: data poisoning (LabelFlipAttack)
2026-05-02 14:21:44 | DEBUG   | dpfl.core.base_node | Node 41: data poisoning (LabelFlipAttack)
2026-05-02 14:21:44 | DEBUG   | dpfl.core.base_node | Node 42: data poisoning (LabelFlipAttack)
2026-05-02 14:21:44 | DEBUG   | dpfl.core.base_node | Node 43: data poisoning (LabelFlipAttack)
2026-05-02 14:21:44 | DEBUG   | dpfl.core.base_node | Node 44: data poisoning (LabelFlipAttack)
2026-05-02 14:21:52 | DEBUG   | dpfl.core.base_node | Node 45: data poisoning (LabelFlipAttack)
2026-05-02 14:21:52 | DEBUG   | dpfl.core.base_node | Node 46: data poisoning (LabelFlipAttack)
2026-05-02 14:21:52 | DEBUG   | dpfl.core.base_node | Node 47: data poisoning (LabelFlipAttack)
2026-05-02 14:21:52 | DEBUG   | dpfl.core.base_node | Node 48: data poisoning (LabelFlipAttack)
2026-05-02 14:21:52 | DEBUG   | dpfl.core.base_node | Node 49: data poisoning (LabelFlipAttack)
2026-05-02 14:22:01 | DEBUG   | dpfl.core.base_node | Node 50: data poisoning (LabelFlipAttack)
2026-05-02 14:22:01 | DEBUG   | dpfl.core.base_node | Node 51: data poisoning (LabelFlipAttack)
2026-05-02 14:22:01 | DEBUG   | dpfl.core.base_node | Node 52: data poisoning (LabelFlipAttack)
2026-05-02 14:22:01 | DEBUG   | dpfl.core.base_node | Node 53: data poisoning (LabelFlipAttack)
2026-05-02 14:22:01 | DEBUG   | dpfl.core.base_node | Node 54: data poisoning (LabelFlipAttack)
2026-05-02 14:22:09 | DEBUG   | dpfl.core.base_node | Node 55: data poisoning (LabelFlipAttack)
2026-05-02 14:22:09 | DEBUG   | dpfl.core.base_node | Node 56: data poisoning (LabelFlipAttack)
2026-05-02 14:22:10 | DEBUG   | dpfl.core.base_node | Node 57: data poisoning (LabelFlipAttack)
2026-05-02 14:22:10 | DEBUG   | dpfl.core.base_node | Node 58: data poisoning (LabelFlipAttack)
2026-05-02 14:22:10 | DEBUG   | dpfl.core.base_node | Node 59: data poisoning (LabelFlipAttack)
2026-05-02 14:22:18 | DEBUG   | dpfl.core.base_node | Node 60: data poisoning (LabelFlipAttack)
2026-05-02 14:22:18 | DEBUG   | dpfl.core.base_node | Node 61: data poisoning (LabelFlipAttack)
2026-05-02 14:22:18 | DEBUG   | dpfl.core.base_node | Node 62: data poisoning (LabelFlipAttack)
2026-05-02 14:22:18 | DEBUG   | dpfl.core.base_node | Node 63: data poisoning (LabelFlipAttack)
2026-05-02 14:22:18 | DEBUG   | dpfl.core.base_node | Node 64: data poisoning (LabelFlipAttack)
2026-05-02 14:22:27 | DEBUG   | dpfl.core.base_node | Node 65: data poisoning (LabelFlipAttack)
2026-05-02 14:22:27 | DEBUG   | dpfl.core.base_node | Node 66: data poisoning (LabelFlipAttack)
2026-05-02 14:22:27 | DEBUG   | dpfl.core.base_node | Node 67: data poisoning (LabelFlipAttack)
2026-05-02 14:22:27 | DEBUG   | dpfl.core.base_node | Node 68: data poisoning (LabelFlipAttack)
2026-05-02 14:22:27 | DEBUG   | dpfl.core.base_node | Node 69: data poisoning (LabelFlipAttack)
2026-05-02 14:22:35 | DEBUG   | dpfl.core.base_node | Node 70: data poisoning (LabelFlipAttack)
2026-05-02 14:22:36 | DEBUG   | dpfl.core.base_node | Node 71: data poisoning (LabelFlipAttack)
2026-05-02 14:22:36 | DEBUG   | dpfl.core.base_node | Node 72: data poisoning (LabelFlipAttack)
2026-05-02 14:22:36 | DEBUG   | dpfl.core.base_node | Node 73: data poisoning (LabelFlipAttack)
2026-05-02 14:22:36 | DEBUG   | dpfl.core.base_node | Node 74: data poisoning (LabelFlipAttack)
2026-05-02 14:22:45 | DEBUG   | dpfl.core.base_node | Node 75: data poisoning (LabelFlipAttack)
2026-05-02 14:22:45 | DEBUG   | dpfl.core.base_node | Node 76: data poisoning (LabelFlipAttack)
2026-05-02 14:22:45 | DEBUG   | dpfl.core.base_node | Node 77: data poisoning (LabelFlipAttack)
2026-05-02 14:22:45 | DEBUG   | dpfl.core.base_node | Node 78: data poisoning (LabelFlipAttack)
2026-05-02 14:22:46 | DEBUG   | dpfl.core.base_node | Node 79: data poisoning (LabelFlipAttack)
2026-05-02 14:22:54 | DEBUG   | dpfl.core.base_node | Node 80: data poisoning (LabelFlipAttack)
2026-05-02 14:22:54 | DEBUG   | dpfl.core.base_node | Node 81: data poisoning (LabelFlipAttack)
2026-05-02 14:22:55 | DEBUG   | dpfl.core.base_node | Node 82: data poisoning (LabelFlipAttack)
2026-05-02 14:22:55 | DEBUG   | dpfl.core.base_node | Node 83: data poisoning (LabelFlipAttack)
2026-05-02 14:22:55 | DEBUG   | dpfl.core.base_node | Node 84: data poisoning (LabelFlipAttack)
2026-05-02 14:23:03 | DEBUG   | dpfl.core.base_node | Node 85: data poisoning (LabelFlipAttack)
2026-05-02 14:23:03 | DEBUG   | dpfl.core.base_node | Node 86: data poisoning (LabelFlipAttack)
2026-05-02 14:23:03 | DEBUG   | dpfl.core.base_node | Node 87: data poisoning (LabelFlipAttack)
2026-05-02 14:23:03 | DEBUG   | dpfl.core.base_node | Node 88: data poisoning (LabelFlipAttack)
2026-05-02 14:23:04 | DEBUG   | dpfl.core.base_node | Node 89: data poisoning (LabelFlipAttack)
2026-05-02 14:23:12 | DEBUG   | dpfl.core.base_node | Node 90: data poisoning (LabelFlipAttack)
2026-05-02 14:23:12 | DEBUG   | dpfl.core.base_node | Node 91: data poisoning (LabelFlipAttack)
2026-05-02 14:23:12 | DEBUG   | dpfl.core.base_node | Node 92: data poisoning (LabelFlipAttack)
2026-05-02 14:23:12 | DEBUG   | dpfl.core.base_node | Node 93: data poisoning (LabelFlipAttack)
2026-05-02 14:23:13 | DEBUG   | dpfl.core.base_node | Node 94: data poisoning (LabelFlipAttack)
2026-05-02 14:23:20 | DEBUG   | dpfl.core.base_node | Node 95: data poisoning (LabelFlipAttack)
2026-05-02 14:23:21 | DEBUG   | dpfl.core.base_node | Node 96: data poisoning (LabelFlipAttack)
2026-05-02 14:23:21 | DEBUG   | dpfl.core.base_node | Node 97: data poisoning (LabelFlipAttack)
2026-05-02 14:23:21 | DEBUG   | dpfl.core.base_node | Node 98: data poisoning (LabelFlipAttack)
2026-05-02 14:23:21 | DEBUG   | dpfl.core.base_node | Node 99: data poisoning (LabelFlipAttack)
2026-05-02 14:54:37 | INFO    | dpfl.core.base_simulator | Round  12/300 | Acc: 0.9126 | Loss: 0.3040 | eps: 11.64 | P: 1.00 R: 0.00 F1: 0.00
2026-05-02 14:54:37 | DEBUG   | dpfl.core.base_simulator | Update norms — honest: ['2.63', '2.65', '2.62', '2.64', '2.64'], attacker: ['2.64', '2.65', '2.65', '2.62', '2.66']
2026-05-02 14:54:37 | DEBUG   | dpfl.core.base_node | Node 0: data poisoning (LabelFlipAttack)
2026-05-02 14:54:37 | DEBUG   | dpfl.core.base_node | Node 1: data poisoning (LabelFlipAttack)
2026-05-02 14:54:37 | DEBUG   | dpfl.core.base_node | Node 2: data poisoning (LabelFlipAttack)
2026-05-02 14:54:37 | DEBUG   | dpfl.core.base_node | Node 3: data poisoning (LabelFlipAttack)
2026-05-02 14:54:37 | DEBUG   | dpfl.core.base_node | Node 4: data poisoning (LabelFlipAttack)
2026-05-02 14:54:46 | DEBUG   | dpfl.core.base_node | Node 5: data poisoning (LabelFlipAttack)
2026-05-02 14:54:46 | DEBUG   | dpfl.core.base_node | Node 6: data poisoning (LabelFlipAttack)
2026-05-02 14:54:46 | DEBUG   | dpfl.core.base_node | Node 7: data poisoning (LabelFlipAttack)
2026-05-02 14:54:46 | DEBUG   | dpfl.core.base_node | Node 8: data poisoning (LabelFlipAttack)
2026-05-02 14:54:46 | DEBUG   | dpfl.core.base_node | Node 9: data poisoning (LabelFlipAttack)
2026-05-02 14:54:55 | DEBUG   | dpfl.core.base_node | Node 10: data poisoning (LabelFlipAttack)
2026-05-02 14:54:55 | DEBUG   | dpfl.core.base_node | Node 11: data poisoning (LabelFlipAttack)
2026-05-02 14:54:55 | DEBUG   | dpfl.core.base_node | Node 12: data poisoning (LabelFlipAttack)
2026-05-02 14:54:55 | DEBUG   | dpfl.core.base_node | Node 13: data poisoning (LabelFlipAttack)
2026-05-02 14:54:56 | DEBUG   | dpfl.core.base_node | Node 14: data poisoning (LabelFlipAttack)
2026-05-02 14:55:05 | DEBUG   | dpfl.core.base_node | Node 15: data poisoning (LabelFlipAttack)
2026-05-02 14:55:05 | DEBUG   | dpfl.core.base_node | Node 16: data poisoning (LabelFlipAttack)
2026-05-02 14:55:05 | DEBUG   | dpfl.core.base_node | Node 17: data poisoning (LabelFlipAttack)
2026-05-02 14:55:05 | DEBUG   | dpfl.core.base_node | Node 18: data poisoning (LabelFlipAttack)
2026-05-02 14:55:05 | DEBUG   | dpfl.core.base_node | Node 19: data poisoning (LabelFlipAttack)
2026-05-02 14:55:14 | DEBUG   | dpfl.core.base_node | Node 20: data poisoning (LabelFlipAttack)
2026-05-02 14:55:14 | DEBUG   | dpfl.core.base_node | Node 21: data poisoning (LabelFlipAttack)
2026-05-02 14:55:15 | DEBUG   | dpfl.core.base_node | Node 22: data poisoning (LabelFlipAttack)
2026-05-02 14:55:15 | DEBUG   | dpfl.core.base_node | Node 23: data poisoning (LabelFlipAttack)
2026-05-02 14:55:15 | DEBUG   | dpfl.core.base_node | Node 24: data poisoning (LabelFlipAttack)
2026-05-02 14:55:24 | DEBUG   | dpfl.core.base_node | Node 25: data poisoning (LabelFlipAttack)
2026-05-02 14:55:24 | DEBUG   | dpfl.core.base_node | Node 26: data poisoning (LabelFlipAttack)
2026-05-02 14:55:24 | DEBUG   | dpfl.core.base_node | Node 27: data poisoning (LabelFlipAttack)
2026-05-02 14:55:24 | DEBUG   | dpfl.core.base_node | Node 28: data poisoning (LabelFlipAttack)
2026-05-02 14:55:24 | DEBUG   | dpfl.core.base_node | Node 29: data poisoning (LabelFlipAttack)
2026-05-02 14:55:33 | DEBUG   | dpfl.core.base_node | Node 30: data poisoning (LabelFlipAttack)
2026-05-02 14:55:33 | DEBUG   | dpfl.core.base_node | Node 31: data poisoning (LabelFlipAttack)
2026-05-02 14:55:33 | DEBUG   | dpfl.core.base_node | Node 32: data poisoning (LabelFlipAttack)
2026-05-02 14:55:33 | DEBUG   | dpfl.core.base_node | Node 33: data poisoning (LabelFlipAttack)
2026-05-02 14:55:33 | DEBUG   | dpfl.core.base_node | Node 34: data poisoning (LabelFlipAttack)
2026-05-02 14:55:42 | DEBUG   | dpfl.core.base_node | Node 35: data poisoning (LabelFlipAttack)
2026-05-02 14:55:42 | DEBUG   | dpfl.core.base_node | Node 36: data poisoning (LabelFlipAttack)
2026-05-02 14:55:42 | DEBUG   | dpfl.core.base_node | Node 37: data poisoning (LabelFlipAttack)
2026-05-02 14:55:42 | DEBUG   | dpfl.core.base_node | Node 38: data poisoning (LabelFlipAttack)
2026-05-02 14:55:42 | DEBUG   | dpfl.core.base_node | Node 39: data poisoning (LabelFlipAttack)
2026-05-02 14:55:50 | DEBUG   | dpfl.core.base_node | Node 40: data poisoning (LabelFlipAttack)
2026-05-02 14:55:50 | DEBUG   | dpfl.core.base_node | Node 41: data poisoning (LabelFlipAttack)
2026-05-02 14:55:51 | DEBUG   | dpfl.core.base_node | Node 42: data poisoning (LabelFlipAttack)
2026-05-02 14:55:51 | DEBUG   | dpfl.core.base_node | Node 43: data poisoning (LabelFlipAttack)
2026-05-02 14:55:51 | DEBUG   | dpfl.core.base_node | Node 44: data poisoning (LabelFlipAttack)
2026-05-02 14:55:59 | DEBUG   | dpfl.core.base_node | Node 45: data poisoning (LabelFlipAttack)
2026-05-02 14:55:59 | DEBUG   | dpfl.core.base_node | Node 46: data poisoning (LabelFlipAttack)
2026-05-02 14:56:00 | DEBUG   | dpfl.core.base_node | Node 47: data poisoning (LabelFlipAttack)
2026-05-02 14:56:00 | DEBUG   | dpfl.core.base_node | Node 48: data poisoning (LabelFlipAttack)
2026-05-02 14:56:00 | DEBUG   | dpfl.core.base_node | Node 49: data poisoning (LabelFlipAttack)
2026-05-02 14:56:08 | DEBUG   | dpfl.core.base_node | Node 50: data poisoning (LabelFlipAttack)
2026-05-02 14:56:08 | DEBUG   | dpfl.core.base_node | Node 51: data poisoning (LabelFlipAttack)
2026-05-02 14:56:08 | DEBUG   | dpfl.core.base_node | Node 52: data poisoning (LabelFlipAttack)
2026-05-02 14:56:09 | DEBUG   | dpfl.core.base_node | Node 53: data poisoning (LabelFlipAttack)
2026-05-02 14:56:09 | DEBUG   | dpfl.core.base_node | Node 54: data poisoning (LabelFlipAttack)
2026-05-02 14:56:17 | DEBUG   | dpfl.core.base_node | Node 55: data poisoning (LabelFlipAttack)
2026-05-02 14:56:17 | DEBUG   | dpfl.core.base_node | Node 56: data poisoning (LabelFlipAttack)
2026-05-02 14:56:17 | DEBUG   | dpfl.core.base_node | Node 57: data poisoning (LabelFlipAttack)
2026-05-02 14:56:18 | DEBUG   | dpfl.core.base_node | Node 58: data poisoning (LabelFlipAttack)
2026-05-02 14:56:18 | DEBUG   | dpfl.core.base_node | Node 59: data poisoning (LabelFlipAttack)
2026-05-02 14:56:26 | DEBUG   | dpfl.core.base_node | Node 60: data poisoning (LabelFlipAttack)
2026-05-02 14:56:27 | DEBUG   | dpfl.core.base_node | Node 61: data poisoning (LabelFlipAttack)
2026-05-02 14:56:27 | DEBUG   | dpfl.core.base_node | Node 62: data poisoning (LabelFlipAttack)
2026-05-02 14:56:27 | DEBUG   | dpfl.core.base_node | Node 63: data poisoning (LabelFlipAttack)
2026-05-02 14:56:27 | DEBUG   | dpfl.core.base_node | Node 64: data poisoning (LabelFlipAttack)
2026-05-02 14:56:35 | DEBUG   | dpfl.core.base_node | Node 65: data poisoning (LabelFlipAttack)
2026-05-02 14:56:36 | DEBUG   | dpfl.core.base_node | Node 66: data poisoning (LabelFlipAttack)
2026-05-02 14:56:36 | DEBUG   | dpfl.core.base_node | Node 67: data poisoning (LabelFlipAttack)
2026-05-02 14:56:36 | DEBUG   | dpfl.core.base_node | Node 68: data poisoning (LabelFlipAttack)
2026-05-02 14:56:36 | DEBUG   | dpfl.core.base_node | Node 69: data poisoning (LabelFlipAttack)
2026-05-02 14:56:44 | DEBUG   | dpfl.core.base_node | Node 70: data poisoning (LabelFlipAttack)
2026-05-02 14:56:45 | DEBUG   | dpfl.core.base_node | Node 71: data poisoning (LabelFlipAttack)
2026-05-02 14:56:45 | DEBUG   | dpfl.core.base_node | Node 72: data poisoning (LabelFlipAttack)
2026-05-02 14:56:45 | DEBUG   | dpfl.core.base_node | Node 73: data poisoning (LabelFlipAttack)
2026-05-02 14:56:45 | DEBUG   | dpfl.core.base_node | Node 74: data poisoning (LabelFlipAttack)
2026-05-02 14:56:54 | DEBUG   | dpfl.core.base_node | Node 75: data poisoning (LabelFlipAttack)
2026-05-02 14:56:54 | DEBUG   | dpfl.core.base_node | Node 76: data poisoning (LabelFlipAttack)
2026-05-02 14:56:54 | DEBUG   | dpfl.core.base_node | Node 77: data poisoning (LabelFlipAttack)
2026-05-02 14:56:54 | DEBUG   | dpfl.core.base_node | Node 78: data poisoning (LabelFlipAttack)
2026-05-02 14:56:54 | DEBUG   | dpfl.core.base_node | Node 79: data poisoning (LabelFlipAttack)
2026-05-02 14:57:02 | DEBUG   | dpfl.core.base_node | Node 80: data poisoning (LabelFlipAttack)
2026-05-02 14:57:03 | DEBUG   | dpfl.core.base_node | Node 81: data poisoning (LabelFlipAttack)
2026-05-02 14:57:03 | DEBUG   | dpfl.core.base_node | Node 82: data poisoning (LabelFlipAttack)
2026-05-02 14:57:03 | DEBUG   | dpfl.core.base_node | Node 83: data poisoning (LabelFlipAttack)
2026-05-02 14:57:03 | DEBUG   | dpfl.core.base_node | Node 84: data poisoning (LabelFlipAttack)
2026-05-02 14:57:12 | DEBUG   | dpfl.core.base_node | Node 85: data poisoning (LabelFlipAttack)
2026-05-02 14:57:12 | DEBUG   | dpfl.core.base_node | Node 86: data poisoning (LabelFlipAttack)
2026-05-02 14:57:12 | DEBUG   | dpfl.core.base_node | Node 87: data poisoning (LabelFlipAttack)
2026-05-02 14:57:13 | DEBUG   | dpfl.core.base_node | Node 88: data poisoning (LabelFlipAttack)
2026-05-02 14:57:13 | DEBUG   | dpfl.core.base_node | Node 89: data poisoning (LabelFlipAttack)
2026-05-02 14:57:21 | DEBUG   | dpfl.core.base_node | Node 90: data poisoning (LabelFlipAttack)
2026-05-02 14:57:21 | DEBUG   | dpfl.core.base_node | Node 91: data poisoning (LabelFlipAttack)
2026-05-02 14:57:22 | DEBUG   | dpfl.core.base_node | Node 92: data poisoning (LabelFlipAttack)
2026-05-02 14:57:22 | DEBUG   | dpfl.core.base_node | Node 93: data poisoning (LabelFlipAttack)
2026-05-02 14:57:22 | DEBUG   | dpfl.core.base_node | Node 94: data poisoning (LabelFlipAttack)
2026-05-02 14:57:30 | DEBUG   | dpfl.core.base_node | Node 95: data poisoning (LabelFlipAttack)
2026-05-02 14:57:31 | DEBUG   | dpfl.core.base_node | Node 96: data poisoning (LabelFlipAttack)
2026-05-02 14:57:31 | DEBUG   | dpfl.core.base_node | Node 97: data poisoning (LabelFlipAttack)
2026-05-02 14:57:31 | DEBUG   | dpfl.core.base_node | Node 98: data poisoning (LabelFlipAttack)
2026-05-02 14:57:31 | DEBUG   | dpfl.core.base_node | Node 99: data poisoning (LabelFlipAttack)
2026-05-02 15:11:03 | INFO    | dpfl.core.base_simulator | Round  13/300 | Acc: 0.9138 | Loss: 0.2987 | eps: 11.76 | P: 1.00 R: 0.00 F1: 0.00
2026-05-02 15:11:03 | DEBUG   | dpfl.core.base_simulator | Update norms — honest: ['2.63', '2.64', '2.63', '2.64', '2.66'], attacker: ['2.64', '2.65', '2.63', '2.65', '2.62']
2026-05-02 15:11:03 | DEBUG   | dpfl.core.base_node | Node 0: data poisoning (LabelFlipAttack)
2026-05-02 15:11:03 | DEBUG   | dpfl.core.base_node | Node 1: data poisoning (LabelFlipAttack)
2026-05-02 15:11:03 | DEBUG   | dpfl.core.base_node | Node 2: data poisoning (LabelFlipAttack)
2026-05-02 15:11:03 | DEBUG   | dpfl.core.base_node | Node 3: data poisoning (LabelFlipAttack)
2026-05-02 15:11:03 | DEBUG   | dpfl.core.base_node | Node 4: data poisoning (LabelFlipAttack)
2026-05-02 15:11:12 | DEBUG   | dpfl.core.base_node | Node 5: data poisoning (LabelFlipAttack)
2026-05-02 15:11:12 | DEBUG   | dpfl.core.base_node | Node 6: data poisoning (LabelFlipAttack)
2026-05-02 15:11:12 | DEBUG   | dpfl.core.base_node | Node 7: data poisoning (LabelFlipAttack)
2026-05-02 15:11:12 | DEBUG   | dpfl.core.base_node | Node 8: data poisoning (LabelFlipAttack)
2026-05-02 15:11:12 | DEBUG   | dpfl.core.base_node | Node 9: data poisoning (LabelFlipAttack)
2026-05-02 15:11:21 | DEBUG   | dpfl.core.base_node | Node 10: data poisoning (LabelFlipAttack)
2026-05-02 15:11:21 | DEBUG   | dpfl.core.base_node | Node 11: data poisoning (LabelFlipAttack)
2026-05-02 15:11:21 | DEBUG   | dpfl.core.base_node | Node 12: data poisoning (LabelFlipAttack)
2026-05-02 15:11:21 | DEBUG   | dpfl.core.base_node | Node 13: data poisoning (LabelFlipAttack)
2026-05-02 15:11:21 | DEBUG   | dpfl.core.base_node | Node 14: data poisoning (LabelFlipAttack)
2026-05-02 15:11:29 | DEBUG   | dpfl.core.base_node | Node 15: data poisoning (LabelFlipAttack)
2026-05-02 15:11:29 | DEBUG   | dpfl.core.base_node | Node 16: data poisoning (LabelFlipAttack)
2026-05-02 15:11:29 | DEBUG   | dpfl.core.base_node | Node 17: data poisoning (LabelFlipAttack)
2026-05-02 15:11:29 | DEBUG   | dpfl.core.base_node | Node 18: data poisoning (LabelFlipAttack)
2026-05-02 15:11:29 | DEBUG   | dpfl.core.base_node | Node 19: data poisoning (LabelFlipAttack)
2026-05-02 15:11:37 | DEBUG   | dpfl.core.base_node | Node 20: data poisoning (LabelFlipAttack)
2026-05-02 15:11:38 | DEBUG   | dpfl.core.base_node | Node 21: data poisoning (LabelFlipAttack)
2026-05-02 15:11:38 | DEBUG   | dpfl.core.base_node | Node 22: data poisoning (LabelFlipAttack)
2026-05-02 15:11:38 | DEBUG   | dpfl.core.base_node | Node 23: data poisoning (LabelFlipAttack)
2026-05-02 15:11:38 | DEBUG   | dpfl.core.base_node | Node 24: data poisoning (LabelFlipAttack)
2026-05-02 15:11:46 | DEBUG   | dpfl.core.base_node | Node 25: data poisoning (LabelFlipAttack)
2026-05-02 15:11:46 | DEBUG   | dpfl.core.base_node | Node 26: data poisoning (LabelFlipAttack)
2026-05-02 15:11:46 | DEBUG   | dpfl.core.base_node | Node 27: data poisoning (LabelFlipAttack)
2026-05-02 15:11:46 | DEBUG   | dpfl.core.base_node | Node 28: data poisoning (LabelFlipAttack)
2026-05-02 15:11:46 | DEBUG   | dpfl.core.base_node | Node 29: data poisoning (LabelFlipAttack)
2026-05-02 15:11:55 | DEBUG   | dpfl.core.base_node | Node 30: data poisoning (LabelFlipAttack)
2026-05-02 15:11:55 | DEBUG   | dpfl.core.base_node | Node 31: data poisoning (LabelFlipAttack)
2026-05-02 15:11:55 | DEBUG   | dpfl.core.base_node | Node 32: data poisoning (LabelFlipAttack)
2026-05-02 15:11:55 | DEBUG   | dpfl.core.base_node | Node 33: data poisoning (LabelFlipAttack)
2026-05-02 15:11:55 | DEBUG   | dpfl.core.base_node | Node 34: data poisoning (LabelFlipAttack)
2026-05-02 15:12:04 | DEBUG   | dpfl.core.base_node | Node 35: data poisoning (LabelFlipAttack)
2026-05-02 15:12:04 | DEBUG   | dpfl.core.base_node | Node 36: data poisoning (LabelFlipAttack)
2026-05-02 15:12:04 | DEBUG   | dpfl.core.base_node | Node 37: data poisoning (LabelFlipAttack)
2026-05-02 15:12:04 | DEBUG   | dpfl.core.base_node | Node 38: data poisoning (LabelFlipAttack)
2026-05-02 15:12:05 | DEBUG   | dpfl.core.base_node | Node 39: data poisoning (LabelFlipAttack)
2026-05-02 15:12:13 | DEBUG   | dpfl.core.base_node | Node 40: data poisoning (LabelFlipAttack)
2026-05-02 15:12:13 | DEBUG   | dpfl.core.base_node | Node 41: data poisoning (LabelFlipAttack)
2026-05-02 15:12:13 | DEBUG   | dpfl.core.base_node | Node 42: data poisoning (LabelFlipAttack)
2026-05-02 15:12:13 | DEBUG   | dpfl.core.base_node | Node 43: data poisoning (LabelFlipAttack)
2026-05-02 15:12:13 | DEBUG   | dpfl.core.base_node | Node 44: data poisoning (LabelFlipAttack)
2026-05-02 15:12:22 | DEBUG   | dpfl.core.base_node | Node 45: data poisoning (LabelFlipAttack)
2026-05-02 15:12:22 | DEBUG   | dpfl.core.base_node | Node 46: data poisoning (LabelFlipAttack)
2026-05-02 15:12:22 | DEBUG   | dpfl.core.base_node | Node 47: data poisoning (LabelFlipAttack)
2026-05-02 15:12:23 | DEBUG   | dpfl.core.base_node | Node 48: data poisoning (LabelFlipAttack)
2026-05-02 15:12:23 | DEBUG   | dpfl.core.base_node | Node 49: data poisoning (LabelFlipAttack)
2026-05-02 15:12:31 | DEBUG   | dpfl.core.base_node | Node 50: data poisoning (LabelFlipAttack)
2026-05-02 15:12:32 | DEBUG   | dpfl.core.base_node | Node 51: data poisoning (LabelFlipAttack)
2026-05-02 15:12:32 | DEBUG   | dpfl.core.base_node | Node 52: data poisoning (LabelFlipAttack)
2026-05-02 15:12:32 | DEBUG   | dpfl.core.base_node | Node 53: data poisoning (LabelFlipAttack)
2026-05-02 15:12:32 | DEBUG   | dpfl.core.base_node | Node 54: data poisoning (LabelFlipAttack)
2026-05-02 15:12:41 | DEBUG   | dpfl.core.base_node | Node 55: data poisoning (LabelFlipAttack)
2026-05-02 15:12:41 | DEBUG   | dpfl.core.base_node | Node 56: data poisoning (LabelFlipAttack)
2026-05-02 15:12:41 | DEBUG   | dpfl.core.base_node | Node 57: data poisoning (LabelFlipAttack)
2026-05-02 15:12:41 | DEBUG   | dpfl.core.base_node | Node 58: data poisoning (LabelFlipAttack)
2026-05-02 15:12:41 | DEBUG   | dpfl.core.base_node | Node 59: data poisoning (LabelFlipAttack)
2026-05-02 15:12:50 | DEBUG   | dpfl.core.base_node | Node 60: data poisoning (LabelFlipAttack)
2026-05-02 15:12:51 | DEBUG   | dpfl.core.base_node | Node 61: data poisoning (LabelFlipAttack)
2026-05-02 15:12:51 | DEBUG   | dpfl.core.base_node | Node 62: data poisoning (LabelFlipAttack)
2026-05-02 15:12:51 | DEBUG   | dpfl.core.base_node | Node 63: data poisoning (LabelFlipAttack)
2026-05-02 15:12:51 | DEBUG   | dpfl.core.base_node | Node 64: data poisoning (LabelFlipAttack)
2026-05-02 15:13:00 | DEBUG   | dpfl.core.base_node | Node 65: data poisoning (LabelFlipAttack)
2026-05-02 15:13:00 | DEBUG   | dpfl.core.base_node | Node 66: data poisoning (LabelFlipAttack)
2026-05-02 15:13:00 | DEBUG   | dpfl.core.base_node | Node 67: data poisoning (LabelFlipAttack)
2026-05-02 15:13:01 | DEBUG   | dpfl.core.base_node | Node 68: data poisoning (LabelFlipAttack)
2026-05-02 15:13:01 | DEBUG   | dpfl.core.base_node | Node 69: data poisoning (LabelFlipAttack)
2026-05-02 15:13:10 | DEBUG   | dpfl.core.base_node | Node 70: data poisoning (LabelFlipAttack)
2026-05-02 15:13:10 | DEBUG   | dpfl.core.base_node | Node 71: data poisoning (LabelFlipAttack)
2026-05-02 15:13:10 | DEBUG   | dpfl.core.base_node | Node 72: data poisoning (LabelFlipAttack)
2026-05-02 15:13:10 | DEBUG   | dpfl.core.base_node | Node 73: data poisoning (LabelFlipAttack)
2026-05-02 15:13:10 | DEBUG   | dpfl.core.base_node | Node 74: data poisoning (LabelFlipAttack)
2026-05-02 15:13:18 | DEBUG   | dpfl.core.base_node | Node 75: data poisoning (LabelFlipAttack)
2026-05-02 15:13:19 | DEBUG   | dpfl.core.base_node | Node 76: data poisoning (LabelFlipAttack)
2026-05-02 15:13:19 | DEBUG   | dpfl.core.base_node | Node 77: data poisoning (LabelFlipAttack)
2026-05-02 15:13:19 | DEBUG   | dpfl.core.base_node | Node 78: data poisoning (LabelFlipAttack)
2026-05-02 15:13:19 | DEBUG   | dpfl.core.base_node | Node 79: data poisoning (LabelFlipAttack)
2026-05-02 15:13:27 | DEBUG   | dpfl.core.base_node | Node 80: data poisoning (LabelFlipAttack)
2026-05-02 15:13:28 | DEBUG   | dpfl.core.base_node | Node 81: data poisoning (LabelFlipAttack)
2026-05-02 15:13:28 | DEBUG   | dpfl.core.base_node | Node 82: data poisoning (LabelFlipAttack)
2026-05-02 15:13:28 | DEBUG   | dpfl.core.base_node | Node 83: data poisoning (LabelFlipAttack)
2026-05-02 15:13:28 | DEBUG   | dpfl.core.base_node | Node 84: data poisoning (LabelFlipAttack)
2026-05-02 15:13:37 | DEBUG   | dpfl.core.base_node | Node 85: data poisoning (LabelFlipAttack)
2026-05-02 15:13:37 | DEBUG   | dpfl.core.base_node | Node 86: data poisoning (LabelFlipAttack)
2026-05-02 15:13:37 | DEBUG   | dpfl.core.base_node | Node 87: data poisoning (LabelFlipAttack)
2026-05-02 15:13:38 | DEBUG   | dpfl.core.base_node | Node 88: data poisoning (LabelFlipAttack)
2026-05-02 15:13:38 | DEBUG   | dpfl.core.base_node | Node 89: data poisoning (LabelFlipAttack)
2026-05-02 15:13:46 | DEBUG   | dpfl.core.base_node | Node 90: data poisoning (LabelFlipAttack)
2026-05-02 15:13:46 | DEBUG   | dpfl.core.base_node | Node 91: data poisoning (LabelFlipAttack)
2026-05-02 15:13:46 | DEBUG   | dpfl.core.base_node | Node 92: data poisoning (LabelFlipAttack)
2026-05-02 15:13:47 | DEBUG   | dpfl.core.base_node | Node 93: data poisoning (LabelFlipAttack)
2026-05-02 15:13:47 | DEBUG   | dpfl.core.base_node | Node 94: data poisoning (LabelFlipAttack)
2026-05-02 15:13:55 | DEBUG   | dpfl.core.base_node | Node 95: data poisoning (LabelFlipAttack)
2026-05-02 15:13:56 | DEBUG   | dpfl.core.base_node | Node 96: data poisoning (LabelFlipAttack)
2026-05-02 15:13:56 | DEBUG   | dpfl.core.base_node | Node 97: data poisoning (LabelFlipAttack)
2026-05-02 15:13:56 | DEBUG   | dpfl.core.base_node | Node 98: data poisoning (LabelFlipAttack)
2026-05-02 15:13:57 | DEBUG   | dpfl.core.base_node | Node 99: data poisoning (LabelFlipAttack)
2026-05-02 15:25:58 | INFO    | dpfl.core.base_simulator | Round  14/300 | Acc: 0.9151 | Loss: 0.2937 | eps: 11.89 | P: 1.00 R: 0.00 F1: 0.00
2026-05-02 15:25:58 | DEBUG   | dpfl.core.base_simulator | Update norms — honest: ['2.64', '2.66', '2.65', '2.63', '2.64'], attacker: ['2.63', '2.62', '2.65', '2.65', '2.64']
2026-05-02 15:25:58 | DEBUG   | dpfl.core.base_node | Node 0: data poisoning (LabelFlipAttack)
2026-05-02 15:25:58 | DEBUG   | dpfl.core.base_node | Node 1: data poisoning (LabelFlipAttack)
2026-05-02 15:25:58 | DEBUG   | dpfl.core.base_node | Node 2: data poisoning (LabelFlipAttack)
2026-05-02 15:25:58 | DEBUG   | dpfl.core.base_node | Node 3: data poisoning (LabelFlipAttack)
2026-05-02 15:25:58 | DEBUG   | dpfl.core.base_node | Node 4: data poisoning (LabelFlipAttack)
2026-05-02 15:26:07 | DEBUG   | dpfl.core.base_node | Node 5: data poisoning (LabelFlipAttack)
2026-05-02 15:26:08 | DEBUG   | dpfl.core.base_node | Node 6: data poisoning (LabelFlipAttack)
2026-05-02 15:26:08 | DEBUG   | dpfl.core.base_node | Node 7: data poisoning (LabelFlipAttack)
2026-05-02 15:26:08 | DEBUG   | dpfl.core.base_node | Node 8: data poisoning (LabelFlipAttack)
2026-05-02 15:26:08 | DEBUG   | dpfl.core.base_node | Node 9: data poisoning (LabelFlipAttack)
2026-05-02 15:26:16 | DEBUG   | dpfl.core.base_node | Node 10: data poisoning (LabelFlipAttack)
2026-05-02 15:26:16 | DEBUG   | dpfl.core.base_node | Node 11: data poisoning (LabelFlipAttack)
2026-05-02 15:26:17 | DEBUG   | dpfl.core.base_node | Node 12: data poisoning (LabelFlipAttack)
2026-05-02 15:26:17 | DEBUG   | dpfl.core.base_node | Node 13: data poisoning (LabelFlipAttack)
2026-05-02 15:26:17 | DEBUG   | dpfl.core.base_node | Node 14: data poisoning (LabelFlipAttack)
2026-05-02 15:26:25 | DEBUG   | dpfl.core.base_node | Node 15: data poisoning (LabelFlipAttack)
2026-05-02 15:26:26 | DEBUG   | dpfl.core.base_node | Node 16: data poisoning (LabelFlipAttack)
2026-05-02 15:26:26 | DEBUG   | dpfl.core.base_node | Node 17: data poisoning (LabelFlipAttack)
2026-05-02 15:26:26 | DEBUG   | dpfl.core.base_node | Node 18: data poisoning (LabelFlipAttack)
2026-05-02 15:26:26 | DEBUG   | dpfl.core.base_node | Node 19: data poisoning (LabelFlipAttack)
2026-05-02 15:26:34 | DEBUG   | dpfl.core.base_node | Node 20: data poisoning (LabelFlipAttack)
2026-05-02 15:26:34 | DEBUG   | dpfl.core.base_node | Node 21: data poisoning (LabelFlipAttack)
2026-05-02 15:26:34 | DEBUG   | dpfl.core.base_node | Node 22: data poisoning (LabelFlipAttack)
2026-05-02 15:26:34 | DEBUG   | dpfl.core.base_node | Node 23: data poisoning (LabelFlipAttack)
2026-05-02 15:26:35 | DEBUG   | dpfl.core.base_node | Node 24: data poisoning (LabelFlipAttack)
2026-05-02 15:26:43 | DEBUG   | dpfl.core.base_node | Node 25: data poisoning (LabelFlipAttack)
2026-05-02 15:26:43 | DEBUG   | dpfl.core.base_node | Node 26: data poisoning (LabelFlipAttack)
2026-05-02 15:26:43 | DEBUG   | dpfl.core.base_node | Node 27: data poisoning (LabelFlipAttack)
2026-05-02 15:26:44 | DEBUG   | dpfl.core.base_node | Node 28: data poisoning (LabelFlipAttack)
2026-05-02 15:26:44 | DEBUG   | dpfl.core.base_node | Node 29: data poisoning (LabelFlipAttack)
2026-05-02 15:26:52 | DEBUG   | dpfl.core.base_node | Node 30: data poisoning (LabelFlipAttack)
2026-05-02 15:26:52 | DEBUG   | dpfl.core.base_node | Node 31: data poisoning (LabelFlipAttack)
2026-05-02 15:26:52 | DEBUG   | dpfl.core.base_node | Node 32: data poisoning (LabelFlipAttack)
2026-05-02 15:26:53 | DEBUG   | dpfl.core.base_node | Node 33: data poisoning (LabelFlipAttack)
2026-05-02 15:26:53 | DEBUG   | dpfl.core.base_node | Node 34: data poisoning (LabelFlipAttack)
2026-05-02 15:27:01 | DEBUG   | dpfl.core.base_node | Node 35: data poisoning (LabelFlipAttack)
2026-05-02 15:27:01 | DEBUG   | dpfl.core.base_node | Node 36: data poisoning (LabelFlipAttack)
2026-05-02 15:27:01 | DEBUG   | dpfl.core.base_node | Node 37: data poisoning (LabelFlipAttack)
2026-05-02 15:27:01 | DEBUG   | dpfl.core.base_node | Node 38: data poisoning (LabelFlipAttack)
2026-05-02 15:27:02 | DEBUG   | dpfl.core.base_node | Node 39: data poisoning (LabelFlipAttack)
2026-05-02 15:27:10 | DEBUG   | dpfl.core.base_node | Node 40: data poisoning (LabelFlipAttack)
2026-05-02 15:27:10 | DEBUG   | dpfl.core.base_node | Node 41: data poisoning (LabelFlipAttack)
2026-05-02 15:27:10 | DEBUG   | dpfl.core.base_node | Node 42: data poisoning (LabelFlipAttack)
2026-05-02 15:27:10 | DEBUG   | dpfl.core.base_node | Node 43: data poisoning (LabelFlipAttack)
2026-05-02 15:27:10 | DEBUG   | dpfl.core.base_node | Node 44: data poisoning (LabelFlipAttack)
2026-05-02 15:27:18 | DEBUG   | dpfl.core.base_node | Node 45: data poisoning (LabelFlipAttack)
2026-05-02 15:27:19 | DEBUG   | dpfl.core.base_node | Node 46: data poisoning (LabelFlipAttack)
2026-05-02 15:27:19 | DEBUG   | dpfl.core.base_node | Node 47: data poisoning (LabelFlipAttack)
2026-05-02 15:27:19 | DEBUG   | dpfl.core.base_node | Node 48: data poisoning (LabelFlipAttack)
2026-05-02 15:27:19 | DEBUG   | dpfl.core.base_node | Node 49: data poisoning (LabelFlipAttack)
2026-05-02 15:27:28 | DEBUG   | dpfl.core.base_node | Node 50: data poisoning (LabelFlipAttack)
2026-05-02 15:27:28 | DEBUG   | dpfl.core.base_node | Node 51: data poisoning (LabelFlipAttack)
2026-05-02 15:27:28 | DEBUG   | dpfl.core.base_node | Node 52: data poisoning (LabelFlipAttack)
2026-05-02 15:27:28 | DEBUG   | dpfl.core.base_node | Node 53: data poisoning (LabelFlipAttack)
2026-05-02 15:27:29 | DEBUG   | dpfl.core.base_node | Node 54: data poisoning (LabelFlipAttack)
2026-05-02 15:27:37 | DEBUG   | dpfl.core.base_node | Node 55: data poisoning (LabelFlipAttack)
2026-05-02 15:27:37 | DEBUG   | dpfl.core.base_node | Node 56: data poisoning (LabelFlipAttack)
2026-05-02 15:27:37 | DEBUG   | dpfl.core.base_node | Node 57: data poisoning (LabelFlipAttack)
2026-05-02 15:27:37 | DEBUG   | dpfl.core.base_node | Node 58: data poisoning (LabelFlipAttack)
2026-05-02 15:27:38 | DEBUG   | dpfl.core.base_node | Node 59: data poisoning (LabelFlipAttack)
2026-05-02 15:27:46 | DEBUG   | dpfl.core.base_node | Node 60: data poisoning (LabelFlipAttack)
2026-05-02 15:27:46 | DEBUG   | dpfl.core.base_node | Node 61: data poisoning (LabelFlipAttack)
2026-05-02 15:27:46 | DEBUG   | dpfl.core.base_node | Node 62: data poisoning (LabelFlipAttack)
2026-05-02 15:27:46 | DEBUG   | dpfl.core.base_node | Node 63: data poisoning (LabelFlipAttack)
2026-05-02 15:27:47 | DEBUG   | dpfl.core.base_node | Node 64: data poisoning (LabelFlipAttack)
2026-05-02 15:27:55 | DEBUG   | dpfl.core.base_node | Node 65: data poisoning (LabelFlipAttack)
2026-05-02 15:27:55 | DEBUG   | dpfl.core.base_node | Node 66: data poisoning (LabelFlipAttack)
2026-05-02 15:27:55 | DEBUG   | dpfl.core.base_node | Node 67: data poisoning (LabelFlipAttack)
2026-05-02 15:27:55 | DEBUG   | dpfl.core.base_node | Node 68: data poisoning (LabelFlipAttack)
2026-05-02 15:27:56 | DEBUG   | dpfl.core.base_node | Node 69: data poisoning (LabelFlipAttack)
2026-05-02 15:28:04 | DEBUG   | dpfl.core.base_node | Node 70: data poisoning (LabelFlipAttack)
2026-05-02 15:28:04 | DEBUG   | dpfl.core.base_node | Node 71: data poisoning (LabelFlipAttack)
2026-05-02 15:28:04 | DEBUG   | dpfl.core.base_node | Node 72: data poisoning (LabelFlipAttack)
2026-05-02 15:28:04 | DEBUG   | dpfl.core.base_node | Node 73: data poisoning (LabelFlipAttack)
2026-05-02 15:28:05 | DEBUG   | dpfl.core.base_node | Node 74: data poisoning (LabelFlipAttack)
2026-05-02 15:28:12 | DEBUG   | dpfl.core.base_node | Node 75: data poisoning (LabelFlipAttack)
2026-05-02 15:28:13 | DEBUG   | dpfl.core.base_node | Node 76: data poisoning (LabelFlipAttack)
2026-05-02 15:28:13 | DEBUG   | dpfl.core.base_node | Node 77: data poisoning (LabelFlipAttack)
2026-05-02 15:28:13 | DEBUG   | dpfl.core.base_node | Node 78: data poisoning (LabelFlipAttack)
2026-05-02 15:28:13 | DEBUG   | dpfl.core.base_node | Node 79: data poisoning (LabelFlipAttack)
2026-05-02 15:28:21 | DEBUG   | dpfl.core.base_node | Node 80: data poisoning (LabelFlipAttack)
2026-05-02 15:28:22 | DEBUG   | dpfl.core.base_node | Node 81: data poisoning (LabelFlipAttack)
2026-05-02 15:28:22 | DEBUG   | dpfl.core.base_node | Node 82: data poisoning (LabelFlipAttack)
2026-05-02 15:28:22 | DEBUG   | dpfl.core.base_node | Node 83: data poisoning (LabelFlipAttack)
2026-05-02 15:28:22 | DEBUG   | dpfl.core.base_node | Node 84: data poisoning (LabelFlipAttack)
2026-05-02 15:28:30 | DEBUG   | dpfl.core.base_node | Node 85: data poisoning (LabelFlipAttack)
2026-05-02 15:28:30 | DEBUG   | dpfl.core.base_node | Node 86: data poisoning (LabelFlipAttack)
2026-05-02 15:28:30 | DEBUG   | dpfl.core.base_node | Node 87: data poisoning (LabelFlipAttack)
2026-05-02 15:28:31 | DEBUG   | dpfl.core.base_node | Node 88: data poisoning (LabelFlipAttack)
2026-05-02 15:28:31 | DEBUG   | dpfl.core.base_node | Node 89: data poisoning (LabelFlipAttack)
2026-05-02 15:28:39 | DEBUG   | dpfl.core.base_node | Node 90: data poisoning (LabelFlipAttack)
2026-05-02 15:28:40 | DEBUG   | dpfl.core.base_node | Node 91: data poisoning (LabelFlipAttack)
2026-05-02 15:28:40 | DEBUG   | dpfl.core.base_node | Node 92: data poisoning (LabelFlipAttack)
2026-05-02 15:28:40 | DEBUG   | dpfl.core.base_node | Node 93: data poisoning (LabelFlipAttack)
2026-05-02 15:28:40 | DEBUG   | dpfl.core.base_node | Node 94: data poisoning (LabelFlipAttack)
2026-05-02 15:28:49 | DEBUG   | dpfl.core.base_node | Node 95: data poisoning (LabelFlipAttack)
2026-05-02 15:28:49 | DEBUG   | dpfl.core.base_node | Node 96: data poisoning (LabelFlipAttack)
2026-05-02 15:28:49 | DEBUG   | dpfl.core.base_node | Node 97: data poisoning (LabelFlipAttack)
2026-05-02 15:28:50 | DEBUG   | dpfl.core.base_node | Node 98: data poisoning (LabelFlipAttack)
2026-05-02 15:28:50 | DEBUG   | dpfl.core.base_node | Node 99: data poisoning (LabelFlipAttack)
2026-05-02 15:41:11 | INFO    | dpfl.core.base_simulator | Round  15/300 | Acc: 0.9163 | Loss: 0.2892 | eps: 12.01 | P: 1.00 R: 0.00 F1: 0.00
2026-05-02 15:41:11 | DEBUG   | dpfl.core.base_simulator | Update norms — honest: ['2.63', '2.64', '2.63', '2.63', '2.63'], attacker: ['2.64', '2.64', '2.65', '2.64', '2.64']
2026-05-02 15:41:11 | DEBUG   | dpfl.core.base_node | Node 0: data poisoning (LabelFlipAttack)
2026-05-02 15:41:11 | DEBUG   | dpfl.core.base_node | Node 1: data poisoning (LabelFlipAttack)
2026-05-02 15:41:11 | DEBUG   | dpfl.core.base_node | Node 2: data poisoning (LabelFlipAttack)
2026-05-02 15:41:11 | DEBUG   | dpfl.core.base_node | Node 3: data poisoning (LabelFlipAttack)
2026-05-02 15:41:11 | DEBUG   | dpfl.core.base_node | Node 4: data poisoning (LabelFlipAttack)
2026-05-02 15:41:20 | DEBUG   | dpfl.core.base_node | Node 5: data poisoning (LabelFlipAttack)
2026-05-02 15:41:20 | DEBUG   | dpfl.core.base_node | Node 6: data poisoning (LabelFlipAttack)
2026-05-02 15:41:20 | DEBUG   | dpfl.core.base_node | Node 7: data poisoning (LabelFlipAttack)
2026-05-02 15:41:20 | DEBUG   | dpfl.core.base_node | Node 8: data poisoning (LabelFlipAttack)
2026-05-02 15:41:20 | DEBUG   | dpfl.core.base_node | Node 9: data poisoning (LabelFlipAttack)
2026-05-02 15:41:29 | DEBUG   | dpfl.core.base_node | Node 10: data poisoning (LabelFlipAttack)
2026-05-02 15:41:29 | DEBUG   | dpfl.core.base_node | Node 11: data poisoning (LabelFlipAttack)
2026-05-02 15:41:29 | DEBUG   | dpfl.core.base_node | Node 12: data poisoning (LabelFlipAttack)
2026-05-02 15:41:29 | DEBUG   | dpfl.core.base_node | Node 13: data poisoning (LabelFlipAttack)
2026-05-02 15:41:29 | DEBUG   | dpfl.core.base_node | Node 14: data poisoning (LabelFlipAttack)
2026-05-02 15:41:37 | DEBUG   | dpfl.core.base_node | Node 15: data poisoning (LabelFlipAttack)
2026-05-02 15:41:37 | DEBUG   | dpfl.core.base_node | Node 16: data poisoning (LabelFlipAttack)
2026-05-02 15:41:37 | DEBUG   | dpfl.core.base_node | Node 17: data poisoning (LabelFlipAttack)
2026-05-02 15:41:37 | DEBUG   | dpfl.core.base_node | Node 18: data poisoning (LabelFlipAttack)
2026-05-02 15:41:37 | DEBUG   | dpfl.core.base_node | Node 19: data poisoning (LabelFlipAttack)
2026-05-02 15:41:46 | DEBUG   | dpfl.core.base_node | Node 20: data poisoning (LabelFlipAttack)
2026-05-02 15:41:46 | DEBUG   | dpfl.core.base_node | Node 21: data poisoning (LabelFlipAttack)
2026-05-02 15:41:46 | DEBUG   | dpfl.core.base_node | Node 22: data poisoning (LabelFlipAttack)
2026-05-02 15:41:46 | DEBUG   | dpfl.core.base_node | Node 23: data poisoning (LabelFlipAttack)
2026-05-02 15:41:46 | DEBUG   | dpfl.core.base_node | Node 24: data poisoning (LabelFlipAttack)
2026-05-02 15:41:55 | DEBUG   | dpfl.core.base_node | Node 25: data poisoning (LabelFlipAttack)
2026-05-02 15:41:56 | DEBUG   | dpfl.core.base_node | Node 26: data poisoning (LabelFlipAttack)
2026-05-02 15:41:56 | DEBUG   | dpfl.core.base_node | Node 27: data poisoning (LabelFlipAttack)
2026-05-02 15:41:56 | DEBUG   | dpfl.core.base_node | Node 28: data poisoning (LabelFlipAttack)
2026-05-02 15:41:56 | DEBUG   | dpfl.core.base_node | Node 29: data poisoning (LabelFlipAttack)
2026-05-02 15:42:04 | DEBUG   | dpfl.core.base_node | Node 30: data poisoning (LabelFlipAttack)
2026-05-02 15:42:04 | DEBUG   | dpfl.core.base_node | Node 31: data poisoning (LabelFlipAttack)
2026-05-02 15:42:04 | DEBUG   | dpfl.core.base_node | Node 32: data poisoning (LabelFlipAttack)
2026-05-02 15:42:04 | DEBUG   | dpfl.core.base_node | Node 33: data poisoning (LabelFlipAttack)
2026-05-02 15:42:05 | DEBUG   | dpfl.core.base_node | Node 34: data poisoning (LabelFlipAttack)
2026-05-02 15:42:13 | DEBUG   | dpfl.core.base_node | Node 35: data poisoning (LabelFlipAttack)
2026-05-02 15:42:13 | DEBUG   | dpfl.core.base_node | Node 36: data poisoning (LabelFlipAttack)
2026-05-02 15:42:14 | DEBUG   | dpfl.core.base_node | Node 37: data poisoning (LabelFlipAttack)
2026-05-02 15:42:14 | DEBUG   | dpfl.core.base_node | Node 38: data poisoning (LabelFlipAttack)
2026-05-02 15:42:14 | DEBUG   | dpfl.core.base_node | Node 39: data poisoning (LabelFlipAttack)
2026-05-02 15:42:22 | DEBUG   | dpfl.core.base_node | Node 40: data poisoning (LabelFlipAttack)
2026-05-02 15:42:22 | DEBUG   | dpfl.core.base_node | Node 41: data poisoning (LabelFlipAttack)
2026-05-02 15:42:22 | DEBUG   | dpfl.core.base_node | Node 42: data poisoning (LabelFlipAttack)
2026-05-02 15:42:22 | DEBUG   | dpfl.core.base_node | Node 43: data poisoning (LabelFlipAttack)
2026-05-02 15:42:23 | DEBUG   | dpfl.core.base_node | Node 44: data poisoning (LabelFlipAttack)
2026-05-02 15:42:30 | DEBUG   | dpfl.core.base_node | Node 45: data poisoning (LabelFlipAttack)
2026-05-02 15:42:30 | DEBUG   | dpfl.core.base_node | Node 46: data poisoning (LabelFlipAttack)
2026-05-02 15:42:31 | DEBUG   | dpfl.core.base_node | Node 47: data poisoning (LabelFlipAttack)
2026-05-02 15:42:31 | DEBUG   | dpfl.core.base_node | Node 48: data poisoning (LabelFlipAttack)
2026-05-02 15:42:31 | DEBUG   | dpfl.core.base_node | Node 49: data poisoning (LabelFlipAttack)
2026-05-02 15:42:39 | DEBUG   | dpfl.core.base_node | Node 50: data poisoning (LabelFlipAttack)
2026-05-02 15:42:39 | DEBUG   | dpfl.core.base_node | Node 51: data poisoning (LabelFlipAttack)
2026-05-02 15:42:39 | DEBUG   | dpfl.core.base_node | Node 52: data poisoning (LabelFlipAttack)
2026-05-02 15:42:39 | DEBUG   | dpfl.core.base_node | Node 53: data poisoning (LabelFlipAttack)
2026-05-02 15:42:40 | DEBUG   | dpfl.core.base_node | Node 54: data poisoning (LabelFlipAttack)
2026-05-02 15:42:47 | DEBUG   | dpfl.core.base_node | Node 55: data poisoning (LabelFlipAttack)
2026-05-02 15:42:47 | DEBUG   | dpfl.core.base_node | Node 56: data poisoning (LabelFlipAttack)
2026-05-02 15:42:48 | DEBUG   | dpfl.core.base_node | Node 57: data poisoning (LabelFlipAttack)
2026-05-02 15:42:48 | DEBUG   | dpfl.core.base_node | Node 58: data poisoning (LabelFlipAttack)
2026-05-02 15:42:49 | DEBUG   | dpfl.core.base_node | Node 59: data poisoning (LabelFlipAttack)
2026-05-02 15:42:56 | DEBUG   | dpfl.core.base_node | Node 60: data poisoning (LabelFlipAttack)
2026-05-02 15:42:57 | DEBUG   | dpfl.core.base_node | Node 61: data poisoning (LabelFlipAttack)
2026-05-02 15:42:57 | DEBUG   | dpfl.core.base_node | Node 62: data poisoning (LabelFlipAttack)
2026-05-02 15:42:57 | DEBUG   | dpfl.core.base_node | Node 63: data poisoning (LabelFlipAttack)
2026-05-02 15:42:58 | DEBUG   | dpfl.core.base_node | Node 64: data poisoning (LabelFlipAttack)
2026-05-02 15:43:05 | DEBUG   | dpfl.core.base_node | Node 65: data poisoning (LabelFlipAttack)
2026-05-02 15:43:05 | DEBUG   | dpfl.core.base_node | Node 66: data poisoning (LabelFlipAttack)
2026-05-02 15:43:06 | DEBUG   | dpfl.core.base_node | Node 67: data poisoning (LabelFlipAttack)
2026-05-02 15:43:06 | DEBUG   | dpfl.core.base_node | Node 68: data poisoning (LabelFlipAttack)
2026-05-02 15:43:06 | DEBUG   | dpfl.core.base_node | Node 69: data poisoning (LabelFlipAttack)
2026-05-02 15:43:14 | DEBUG   | dpfl.core.base_node | Node 70: data poisoning (LabelFlipAttack)
2026-05-02 15:43:14 | DEBUG   | dpfl.core.base_node | Node 71: data poisoning (LabelFlipAttack)
2026-05-02 15:43:15 | DEBUG   | dpfl.core.base_node | Node 72: data poisoning (LabelFlipAttack)
2026-05-02 15:43:15 | DEBUG   | dpfl.core.base_node | Node 73: data poisoning (LabelFlipAttack)
2026-05-02 15:43:15 | DEBUG   | dpfl.core.base_node | Node 74: data poisoning (LabelFlipAttack)
2026-05-02 15:43:23 | DEBUG   | dpfl.core.base_node | Node 75: data poisoning (LabelFlipAttack)
2026-05-02 15:43:23 | DEBUG   | dpfl.core.base_node | Node 76: data poisoning (LabelFlipAttack)
2026-05-02 15:43:24 | DEBUG   | dpfl.core.base_node | Node 77: data poisoning (LabelFlipAttack)
2026-05-02 15:43:24 | DEBUG   | dpfl.core.base_node | Node 78: data poisoning (LabelFlipAttack)
2026-05-02 15:43:25 | DEBUG   | dpfl.core.base_node | Node 79: data poisoning (LabelFlipAttack)
2026-05-02 15:43:33 | DEBUG   | dpfl.core.base_node | Node 80: data poisoning (LabelFlipAttack)
2026-05-02 15:43:33 | DEBUG   | dpfl.core.base_node | Node 81: data poisoning (LabelFlipAttack)
2026-05-02 15:43:34 | DEBUG   | dpfl.core.base_node | Node 82: data poisoning (LabelFlipAttack)
2026-05-02 15:43:34 | DEBUG   | dpfl.core.base_node | Node 83: data poisoning (LabelFlipAttack)
2026-05-02 15:43:34 | DEBUG   | dpfl.core.base_node | Node 84: data poisoning (LabelFlipAttack)
2026-05-02 15:43:43 | DEBUG   | dpfl.core.base_node | Node 85: data poisoning (LabelFlipAttack)
2026-05-02 15:43:43 | DEBUG   | dpfl.core.base_node | Node 86: data poisoning (LabelFlipAttack)
2026-05-02 15:43:44 | DEBUG   | dpfl.core.base_node | Node 87: data poisoning (LabelFlipAttack)
2026-05-02 15:43:44 | DEBUG   | dpfl.core.base_node | Node 88: data poisoning (LabelFlipAttack)
2026-05-02 15:43:44 | DEBUG   | dpfl.core.base_node | Node 89: data poisoning (LabelFlipAttack)
2026-05-02 15:43:52 | DEBUG   | dpfl.core.base_node | Node 90: data poisoning (LabelFlipAttack)
2026-05-02 15:43:52 | DEBUG   | dpfl.core.base_node | Node 91: data poisoning (LabelFlipAttack)
2026-05-02 15:43:53 | DEBUG   | dpfl.core.base_node | Node 92: data poisoning (LabelFlipAttack)
2026-05-02 15:43:53 | DEBUG   | dpfl.core.base_node | Node 93: data poisoning (LabelFlipAttack)
2026-05-02 15:43:53 | DEBUG   | dpfl.core.base_node | Node 94: data poisoning (LabelFlipAttack)
2026-05-02 15:44:00 | DEBUG   | dpfl.core.base_node | Node 95: data poisoning (LabelFlipAttack)
2026-05-02 15:44:00 | DEBUG   | dpfl.core.base_node | Node 96: data poisoning (LabelFlipAttack)
2026-05-02 15:44:01 | DEBUG   | dpfl.core.base_node | Node 97: data poisoning (LabelFlipAttack)
2026-05-02 15:44:01 | DEBUG   | dpfl.core.base_node | Node 98: data poisoning (LabelFlipAttack)
2026-05-02 15:44:02 | DEBUG   | dpfl.core.base_node | Node 99: data poisoning (LabelFlipAttack)
2026-05-02 15:56:21 | INFO    | dpfl.core.base_simulator | Round  16/300 | Acc: 0.9173 | Loss: 0.2852 | eps: 12.14 | P: 1.00 R: 0.00 F1: 0.00
2026-05-02 15:56:21 | DEBUG   | dpfl.core.base_simulator | Update norms — honest: ['2.65', '2.64', '2.63', '2.64', '2.65'], attacker: ['2.63', '2.65', '2.65', '2.64', '2.64']
2026-05-02 15:56:21 | DEBUG   | dpfl.core.base_node | Node 0: data poisoning (LabelFlipAttack)
2026-05-02 15:56:21 | DEBUG   | dpfl.core.base_node | Node 1: data poisoning (LabelFlipAttack)
2026-05-02 15:56:21 | DEBUG   | dpfl.core.base_node | Node 2: data poisoning (LabelFlipAttack)
2026-05-02 15:56:21 | DEBUG   | dpfl.core.base_node | Node 3: data poisoning (LabelFlipAttack)
2026-05-02 15:56:21 | DEBUG   | dpfl.core.base_node | Node 4: data poisoning (LabelFlipAttack)
2026-05-02 15:56:30 | DEBUG   | dpfl.core.base_node | Node 5: data poisoning (LabelFlipAttack)
2026-05-02 15:56:30 | DEBUG   | dpfl.core.base_node | Node 6: data poisoning (LabelFlipAttack)
2026-05-02 15:56:30 | DEBUG   | dpfl.core.base_node | Node 7: data poisoning (LabelFlipAttack)
2026-05-02 15:56:30 | DEBUG   | dpfl.core.base_node | Node 8: data poisoning (LabelFlipAttack)
2026-05-02 15:56:30 | DEBUG   | dpfl.core.base_node | Node 9: data poisoning (LabelFlipAttack)
2026-05-02 15:56:39 | DEBUG   | dpfl.core.base_node | Node 10: data poisoning (LabelFlipAttack)
2026-05-02 15:56:39 | DEBUG   | dpfl.core.base_node | Node 11: data poisoning (LabelFlipAttack)
2026-05-02 15:56:39 | DEBUG   | dpfl.core.base_node | Node 12: data poisoning (LabelFlipAttack)
2026-05-02 15:56:39 | DEBUG   | dpfl.core.base_node | Node 13: data poisoning (LabelFlipAttack)
2026-05-02 15:56:39 | DEBUG   | dpfl.core.base_node | Node 14: data poisoning (LabelFlipAttack)
2026-05-02 15:56:48 | DEBUG   | dpfl.core.base_node | Node 15: data poisoning (LabelFlipAttack)
2026-05-02 15:56:48 | DEBUG   | dpfl.core.base_node | Node 16: data poisoning (LabelFlipAttack)
2026-05-02 15:56:48 | DEBUG   | dpfl.core.base_node | Node 17: data poisoning (LabelFlipAttack)
2026-05-02 15:56:48 | DEBUG   | dpfl.core.base_node | Node 18: data poisoning (LabelFlipAttack)
2026-05-02 15:56:48 | DEBUG   | dpfl.core.base_node | Node 19: data poisoning (LabelFlipAttack)
2026-05-02 15:56:57 | DEBUG   | dpfl.core.base_node | Node 20: data poisoning (LabelFlipAttack)
2026-05-02 15:56:57 | DEBUG   | dpfl.core.base_node | Node 21: data poisoning (LabelFlipAttack)
2026-05-02 15:56:57 | DEBUG   | dpfl.core.base_node | Node 22: data poisoning (LabelFlipAttack)
2026-05-02 15:56:57 | DEBUG   | dpfl.core.base_node | Node 23: data poisoning (LabelFlipAttack)
2026-05-02 15:56:57 | DEBUG   | dpfl.core.base_node | Node 24: data poisoning (LabelFlipAttack)
2026-05-02 15:57:06 | DEBUG   | dpfl.core.base_node | Node 25: data poisoning (LabelFlipAttack)
2026-05-02 15:57:06 | DEBUG   | dpfl.core.base_node | Node 26: data poisoning (LabelFlipAttack)
2026-05-02 15:57:06 | DEBUG   | dpfl.core.base_node | Node 27: data poisoning (LabelFlipAttack)
2026-05-02 15:57:07 | DEBUG   | dpfl.core.base_node | Node 28: data poisoning (LabelFlipAttack)
2026-05-02 15:57:07 | DEBUG   | dpfl.core.base_node | Node 29: data poisoning (LabelFlipAttack)
2026-05-02 15:57:16 | DEBUG   | dpfl.core.base_node | Node 30: data poisoning (LabelFlipAttack)
2026-05-02 15:57:16 | DEBUG   | dpfl.core.base_node | Node 31: data poisoning (LabelFlipAttack)
2026-05-02 15:57:16 | DEBUG   | dpfl.core.base_node | Node 32: data poisoning (LabelFlipAttack)
2026-05-02 15:57:16 | DEBUG   | dpfl.core.base_node | Node 33: data poisoning (LabelFlipAttack)
2026-05-02 15:57:17 | DEBUG   | dpfl.core.base_node | Node 34: data poisoning (LabelFlipAttack)
2026-05-02 15:57:25 | DEBUG   | dpfl.core.base_node | Node 35: data poisoning (LabelFlipAttack)
2026-05-02 15:57:26 | DEBUG   | dpfl.core.base_node | Node 36: data poisoning (LabelFlipAttack)
2026-05-02 15:57:26 | DEBUG   | dpfl.core.base_node | Node 37: data poisoning (LabelFlipAttack)
2026-05-02 15:57:26 | DEBUG   | dpfl.core.base_node | Node 38: data poisoning (LabelFlipAttack)
2026-05-02 15:57:26 | DEBUG   | dpfl.core.base_node | Node 39: data poisoning (LabelFlipAttack)
2026-05-02 15:57:35 | DEBUG   | dpfl.core.base_node | Node 40: data poisoning (LabelFlipAttack)
2026-05-02 15:57:35 | DEBUG   | dpfl.core.base_node | Node 41: data poisoning (LabelFlipAttack)
2026-05-02 15:57:35 | DEBUG   | dpfl.core.base_node | Node 42: data poisoning (LabelFlipAttack)
2026-05-02 15:57:35 | DEBUG   | dpfl.core.base_node | Node 43: data poisoning (LabelFlipAttack)
2026-05-02 15:57:36 | DEBUG   | dpfl.core.base_node | Node 44: data poisoning (LabelFlipAttack)
2026-05-02 15:57:44 | DEBUG   | dpfl.core.base_node | Node 45: data poisoning (LabelFlipAttack)
2026-05-02 15:57:44 | DEBUG   | dpfl.core.base_node | Node 46: data poisoning (LabelFlipAttack)
2026-05-02 15:57:44 | DEBUG   | dpfl.core.base_node | Node 47: data poisoning (LabelFlipAttack)
2026-05-02 15:57:45 | DEBUG   | dpfl.core.base_node | Node 48: data poisoning (LabelFlipAttack)
2026-05-02 15:57:45 | DEBUG   | dpfl.core.base_node | Node 49: data poisoning (LabelFlipAttack)
2026-05-02 15:57:53 | DEBUG   | dpfl.core.base_node | Node 50: data poisoning (LabelFlipAttack)
2026-05-02 15:57:53 | DEBUG   | dpfl.core.base_node | Node 51: data poisoning (LabelFlipAttack)
2026-05-02 15:57:54 | DEBUG   | dpfl.core.base_node | Node 52: data poisoning (LabelFlipAttack)
2026-05-02 15:57:54 | DEBUG   | dpfl.core.base_node | Node 53: data poisoning (LabelFlipAttack)
2026-05-02 15:57:54 | DEBUG   | dpfl.core.base_node | Node 54: data poisoning (LabelFlipAttack)
2026-05-02 15:58:03 | DEBUG   | dpfl.core.base_node | Node 55: data poisoning (LabelFlipAttack)
2026-05-02 15:58:03 | DEBUG   | dpfl.core.base_node | Node 56: data poisoning (LabelFlipAttack)
2026-05-02 15:58:04 | DEBUG   | dpfl.core.base_node | Node 57: data poisoning (LabelFlipAttack)
2026-05-02 15:58:04 | DEBUG   | dpfl.core.base_node | Node 58: data poisoning (LabelFlipAttack)
2026-05-02 15:58:04 | DEBUG   | dpfl.core.base_node | Node 59: data poisoning (LabelFlipAttack)
2026-05-02 15:58:13 | DEBUG   | dpfl.core.base_node | Node 60: data poisoning (LabelFlipAttack)
2026-05-02 15:58:13 | DEBUG   | dpfl.core.base_node | Node 61: data poisoning (LabelFlipAttack)
2026-05-02 15:58:14 | DEBUG   | dpfl.core.base_node | Node 62: data poisoning (LabelFlipAttack)
2026-05-02 15:58:14 | DEBUG   | dpfl.core.base_node | Node 63: data poisoning (LabelFlipAttack)
2026-05-02 15:58:14 | DEBUG   | dpfl.core.base_node | Node 64: data poisoning (LabelFlipAttack)
2026-05-02 15:58:22 | DEBUG   | dpfl.core.base_node | Node 65: data poisoning (LabelFlipAttack)
2026-05-02 15:58:22 | DEBUG   | dpfl.core.base_node | Node 66: data poisoning (LabelFlipAttack)
2026-05-02 15:58:23 | DEBUG   | dpfl.core.base_node | Node 67: data poisoning (LabelFlipAttack)
2026-05-02 15:58:23 | DEBUG   | dpfl.core.base_node | Node 68: data poisoning (LabelFlipAttack)
2026-05-02 15:58:24 | DEBUG   | dpfl.core.base_node | Node 69: data poisoning (LabelFlipAttack)
2026-05-02 15:58:32 | DEBUG   | dpfl.core.base_node | Node 70: data poisoning (LabelFlipAttack)
2026-05-02 15:58:32 | DEBUG   | dpfl.core.base_node | Node 71: data poisoning (LabelFlipAttack)
2026-05-02 15:58:33 | DEBUG   | dpfl.core.base_node | Node 72: data poisoning (LabelFlipAttack)
2026-05-02 15:58:33 | DEBUG   | dpfl.core.base_node | Node 73: data poisoning (LabelFlipAttack)
2026-05-02 15:58:34 | DEBUG   | dpfl.core.base_node | Node 74: data poisoning (LabelFlipAttack)
2026-05-02 15:58:42 | DEBUG   | dpfl.core.base_node | Node 75: data poisoning (LabelFlipAttack)
2026-05-02 15:58:42 | DEBUG   | dpfl.core.base_node | Node 76: data poisoning (LabelFlipAttack)
2026-05-02 15:58:43 | DEBUG   | dpfl.core.base_node | Node 77: data poisoning (LabelFlipAttack)
2026-05-02 15:58:43 | DEBUG   | dpfl.core.base_node | Node 78: data poisoning (LabelFlipAttack)
2026-05-02 15:58:43 | DEBUG   | dpfl.core.base_node | Node 79: data poisoning (LabelFlipAttack)
2026-05-02 15:58:52 | DEBUG   | dpfl.core.base_node | Node 80: data poisoning (LabelFlipAttack)
2026-05-02 15:58:52 | DEBUG   | dpfl.core.base_node | Node 81: data poisoning (LabelFlipAttack)
2026-05-02 15:58:53 | DEBUG   | dpfl.core.base_node | Node 82: data poisoning (LabelFlipAttack)
2026-05-02 15:58:53 | DEBUG   | dpfl.core.base_node | Node 83: data poisoning (LabelFlipAttack)
2026-05-02 15:58:53 | DEBUG   | dpfl.core.base_node | Node 84: data poisoning (LabelFlipAttack)
2026-05-02 15:59:01 | DEBUG   | dpfl.core.base_node | Node 85: data poisoning (LabelFlipAttack)
2026-05-02 15:59:02 | DEBUG   | dpfl.core.base_node | Node 86: data poisoning (LabelFlipAttack)
2026-05-02 15:59:02 | DEBUG   | dpfl.core.base_node | Node 87: data poisoning (LabelFlipAttack)
2026-05-02 15:59:03 | DEBUG   | dpfl.core.base_node | Node 88: data poisoning (LabelFlipAttack)
2026-05-02 15:59:03 | DEBUG   | dpfl.core.base_node | Node 89: data poisoning (LabelFlipAttack)
2026-05-02 15:59:11 | DEBUG   | dpfl.core.base_node | Node 90: data poisoning (LabelFlipAttack)
2026-05-02 15:59:11 | DEBUG   | dpfl.core.base_node | Node 91: data poisoning (LabelFlipAttack)
2026-05-02 15:59:12 | DEBUG   | dpfl.core.base_node | Node 92: data poisoning (LabelFlipAttack)
2026-05-02 15:59:12 | DEBUG   | dpfl.core.base_node | Node 93: data poisoning (LabelFlipAttack)
2026-05-02 15:59:13 | DEBUG   | dpfl.core.base_node | Node 94: data poisoning (LabelFlipAttack)
2026-05-02 15:59:21 | DEBUG   | dpfl.core.base_node | Node 95: data poisoning (LabelFlipAttack)
2026-05-02 15:59:21 | DEBUG   | dpfl.core.base_node | Node 96: data poisoning (LabelFlipAttack)
2026-05-02 15:59:22 | DEBUG   | dpfl.core.base_node | Node 97: data poisoning (LabelFlipAttack)
2026-05-02 15:59:22 | DEBUG   | dpfl.core.base_node | Node 98: data poisoning (LabelFlipAttack)
2026-05-02 15:59:22 | DEBUG   | dpfl.core.base_node | Node 99: data poisoning (LabelFlipAttack)
