2026-05-01 03:34:54 | INFO    | dpfl | Experiment start: algorithm=noise_game, dataset=mnist, model=mlp, device=cuda
2026-05-01 03:34:54 | INFO    | dpfl | Config: nodes=300, attackers=60, rounds=50, noise_mode=none, attack=scale
2026-05-01 03:34:54 | INFO    | dpfl.data.mnist_dataset | Loading MNIST dataset...
2026-05-01 03:35:16 | INFO    | dpfl.data.mnist_dataset | MNIST loaded: 60000 train, 10000 test samples
2026-05-01 03:35:32 | INFO    | dpfl.core.base_simulator | Vectorized state ready: param_spec.D=25450, X_test=(10000, 1, 28, 28), train clients N=300, max_n_samples=1200
2026-05-01 03:35:32 | INFO    | dpfl.core.base_simulator | Setup complete: 300 nodes (60 attackers), param_dim=25450, split=iid
2026-05-01 03:35:32 | DEBUG   | dpfl.core.base_simulator | Attacker IDs: {0, 1, 2, 3, 4, 5, 6, 7, 8, 9, 10, 11, 12, 13, 14, 15, 16, 17, 18, 19, 20, 21, 22, 23, 24, 25, 26, 27, 28, 29, 30, 31, 32, 33, 34, 35, 36, 37, 38, 39, 40, 41, 42, 43, 44, 45, 46, 47, 48, 49, 50, 51, 52, 53, 54, 55, 56, 57, 58, 59}
2026-05-01 03:35:33 | INFO    | dpfl.core.base_simulator | Round   1/50 | Acc: 0.1477 | Loss: 2.2201 | eps_max: 3.15 eps_avg: 0.17 | P: 0.00 R: 0.00 F1: 0.00
2026-05-01 03:35:33 | DEBUG   | dpfl.core.base_simulator | Update norms — honest: ['1.56', '1.57', '1.56', '1.55', '1.54'], attacker: ['0.11', '0.10', '0.11', '0.11', '0.11']
2026-05-01 03:35:34 | INFO    | dpfl.core.base_simulator | Round   2/50 | Acc: 0.2526 | Loss: 2.1075 | eps_max: 3.16 eps_avg: 0.47 | P: 0.00 R: 0.00 F1: 0.00
2026-05-01 03:35:34 | DEBUG   | dpfl.core.base_simulator | Update norms — honest: ['1.54', '1.54', '2.27', '1.54', '2.28'], attacker: ['0.10', '0.10', '0.10', '0.10', '0.10']
2026-05-01 03:35:35 | INFO    | dpfl.core.base_simulator | Round   3/50 | Acc: 0.3391 | Loss: 1.9900 | eps_max: 3.18 eps_avg: 0.71 | P: 0.00 R: 0.00 F1: 0.00
2026-05-01 03:35:35 | DEBUG   | dpfl.core.base_simulator | Update norms — honest: ['1.53', '3.80', '2.54', '1.52', '1.52'], attacker: ['0.11', '0.10', '0.11', '0.11', '0.11']
2026-05-01 03:35:35 | INFO    | dpfl.core.base_simulator | Round   4/50 | Acc: 0.4012 | Loss: 1.8684 | eps_max: 3.20 eps_avg: 0.99 | P: 0.00 R: 0.00 F1: 0.00
2026-05-01 03:35:35 | DEBUG   | dpfl.core.base_simulator | Update norms — honest: ['1.51', '1.51', '1.50', '1.49', '1.50'], attacker: ['0.11', '0.11', '0.11', '0.11', '0.11']
2026-05-01 03:35:36 | INFO    | dpfl.core.base_simulator | Round   5/50 | Acc: 0.4600 | Loss: 1.7470 | eps_max: 3.24 eps_avg: 1.18 | P: 0.00 R: 0.00 F1: 0.00
2026-05-01 03:35:36 | DEBUG   | dpfl.core.base_simulator | Update norms — honest: ['1.49', '1.49', '2.58', '2.45', '1.49'], attacker: ['0.11', '0.11', '0.11', '0.11', '0.11']
2026-05-01 03:35:36 | INFO    | dpfl.core.base_simulator | Round   6/50 | Acc: 0.5285 | Loss: 1.6273 | eps_max: 3.27 eps_avg: 1.29 | P: 0.00 R: 0.00 F1: 0.00
2026-05-01 03:35:36 | DEBUG   | dpfl.core.base_simulator | Update norms — honest: ['2.68', '1.45', '1.45', '3.70', '2.64'], attacker: ['0.10', '0.11', '0.11', '0.11', '0.11']
2026-05-01 03:35:37 | INFO    | dpfl.core.base_simulator | Round   7/50 | Acc: 0.5953 | Loss: 1.5109 | eps_max: 3.29 eps_avg: 1.48 | P: 0.00 R: 0.00 F1: 0.00
2026-05-01 03:35:37 | DEBUG   | dpfl.core.base_simulator | Update norms — honest: ['3.40', '1.45', '2.65', '1.46', '3.80'], attacker: ['0.10', '0.10', '0.11', '0.10', '0.11']
2026-05-01 03:35:38 | INFO    | dpfl.core.base_simulator | Round   8/50 | Acc: 0.6510 | Loss: 1.4028 | eps_max: 3.35 eps_avg: 1.76 | P: 0.00 R: 0.00 F1: 0.00
2026-05-01 03:35:38 | DEBUG   | dpfl.core.base_simulator | Update norms — honest: ['2.21', '1.43', '2.20', '4.48', '1.43'], attacker: ['0.10', '0.10', '0.10', '0.10', '0.11']
2026-05-01 03:35:39 | INFO    | dpfl.core.base_simulator | Round   9/50 | Acc: 0.6917 | Loss: 1.3039 | eps_max: 3.53 eps_avg: 1.98 | P: 0.00 R: 0.00 F1: 0.00
2026-05-01 03:35:39 | DEBUG   | dpfl.core.base_simulator | Update norms — honest: ['1.41', '1.41', '2.63', '3.97', '5.15'], attacker: ['0.10', '0.10', '0.10', '0.10', '0.10']
2026-05-01 03:35:39 | INFO    | dpfl.core.base_simulator | Round  10/50 | Acc: 0.7180 | Loss: 1.2173 | eps_max: 3.64 eps_avg: 2.08 | P: 0.00 R: 0.00 F1: 0.00
2026-05-01 03:35:39 | DEBUG   | dpfl.core.base_simulator | Update norms — honest: ['3.75', '3.90', '2.45', '3.08', '1.38'], attacker: ['0.09', '0.09', '0.10', '0.09', '0.10']
2026-05-01 03:35:40 | INFO    | dpfl.core.base_simulator | Round  11/50 | Acc: 0.7383 | Loss: 1.1371 | eps_max: 3.71 eps_avg: 2.21 | P: 0.00 R: 0.00 F1: 0.00
2026-05-01 03:35:40 | DEBUG   | dpfl.core.base_simulator | Update norms — honest: ['1.38', '2.55', '2.44', '1.38', '2.05'], attacker: ['0.09', '0.09', '0.09', '0.09', '0.09']
2026-05-01 03:35:40 | INFO    | dpfl.core.base_simulator | Round  12/50 | Acc: 0.7514 | Loss: 1.0718 | eps_max: 3.86 eps_avg: 2.28 | P: 0.00 R: 0.00 F1: 0.00
2026-05-01 03:35:40 | DEBUG   | dpfl.core.base_simulator | Update norms — honest: ['1.37', '3.50', '1.35', '2.00', '2.51'], attacker: ['0.08', '0.08', '0.09', '0.08', '0.09']
2026-05-01 03:35:41 | INFO    | dpfl.core.base_simulator | Round  13/50 | Acc: 0.7628 | Loss: 1.0133 | eps_max: 4.12 eps_avg: 2.43 | P: 0.00 R: 0.00 F1: 0.00
2026-05-01 03:35:41 | DEBUG   | dpfl.core.base_simulator | Update norms — honest: ['5.00', '3.52', '1.35', '2.46', '4.60'], attacker: ['0.08', '0.08', '0.08', '0.08', '0.08']
2026-05-01 03:35:42 | INFO    | dpfl.core.base_simulator | Round  14/50 | Acc: 0.7714 | Loss: 0.9623 | eps_max: 4.40 eps_avg: 2.57 | P: 0.00 R: 0.00 F1: 0.00
2026-05-01 03:35:42 | DEBUG   | dpfl.core.base_simulator | Update norms — honest: ['1.32', '3.66', '2.39', '2.45', '2.38'], attacker: ['0.07', '0.07', '0.08', '0.07', '0.08']
2026-05-01 03:35:42 | INFO    | dpfl.core.base_simulator | Round  15/50 | Acc: 0.7785 | Loss: 0.9197 | eps_max: 4.83 eps_avg: 2.64 | P: 0.00 R: 0.00 F1: 0.00
2026-05-01 03:35:42 | DEBUG   | dpfl.core.base_simulator | Update norms — honest: ['3.79', '2.16', '2.20', '5.64', '3.64'], attacker: ['0.07', '0.07', '0.07', '0.07', '0.07']
2026-05-01 03:35:43 | INFO    | dpfl.core.base_simulator | Round  16/50 | Acc: 0.7859 | Loss: 0.8790 | eps_max: 4.85 eps_avg: 2.68 | P: 0.00 R: 0.00 F1: 0.00
2026-05-01 03:35:43 | DEBUG   | dpfl.core.base_simulator | Update norms — honest: ['2.46', '2.45', '2.10', '2.44', '5.78'], attacker: ['0.07', '0.07', '0.07', '0.07', '0.07']
2026-05-01 03:35:44 | INFO    | dpfl.core.base_simulator | Round  17/50 | Acc: 0.7894 | Loss: 0.8484 | eps_max: 4.89 eps_avg: 2.79 | P: 0.00 R: 0.00 F1: 0.00
2026-05-01 03:35:44 | DEBUG   | dpfl.core.base_simulator | Update norms — honest: ['4.22', '4.77', '5.77', '4.70', '3.66'], attacker: ['0.06', '0.06', '0.06', '0.06', '0.07']
2026-05-01 03:35:44 | INFO    | dpfl.core.base_simulator | Round  18/50 | Acc: 0.7947 | Loss: 0.8186 | eps_max: 4.92 eps_avg: 2.87 | P: 0.00 R: 0.00 F1: 0.00
2026-05-01 03:35:44 | DEBUG   | dpfl.core.base_simulator | Update norms — honest: ['4.71', '2.06', '4.72', '2.30', '4.57'], attacker: ['0.06', '0.06', '0.06', '0.06', '0.06']
2026-05-01 03:35:45 | INFO    | dpfl.core.base_simulator | Round  19/50 | Acc: 0.7958 | Loss: 0.7983 | eps_max: 4.92 eps_avg: 3.02 | P: 0.00 R: 0.00 F1: 0.00
2026-05-01 03:35:45 | DEBUG   | dpfl.core.base_simulator | Update norms — honest: ['4.59', '4.57', '1.24', '1.24', '3.44'], attacker: ['0.06', '0.06', '0.06', '0.06', '0.06']
2026-05-01 03:35:45 | INFO    | dpfl.core.base_simulator | Round  20/50 | Acc: 0.7991 | Loss: 0.7780 | eps_max: 4.93 eps_avg: 3.10 | P: 0.00 R: 0.00 F1: 0.00
2026-05-01 03:35:45 | DEBUG   | dpfl.core.base_simulator | Update norms — honest: ['5.30', '6.89', '5.03', '3.71', '1.23'], attacker: ['0.06', '0.06', '0.05', '0.06', '0.06']
2026-05-01 03:35:46 | INFO    | dpfl.core.base_simulator | Round  21/50 | Acc: 0.7958 | Loss: 0.7778 | eps_max: 4.96 eps_avg: 3.22 | P: 0.81 R: 0.91 F1: 0.86
2026-05-01 03:35:46 | DEBUG   | dpfl.core.base_simulator | Update norms — honest: ['5.22', '2.23', '1.21', '6.70', '1.21'], attacker: ['0.54', '0.53', '0.52', '0.54', '0.55']
2026-05-01 03:35:47 | INFO    | dpfl.core.base_simulator | Round  22/50 | Acc: 0.7819 | Loss: 0.8069 | eps_max: 4.96 eps_avg: 3.39 | P: 0.84 R: 0.91 F1: 0.87
2026-05-01 03:35:47 | DEBUG   | dpfl.core.base_simulator | Update norms — honest: ['4.50', '1.78', '3.40', '6.86', '4.57'], attacker: ['0.79', '0.80', '0.80', '0.82', '0.82']
2026-05-01 03:35:48 | INFO    | dpfl.core.base_simulator | Round  23/50 | Acc: 0.7531 | Loss: 1.1937 | eps_max: 5.03 eps_avg: 3.50 | P: 0.81 R: 0.91 F1: 0.86
2026-05-01 03:35:48 | DEBUG   | dpfl.core.base_simulator | Update norms — honest: ['2.30', '1.85', '6.39', '3.19', '3.60'], attacker: ['1.00', '1.00', '1.00', '1.00', '1.00']
2026-05-01 03:35:48 | INFO    | dpfl.core.base_simulator | Round  24/50 | Acc: 0.7629 | Loss: 1.0783 | eps_max: 5.04 eps_avg: 3.60 | P: 0.87 R: 0.91 F1: 0.89
2026-05-01 03:35:48 | DEBUG   | dpfl.core.base_simulator | Update norms — honest: ['6.23', '1.17', '4.66', '4.43', '5.06'], attacker: ['1.00', '1.00', '1.00', '1.00', '1.00']
2026-05-01 03:35:49 | INFO    | dpfl.core.base_simulator | Round  25/50 | Acc: 0.7464 | Loss: 1.4863 | eps_max: 5.17 eps_avg: 3.74 | P: 0.79 R: 0.91 F1: 0.84
2026-05-01 03:35:49 | DEBUG   | dpfl.core.base_simulator | Update norms — honest: ['3.66', '5.66', '3.09', '7.52', '5.62'], attacker: ['1.00', '1.00', '1.00', '1.00', '1.00']
2026-05-01 03:35:50 | INFO    | dpfl.core.base_simulator | Round  26/50 | Acc: 0.7654 | Loss: 1.2341 | eps_max: 5.17 eps_avg: 3.91 | P: 0.84 R: 0.91 F1: 0.88
2026-05-01 03:35:50 | DEBUG   | dpfl.core.base_simulator | Update norms — honest: ['0.56', '0.65', '2.22', '4.29', '3.39'], attacker: ['1.00', '1.00', '1.00', '1.00', '1.00']
2026-05-01 03:35:50 | INFO    | dpfl.core.base_simulator | Round  27/50 | Acc: 0.7659 | Loss: 1.1403 | eps_max: 5.17 eps_avg: 3.98 | P: 0.84 R: 0.91 F1: 0.87
2026-05-01 03:35:50 | DEBUG   | dpfl.core.base_simulator | Update norms — honest: ['3.83', '4.34', '0.28', '2.20', '4.29'], attacker: ['1.00', '1.00', '1.00', '1.00', '1.00']
2026-05-01 03:35:51 | INFO    | dpfl.core.base_simulator | Round  28/50 | Acc: 0.7703 | Loss: 1.1831 | eps_max: 5.21 eps_avg: 4.07 | P: 0.87 R: 0.91 F1: 0.89
2026-05-01 03:35:51 | DEBUG   | dpfl.core.base_simulator | Update norms — honest: ['1.11', '2.21', '1.84', '2.31', '2.02'], attacker: ['1.00', '1.00', '1.00', '1.00', '1.00']
2026-05-01 03:35:52 | INFO    | dpfl.core.base_simulator | Round  29/50 | Acc: 0.7656 | Loss: 1.1646 | eps_max: 5.28 eps_avg: 4.12 | P: 0.82 R: 0.91 F1: 0.86
2026-05-01 03:35:52 | DEBUG   | dpfl.core.base_simulator | Update norms — honest: ['3.38', '5.77', '0.80', '7.43', '2.23'], attacker: ['1.00', '1.00', '1.00', '1.00', '1.00']
2026-05-01 03:35:52 | INFO    | dpfl.core.base_simulator | Round  30/50 | Acc: 0.7680 | Loss: 1.3296 | eps_max: 5.43 eps_avg: 4.20 | P: 0.83 R: 0.91 F1: 0.87
2026-05-01 03:35:52 | DEBUG   | dpfl.core.base_simulator | Update norms — honest: ['5.96', '4.44', '3.70', '4.54', '4.28'], attacker: ['1.00', '1.00', '1.00', '1.00', '1.00']
2026-05-01 03:35:53 | INFO    | dpfl.core.base_simulator | Round  31/50 | Acc: 0.7519 | Loss: 1.4258 | eps_max: 5.43 eps_avg: 4.25 | P: 0.79 R: 0.91 F1: 0.84
2026-05-01 03:35:53 | DEBUG   | dpfl.core.base_simulator | Update norms — honest: ['2.34', '1.75', '5.68', '5.94', '3.42'], attacker: ['1.00', '1.00', '1.00', '1.00', '1.00']
2026-05-01 03:35:54 | INFO    | dpfl.core.base_simulator | Round  32/50 | Acc: 0.7730 | Loss: 1.1719 | eps_max: 5.54 eps_avg: 4.28 | P: 0.86 R: 0.91 F1: 0.88
2026-05-01 03:35:54 | DEBUG   | dpfl.core.base_simulator | Update norms — honest: ['1.95', '2.16', '6.19', '2.29', '0.81'], attacker: ['1.00', '1.00', '1.00', '1.00', '1.00']
2026-05-01 03:35:54 | INFO    | dpfl.core.base_simulator | Round  33/50 | Acc: 0.7435 | Loss: 1.5073 | eps_max: 5.99 eps_avg: 4.42 | P: 0.78 R: 0.91 F1: 0.84
2026-05-01 03:35:54 | DEBUG   | dpfl.core.base_simulator | Update norms — honest: ['4.02', '3.35', '7.38', '4.29', '3.28'], attacker: ['1.00', '1.00', '1.00', '1.00', '1.00']
2026-05-01 03:35:55 | INFO    | dpfl.core.base_simulator | Round  34/50 | Acc: 0.7835 | Loss: 1.0975 | eps_max: 6.32 eps_avg: 4.47 | P: 0.88 R: 0.91 F1: 0.89
2026-05-01 03:35:55 | DEBUG   | dpfl.core.base_simulator | Update norms — honest: ['5.27', '4.85', '3.30', '4.09', '3.81'], attacker: ['1.00', '1.00', '1.00', '1.00', '1.00']
2026-05-01 03:35:56 | INFO    | dpfl.core.base_simulator | Round  35/50 | Acc: 0.7532 | Loss: 1.4863 | eps_max: 6.32 eps_avg: 4.53 | P: 0.77 R: 0.91 F1: 0.84
2026-05-01 03:35:56 | DEBUG   | dpfl.core.base_simulator | Update norms — honest: ['3.20', '5.22', '3.62', '4.67', '1.80'], attacker: ['1.00', '1.00', '1.00', '1.00', '1.00']
2026-05-01 03:35:56 | INFO    | dpfl.core.base_simulator | Round  36/50 | Acc: 0.7797 | Loss: 1.1620 | eps_max: 6.32 eps_avg: 4.57 | P: 0.88 R: 0.91 F1: 0.90
2026-05-01 03:35:56 | DEBUG   | dpfl.core.base_simulator | Update norms — honest: ['0.00', '3.00', '7.00', '4.11', '3.63'], attacker: ['1.00', '1.00', '1.00', '1.00', '1.00']
2026-05-01 03:35:57 | INFO    | dpfl.core.base_simulator | Round  37/50 | Acc: 0.7812 | Loss: 1.0588 | eps_max: 6.84 eps_avg: 4.62 | P: 0.92 R: 0.91 F1: 0.92
2026-05-01 03:35:57 | DEBUG   | dpfl.core.base_simulator | Update norms — honest: ['1.62', '0.98', '0.76', '3.61', '0.55'], attacker: ['1.00', '1.00', '1.00', '1.00', '1.00']
2026-05-01 03:35:58 | INFO    | dpfl.core.base_simulator | Round  38/50 | Acc: 0.7785 | Loss: 1.1580 | eps_max: 6.90 eps_avg: 4.72 | P: 0.85 R: 0.91 F1: 0.88
2026-05-01 03:35:58 | DEBUG   | dpfl.core.base_simulator | Update norms — honest: ['4.68', '8.25', '2.08', '3.60', '2.92'], attacker: ['1.00', '1.00', '1.00', '1.00', '1.00']
2026-05-01 03:35:58 | INFO    | dpfl.core.base_simulator | Round  39/50 | Acc: 0.7680 | Loss: 1.3773 | eps_max: 6.90 eps_avg: 4.80 | P: 0.80 R: 0.91 F1: 0.85
2026-05-01 03:35:58 | DEBUG   | dpfl.core.base_simulator | Update norms — honest: ['6.50', '4.87', '4.72', '7.37', '4.31'], attacker: ['1.00', '1.00', '1.00', '1.00', '1.00']
2026-05-01 03:35:59 | INFO    | dpfl.core.base_simulator | Round  40/50 | Acc: 0.7642 | Loss: 1.5626 | eps_max: 7.05 eps_avg: 4.89 | P: 0.82 R: 0.91 F1: 0.86
2026-05-01 03:35:59 | DEBUG   | dpfl.core.base_simulator | Update norms — honest: ['2.25', '3.25', '3.24', '2.81', '3.60'], attacker: ['1.00', '1.00', '1.00', '1.00', '1.00']
2026-05-01 03:36:00 | INFO    | dpfl.core.base_simulator | Round  41/50 | Acc: 0.7645 | Loss: 1.3600 | eps_max: 7.08 eps_avg: 4.96 | P: 0.83 R: 0.91 F1: 0.87
2026-05-01 03:36:00 | DEBUG   | dpfl.core.base_simulator | Update norms — honest: ['5.39', '4.00', '3.10', '2.46', '2.23'], attacker: ['1.00', '1.00', '1.00', '1.00', '1.00']
2026-05-01 03:36:01 | INFO    | dpfl.core.base_simulator | Round  42/50 | Acc: 0.7599 | Loss: 1.8113 | eps_max: 7.08 eps_avg: 5.05 | P: 0.81 R: 0.91 F1: 0.86
2026-05-01 03:36:01 | DEBUG   | dpfl.core.base_simulator | Update norms — honest: ['6.06', '6.25', '3.00', '0.53', '4.40'], attacker: ['1.00', '1.00', '1.00', '1.00', '1.00']
2026-05-01 03:36:01 | INFO    | dpfl.core.base_simulator | Round  43/50 | Acc: 0.7499 | Loss: 1.8373 | eps_max: 7.08 eps_avg: 5.12 | P: 0.80 R: 0.91 F1: 0.85
2026-05-01 03:36:01 | DEBUG   | dpfl.core.base_simulator | Update norms — honest: ['4.60', '0.00', '2.31', '4.34', '3.83'], attacker: ['1.00', '1.00', '1.00', '1.00', '1.00']
2026-05-01 03:36:02 | INFO    | dpfl.core.base_simulator | Round  44/50 | Acc: 0.7498 | Loss: 2.0607 | eps_max: 7.66 eps_avg: 5.30 | P: 0.80 R: 0.91 F1: 0.85
2026-05-01 03:36:02 | DEBUG   | dpfl.core.base_simulator | Update norms — honest: ['3.00', '1.29', '1.57', '8.14', '2.77'], attacker: ['1.00', '1.00', '1.00', '1.00', '1.00']
2026-05-01 03:36:03 | INFO    | dpfl.core.base_simulator | Round  45/50 | Acc: 0.7815 | Loss: 1.1583 | eps_max: 7.73 eps_avg: 5.36 | P: 0.89 R: 0.91 F1: 0.90
2026-05-01 03:36:03 | DEBUG   | dpfl.core.base_simulator | Update norms — honest: ['4.74', '5.44', '4.67', '3.80', '8.84'], attacker: ['1.00', '1.00', '1.00', '1.00', '1.00']
2026-05-01 03:36:04 | INFO    | dpfl.core.base_simulator | Round  46/50 | Acc: 0.7464 | Loss: 2.3779 | eps_max: 7.89 eps_avg: 5.50 | P: 0.76 R: 0.91 F1: 0.83
2026-05-01 03:36:04 | DEBUG   | dpfl.core.base_simulator | Update norms — honest: ['5.77', '4.41', '4.88', '4.04', '4.51'], attacker: ['1.00', '1.00', '1.00', '1.00', '1.00']
2026-05-01 03:36:04 | INFO    | dpfl.core.base_simulator | Round  47/50 | Acc: 0.7645 | Loss: 1.3278 | eps_max: 8.27 eps_avg: 5.57 | P: 0.83 R: 0.91 F1: 0.87
2026-05-01 03:36:04 | DEBUG   | dpfl.core.base_simulator | Update norms — honest: ['5.09', '5.69', '4.07', '5.01', '4.50'], attacker: ['1.00', '1.00', '1.00', '1.00', '1.00']
2026-05-01 03:36:05 | INFO    | dpfl.core.base_simulator | Round  48/50 | Acc: 0.7360 | Loss: 2.6936 | eps_max: 8.27 eps_avg: 5.70 | P: 0.76 R: 0.91 F1: 0.83
2026-05-01 03:36:05 | DEBUG   | dpfl.core.base_simulator | Update norms — honest: ['3.68', '6.54', '8.24', '2.83', '5.75'], attacker: ['1.00', '1.00', '1.00', '1.00', '1.00']
2026-05-01 03:36:06 | INFO    | dpfl.core.base_simulator | Round  49/50 | Acc: 0.7596 | Loss: nan | eps_max: 8.27 eps_avg: 5.80 | P: 0.83 R: 0.91 F1: 0.87
2026-05-01 03:36:06 | DEBUG   | dpfl.core.base_simulator | Update norms — honest: ['5.06', '2.27', '6.05', '1.25', '4.89'], attacker: ['1.00', '1.00', '0.00', '1.00', '0.00']
2026-05-01 03:36:07 | INFO    | dpfl.core.base_simulator | Round  50/50 | Acc: 0.7563 | Loss: nan | eps_max: 8.76 eps_avg: 5.85 | P: 0.84 R: 0.93 F1: 0.88
2026-05-01 03:36:07 | DEBUG   | dpfl.core.base_simulator | Update norms — honest: ['2.74', '7.33', '5.69', '6.68', '5.35'], attacker: ['nan', 'nan', 'nan', 'nan', 'nan']
2026-05-01 03:36:08 | INFO    | dpfl | Experiment complete in 72.2s
============================================================
REPORT: DP-SGD Decentralized Federated Learning
============================================================
Timestamp:                  20260501_033454
Rounds completed:           50
Attack-active rounds:       30  (from round 20)
Final accuracy:             0.7563
Final test loss:            nan
Final epsilon (max honest): 8.76
Final epsilon (avg honest): 5.85
Best alpha:                 1000.0
Avg precision:              0.8267
Avg recall:                 0.9111
Avg F1 score:               0.8664
Avg update norm (honest):   3.1721
Avg update norm (attacker): nan

=== PER-NODE PRIVACY COST (final round) ===
Node   0 (attacker)  eps = —          sigma = —       (not tracked)
Node   1 (attacker)  eps = —          sigma = —       (not tracked)
Node   2 (attacker)  eps = —          sigma = —       (not tracked)
Node   3 (attacker)  eps = —          sigma = —       (not tracked)
Node   4 (attacker)  eps = —          sigma = —       (not tracked)
Node   5 (attacker)  eps = —          sigma = —       (not tracked)
Node   6 (attacker)  eps = —          sigma = —       (not tracked)
Node   7 (attacker)  eps = —          sigma = —       (not tracked)
Node   8 (attacker)  eps = —          sigma = —       (not tracked)
Node   9 (attacker)  eps = —          sigma = —       (not tracked)
Node  10 (attacker)  eps = —          sigma = —       (not tracked)
Node  11 (attacker)  eps = —          sigma = —       (not tracked)
Node  12 (attacker)  eps = —          sigma = —       (not tracked)
Node  13 (attacker)  eps = —          sigma = —       (not tracked)
Node  14 (attacker)  eps = —          sigma = —       (not tracked)
Node  15 (attacker)  eps = —          sigma = —       (not tracked)
Node  16 (attacker)  eps = —          sigma = —       (not tracked)
Node  17 (attacker)  eps = —          sigma = —       (not tracked)
Node  18 (attacker)  eps = —          sigma = —       (not tracked)
Node  19 (attacker)  eps = —          sigma = —       (not tracked)
Node  20 (attacker)  eps = —          sigma = —       (not tracked)
Node  21 (attacker)  eps = —          sigma = —       (not tracked)
Node  22 (attacker)  eps = —          sigma = —       (not tracked)
Node  23 (attacker)  eps = —          sigma = —       (not tracked)
Node  24 (attacker)  eps = —          sigma = —       (not tracked)
Node  25 (attacker)  eps = —          sigma = —       (not tracked)
Node  26 (attacker)  eps = —          sigma = —       (not tracked)
Node  27 (attacker)  eps = —          sigma = —       (not tracked)
Node  28 (attacker)  eps = —          sigma = —       (not tracked)
Node  29 (attacker)  eps = —          sigma = —       (not tracked)
Node  30 (attacker)  eps = —          sigma = —       (not tracked)
Node  31 (attacker)  eps = —          sigma = —       (not tracked)
Node  32 (attacker)  eps = —          sigma = —       (not tracked)
Node  33 (attacker)  eps = —          sigma = —       (not tracked)
Node  34 (attacker)  eps = —          sigma = —       (not tracked)
Node  35 (attacker)  eps = —          sigma = —       (not tracked)
Node  36 (attacker)  eps = —          sigma = —       (not tracked)
Node  37 (attacker)  eps = —          sigma = —       (not tracked)
Node  38 (attacker)  eps = —          sigma = —       (not tracked)
Node  39 (attacker)  eps = —          sigma = —       (not tracked)
Node  40 (attacker)  eps = —          sigma = —       (not tracked)
Node  41 (attacker)  eps = —          sigma = —       (not tracked)
Node  42 (attacker)  eps = —          sigma = —       (not tracked)
Node  43 (attacker)  eps = —          sigma = —       (not tracked)
Node  44 (attacker)  eps = —          sigma = —       (not tracked)
Node  45 (attacker)  eps = —          sigma = —       (not tracked)
Node  46 (attacker)  eps = —          sigma = —       (not tracked)
Node  47 (attacker)  eps = —          sigma = —       (not tracked)
Node  48 (attacker)  eps = —          sigma = —       (not tracked)
Node  49 (attacker)  eps = —          sigma = —       (not tracked)
Node  50 (attacker)  eps = —          sigma = —       (not tracked)
Node  51 (attacker)  eps = —          sigma = —       (not tracked)
Node  52 (attacker)  eps = —          sigma = —       (not tracked)
Node  53 (attacker)  eps = —          sigma = —       (not tracked)
Node  54 (attacker)  eps = —          sigma = —       (not tracked)
Node  55 (attacker)  eps = —          sigma = —       (not tracked)
Node  56 (attacker)  eps = —          sigma = —       (not tracked)
Node  57 (attacker)  eps = —          sigma = —       (not tracked)
Node  58 (attacker)  eps = —          sigma = —       (not tracked)
Node  59 (attacker)  eps = —          sigma = —       (not tracked)
Node  60 (honest  )  eps =   5.1173  sigma =  0.000  frozen = False
Node  61 (honest  )  eps =   6.7603  sigma =  0.000  frozen = False
Node  62 (honest  )  eps =   4.2265  sigma =  0.000  frozen = False
Node  63 (honest  )  eps =   5.3731  sigma =  0.000  frozen = False
Node  64 (honest  )  eps =   4.6093  sigma =  0.000  frozen = False
Node  65 (honest  )  eps =   4.3906  sigma =  0.000  frozen = False
Node  66 (honest  )  eps =   4.9316  sigma =  0.000  frozen = False
Node  67 (honest  )  eps =   5.3713  sigma =  0.000  frozen = False
Node  68 (honest  )  eps =   7.1029  sigma =  0.000  frozen = False
Node  69 (honest  )  eps =   6.9296  sigma =  0.000  frozen = False
Node  70 (honest  )  eps =   7.4050  sigma =  0.000  frozen = False
Node  71 (honest  )  eps =   5.0261  sigma =  0.000  frozen = False
Node  72 (honest  )  eps =   5.3905  sigma =  0.000  frozen = False
Node  73 (honest  )  eps =   3.8051  sigma =  0.000  frozen = False
Node  74 (honest  )  eps =   5.1894  sigma =  0.000  frozen = False
Node  75 (honest  )  eps =   5.5634  sigma =  0.000  frozen = False
Node  76 (honest  )  eps =   5.0946  sigma =  0.000  frozen = False
Node  77 (honest  )  eps =   6.0227  sigma =  0.000  frozen = False
Node  78 (honest  )  eps =   5.0141  sigma =  0.000  frozen = False
Node  79 (honest  )  eps =   6.9771  sigma =  0.000  frozen = False
Node  80 (honest  )  eps =   5.0586  sigma =  0.000  frozen = False
Node  81 (honest  )  eps =   6.5397  sigma =  0.000  frozen = False
Node  82 (honest  )  eps =   7.0972  sigma =  0.000  frozen = False
Node  83 (honest  )  eps =   5.2190  sigma =  0.000  frozen = False
Node  84 (honest  )  eps =   5.4565  sigma =  0.000  frozen = False
Node  85 (honest  )  eps =   5.3676  sigma =  0.000  frozen = False
Node  86 (honest  )  eps =   3.2169  sigma =  0.000  frozen = False
Node  87 (honest  )  eps =   5.3768  sigma =  0.000  frozen = False
Node  88 (honest  )  eps =   5.5362  sigma =  0.000  frozen = False
Node  89 (honest  )  eps =   7.3273  sigma =  0.000  frozen = False
Node  90 (honest  )  eps =   5.0028  sigma =  0.000  frozen = False
Node  91 (honest  )  eps =   4.9917  sigma =  0.000  frozen = False
Node  92 (honest  )  eps =   6.1698  sigma =  0.000  frozen = False
Node  93 (honest  )  eps =   5.1742  sigma =  0.000  frozen = False
Node  94 (honest  )  eps =   4.9178  sigma =  0.000  frozen = False
Node  95 (honest  )  eps =   5.2867  sigma =  0.000  frozen = False
Node  96 (honest  )  eps =   5.4646  sigma =  0.000  frozen = False
Node  97 (honest  )  eps =   5.2757  sigma =  0.000  frozen = False
Node  98 (honest  )  eps =   5.3553  sigma =  0.000  frozen = False
Node  99 (honest  )  eps =   6.9962  sigma =  0.000  frozen = False
Node 100 (honest  )  eps =   3.9980  sigma =  0.000  frozen = False
Node 101 (honest  )  eps =   6.8668  sigma =  0.000  frozen = False
Node 102 (honest  )  eps =   6.2335  sigma =  0.000  frozen = False
Node 103 (honest  )  eps =   4.8722  sigma =  0.000  frozen = False
Node 104 (honest  )  eps =   7.2356  sigma =  0.000  frozen = False
Node 105 (honest  )  eps =   7.2132  sigma =  0.000  frozen = False
Node 106 (honest  )  eps =   5.5286  sigma =  0.000  frozen = False
Node 107 (honest  )  eps =   5.5320  sigma =  0.000  frozen = False
Node 108 (honest  )  eps =   5.4430  sigma =  0.000  frozen = False
Node 109 (honest  )  eps =   5.1009  sigma =  0.000  frozen = False
Node 110 (honest  )  eps =   7.1392  sigma =  0.000  frozen = False
Node 111 (honest  )  eps =   6.3836  sigma =  0.000  frozen = False
Node 112 (honest  )  eps =   5.6399  sigma =  0.000  frozen = False
Node 113 (honest  )  eps =   4.9153  sigma =  0.000  frozen = False
Node 114 (honest  )  eps =   5.6058  sigma =  0.000  frozen = False
Node 115 (honest  )  eps =   5.9917  sigma =  0.000  frozen = False
Node 116 (honest  )  eps =   5.6946  sigma =  0.000  frozen = False
Node 117 (honest  )  eps =   4.5659  sigma =  0.000  frozen = False
Node 118 (honest  )  eps =   5.4337  sigma =  0.000  frozen = False
Node 119 (honest  )  eps =   6.3280  sigma =  0.000  frozen = False
Node 120 (honest  )  eps =   4.9782  sigma =  0.000  frozen = False
Node 121 (honest  )  eps =   5.5002  sigma =  0.000  frozen = False
Node 122 (honest  )  eps =   6.0363  sigma =  0.000  frozen = False
Node 123 (honest  )  eps =   5.2703  sigma =  0.000  frozen = False
Node 124 (honest  )  eps =   3.3335  sigma =  0.000  frozen = False
Node 125 (honest  )  eps =   5.0043  sigma =  0.000  frozen = False
Node 126 (honest  )  eps =   5.2406  sigma =  0.000  frozen = False
Node 127 (honest  )  eps =   5.2048  sigma =  0.000  frozen = False
Node 128 (honest  )  eps =   6.9812  sigma =  0.000  frozen = False
Node 129 (honest  )  eps =   6.8894  sigma =  0.000  frozen = False
Node 130 (honest  )  eps =   5.3934  sigma =  0.000  frozen = False
Node 131 (honest  )  eps =   5.1045  sigma =  0.000  frozen = False
Node 132 (honest  )  eps =   7.1712  sigma =  0.000  frozen = False
Node 133 (honest  )  eps =   5.0968  sigma =  0.000  frozen = False
Node 134 (honest  )  eps =   5.4775  sigma =  0.000  frozen = False
Node 135 (honest  )  eps =   7.8777  sigma =  0.000  frozen = False
Node 136 (honest  )  eps =   3.2733  sigma =  0.000  frozen = False
Node 137 (honest  )  eps =   6.9745  sigma =  0.000  frozen = False
Node 138 (honest  )  eps =   3.2116  sigma =  0.000  frozen = False
Node 139 (honest  )  eps =   6.9230  sigma =  0.000  frozen = False
Node 140 (honest  )  eps =   4.4238  sigma =  0.000  frozen = False
Node 141 (honest  )  eps =   7.1637  sigma =  0.000  frozen = False
Node 142 (honest  )  eps =   6.1599  sigma =  0.000  frozen = False
Node 143 (honest  )  eps =   7.2206  sigma =  0.000  frozen = False
Node 144 (honest  )  eps =   6.8891  sigma =  0.000  frozen = False
Node 145 (honest  )  eps =   4.9125  sigma =  0.000  frozen = False
Node 146 (honest  )  eps =   7.3388  sigma =  0.000  frozen = False
Node 147 (honest  )  eps =   5.6309  sigma =  0.000  frozen = False
Node 148 (honest  )  eps =   6.7706  sigma =  0.000  frozen = False
Node 149 (honest  )  eps =   6.9797  sigma =  0.000  frozen = False
Node 150 (honest  )  eps =   5.7556  sigma =  0.000  frozen = False
Node 151 (honest  )  eps =   6.9283  sigma =  0.000  frozen = False
Node 152 (honest  )  eps =   5.0696  sigma =  0.000  frozen = False
Node 153 (honest  )  eps =   7.3059  sigma =  0.000  frozen = False
Node 154 (honest  )  eps =   5.3978  sigma =  0.000  frozen = False
Node 155 (honest  )  eps =   5.2650  sigma =  0.000  frozen = False
Node 156 (honest  )  eps =   5.8894  sigma =  0.000  frozen = False
Node 157 (honest  )  eps =   7.0972  sigma =  0.000  frozen = False
Node 158 (honest  )  eps =   7.5669  sigma =  0.000  frozen = False
Node 159 (honest  )  eps =   7.0027  sigma =  0.000  frozen = False
Node 160 (honest  )  eps =   6.0129  sigma =  0.000  frozen = False
Node 161 (honest  )  eps =   5.0262  sigma =  0.000  frozen = False
Node 162 (honest  )  eps =   4.2280  sigma =  0.000  frozen = False
Node 163 (honest  )  eps =   3.8389  sigma =  0.000  frozen = False
Node 164 (honest  )  eps =   6.3689  sigma =  0.000  frozen = False
Node 165 (honest  )  eps =   5.2825  sigma =  0.000  frozen = False
Node 166 (honest  )  eps =   5.6159  sigma =  0.000  frozen = False
Node 167 (honest  )  eps =   5.7993  sigma =  0.000  frozen = False
Node 168 (honest  )  eps =   7.3761  sigma =  0.000  frozen = False
Node 169 (honest  )  eps =   7.3425  sigma =  0.000  frozen = False
Node 170 (honest  )  eps =   6.1355  sigma =  0.000  frozen = False
Node 171 (honest  )  eps =   7.0285  sigma =  0.000  frozen = False
Node 172 (honest  )  eps =   7.1589  sigma =  0.000  frozen = False
Node 173 (honest  )  eps =   5.1058  sigma =  0.000  frozen = False
Node 174 (honest  )  eps =   7.0808  sigma =  0.000  frozen = False
Node 175 (honest  )  eps =   7.0826  sigma =  0.000  frozen = False
Node 176 (honest  )  eps =   6.1387  sigma =  0.000  frozen = False
Node 177 (honest  )  eps =   7.5111  sigma =  0.000  frozen = False
Node 178 (honest  )  eps =   4.9971  sigma =  0.000  frozen = False
Node 179 (honest  )  eps =   5.6234  sigma =  0.000  frozen = False
Node 180 (honest  )  eps =   7.0092  sigma =  0.000  frozen = False
Node 181 (honest  )  eps =   5.2302  sigma =  0.000  frozen = False
Node 182 (honest  )  eps =   7.5825  sigma =  0.000  frozen = False
Node 183 (honest  )  eps =   6.9934  sigma =  0.000  frozen = False
Node 184 (honest  )  eps =   6.8957  sigma =  0.000  frozen = False
Node 185 (honest  )  eps =   5.1894  sigma =  0.000  frozen = False
Node 186 (honest  )  eps =   8.3891  sigma =  0.000  frozen = False
Node 187 (honest  )  eps =   7.6608  sigma =  0.000  frozen = False
Node 188 (honest  )  eps =   6.9397  sigma =  0.000  frozen = False
Node 189 (honest  )  eps =   6.9043  sigma =  0.000  frozen = False
Node 190 (honest  )  eps =   6.9782  sigma =  0.000  frozen = False
Node 191 (honest  )  eps =   5.0827  sigma =  0.000  frozen = False
Node 192 (honest  )  eps =   3.2914  sigma =  0.000  frozen = False
Node 193 (honest  )  eps =   5.6410  sigma =  0.000  frozen = False
Node 194 (honest  )  eps =   7.0931  sigma =  0.000  frozen = False
Node 195 (honest  )  eps =   4.8618  sigma =  0.000  frozen = False
Node 196 (honest  )  eps =   5.6400  sigma =  0.000  frozen = False
Node 197 (honest  )  eps =   5.3710  sigma =  0.000  frozen = False
Node 198 (honest  )  eps =   3.5607  sigma =  0.000  frozen = False
Node 199 (honest  )  eps =   5.2823  sigma =  0.000  frozen = False
Node 200 (honest  )  eps =   6.8157  sigma =  0.000  frozen = False
Node 201 (honest  )  eps =   6.0404  sigma =  0.000  frozen = False
Node 202 (honest  )  eps =   5.7047  sigma =  0.000  frozen = False
Node 203 (honest  )  eps =   5.0926  sigma =  0.000  frozen = False
Node 204 (honest  )  eps =   5.2176  sigma =  0.000  frozen = False
Node 205 (honest  )  eps =   8.1979  sigma =  0.000  frozen = False
Node 206 (honest  )  eps =   7.6694  sigma =  0.000  frozen = False
Node 207 (honest  )  eps =   6.7531  sigma =  0.000  frozen = False
Node 208 (honest  )  eps =   5.3999  sigma =  0.000  frozen = False
Node 209 (honest  )  eps =   6.8709  sigma =  0.000  frozen = False
Node 210 (honest  )  eps =   5.0654  sigma =  0.000  frozen = False
Node 211 (honest  )  eps =   7.2690  sigma =  0.000  frozen = False
Node 212 (honest  )  eps =   7.0097  sigma =  0.000  frozen = False
Node 213 (honest  )  eps =   6.2627  sigma =  0.000  frozen = False
Node 214 (honest  )  eps =   6.2521  sigma =  0.000  frozen = False
Node 215 (honest  )  eps =   7.1857  sigma =  0.000  frozen = False
Node 216 (honest  )  eps =   7.0759  sigma =  0.000  frozen = False
Node 217 (honest  )  eps =   4.8934  sigma =  0.000  frozen = False
Node 218 (honest  )  eps =   4.9951  sigma =  0.000  frozen = False
Node 219 (honest  )  eps =   5.4378  sigma =  0.000  frozen = False
Node 220 (honest  )  eps =   6.8508  sigma =  0.000  frozen = False
Node 221 (honest  )  eps =   3.5212  sigma =  0.000  frozen = False
Node 222 (honest  )  eps =   8.7629  sigma =  0.000  frozen = False
Node 223 (honest  )  eps =   6.5724  sigma =  0.000  frozen = False
Node 224 (honest  )  eps =   7.0287  sigma =  0.000  frozen = False
Node 225 (honest  )  eps =   7.2890  sigma =  0.000  frozen = False
Node 226 (honest  )  eps =   5.5260  sigma =  0.000  frozen = False
Node 227 (honest  )  eps =   5.0563  sigma =  0.000  frozen = False
Node 228 (honest  )  eps =   6.2901  sigma =  0.000  frozen = False
Node 229 (honest  )  eps =   7.6583  sigma =  0.000  frozen = False
Node 230 (honest  )  eps =   5.7693  sigma =  0.000  frozen = False
Node 231 (honest  )  eps =   5.4427  sigma =  0.000  frozen = False
Node 232 (honest  )  eps =   5.2512  sigma =  0.000  frozen = False
Node 233 (honest  )  eps =   7.0213  sigma =  0.000  frozen = False
Node 234 (honest  )  eps =   3.1581  sigma =  0.000  frozen = False
Node 235 (honest  )  eps =   7.2339  sigma =  0.000  frozen = False
Node 236 (honest  )  eps =   6.8957  sigma =  0.000  frozen = False
Node 237 (honest  )  eps =   4.9091  sigma =  0.000  frozen = False
Node 238 (honest  )  eps =   6.9463  sigma =  0.000  frozen = False
Node 239 (honest  )  eps =   5.4819  sigma =  0.000  frozen = False
Node 240 (honest  )  eps =   6.9255  sigma =  0.000  frozen = False
Node 241 (honest  )  eps =   6.8532  sigma =  0.000  frozen = False
Node 242 (honest  )  eps =   5.3449  sigma =  0.000  frozen = False
Node 243 (honest  )  eps =   6.2853  sigma =  0.000  frozen = False
Node 244 (honest  )  eps =   5.0142  sigma =  0.000  frozen = False
Node 245 (honest  )  eps =   6.4089  sigma =  0.000  frozen = False
Node 246 (honest  )  eps =   0.0000  sigma =  0.000  frozen = False
Node 247 (honest  )  eps =   3.2830  sigma =  0.000  frozen = False
Node 248 (honest  )  eps =   5.1216  sigma =  0.000  frozen = False
Node 249 (honest  )  eps =   7.0425  sigma =  0.000  frozen = False
Node 250 (honest  )  eps =   5.2258  sigma =  0.000  frozen = False
Node 251 (honest  )  eps =   5.5187  sigma =  0.000  frozen = False
Node 252 (honest  )  eps =   4.8744  sigma =  0.000  frozen = False
Node 253 (honest  )  eps =   4.9152  sigma =  0.000  frozen = False
Node 254 (honest  )  eps =   5.0893  sigma =  0.000  frozen = False
Node 255 (honest  )  eps =   5.9792  sigma =  0.000  frozen = False
Node 256 (honest  )  eps =   5.0149  sigma =  0.000  frozen = False
Node 257 (honest  )  eps =   6.1200  sigma =  0.000  frozen = False
Node 258 (honest  )  eps =   5.3188  sigma =  0.000  frozen = False
Node 259 (honest  )  eps =   6.5321  sigma =  0.000  frozen = False
Node 260 (honest  )  eps =   4.9179  sigma =  0.000  frozen = False
Node 261 (honest  )  eps =   5.2059  sigma =  0.000  frozen = False
Node 262 (honest  )  eps =   5.0160  sigma =  0.000  frozen = False
Node 263 (honest  )  eps =   7.1917  sigma =  0.000  frozen = False
Node 264 (honest  )  eps =   5.8155  sigma =  0.000  frozen = False
Node 265 (honest  )  eps =   5.3928  sigma =  0.000  frozen = False
Node 266 (honest  )  eps =   3.2003  sigma =  0.000  frozen = False
Node 267 (honest  )  eps =   7.1571  sigma =  0.000  frozen = False
Node 268 (honest  )  eps =   6.9452  sigma =  0.000  frozen = False
Node 269 (honest  )  eps =   6.1424  sigma =  0.000  frozen = False
Node 270 (honest  )  eps =   6.3455  sigma =  0.000  frozen = False
Node 271 (honest  )  eps =   6.6697  sigma =  0.000  frozen = False
Node 272 (honest  )  eps =   5.7744  sigma =  0.000  frozen = False
Node 273 (honest  )  eps =   5.7303  sigma =  0.000  frozen = False
Node 274 (honest  )  eps =   6.6987  sigma =  0.000  frozen = False
Node 275 (honest  )  eps =   4.9330  sigma =  0.000  frozen = False
Node 276 (honest  )  eps =   6.9750  sigma =  0.000  frozen = False
Node 277 (honest  )  eps =   5.5396  sigma =  0.000  frozen = False
Node 278 (honest  )  eps =   5.2840  sigma =  0.000  frozen = False
Node 279 (honest  )  eps =   5.0384  sigma =  0.000  frozen = False
Node 280 (honest  )  eps =   7.0378  sigma =  0.000  frozen = False
Node 281 (honest  )  eps =   5.1094  sigma =  0.000  frozen = False
Node 282 (honest  )  eps =   6.2729  sigma =  0.000  frozen = False
Node 283 (honest  )  eps =   5.2194  sigma =  0.000  frozen = False
Node 284 (honest  )  eps =   4.9458  sigma =  0.000  frozen = False
Node 285 (honest  )  eps =   4.9575  sigma =  0.000  frozen = False
Node 286 (honest  )  eps =   5.8550  sigma =  0.000  frozen = False
Node 287 (honest  )  eps =   5.2021  sigma =  0.000  frozen = False
Node 288 (honest  )  eps =   6.9116  sigma =  0.000  frozen = False
Node 289 (honest  )  eps =   6.8357  sigma =  0.000  frozen = False
Node 290 (honest  )  eps =   5.4350  sigma =  0.000  frozen = False
Node 291 (honest  )  eps =   5.1511  sigma =  0.000  frozen = False
Node 292 (honest  )  eps =   6.9142  sigma =  0.000  frozen = False
Node 293 (honest  )  eps =   5.7113  sigma =  0.000  frozen = False
Node 294 (honest  )  eps =   5.0604  sigma =  0.000  frozen = False
Node 295 (honest  )  eps =   6.9642  sigma =  0.000  frozen = False
Node 296 (honest  )  eps =   6.9565  sigma =  0.000  frozen = False
Node 297 (honest  )  eps =   4.8070  sigma =  0.000  frozen = False
Node 298 (honest  )  eps =   4.9435  sigma =  0.000  frozen = False
Node 299 (honest  )  eps =   6.8885  sigma =  0.000  frozen = False
------------------------------------------------------------
eps_system (max honest): 8.7629
eps_avg (honest):        5.8534
eps_std (honest):        1.1478
n_frozen:                0/240
============================================================
