2026-05-01 15:25:25 | INFO    | dpfl | Experiment start: algorithm=noise_game, dataset=mnist, model=mlp, device=cuda
2026-05-01 15:25:25 | INFO    | dpfl | Config: nodes=300, attackers=60, rounds=50, noise_mode=none, attack=scale
2026-05-01 15:25:25 | INFO    | dpfl.data.mnist_dataset | Loading MNIST dataset...
2026-05-01 15:25:25 | INFO    | dpfl.data.mnist_dataset | MNIST loaded: 60000 train, 10000 test samples
2026-05-01 15:26:54 | INFO    | dpfl.core.base_simulator | Vectorized state ready: param_spec.D=25450, X_test=(10000, 1, 28, 28), train clients N=300, max_n_samples=1200
2026-05-01 15:26:54 | INFO    | dpfl.core.base_simulator | Setup complete: 300 nodes (60 attackers), param_dim=25450, split=iid
2026-05-01 15:26:54 | DEBUG   | dpfl.core.base_simulator | Attacker IDs: {0, 1, 2, 3, 4, 5, 6, 7, 8, 9, 10, 11, 12, 13, 14, 15, 16, 17, 18, 19, 20, 21, 22, 23, 24, 25, 26, 27, 28, 29, 30, 31, 32, 33, 34, 35, 36, 37, 38, 39, 40, 41, 42, 43, 44, 45, 46, 47, 48, 49, 50, 51, 52, 53, 54, 55, 56, 57, 58, 59}
2026-05-01 15:26:55 | INFO    | dpfl.core.base_simulator | Round   1/50 | Acc: 0.1455 | Loss: 2.2217 | eps_max: 1.87 eps_avg: 0.10 | P: 0.00 R: 0.00 F1: 0.00
2026-05-01 15:26:55 | DEBUG   | dpfl.core.base_simulator | Update norms — honest: ['3.18', '3.20', '3.19', '3.17', '3.15'], attacker: ['0.11', '0.10', '0.11', '0.11', '0.11']
2026-05-01 15:27:02 | INFO    | dpfl.core.base_simulator | Round   2/50 | Acc: 0.2448 | Loss: 2.1145 | eps_max: 1.93 eps_avg: 0.28 | P: 0.00 R: 0.00 F1: 0.00
2026-05-01 15:27:02 | DEBUG   | dpfl.core.base_simulator | Update norms — honest: ['3.16', '3.16', '4.67', '3.16', '4.65'], attacker: ['0.10', '0.10', '0.10', '0.10', '0.10']
2026-05-01 15:27:17 | INFO    | dpfl.core.base_simulator | Round   3/50 | Acc: 0.3297 | Loss: 2.0009 | eps_max: 2.00 eps_avg: 0.43 | P: 0.00 R: 0.00 F1: 0.00
2026-05-01 15:27:17 | DEBUG   | dpfl.core.base_simulator | Update norms — honest: ['3.13', '7.16', '4.75', '3.12', '3.11'], attacker: ['0.11', '0.10', '0.11', '0.11', '0.11']
2026-05-01 15:27:20 | INFO    | dpfl.core.base_simulator | Round   4/50 | Acc: 0.3891 | Loss: 1.8833 | eps_max: 2.00 eps_avg: 0.59 | P: 0.00 R: 0.00 F1: 0.00
2026-05-01 15:27:20 | DEBUG   | dpfl.core.base_simulator | Update norms — honest: ['3.10', '3.10', '3.09', '3.07', '3.08'], attacker: ['0.11', '0.11', '0.11', '0.11', '0.11']
2026-05-01 15:27:21 | INFO    | dpfl.core.base_simulator | Round   5/50 | Acc: 0.4470 | Loss: 1.7676 | eps_max: 2.02 eps_avg: 0.71 | P: 0.00 R: 0.00 F1: 0.00
2026-05-01 15:27:21 | DEBUG   | dpfl.core.base_simulator | Update norms — honest: ['3.07', '3.07', '5.00', '4.87', '3.07'], attacker: ['0.11', '0.11', '0.11', '0.11', '0.11']
2026-05-01 15:27:22 | INFO    | dpfl.core.base_simulator | Round   6/50 | Acc: 0.5134 | Loss: 1.6472 | eps_max: 2.02 eps_avg: 0.77 | P: 0.00 R: 0.00 F1: 0.00
2026-05-01 15:27:22 | DEBUG   | dpfl.core.base_simulator | Update norms — honest: ['5.30', '3.00', '3.00', '6.06', '5.16'], attacker: ['0.10', '0.11', '0.11', '0.11', '0.11']
2026-05-01 15:27:23 | INFO    | dpfl.core.base_simulator | Round   7/50 | Acc: 0.5727 | Loss: 1.5376 | eps_max: 2.06 eps_avg: 0.89 | P: 0.00 R: 0.00 F1: 0.00
2026-05-01 15:27:23 | DEBUG   | dpfl.core.base_simulator | Update norms — honest: ['6.60', '3.01', '5.18', '3.01', '7.38'], attacker: ['0.10', '0.10', '0.11', '0.10', '0.11']
2026-05-01 15:27:25 | INFO    | dpfl.core.base_simulator | Round   8/50 | Acc: 0.6234 | Loss: 1.4368 | eps_max: 2.06 eps_avg: 1.06 | P: 0.00 R: 0.00 F1: 0.00
2026-05-01 15:27:25 | DEBUG   | dpfl.core.base_simulator | Update norms — honest: ['4.42', '2.96', '4.44', '7.76', '2.96'], attacker: ['0.10', '0.10', '0.10', '0.10', '0.11']
2026-05-01 15:27:26 | INFO    | dpfl.core.base_simulator | Round   9/50 | Acc: 0.6602 | Loss: 1.3489 | eps_max: 2.12 eps_avg: 1.18 | P: 0.00 R: 0.00 F1: 0.00
2026-05-01 15:27:26 | DEBUG   | dpfl.core.base_simulator | Update norms — honest: ['2.93', '2.93', '5.18', '7.45', '10.00'], attacker: ['0.10', '0.10', '0.10', '0.10', '0.10']
2026-05-01 15:27:28 | INFO    | dpfl.core.base_simulator | Round  10/50 | Acc: 0.6860 | Loss: 1.2753 | eps_max: 2.16 eps_avg: 1.24 | P: 0.00 R: 0.00 F1: 0.00
2026-05-01 15:27:28 | DEBUG   | dpfl.core.base_simulator | Update norms — honest: ['7.37', '7.43', '4.96', '5.94', '2.87'], attacker: ['0.09', '0.09', '0.10', '0.09', '0.10']
2026-05-01 15:27:29 | INFO    | dpfl.core.base_simulator | Round  11/50 | Acc: 0.7047 | Loss: 1.1923 | eps_max: 2.16 eps_avg: 1.31 | P: 0.00 R: 0.00 F1: 0.00
2026-05-01 15:27:29 | DEBUG   | dpfl.core.base_simulator | Update norms — honest: ['2.89', '5.07', '4.90', '2.89', '4.11'], attacker: ['0.09', '0.09', '0.09', '0.09', '0.09']
2026-05-01 15:27:30 | INFO    | dpfl.core.base_simulator | Round  12/50 | Acc: 0.7151 | Loss: 1.1433 | eps_max: 2.30 eps_avg: 1.35 | P: 0.00 R: 0.00 F1: 0.00
2026-05-01 15:27:30 | DEBUG   | dpfl.core.base_simulator | Update norms — honest: ['2.86', '6.38', '2.83', '3.98', '5.10'], attacker: ['0.08', '0.08', '0.09', '0.08', '0.09']
2026-05-01 15:27:31 | INFO    | dpfl.core.base_simulator | Round  13/50 | Acc: 0.7254 | Loss: 1.0937 | eps_max: 2.30 eps_avg: 1.42 | P: 0.00 R: 0.00 F1: 0.00
2026-05-01 15:27:31 | DEBUG   | dpfl.core.base_simulator | Update norms — honest: ['9.49', '6.88', '2.82', '4.97', '7.64'], attacker: ['0.08', '0.08', '0.08', '0.08', '0.08']
2026-05-01 15:27:33 | INFO    | dpfl.core.base_simulator | Round  14/50 | Acc: 0.7315 | Loss: 1.0512 | eps_max: 2.30 eps_avg: 1.49 | P: 0.00 R: 0.00 F1: 0.00
2026-05-01 15:27:33 | DEBUG   | dpfl.core.base_simulator | Update norms — honest: ['2.77', '7.16', '4.46', '4.93', '4.79'], attacker: ['0.07', '0.07', '0.08', '0.07', '0.08']
2026-05-01 15:27:34 | INFO    | dpfl.core.base_simulator | Round  15/50 | Acc: 0.7369 | Loss: 1.0173 | eps_max: 2.37 eps_avg: 1.52 | P: 0.00 R: 0.00 F1: 0.00
2026-05-01 15:27:34 | DEBUG   | dpfl.core.base_simulator | Update norms — honest: ['7.50', '4.33', '4.47', '11.49', '7.19'], attacker: ['0.07', '0.07', '0.07', '0.07', '0.07']
2026-05-01 15:27:35 | INFO    | dpfl.core.base_simulator | Round  16/50 | Acc: 0.7453 | Loss: 0.9767 | eps_max: 2.37 eps_avg: 1.54 | P: 0.00 R: 0.00 F1: 0.00
2026-05-01 15:27:35 | DEBUG   | dpfl.core.base_simulator | Update norms — honest: ['5.01', '4.98', '4.18', '4.98', '11.58'], attacker: ['0.07', '0.07', '0.07', '0.07', '0.07']
2026-05-01 15:27:36 | INFO    | dpfl.core.base_simulator | Round  17/50 | Acc: 0.7452 | Loss: 0.9662 | eps_max: 2.37 eps_avg: 1.58 | P: 0.00 R: 0.00 F1: 0.00
2026-05-01 15:27:36 | DEBUG   | dpfl.core.base_simulator | Update norms — honest: ['7.46', '8.94', '11.12', '9.04', '7.17'], attacker: ['0.06', '0.06', '0.06', '0.06', '0.07']
2026-05-01 15:27:37 | INFO    | dpfl.core.base_simulator | Round  18/50 | Acc: 0.7509 | Loss: 0.9399 | eps_max: 2.42 eps_avg: 1.62 | P: 0.00 R: 0.00 F1: 0.00
2026-05-01 15:27:37 | DEBUG   | dpfl.core.base_simulator | Update norms — honest: ['8.80', '4.18', '8.38', '4.71', '8.87'], attacker: ['0.06', '0.06', '0.06', '0.06', '0.06']
2026-05-01 15:27:38 | INFO    | dpfl.core.base_simulator | Round  19/50 | Acc: 0.7488 | Loss: 0.9469 | eps_max: 2.42 eps_avg: 1.67 | P: 0.00 R: 0.00 F1: 0.00
2026-05-01 15:27:38 | DEBUG   | dpfl.core.base_simulator | Update norms — honest: ['8.92', '8.50', '2.65', '2.65', '6.76'], attacker: ['0.06', '0.06', '0.06', '0.06', '0.06']
2026-05-01 15:27:39 | INFO    | dpfl.core.base_simulator | Round  20/50 | Acc: 0.7534 | Loss: 0.9407 | eps_max: 2.54 eps_avg: 1.71 | P: 0.00 R: 0.00 F1: 0.00
2026-05-01 15:27:39 | DEBUG   | dpfl.core.base_simulator | Update norms — honest: ['10.89', '14.24', '9.27', '6.03', '2.62'], attacker: ['0.06', '0.06', '0.05', '0.06', '0.06']
2026-05-01 15:27:41 | INFO    | dpfl.core.base_simulator | Round  21/50 | Acc: 0.7456 | Loss: 0.9566 | eps_max: 2.60 eps_avg: 1.76 | P: 0.81 R: 0.91 F1: 0.86
2026-05-01 15:27:41 | DEBUG   | dpfl.core.base_simulator | Update norms — honest: ['9.99', '4.56', '2.59', '13.88', '2.59'], attacker: ['0.54', '0.53', '0.52', '0.54', '0.56']
2026-05-01 15:27:42 | INFO    | dpfl.core.base_simulator | Round  22/50 | Acc: 0.7389 | Loss: 0.9955 | eps_max: 2.71 eps_avg: 1.82 | P: 0.84 R: 0.91 F1: 0.87
2026-05-01 15:27:42 | DEBUG   | dpfl.core.base_simulator | Update norms — honest: ['8.74', '3.59', '6.85', '14.65', '8.85'], attacker: ['0.79', '0.80', '0.79', '0.82', '0.81']
2026-05-01 15:27:43 | INFO    | dpfl.core.base_simulator | Round  23/50 | Acc: 0.7179 | Loss: 1.2351 | eps_max: 2.80 eps_avg: 1.86 | P: 0.81 R: 0.91 F1: 0.86
2026-05-01 15:27:43 | DEBUG   | dpfl.core.base_simulator | Update norms — honest: ['4.74', '3.99', '15.83', '6.24', '7.14'], attacker: ['1.00', '1.00', '1.00', '1.00', '1.00']
2026-05-01 15:27:44 | INFO    | dpfl.core.base_simulator | Round  24/50 | Acc: 0.7227 | Loss: 1.2172 | eps_max: 2.80 eps_avg: 1.89 | P: 0.87 R: 0.91 F1: 0.89
2026-05-01 15:27:44 | DEBUG   | dpfl.core.base_simulator | Update norms — honest: ['12.36', '2.52', '8.67', '8.30', '10.38'], attacker: ['1.00', '1.00', '1.00', '1.00', '1.00']
2026-05-01 15:27:46 | INFO    | dpfl.core.base_simulator | Round  25/50 | Acc: 0.7036 | Loss: 1.6411 | eps_max: 2.94 eps_avg: 1.94 | P: 0.79 R: 0.91 F1: 0.84
2026-05-01 15:27:46 | DEBUG   | dpfl.core.base_simulator | Update norms — honest: ['7.41', '11.00', '6.18', '15.84', '10.95'], attacker: ['1.00', '1.00', '1.00', '1.00', '1.00']
2026-05-01 15:27:47 | INFO    | dpfl.core.base_simulator | Round  26/50 | Acc: 0.7178 | Loss: 1.4276 | eps_max: 2.94 eps_avg: 2.02 | P: 0.84 R: 0.91 F1: 0.88
2026-05-01 15:27:47 | DEBUG   | dpfl.core.base_simulator | Update norms — honest: ['1.71', '1.88', '4.66', '8.44', '6.83'], attacker: ['1.00', '1.00', '1.00', '1.00', '1.00']
2026-05-01 15:27:48 | INFO    | dpfl.core.base_simulator | Round  27/50 | Acc: 0.7211 | Loss: 1.2849 | eps_max: 2.94 eps_avg: 2.05 | P: 0.84 R: 0.91 F1: 0.87
2026-05-01 15:27:48 | DEBUG   | dpfl.core.base_simulator | Update norms — honest: ['7.53', '8.44', '0.71', '4.59', '8.58'], attacker: ['1.00', '1.00', '1.00', '1.00', '1.00']
2026-05-01 15:27:49 | INFO    | dpfl.core.base_simulator | Round  28/50 | Acc: 0.7226 | Loss: 1.3994 | eps_max: 2.94 eps_avg: 2.09 | P: 0.87 R: 0.91 F1: 0.89
2026-05-01 15:27:49 | DEBUG   | dpfl.core.base_simulator | Update norms — honest: ['2.44', '4.58', '3.70', '6.59', '4.03'], attacker: ['1.00', '1.00', '1.00', '1.00', '1.00']
2026-05-01 15:27:50 | INFO    | dpfl.core.base_simulator | Round  29/50 | Acc: 0.7143 | Loss: 1.4039 | eps_max: 2.94 eps_avg: 2.12 | P: 0.82 R: 0.91 F1: 0.86
2026-05-01 15:27:50 | DEBUG   | dpfl.core.base_simulator | Update norms — honest: ['6.59', '11.40', '3.11', '14.98', '4.65'], attacker: ['1.00', '1.00', '1.00', '1.00', '1.00']
2026-05-01 15:27:52 | INFO    | dpfl.core.base_simulator | Round  30/50 | Acc: 0.7186 | Loss: 1.5447 | eps_max: 2.94 eps_avg: 2.16 | P: 0.83 R: 0.91 F1: 0.87
2026-05-01 15:27:52 | DEBUG   | dpfl.core.base_simulator | Update norms — honest: ['12.72', '8.40', '7.33', '8.75', '8.52'], attacker: ['1.00', '1.00', '1.00', '1.00', '1.00']
2026-05-01 15:27:53 | INFO    | dpfl.core.base_simulator | Round  31/50 | Acc: 0.7015 | Loss: 1.6494 | eps_max: 2.94 eps_avg: 2.18 | P: 0.79 R: 0.91 F1: 0.84
2026-05-01 15:27:53 | DEBUG   | dpfl.core.base_simulator | Update norms — honest: ['6.72', '3.15', '9.72', '12.93', '6.94'], attacker: ['1.00', '1.00', '1.00', '1.00', '1.00']
2026-05-01 15:27:54 | INFO    | dpfl.core.base_simulator | Round  32/50 | Acc: 0.7218 | Loss: 1.4611 | eps_max: 2.94 eps_avg: 2.20 | P: 0.86 R: 0.91 F1: 0.88
2026-05-01 15:27:54 | DEBUG   | dpfl.core.base_simulator | Update norms — honest: ['3.99', '4.48', '12.16', '4.16', '2.06'], attacker: ['1.00', '1.00', '1.00', '1.00', '1.00']
2026-05-01 15:27:56 | INFO    | dpfl.core.base_simulator | Round  33/50 | Acc: 0.6929 | Loss: 1.7511 | eps_max: 2.94 eps_avg: 2.26 | P: 0.78 R: 0.91 F1: 0.84
2026-05-01 15:27:56 | DEBUG   | dpfl.core.base_simulator | Update norms — honest: ['7.87', '6.26', '16.06', '9.21', '6.44'], attacker: ['1.00', '1.00', '1.00', '1.00', '1.00']
2026-05-01 15:27:57 | INFO    | dpfl.core.base_simulator | Round  34/50 | Acc: 0.7256 | Loss: 1.4044 | eps_max: 2.94 eps_avg: 2.29 | P: 0.88 R: 0.91 F1: 0.89
2026-05-01 15:27:57 | DEBUG   | dpfl.core.base_simulator | Update norms — honest: ['10.15', '9.34', '7.47', '7.45', '7.54'], attacker: ['1.00', '1.00', '1.00', '1.00', '1.00']
2026-05-01 15:27:59 | INFO    | dpfl.core.base_simulator | Round  35/50 | Acc: 0.7013 | Loss: 1.6544 | eps_max: 2.94 eps_avg: 2.31 | P: 0.77 R: 0.91 F1: 0.84
2026-05-01 15:27:59 | DEBUG   | dpfl.core.base_simulator | Update norms — honest: ['6.47', '10.71', '7.14', '10.58', '3.69'], attacker: ['1.00', '1.00', '1.00', '1.00', '1.00']
2026-05-01 15:28:00 | INFO    | dpfl.core.base_simulator | Round  36/50 | Acc: 0.7216 | Loss: 1.4562 | eps_max: 2.94 eps_avg: 2.33 | P: 0.88 R: 0.91 F1: 0.90
2026-05-01 15:28:00 | DEBUG   | dpfl.core.base_simulator | Update norms — honest: ['0.86', '6.01', '13.23', '7.80', '8.12'], attacker: ['1.00', '1.00', '1.00', '1.00', '1.00']
2026-05-01 15:28:00 | INFO    | dpfl.core.base_simulator | Round  37/50 | Acc: 0.7236 | Loss: 1.3739 | eps_max: 3.18 eps_avg: 2.35 | P: 0.92 R: 0.91 F1: 0.92
2026-05-01 15:28:00 | DEBUG   | dpfl.core.base_simulator | Update norms — honest: ['3.38', '2.20', '2.17', '7.52', '0.00'], attacker: ['1.00', '1.00', '1.00', '1.00', '1.00']
2026-05-01 15:28:02 | INFO    | dpfl.core.base_simulator | Round  38/50 | Acc: 0.7225 | Loss: 1.4556 | eps_max: 3.18 eps_avg: 2.39 | P: 0.85 R: 0.91 F1: 0.88
2026-05-01 15:28:02 | DEBUG   | dpfl.core.base_simulator | Update norms — honest: ['12.23', '16.88', '4.37', '7.10', '4.32'], attacker: ['1.00', '1.00', '1.00', '1.00', '1.00']
2026-05-01 15:28:04 | INFO    | dpfl.core.base_simulator | Round  39/50 | Acc: 0.7138 | Loss: 1.6580 | eps_max: 3.18 eps_avg: 2.42 | P: 0.80 R: 0.91 F1: 0.85
2026-05-01 15:28:04 | DEBUG   | dpfl.core.base_simulator | Update norms — honest: ['13.25', '9.73', '8.87', '15.16', '8.35'], attacker: ['1.00', '1.00', '1.00', '1.00', '1.00']
2026-05-01 15:28:05 | INFO    | dpfl.core.base_simulator | Round  40/50 | Acc: 0.7054 | Loss: 1.8855 | eps_max: 3.18 eps_avg: 2.45 | P: 0.82 R: 0.91 F1: 0.86
2026-05-01 15:28:05 | DEBUG   | dpfl.core.base_simulator | Update norms — honest: ['6.27', '6.36', '6.53', '5.79', '8.95'], attacker: ['1.00', '1.00', '1.00', '1.00', '1.00']
2026-05-01 15:28:06 | INFO    | dpfl.core.base_simulator | Round  41/50 | Acc: 0.7047 | Loss: 1.7367 | eps_max: 3.18 eps_avg: 2.47 | P: 0.83 R: 0.91 F1: 0.87
2026-05-01 15:28:06 | DEBUG   | dpfl.core.base_simulator | Update norms — honest: ['12.03', '7.79', '6.12', '5.03', '2.70'], attacker: ['1.00', '1.00', '1.00', '1.00', '1.00']
2026-05-01 15:28:08 | INFO    | dpfl.core.base_simulator | Round  42/50 | Acc: 0.7025 | Loss: 2.1164 | eps_max: 3.32 eps_avg: 2.50 | P: 0.81 R: 0.91 F1: 0.86
2026-05-01 15:28:08 | DEBUG   | dpfl.core.base_simulator | Update norms — honest: ['12.19', '12.76', '6.71', '3.81', '9.25'], attacker: ['1.00', '1.00', '1.00', '1.00', '1.00']
2026-05-01 15:28:09 | INFO    | dpfl.core.base_simulator | Round  43/50 | Acc: 0.6927 | Loss: 2.1692 | eps_max: 3.32 eps_avg: 2.52 | P: 0.80 R: 0.91 F1: 0.85
2026-05-01 15:28:09 | DEBUG   | dpfl.core.base_simulator | Update norms — honest: ['9.94', '0.91', '5.38', '8.71', '4.91'], attacker: ['1.00', '1.00', '1.00', '1.00', '1.00']
2026-05-01 15:28:11 | INFO    | dpfl.core.base_simulator | Round  44/50 | Acc: 0.6904 | Loss: 2.4282 | eps_max: 3.32 eps_avg: 2.57 | P: 0.80 R: 0.90 F1: 0.85
2026-05-01 15:28:11 | DEBUG   | dpfl.core.base_simulator | Update norms — honest: ['6.02', '2.06', '3.22', '16.11', '7.60'], attacker: ['1.00', '1.00', '1.00', '1.00', '1.00']
2026-05-01 15:28:12 | INFO    | dpfl.core.base_simulator | Round  45/50 | Acc: 0.7186 | Loss: 1.6461 | eps_max: 3.62 eps_avg: 2.59 | P: 0.89 R: 0.91 F1: 0.90
2026-05-01 15:28:12 | DEBUG   | dpfl.core.base_simulator | Update norms — honest: ['11.85', '10.86', '8.73', '7.80', '17.86'], attacker: ['1.00', '1.00', '1.00', '1.00', '1.00']
2026-05-01 15:28:14 | INFO    | dpfl.core.base_simulator | Round  46/50 | Acc: 0.6836 | Loss: 2.7452 | eps_max: 3.70 eps_avg: 2.63 | P: 0.76 R: 0.91 F1: 0.83
2026-05-01 15:28:14 | DEBUG   | dpfl.core.base_simulator | Update norms — honest: ['11.76', '9.02', '9.60', '10.55', '9.43'], attacker: ['1.00', '1.00', '1.00', '1.00', '1.00']
2026-05-01 15:28:15 | INFO    | dpfl.core.base_simulator | Round  47/50 | Acc: 0.7023 | Loss: 1.9244 | eps_max: 3.78 eps_avg: 2.65 | P: 0.83 R: 0.91 F1: 0.87
2026-05-01 15:28:15 | DEBUG   | dpfl.core.base_simulator | Update norms — honest: ['9.18', '11.06', '7.53', '9.84', '10.25'], attacker: ['1.00', '1.00', '1.00', '1.00', '1.00']
2026-05-01 15:28:16 | INFO    | dpfl.core.base_simulator | Round  48/50 | Acc: 0.6776 | Loss: 3.0685 | eps_max: 3.78 eps_avg: 2.68 | P: 0.76 R: 0.91 F1: 0.83
2026-05-01 15:28:16 | DEBUG   | dpfl.core.base_simulator | Update norms — honest: ['7.48', '13.79', '15.80', '5.89', '12.64'], attacker: ['1.00', '1.00', '1.00', '1.00', '1.00']
2026-05-01 15:28:18 | INFO    | dpfl.core.base_simulator | Round  49/50 | Acc: 0.6964 | Loss: 2.2496 | eps_max: 3.78 eps_avg: 2.70 | P: 0.83 R: 0.91 F1: 0.87
2026-05-01 15:28:18 | DEBUG   | dpfl.core.base_simulator | Update norms — honest: ['9.57', '6.40', '13.09', '2.49', '10.47'], attacker: ['1.00', '1.00', '0.00', '1.00', '1.00']
2026-05-01 15:28:19 | INFO    | dpfl.core.base_simulator | Round  50/50 | Acc: 0.6928 | Loss: nan | eps_max: 3.88 eps_avg: 2.72 | P: 0.84 R: 0.93 F1: 0.88
2026-05-01 15:28:19 | DEBUG   | dpfl.core.base_simulator | Update norms — honest: ['7.88', '15.35', '12.13', '14.43', '12.21'], attacker: ['nan', 'nan', 'nan', 'nan', 'nan']
2026-05-01 15:28:20 | INFO    | dpfl | Experiment complete in 173.6s
============================================================
REPORT: DP-SGD Decentralized Federated Learning
============================================================
Timestamp:                  20260501_152525
Rounds completed:           50
Attack-active rounds:       30  (from round 20)
Final accuracy:             0.6928
Final test loss:            nan
Final epsilon (max honest): 3.88
Final epsilon (avg honest): 2.72
Best alpha:                 1000.0
Avg precision:              0.8266
Avg recall:                 0.9111
Avg F1 score:               0.8663
Avg update norm (honest):   6.3959
Avg update norm (attacker): nan

=== PER-NODE PRIVACY COST (final round) ===
Node   0 (attacker)  eps = —          sigma = —       (not tracked)
Node   1 (attacker)  eps = —          sigma = —       (not tracked)
Node   2 (attacker)  eps = —          sigma = —       (not tracked)
Node   3 (attacker)  eps = —          sigma = —       (not tracked)
Node   4 (attacker)  eps = —          sigma = —       (not tracked)
Node   5 (attacker)  eps = —          sigma = —       (not tracked)
Node   6 (attacker)  eps = —          sigma = —       (not tracked)
Node   7 (attacker)  eps = —          sigma = —       (not tracked)
Node   8 (attacker)  eps = —          sigma = —       (not tracked)
Node   9 (attacker)  eps = —          sigma = —       (not tracked)
Node  10 (attacker)  eps = —          sigma = —       (not tracked)
Node  11 (attacker)  eps = —          sigma = —       (not tracked)
Node  12 (attacker)  eps = —          sigma = —       (not tracked)
Node  13 (attacker)  eps = —          sigma = —       (not tracked)
Node  14 (attacker)  eps = —          sigma = —       (not tracked)
Node  15 (attacker)  eps = —          sigma = —       (not tracked)
Node  16 (attacker)  eps = —          sigma = —       (not tracked)
Node  17 (attacker)  eps = —          sigma = —       (not tracked)
Node  18 (attacker)  eps = —          sigma = —       (not tracked)
Node  19 (attacker)  eps = —          sigma = —       (not tracked)
Node  20 (attacker)  eps = —          sigma = —       (not tracked)
Node  21 (attacker)  eps = —          sigma = —       (not tracked)
Node  22 (attacker)  eps = —          sigma = —       (not tracked)
Node  23 (attacker)  eps = —          sigma = —       (not tracked)
Node  24 (attacker)  eps = —          sigma = —       (not tracked)
Node  25 (attacker)  eps = —          sigma = —       (not tracked)
Node  26 (attacker)  eps = —          sigma = —       (not tracked)
Node  27 (attacker)  eps = —          sigma = —       (not tracked)
Node  28 (attacker)  eps = —          sigma = —       (not tracked)
Node  29 (attacker)  eps = —          sigma = —       (not tracked)
Node  30 (attacker)  eps = —          sigma = —       (not tracked)
Node  31 (attacker)  eps = —          sigma = —       (not tracked)
Node  32 (attacker)  eps = —          sigma = —       (not tracked)
Node  33 (attacker)  eps = —          sigma = —       (not tracked)
Node  34 (attacker)  eps = —          sigma = —       (not tracked)
Node  35 (attacker)  eps = —          sigma = —       (not tracked)
Node  36 (attacker)  eps = —          sigma = —       (not tracked)
Node  37 (attacker)  eps = —          sigma = —       (not tracked)
Node  38 (attacker)  eps = —          sigma = —       (not tracked)
Node  39 (attacker)  eps = —          sigma = —       (not tracked)
Node  40 (attacker)  eps = —          sigma = —       (not tracked)
Node  41 (attacker)  eps = —          sigma = —       (not tracked)
Node  42 (attacker)  eps = —          sigma = —       (not tracked)
Node  43 (attacker)  eps = —          sigma = —       (not tracked)
Node  44 (attacker)  eps = —          sigma = —       (not tracked)
Node  45 (attacker)  eps = —          sigma = —       (not tracked)
Node  46 (attacker)  eps = —          sigma = —       (not tracked)
Node  47 (attacker)  eps = —          sigma = —       (not tracked)
Node  48 (attacker)  eps = —          sigma = —       (not tracked)
Node  49 (attacker)  eps = —          sigma = —       (not tracked)
Node  50 (attacker)  eps = —          sigma = —       (not tracked)
Node  51 (attacker)  eps = —          sigma = —       (not tracked)
Node  52 (attacker)  eps = —          sigma = —       (not tracked)
Node  53 (attacker)  eps = —          sigma = —       (not tracked)
Node  54 (attacker)  eps = —          sigma = —       (not tracked)
Node  55 (attacker)  eps = —          sigma = —       (not tracked)
Node  56 (attacker)  eps = —          sigma = —       (not tracked)
Node  57 (attacker)  eps = —          sigma = —       (not tracked)
Node  58 (attacker)  eps = —          sigma = —       (not tracked)
Node  59 (attacker)  eps = —          sigma = —       (not tracked)
Node  60 (honest  )  eps =   2.6299  sigma =  0.000  frozen = False
Node  61 (honest  )  eps =   2.9186  sigma =  1.618  frozen = False
Node  62 (honest  )  eps =   2.3676  sigma =  0.000  frozen = False
Node  63 (honest  )  eps =   2.7762  sigma =  0.000  frozen = False
Node  64 (honest  )  eps =   2.1856  sigma =  0.000  frozen = False
Node  65 (honest  )  eps =   2.0288  sigma =  0.000  frozen = False
Node  66 (honest  )  eps =   2.6526  sigma =  0.000  frozen = False
Node  67 (honest  )  eps =   2.8143  sigma =  0.000  frozen = False
Node  68 (honest  )  eps =   3.3476  sigma =  1.479  frozen = False
Node  69 (honest  )  eps =   2.9848  sigma =  0.000  frozen = False
Node  70 (honest  )  eps =   3.3710  sigma =  1.370  frozen = False
Node  71 (honest  )  eps =   2.5705  sigma =  0.000  frozen = False
Node  72 (honest  )  eps =   2.6810  sigma =  0.000  frozen = False
Node  73 (honest  )  eps =   2.2157  sigma =  0.000  frozen = False
Node  74 (honest  )  eps =   2.4112  sigma =  0.000  frozen = False
Node  75 (honest  )  eps =   2.9411  sigma =  0.000  frozen = False
Node  76 (honest  )  eps =   2.3322  sigma =  0.000  frozen = False
Node  77 (honest  )  eps =   2.7176  sigma =  0.000  frozen = False
Node  78 (honest  )  eps =   2.8759  sigma =  0.000  frozen = False
Node  79 (honest  )  eps =   3.1869  sigma =  0.000  frozen = False
Node  80 (honest  )  eps =   2.7364  sigma =  0.000  frozen = False
Node  81 (honest  )  eps =   2.8570  sigma =  0.000  frozen = False
Node  82 (honest  )  eps =   2.8909  sigma =  0.000  frozen = False
Node  83 (honest  )  eps =   2.4632  sigma =  0.000  frozen = False
Node  84 (honest  )  eps =   2.6699  sigma =  0.000  frozen = False
Node  85 (honest  )  eps =   2.5470  sigma =  0.000  frozen = False
Node  86 (honest  )  eps =   1.9110  sigma =  0.000  frozen = False
Node  87 (honest  )  eps =   2.6589  sigma =  0.000  frozen = False
Node  88 (honest  )  eps =   2.7232  sigma =  0.000  frozen = False
Node  89 (honest  )  eps =   3.5886  sigma =  1.420  frozen = False
Node  90 (honest  )  eps =   2.6023  sigma =  0.000  frozen = False
Node  91 (honest  )  eps =   2.4133  sigma =  0.000  frozen = False
Node  92 (honest  )  eps =   2.8722  sigma =  0.000  frozen = False
Node  93 (honest  )  eps =   2.8491  sigma =  0.000  frozen = False
Node  94 (honest  )  eps =   2.3256  sigma =  0.000  frozen = False
Node  95 (honest  )  eps =   2.7699  sigma =  0.000  frozen = False
Node  96 (honest  )  eps =   2.4494  sigma =  0.000  frozen = False
Node  97 (honest  )  eps =   2.4024  sigma =  0.000  frozen = False
Node  98 (honest  )  eps =   2.8549  sigma =  0.000  frozen = False
Node  99 (honest  )  eps =   3.2707  sigma =  0.000  frozen = False
Node 100 (honest  )  eps =   2.1940  sigma =  0.000  frozen = False
Node 101 (honest  )  eps =   2.8837  sigma =  0.000  frozen = False
Node 102 (honest  )  eps =   2.7714  sigma =  0.000  frozen = False
Node 103 (honest  )  eps =   2.0418  sigma =  0.000  frozen = False
Node 104 (honest  )  eps =   3.4930  sigma =  0.000  frozen = False
Node 105 (honest  )  eps =   2.9820  sigma =  0.000  frozen = False
Node 106 (honest  )  eps =   2.7845  sigma =  0.000  frozen = False
Node 107 (honest  )  eps =   2.5677  sigma =  0.000  frozen = False
Node 108 (honest  )  eps =   2.6311  sigma =  0.000  frozen = False
Node 109 (honest  )  eps =   2.7066  sigma =  0.000  frozen = False
Node 110 (honest  )  eps =   3.2877  sigma =  1.401  frozen = False
Node 111 (honest  )  eps =   2.8117  sigma =  0.000  frozen = False
Node 112 (honest  )  eps =   2.7330  sigma =  0.000  frozen = False
Node 113 (honest  )  eps =   2.3390  sigma =  0.000  frozen = False
Node 114 (honest  )  eps =   2.7443  sigma =  0.000  frozen = False
Node 115 (honest  )  eps =   2.5663  sigma =  0.000  frozen = False
Node 116 (honest  )  eps =   2.6971  sigma =  0.000  frozen = False
Node 117 (honest  )  eps =   2.3709  sigma =  0.000  frozen = False
Node 118 (honest  )  eps =   2.6195  sigma =  0.000  frozen = False
Node 119 (honest  )  eps =   2.7079  sigma =  0.000  frozen = False
Node 120 (honest  )  eps =   2.5565  sigma =  0.000  frozen = False
Node 121 (honest  )  eps =   2.7694  sigma =  0.000  frozen = False
Node 122 (honest  )  eps =   3.0082  sigma =  0.000  frozen = False
Node 123 (honest  )  eps =   2.8699  sigma =  0.000  frozen = False
Node 124 (honest  )  eps =   2.0577  sigma =  0.000  frozen = False
Node 125 (honest  )  eps =   2.3549  sigma =  0.000  frozen = False
Node 126 (honest  )  eps =   2.6736  sigma =  0.000  frozen = False
Node 127 (honest  )  eps =   2.8173  sigma =  0.000  frozen = False
Node 128 (honest  )  eps =   3.2194  sigma =  0.000  frozen = False
Node 129 (honest  )  eps =   2.7143  sigma =  0.000  frozen = False
Node 130 (honest  )  eps =   2.9383  sigma =  0.000  frozen = False
Node 131 (honest  )  eps =   2.4862  sigma =  0.000  frozen = False
Node 132 (honest  )  eps =   2.7424  sigma =  2.424  frozen = False
Node 133 (honest  )  eps =   2.6590  sigma =  0.000  frozen = False
Node 134 (honest  )  eps =   2.6712  sigma =  0.000  frozen = False
Node 135 (honest  )  eps =   3.5164  sigma =  0.000  frozen = False
Node 136 (honest  )  eps =   2.0074  sigma =  0.000  frozen = False
Node 137 (honest  )  eps =   2.8293  sigma =  0.000  frozen = False
Node 138 (honest  )  eps =   1.9599  sigma =  0.000  frozen = False
Node 139 (honest  )  eps =   2.8756  sigma =  0.000  frozen = False
Node 140 (honest  )  eps =   2.3689  sigma =  0.000  frozen = False
Node 141 (honest  )  eps =   3.3294  sigma =  0.000  frozen = False
Node 142 (honest  )  eps =   2.7694  sigma =  0.000  frozen = False
Node 143 (honest  )  eps =   2.9730  sigma =  0.000  frozen = False
Node 144 (honest  )  eps =   2.9134  sigma =  0.000  frozen = False
Node 145 (honest  )  eps =   2.3266  sigma =  0.000  frozen = False
Node 146 (honest  )  eps =   3.3696  sigma =  0.000  frozen = False
Node 147 (honest  )  eps =   2.7186  sigma =  0.000  frozen = False
Node 148 (honest  )  eps =   2.7190  sigma =  0.000  frozen = False
Node 149 (honest  )  eps =   2.8969  sigma =  0.000  frozen = False
Node 150 (honest  )  eps =   2.9234  sigma =  0.000  frozen = False
Node 151 (honest  )  eps =   3.0067  sigma =  0.000  frozen = False
Node 152 (honest  )  eps =   2.7785  sigma =  0.000  frozen = False
Node 153 (honest  )  eps =   2.7790  sigma =  1.477  frozen = False
Node 154 (honest  )  eps =   2.4864  sigma =  0.000  frozen = False
Node 155 (honest  )  eps =   2.7722  sigma =  0.000  frozen = False
Node 156 (honest  )  eps =   2.5792  sigma =  0.000  frozen = False
Node 157 (honest  )  eps =   3.0504  sigma =  0.000  frozen = False
Node 158 (honest  )  eps =   3.2787  sigma =  0.000  frozen = False
Node 159 (honest  )  eps =   2.8388  sigma =  0.000  frozen = False
Node 160 (honest  )  eps =   2.7573  sigma =  0.000  frozen = False
Node 161 (honest  )  eps =   2.6673  sigma =  0.000  frozen = False
Node 162 (honest  )  eps =   2.3195  sigma =  0.000  frozen = False
Node 163 (honest  )  eps =   2.2582  sigma =  0.000  frozen = False
Node 164 (honest  )  eps =   2.7690  sigma =  0.000  frozen = False
Node 165 (honest  )  eps =   2.4767  sigma =  0.000  frozen = False
Node 166 (honest  )  eps =   2.6613  sigma =  0.000  frozen = False
Node 167 (honest  )  eps =   2.9606  sigma =  0.000  frozen = False
Node 168 (honest  )  eps =   3.2859  sigma =  0.000  frozen = False
Node 169 (honest  )  eps =   3.7034  sigma =  0.000  frozen = False
Node 170 (honest  )  eps =   3.0392  sigma =  0.000  frozen = False
Node 171 (honest  )  eps =   2.8459  sigma =  0.000  frozen = False
Node 172 (honest  )  eps =   2.8971  sigma =  0.000  frozen = False
Node 173 (honest  )  eps =   2.6837  sigma =  0.000  frozen = False
Node 174 (honest  )  eps =   2.8666  sigma =  0.000  frozen = False
Node 175 (honest  )  eps =   3.0945  sigma =  0.000  frozen = False
Node 176 (honest  )  eps =   2.6361  sigma =  0.000  frozen = False
Node 177 (honest  )  eps =   3.4755  sigma =  0.000  frozen = False
Node 178 (honest  )  eps =   2.4560  sigma =  0.000  frozen = False
Node 179 (honest  )  eps =   2.6423  sigma =  0.000  frozen = False
Node 180 (honest  )  eps =   2.6780  sigma =  0.000  frozen = False
Node 181 (honest  )  eps =   2.5195  sigma =  0.000  frozen = False
Node 182 (honest  )  eps =   3.0919  sigma =  1.372  frozen = False
Node 183 (honest  )  eps =   2.8674  sigma =  0.000  frozen = False
Node 184 (honest  )  eps =   2.6897  sigma =  0.000  frozen = False
Node 185 (honest  )  eps =   2.4112  sigma =  0.000  frozen = False
Node 186 (honest  )  eps =   3.1711  sigma =  1.768  frozen = False
Node 187 (honest  )  eps =   3.1882  sigma =  1.473  frozen = False
Node 188 (honest  )  eps =   2.7164  sigma =  0.000  frozen = False
Node 189 (honest  )  eps =   2.8418  sigma =  0.000  frozen = False
Node 190 (honest  )  eps =   2.8368  sigma =  0.000  frozen = False
Node 191 (honest  )  eps =   2.5821  sigma =  0.000  frozen = False
Node 192 (honest  )  eps =   1.9305  sigma =  0.000  frozen = False
Node 193 (honest  )  eps =   2.6354  sigma =  0.000  frozen = False
Node 194 (honest  )  eps =   2.9265  sigma =  0.000  frozen = False
Node 195 (honest  )  eps =   2.0886  sigma =  0.000  frozen = False
Node 196 (honest  )  eps =   2.8687  sigma =  0.000  frozen = False
Node 197 (honest  )  eps =   2.5916  sigma =  0.000  frozen = False
Node 198 (honest  )  eps =   2.1461  sigma =  0.000  frozen = False
Node 199 (honest  )  eps =   2.6941  sigma =  0.000  frozen = False
Node 200 (honest  )  eps =   2.6672  sigma =  0.000  frozen = False
Node 201 (honest  )  eps =   2.8986  sigma =  0.000  frozen = False
Node 202 (honest  )  eps =   2.6812  sigma =  0.000  frozen = False
Node 203 (honest  )  eps =   2.5541  sigma =  0.000  frozen = False
Node 204 (honest  )  eps =   2.5814  sigma =  0.000  frozen = False
Node 205 (honest  )  eps =   3.7806  sigma =  1.421  frozen = False
Node 206 (honest  )  eps =   3.2546  sigma =  1.520  frozen = False
Node 207 (honest  )  eps =   3.1815  sigma =  0.000  frozen = False
Node 208 (honest  )  eps =   2.6063  sigma =  0.000  frozen = False
Node 209 (honest  )  eps =   2.7516  sigma =  0.000  frozen = False
Node 210 (honest  )  eps =   2.5359  sigma =  0.000  frozen = False
Node 211 (honest  )  eps =   2.8891  sigma =  0.000  frozen = False
Node 212 (honest  )  eps =   2.7134  sigma =  0.000  frozen = False
Node 213 (honest  )  eps =   2.7340  sigma =  0.000  frozen = False
Node 214 (honest  )  eps =   2.6562  sigma =  0.000  frozen = False
Node 215 (honest  )  eps =   2.8108  sigma =  0.000  frozen = False
Node 216 (honest  )  eps =   2.9212  sigma =  0.000  frozen = False
Node 217 (honest  )  eps =   2.1605  sigma =  0.000  frozen = False
Node 218 (honest  )  eps =   2.6731  sigma =  0.000  frozen = False
Node 219 (honest  )  eps =   2.8340  sigma =  0.000  frozen = False
Node 220 (honest  )  eps =   2.7785  sigma =  0.000  frozen = False
Node 221 (honest  )  eps =   2.0705  sigma =  0.000  frozen = False
Node 222 (honest  )  eps =   3.8799  sigma =  1.473  frozen = False
Node 223 (honest  )  eps =   2.8609  sigma =  0.000  frozen = False
Node 224 (honest  )  eps =   3.0152  sigma =  0.000  frozen = False
Node 225 (honest  )  eps =   3.1807  sigma =  0.000  frozen = False
Node 226 (honest  )  eps =   2.7360  sigma =  0.000  frozen = False
Node 227 (honest  )  eps =   2.5953  sigma =  0.000  frozen = False
Node 228 (honest  )  eps =   2.8323  sigma =  0.000  frozen = False
Node 229 (honest  )  eps =   2.8883  sigma =  0.000  frozen = False
Node 230 (honest  )  eps =   2.6962  sigma =  0.000  frozen = False
Node 231 (honest  )  eps =   2.6555  sigma =  0.000  frozen = False
Node 232 (honest  )  eps =   2.6192  sigma =  0.000  frozen = False
Node 233 (honest  )  eps =   3.3316  sigma =  0.000  frozen = False
Node 234 (honest  )  eps =   1.8872  sigma =  0.000  frozen = False
Node 235 (honest  )  eps =   3.6510  sigma =  0.000  frozen = False
Node 236 (honest  )  eps =   2.6897  sigma =  0.000  frozen = False
Node 237 (honest  )  eps =   2.1755  sigma =  1.938  frozen = False
Node 238 (honest  )  eps =   3.0199  sigma =  0.000  frozen = False
Node 239 (honest  )  eps =   2.6240  sigma =  0.000  frozen = False
Node 240 (honest  )  eps =   2.7559  sigma =  0.000  frozen = False
Node 241 (honest  )  eps =   2.7828  sigma =  0.000  frozen = False
Node 242 (honest  )  eps =   2.4158  sigma =  0.000  frozen = False
Node 243 (honest  )  eps =   2.7464  sigma =  0.000  frozen = False
Node 244 (honest  )  eps =   2.5607  sigma =  0.000  frozen = False
Node 245 (honest  )  eps =   2.7735  sigma =  0.000  frozen = False
Node 246 (honest  )  eps =   0.0000  sigma =  0.000  frozen = False
Node 247 (honest  )  eps =   2.0797  sigma =  0.000  frozen = False
Node 248 (honest  )  eps =   2.4468  sigma =  0.000  frozen = False
Node 249 (honest  )  eps =   2.9303  sigma =  0.000  frozen = False
Node 250 (honest  )  eps =   2.6078  sigma =  0.000  frozen = False
Node 251 (honest  )  eps =   2.7401  sigma =  0.000  frozen = False
Node 252 (honest  )  eps =   2.0735  sigma =  0.000  frozen = False
Node 253 (honest  )  eps =   2.3140  sigma =  0.000  frozen = False
Node 254 (honest  )  eps =   2.7158  sigma =  0.000  frozen = False
Node 255 (honest  )  eps =   2.7220  sigma =  0.000  frozen = False
Node 256 (honest  )  eps =   2.4790  sigma =  0.000  frozen = False
Node 257 (honest  )  eps =   2.9583  sigma =  1.488  frozen = False
Node 258 (honest  )  eps =   2.6041  sigma =  0.000  frozen = False
Node 259 (honest  )  eps =   2.8731  sigma =  0.000  frozen = False
Node 260 (honest  )  eps =   2.1571  sigma =  0.000  frozen = False
Node 261 (honest  )  eps =   2.7849  sigma =  0.000  frozen = False
Node 262 (honest  )  eps =   2.3075  sigma =  0.000  frozen = False
Node 263 (honest  )  eps =   3.2666  sigma =  1.502  frozen = False
Node 264 (honest  )  eps =   2.8558  sigma =  0.000  frozen = False
Node 265 (honest  )  eps =   2.6888  sigma =  0.000  frozen = False
Node 266 (honest  )  eps =   1.9632  sigma =  0.000  frozen = False
Node 267 (honest  )  eps =   2.8388  sigma =  1.590  frozen = False
Node 268 (honest  )  eps =   3.1388  sigma =  0.000  frozen = False
Node 269 (honest  )  eps =   2.8705  sigma =  0.000  frozen = False
Node 270 (honest  )  eps =   2.9328  sigma =  0.000  frozen = False
Node 271 (honest  )  eps =   2.8521  sigma =  0.000  frozen = False
Node 272 (honest  )  eps =   2.5715  sigma =  0.000  frozen = False
Node 273 (honest  )  eps =   2.7910  sigma =  0.000  frozen = False
Node 274 (honest  )  eps =   3.0308  sigma =  0.000  frozen = False
Node 275 (honest  )  eps =   2.4214  sigma =  0.000  frozen = False
Node 276 (honest  )  eps =   3.0378  sigma =  0.000  frozen = False
Node 277 (honest  )  eps =   2.5198  sigma =  0.000  frozen = False
Node 278 (honest  )  eps =   2.6335  sigma =  0.000  frozen = False
Node 279 (honest  )  eps =   2.7508  sigma =  0.000  frozen = False
Node 280 (honest  )  eps =   3.3084  sigma =  0.000  frozen = False
Node 281 (honest  )  eps =   2.9025  sigma =  0.000  frozen = False
Node 282 (honest  )  eps =   2.6907  sigma =  0.000  frozen = False
Node 283 (honest  )  eps =   2.8332  sigma =  1.950  frozen = False
Node 284 (honest  )  eps =   2.4576  sigma =  0.000  frozen = False
Node 285 (honest  )  eps =   2.5031  sigma =  0.000  frozen = False
Node 286 (honest  )  eps =   2.9907  sigma =  1.573  frozen = False
Node 287 (honest  )  eps =   2.9205  sigma =  0.000  frozen = False
Node 288 (honest  )  eps =   3.0952  sigma =  0.000  frozen = False
Node 289 (honest  )  eps =   2.7175  sigma =  0.000  frozen = False
Node 290 (honest  )  eps =   2.5808  sigma =  0.000  frozen = False
Node 291 (honest  )  eps =   2.6045  sigma =  0.000  frozen = False
Node 292 (honest  )  eps =   2.8480  sigma =  2.068  frozen = False
Node 293 (honest  )  eps =   2.6585  sigma =  0.000  frozen = False
Node 294 (honest  )  eps =   2.3408  sigma =  0.000  frozen = False
Node 295 (honest  )  eps =   3.0172  sigma =  0.000  frozen = False
Node 296 (honest  )  eps =   2.6620  sigma =  0.000  frozen = False
Node 297 (honest  )  eps =   2.3963  sigma =  0.000  frozen = False
Node 298 (honest  )  eps =   2.3209  sigma =  0.000  frozen = False
Node 299 (honest  )  eps =   2.7847  sigma =  0.000  frozen = False
------------------------------------------------------------
eps_system (max honest): 3.8799
eps_avg (honest):        2.7211
eps_std (honest):        0.3849
n_frozen:                0/240
============================================================
