2026-05-01 03:58:32 | INFO    | dpfl | Experiment start: algorithm=noise_game, dataset=mnist, model=mlp, device=cuda
2026-05-01 03:58:32 | INFO    | dpfl | Config: nodes=300, attackers=60, rounds=50, noise_mode=none, attack=scale
2026-05-01 03:58:32 | INFO    | dpfl.data.mnist_dataset | Loading MNIST dataset...
2026-05-01 03:58:32 | INFO    | dpfl.data.mnist_dataset | MNIST loaded: 60000 train, 10000 test samples
2026-05-01 03:59:08 | INFO    | dpfl.core.base_simulator | Vectorized state ready: param_spec.D=25450, X_test=(10000, 1, 28, 28), train clients N=300, max_n_samples=1200
2026-05-01 03:59:08 | INFO    | dpfl.core.base_simulator | Setup complete: 300 nodes (60 attackers), param_dim=25450, split=iid
2026-05-01 03:59:08 | DEBUG   | dpfl.core.base_simulator | Attacker IDs: {0, 1, 2, 3, 4, 5, 6, 7, 8, 9, 10, 11, 12, 13, 14, 15, 16, 17, 18, 19, 20, 21, 22, 23, 24, 25, 26, 27, 28, 29, 30, 31, 32, 33, 34, 35, 36, 37, 38, 39, 40, 41, 42, 43, 44, 45, 46, 47, 48, 49, 50, 51, 52, 53, 54, 55, 56, 57, 58, 59}
2026-05-01 03:59:14 | INFO    | dpfl.core.base_simulator | Round   1/50 | Acc: 0.1414 | Loss: 2.2377 | eps_max: 10.28 eps_avg: 4.93 | P: 0.00 R: 0.00 F1: 0.00
2026-05-01 03:59:14 | DEBUG   | dpfl.core.base_simulator | Update norms — honest: ['4.36', '4.38', '4.37', '4.35', '4.32'], attacker: ['0.11', '0.10', '0.11', '0.11', '0.11']
2026-05-01 03:59:18 | INFO    | dpfl.core.base_simulator | Round   2/50 | Acc: 0.2049 | Loss: 2.1708 | eps_max: 11.21 eps_avg: 8.04 | P: 0.00 R: 0.00 F1: 0.00
2026-05-01 03:59:18 | DEBUG   | dpfl.core.base_simulator | Update norms — honest: ['4.31', '5.67', '4.29', '4.30', '4.30'], attacker: ['0.10', '0.10', '0.10', '0.10', '0.10']
2026-05-01 03:59:23 | INFO    | dpfl.core.base_simulator | Round   3/50 | Acc: 0.2509 | Loss: 2.1772 | eps_max: 11.87 eps_avg: 9.67 | P: 0.00 R: 0.00 F1: 0.00
2026-05-01 03:59:23 | DEBUG   | dpfl.core.base_simulator | Update norms — honest: ['5.49', '6.26', '8.81', '4.24', '5.99'], attacker: ['0.11', '0.10', '0.11', '0.11', '0.11']
2026-05-01 03:59:27 | INFO    | dpfl.core.base_simulator | Round   4/50 | Acc: 0.2837 | Loss: 2.2886 | eps_max: 12.51 eps_avg: 10.70 | P: 0.00 R: 0.00 F1: 0.00
2026-05-01 03:59:27 | DEBUG   | dpfl.core.base_simulator | Update norms — honest: ['4.20', '4.15', '9.20', '8.88', '8.97'], attacker: ['0.11', '0.11', '0.11', '0.11', '0.11']
2026-05-01 03:59:32 | INFO    | dpfl.core.base_simulator | Round   5/50 | Acc: 0.3050 | Loss: 2.4727 | eps_max: 13.36 eps_avg: 11.43 | P: 0.00 R: 0.00 F1: 0.00
2026-05-01 03:59:32 | DEBUG   | dpfl.core.base_simulator | Update norms — honest: ['5.78', '10.43', '9.38', '11.12', '6.17'], attacker: ['0.11', '0.11', '0.11', '0.11', '0.11']
2026-05-01 03:59:37 | INFO    | dpfl.core.base_simulator | Round   6/50 | Acc: 0.3160 | Loss: 2.9037 | eps_max: 14.33 eps_avg: 11.84 | P: 0.00 R: 0.00 F1: 0.00
2026-05-01 03:59:37 | DEBUG   | dpfl.core.base_simulator | Update norms — honest: ['13.56', '10.32', '13.63', '8.09', '5.82'], attacker: ['0.10', '0.11', '0.11', '0.11', '0.11']
2026-05-01 03:59:41 | INFO    | dpfl.core.base_simulator | Round   7/50 | Acc: 0.3235 | Loss: 3.3966 | eps_max: 15.36 eps_avg: 12.23 | P: 0.00 R: 0.00 F1: 0.00
2026-05-01 03:59:41 | DEBUG   | dpfl.core.base_simulator | Update norms — honest: ['6.41', '13.76', '8.01', '9.55', '9.00'], attacker: ['0.10', '0.11', '0.11', '0.11', '0.11']
2026-05-01 03:59:45 | INFO    | dpfl.core.base_simulator | Round   8/50 | Acc: 0.3253 | Loss: 4.2340 | eps_max: 16.84 eps_avg: 12.69 | P: 0.00 R: 0.00 F1: 0.00
2026-05-01 03:59:45 | DEBUG   | dpfl.core.base_simulator | Update norms — honest: ['7.50', '8.72', '14.82', '11.46', '9.03'], attacker: ['0.10', '0.10', '0.10', '0.10', '0.11']
2026-05-01 03:59:50 | INFO    | dpfl.core.base_simulator | Round   9/50 | Acc: 0.3311 | Loss: 5.0478 | eps_max: 18.46 eps_avg: 13.14 | P: 0.00 R: 0.00 F1: 0.00
2026-05-01 03:59:50 | DEBUG   | dpfl.core.base_simulator | Update norms — honest: ['8.36', '11.93', '12.10', '9.20', '9.11'], attacker: ['0.10', '0.10', '0.10', '0.10', '0.10']
2026-05-01 03:59:54 | INFO    | dpfl.core.base_simulator | Round  10/50 | Acc: 0.3384 | Loss: 5.9648 | eps_max: 19.36 eps_avg: 13.59 | P: 0.00 R: 0.00 F1: 0.00
2026-05-01 03:59:54 | DEBUG   | dpfl.core.base_simulator | Update norms — honest: ['16.78', '12.71', '8.62', '10.81', '15.17'], attacker: ['0.09', '0.09', '0.10', '0.10', '0.10']
2026-05-01 03:59:58 | INFO    | dpfl.core.base_simulator | Round  11/50 | Acc: 0.3436 | Loss: 6.8269 | eps_max: 20.30 eps_avg: 14.09 | P: 0.00 R: 0.00 F1: 0.00
2026-05-01 03:59:58 | DEBUG   | dpfl.core.base_simulator | Update norms — honest: ['9.04', '10.08', '17.13', '15.31', '16.04'], attacker: ['0.09', '0.09', '0.09', '0.09', '0.09']
2026-05-01 04:00:02 | INFO    | dpfl.core.base_simulator | Round  12/50 | Acc: 0.3419 | Loss: 8.1275 | eps_max: 20.30 eps_avg: 14.71 | P: 0.00 R: 0.00 F1: 0.00
2026-05-01 04:00:02 | DEBUG   | dpfl.core.base_simulator | Update norms — honest: ['10.44', '12.76', '18.40', '15.15', '17.78'], attacker: ['0.08', '0.08', '0.09', '0.08', '0.09']
2026-05-01 04:00:07 | INFO    | dpfl.core.base_simulator | Round  13/50 | Acc: 0.3436 | Loss: 9.6441 | eps_max: 20.30 eps_avg: 15.43 | P: 0.00 R: 0.00 F1: 0.00
2026-05-01 04:00:07 | DEBUG   | dpfl.core.base_simulator | Update norms — honest: ['17.59', '14.99', '17.63', '17.48', '16.70'], attacker: ['0.08', '0.08', '0.08', '0.08', '0.08']
2026-05-01 04:00:11 | INFO    | dpfl.core.base_simulator | Round  14/50 | Acc: 0.3522 | Loss: 11.0299 | eps_max: 21.28 eps_avg: 16.11 | P: 0.00 R: 0.00 F1: 0.00
2026-05-01 04:00:11 | DEBUG   | dpfl.core.base_simulator | Update norms — honest: ['12.84', '16.37', '18.40', '11.92', '15.59'], attacker: ['0.08', '0.08', '0.08', '0.08', '0.08']
2026-05-01 04:00:15 | INFO    | dpfl.core.base_simulator | Round  15/50 | Acc: 0.3596 | Loss: 12.3980 | eps_max: 22.37 eps_avg: 16.77 | P: 0.00 R: 0.00 F1: 0.00
2026-05-01 04:00:15 | DEBUG   | dpfl.core.base_simulator | Update norms — honest: ['14.72', '18.88', '16.14', '13.11', '15.86'], attacker: ['0.07', '0.07', '0.07', '0.07', '0.08']
2026-05-01 04:00:20 | INFO    | dpfl.core.base_simulator | Round  16/50 | Acc: 0.3643 | Loss: 13.8519 | eps_max: 23.67 eps_avg: 17.47 | P: 0.00 R: 0.00 F1: 0.00
2026-05-01 04:00:20 | DEBUG   | dpfl.core.base_simulator | Update norms — honest: ['12.14', '16.97', '15.06', '14.59', '15.83'], attacker: ['0.07', '0.07', '0.07', '0.07', '0.07']
2026-05-01 04:00:24 | INFO    | dpfl.core.base_simulator | Round  17/50 | Acc: 0.3702 | Loss: 15.5665 | eps_max: 23.67 eps_avg: 18.19 | P: 0.00 R: 0.00 F1: 0.00
2026-05-01 04:00:24 | DEBUG   | dpfl.core.base_simulator | Update norms — honest: ['13.55', '17.91', '16.31', '12.19', '14.70'], attacker: ['0.06', '0.07', '0.06', '0.07', '0.07']
2026-05-01 04:00:28 | INFO    | dpfl.core.base_simulator | Round  18/50 | Acc: 0.3772 | Loss: 17.3640 | eps_max: 25.07 eps_avg: 18.92 | P: 0.00 R: 0.00 F1: 0.00
2026-05-01 04:00:28 | DEBUG   | dpfl.core.base_simulator | Update norms — honest: ['14.61', '17.60', '15.64', '17.50', '12.26'], attacker: ['0.06', '0.06', '0.06', '0.07', '0.07']
2026-05-01 04:00:33 | INFO    | dpfl.core.base_simulator | Round  19/50 | Acc: 0.3813 | Loss: 19.6054 | eps_max: 26.04 eps_avg: 19.72 | P: 0.00 R: 0.00 F1: 0.00
2026-05-01 04:00:33 | DEBUG   | dpfl.core.base_simulator | Update norms — honest: ['16.23', '18.10', '18.40', '18.17', '18.58'], attacker: ['0.06', '0.06', '0.06', '0.06', '0.06']
2026-05-01 04:00:38 | INFO    | dpfl.core.base_simulator | Round  20/50 | Acc: 0.3870 | Loss: 21.8698 | eps_max: 26.90 eps_avg: 20.54 | P: 0.00 R: 0.00 F1: 0.00
2026-05-01 04:00:38 | DEBUG   | dpfl.core.base_simulator | Update norms — honest: ['18.29', '18.52', '18.28', '18.69', '16.43'], attacker: ['0.06', '0.06', '0.06', '0.06', '0.06']
2026-05-01 04:00:42 | INFO    | dpfl.core.base_simulator | Round  21/50 | Acc: 0.3937 | Loss: 23.6343 | eps_max: 28.10 eps_avg: 21.32 | P: 0.36 R: 0.90 F1: 0.51
2026-05-01 04:00:42 | DEBUG   | dpfl.core.base_simulator | Update norms — honest: ['19.60', '16.51', '16.80', '15.06', '17.58'], attacker: ['0.58', '0.62', '0.60', '0.63', '0.63']
2026-05-01 04:00:46 | INFO    | dpfl.core.base_simulator | Round  22/50 | Acc: 0.4012 | Loss: 25.8812 | eps_max: 29.59 eps_avg: 22.19 | P: 0.37 R: 0.90 F1: 0.52
2026-05-01 04:00:46 | DEBUG   | dpfl.core.base_simulator | Update norms — honest: ['16.72', '18.56', '17.39', '16.09', '19.03'], attacker: ['0.89', '0.90', '0.97', '0.95', '0.95']
2026-05-01 04:00:50 | INFO    | dpfl.core.base_simulator | Round  23/50 | Acc: 0.4082 | Loss: 28.8903 | eps_max: 29.74 eps_avg: 23.10 | P: 0.37 R: 0.90 F1: 0.52
2026-05-01 04:00:50 | DEBUG   | dpfl.core.base_simulator | Update norms — honest: ['14.51', '17.07', '19.93', '18.86', '16.12'], attacker: ['1.00', '1.00', '1.00', '1.00', '1.00']
2026-05-01 04:00:54 | INFO    | dpfl.core.base_simulator | Round  24/50 | Acc: 0.4170 | Loss: 30.8148 | eps_max: 31.00 eps_avg: 23.92 | P: 0.40 R: 0.90 F1: 0.56
2026-05-01 04:00:54 | DEBUG   | dpfl.core.base_simulator | Update norms — honest: ['20.19', '17.95', '17.24', '18.84', '16.26'], attacker: ['1.00', '1.00', '1.00', '1.00', '1.00']
2026-05-01 04:00:59 | INFO    | dpfl.core.base_simulator | Round  25/50 | Acc: 0.4197 | Loss: 34.2862 | eps_max: 32.16 eps_avg: 25.03 | P: 0.33 R: 0.89 F1: 0.48
2026-05-01 04:00:59 | DEBUG   | dpfl.core.base_simulator | Update norms — honest: ['18.24', '17.59', '18.17', '18.00', '9.86'], attacker: ['1.00', '1.00', '1.00', '1.00', '1.00']
2026-05-01 04:01:04 | INFO    | dpfl.core.base_simulator | Round  26/50 | Acc: 0.4251 | Loss: 37.2623 | eps_max: 33.62 eps_avg: 26.02 | P: 0.36 R: 0.90 F1: 0.51
2026-05-01 04:01:04 | DEBUG   | dpfl.core.base_simulator | Update norms — honest: ['14.72', '17.42', '17.75', '16.12', '19.34'], attacker: ['1.00', '1.00', '1.00', '1.00', '1.00']
2026-05-01 04:01:08 | INFO    | dpfl.core.base_simulator | Round  27/50 | Acc: 0.4306 | Loss: 39.4683 | eps_max: 35.15 eps_avg: 27.06 | P: 0.36 R: 0.90 F1: 0.51
2026-05-01 04:01:08 | DEBUG   | dpfl.core.base_simulator | Update norms — honest: ['19.38', '14.60', '18.99', '19.74', '19.03'], attacker: ['1.00', '1.00', '1.00', '1.00', '1.00']
2026-05-01 04:01:12 | INFO    | dpfl.core.base_simulator | Round  28/50 | Acc: 0.4394 | Loss: 41.3084 | eps_max: 35.15 eps_avg: 28.00 | P: 0.40 R: 0.90 F1: 0.55
2026-05-01 04:01:12 | DEBUG   | dpfl.core.base_simulator | Update norms — honest: ['15.85', '18.25', '17.02', '19.80', '15.17'], attacker: ['1.00', '1.00', '1.00', '1.00', '1.00']
2026-05-01 04:01:16 | INFO    | dpfl.core.base_simulator | Round  29/50 | Acc: 0.4458 | Loss: 43.7526 | eps_max: 36.71 eps_avg: 28.94 | P: 0.35 R: 0.89 F1: 0.50
2026-05-01 04:01:16 | DEBUG   | dpfl.core.base_simulator | Update norms — honest: ['14.33', '16.15', '18.32', '13.98', '18.08'], attacker: ['1.00', '1.00', '1.00', '1.00', '1.00']
2026-05-01 04:01:21 | INFO    | dpfl.core.base_simulator | Round  30/50 | Acc: 0.4493 | Loss: 47.0052 | eps_max: 39.04 eps_avg: 29.89 | P: 0.36 R: 0.90 F1: 0.52
2026-05-01 04:01:21 | DEBUG   | dpfl.core.base_simulator | Update norms — honest: ['18.45', '18.22', '15.75', '14.62', '18.11'], attacker: ['1.00', '1.00', '1.00', '1.00', '1.00']
2026-05-01 04:01:25 | INFO    | dpfl.core.base_simulator | Round  31/50 | Acc: 0.4572 | Loss: 49.4913 | eps_max: 41.71 eps_avg: 30.94 | P: 0.35 R: 0.90 F1: 0.50
2026-05-01 04:01:25 | DEBUG   | dpfl.core.base_simulator | Update norms — honest: ['12.87', '18.28', '18.30', '15.50', '18.48'], attacker: ['1.00', '1.00', '1.00', '1.00', '1.00']
2026-05-01 04:01:30 | INFO    | dpfl.core.base_simulator | Round  32/50 | Acc: 0.4595 | Loss: 52.8742 | eps_max: 41.71 eps_avg: 31.92 | P: 0.37 R: 0.89 F1: 0.52
2026-05-01 04:01:30 | DEBUG   | dpfl.core.base_simulator | Update norms — honest: ['18.01', '19.20', '18.51', '19.15', '17.85'], attacker: ['1.00', '1.00', '1.00', '1.00', '1.00']
2026-05-01 04:01:34 | INFO    | dpfl.core.base_simulator | Round  33/50 | Acc: 0.4688 | Loss: 54.5824 | eps_max: 41.90 eps_avg: 32.98 | P: 0.36 R: 0.90 F1: 0.52
2026-05-01 04:01:34 | DEBUG   | dpfl.core.base_simulator | Update norms — honest: ['19.08', '17.95', '19.80', '18.42', '18.86'], attacker: ['1.00', '1.00', '1.00', '1.00', '1.00']
2026-05-01 04:01:38 | INFO    | dpfl.core.base_simulator | Round  34/50 | Acc: 0.4694 | Loss: 58.7679 | eps_max: 44.05 eps_avg: 34.19 | P: 0.35 R: 0.90 F1: 0.50
2026-05-01 04:01:38 | DEBUG   | dpfl.core.base_simulator | Update norms — honest: ['18.10', '17.18', '16.61', '18.65', '17.43'], attacker: ['1.00', '1.00', '1.00', '1.00', '1.00']
2026-05-01 04:01:43 | INFO    | dpfl.core.base_simulator | Round  35/50 | Acc: 0.4786 | Loss: 61.0406 | eps_max: 47.61 eps_avg: 35.54 | P: 0.35 R: 0.90 F1: 0.50
2026-05-01 04:01:43 | DEBUG   | dpfl.core.base_simulator | Update norms — honest: ['14.89', '19.47', '19.10', '17.84', '18.68'], attacker: ['1.00', '1.00', '1.00', '1.00', '1.00']
2026-05-01 04:01:47 | INFO    | dpfl.core.base_simulator | Round  36/50 | Acc: 0.4789 | Loss: 64.8389 | eps_max: 51.08 eps_avg: 37.05 | P: 0.36 R: 0.89 F1: 0.51
2026-05-01 04:01:47 | DEBUG   | dpfl.core.base_simulator | Update norms — honest: ['18.54', '18.93', '17.68', '19.87', '13.10'], attacker: ['1.00', '1.00', '1.00', '1.00', '1.00']
2026-05-01 04:01:51 | INFO    | dpfl.core.base_simulator | Round  37/50 | Acc: 0.4910 | Loss: 65.8288 | eps_max: 55.72 eps_avg: 38.57 | P: 0.39 R: 0.90 F1: 0.55
2026-05-01 04:01:51 | DEBUG   | dpfl.core.base_simulator | Update norms — honest: ['19.36', '18.77', '16.49', '20.03', '20.07'], attacker: ['1.00', '1.00', '1.00', '1.00', '1.00']
2026-05-01 04:01:55 | INFO    | dpfl.core.base_simulator | Round  38/50 | Acc: 0.4920 | Loss: 69.0851 | eps_max: 61.06 eps_avg: 40.34 | P: 0.38 R: 0.90 F1: 0.53
2026-05-01 04:01:55 | DEBUG   | dpfl.core.base_simulator | Update norms — honest: ['19.79', '17.81', '14.40', '17.66', '15.08'], attacker: ['1.00', '1.00', '1.00', '1.00', '1.00']
2026-05-01 04:02:00 | INFO    | dpfl.core.base_simulator | Round  39/50 | Acc: 0.4957 | Loss: 72.7883 | eps_max: 63.18 eps_avg: 42.73 | P: 0.31 R: 0.89 F1: 0.47
2026-05-01 04:02:00 | DEBUG   | dpfl.core.base_simulator | Update norms — honest: ['18.06', '19.62', '18.79', '18.82', '18.73'], attacker: ['1.00', '1.00', '1.00', '1.00', '1.00']
2026-05-01 04:02:04 | INFO    | dpfl.core.base_simulator | Round  40/50 | Acc: 0.4979 | Loss: 76.1865 | eps_max: 65.36 eps_avg: 45.00 | P: 0.36 R: 0.90 F1: 0.52
2026-05-01 04:02:04 | DEBUG   | dpfl.core.base_simulator | Update norms — honest: ['19.02', '15.98', '16.37', '19.28', '20.40'], attacker: ['1.00', '1.00', '1.00', '1.00', '1.00']
2026-05-01 04:02:09 | INFO    | dpfl.core.base_simulator | Round  41/50 | Acc: 0.5039 | Loss: 78.8043 | eps_max: 68.25 eps_avg: 47.73 | P: 0.36 R: 0.90 F1: 0.52
2026-05-01 04:02:09 | DEBUG   | dpfl.core.base_simulator | Update norms — honest: ['18.18', '19.79', '17.81', '18.00', '15.02'], attacker: ['1.00', '1.00', '1.00', '1.00', '1.00']
2026-05-01 04:02:13 | INFO    | dpfl.core.base_simulator | Round  42/50 | Acc: 0.5059 | Loss: 82.8420 | eps_max: 71.46 eps_avg: 50.51 | P: 0.36 R: 0.89 F1: 0.51
2026-05-01 04:02:13 | DEBUG   | dpfl.core.base_simulator | Update norms — honest: ['18.49', '19.14', '17.57', '16.64', '17.93'], attacker: ['1.00', '1.00', '1.00', '1.00', '1.00']
2026-05-01 04:02:17 | INFO    | dpfl.core.base_simulator | Round  43/50 | Acc: 0.5127 | Loss: 85.5411 | eps_max: 74.90 eps_avg: 53.34 | P: 0.35 R: 0.90 F1: 0.50
2026-05-01 04:02:17 | DEBUG   | dpfl.core.base_simulator | Update norms — honest: ['16.85', '16.96', '16.83', '18.57', '16.39'], attacker: ['1.00', '1.00', '1.00', '1.00', '1.00']
2026-05-01 04:02:21 | INFO    | dpfl.core.base_simulator | Round  44/50 | Acc: 0.5134 | Loss: 89.3684 | eps_max: 79.13 eps_avg: 56.09 | P: 0.36 R: 0.89 F1: 0.51
2026-05-01 04:02:21 | DEBUG   | dpfl.core.base_simulator | Update norms — honest: ['18.72', '16.37', '19.45', '17.85', '13.78'], attacker: ['1.00', '1.00', '1.00', '1.00', '1.00']
2026-05-01 04:02:26 | INFO    | dpfl.core.base_simulator | Round  45/50 | Acc: 0.5190 | Loss: 92.2601 | eps_max: 84.41 eps_avg: 58.96 | P: 0.34 R: 0.90 F1: 0.49
2026-05-01 04:02:26 | DEBUG   | dpfl.core.base_simulator | Update norms — honest: ['17.71', '15.71', '19.70', '17.79', '19.13'], attacker: ['1.00', '1.00', '1.00', '1.00', '1.00']
2026-05-01 04:02:30 | INFO    | dpfl.core.base_simulator | Round  46/50 | Acc: 0.5182 | Loss: 96.4904 | eps_max: 84.41 eps_avg: 61.90 | P: 0.34 R: 0.89 F1: 0.49
2026-05-01 04:02:30 | DEBUG   | dpfl.core.base_simulator | Update norms — honest: ['14.73', '15.94', '18.66', '16.31', '11.18'], attacker: ['1.00', '1.00', '1.00', '1.00', '1.00']
2026-05-01 04:02:33 | INFO    | dpfl.core.base_simulator | Round  47/50 | Acc: 0.5268 | Loss: 98.0328 | eps_max: 86.89 eps_avg: 64.24 | P: 0.37 R: 0.90 F1: 0.53
2026-05-01 04:02:33 | DEBUG   | dpfl.core.base_simulator | Update norms — honest: ['18.07', '17.15', '17.65', '13.11', '17.67'], attacker: ['1.00', '1.00', '1.00', '1.00', '1.00']
2026-05-01 04:02:37 | INFO    | dpfl.core.base_simulator | Round  48/50 | Acc: 0.5253 | Loss: 102.9924 | eps_max: 90.79 eps_avg: 67.12 | P: 0.36 R: 0.90 F1: 0.51
2026-05-01 04:02:37 | DEBUG   | dpfl.core.base_simulator | Update norms — honest: ['18.04', '15.67', '17.98', '15.89', '17.71'], attacker: ['1.00', '1.00', '1.00', '1.00', '1.00']
2026-05-01 04:02:41 | INFO    | dpfl.core.base_simulator | Round  49/50 | Acc: 0.3912 | Loss: nan | eps_max: 100.87 eps_avg: 70.60 | P: 0.33 R: 0.91 F1: 0.48
2026-05-01 04:02:41 | DEBUG   | dpfl.core.base_simulator | Update norms — honest: ['14.98', '17.44', '16.60', '17.75', '12.23'], attacker: ['nan', 'nan', 'nan', 'nan', 'nan']
2026-05-01 04:02:45 | INFO    | dpfl.core.base_simulator | Round  50/50 | Acc: 0.2640 | Loss: nan | eps_max: 114.05 eps_avg: 73.40 | P: 0.39 R: 0.92 F1: 0.54
2026-05-01 04:02:45 | DEBUG   | dpfl.core.base_simulator | Update norms — honest: ['16.79', '16.73', '19.52', '16.37', 'nan'], attacker: ['nan', 'nan', 'nan', 'nan', 'nan']
2026-05-01 04:02:46 | INFO    | dpfl | Experiment complete in 252.7s
============================================================
REPORT: DP-SGD Decentralized Federated Learning
============================================================
Timestamp:                  20260501_035832
Rounds completed:           50
Attack-active rounds:       30  (from round 20)
Final accuracy:             0.2640
Final test loss:            nan
Final epsilon (max honest): 114.05
Final epsilon (avg honest): 73.40
Best alpha:                 1000.0
Avg precision:              0.3594
Avg recall:                 0.8970
Avg F1 score:               0.5129
Avg update norm (honest):   nan
Avg update norm (attacker): nan

=== PER-NODE PRIVACY COST (final round) ===
Node   0 (attacker)  eps = —          sigma = —       (not tracked)
Node   1 (attacker)  eps = —          sigma = —       (not tracked)
Node   2 (attacker)  eps = —          sigma = —       (not tracked)
Node   3 (attacker)  eps = —          sigma = —       (not tracked)
Node   4 (attacker)  eps = —          sigma = —       (not tracked)
Node   5 (attacker)  eps = —          sigma = —       (not tracked)
Node   6 (attacker)  eps = —          sigma = —       (not tracked)
Node   7 (attacker)  eps = —          sigma = —       (not tracked)
Node   8 (attacker)  eps = —          sigma = —       (not tracked)
Node   9 (attacker)  eps = —          sigma = —       (not tracked)
Node  10 (attacker)  eps = —          sigma = —       (not tracked)
Node  11 (attacker)  eps = —          sigma = —       (not tracked)
Node  12 (attacker)  eps = —          sigma = —       (not tracked)
Node  13 (attacker)  eps = —          sigma = —       (not tracked)
Node  14 (attacker)  eps = —          sigma = —       (not tracked)
Node  15 (attacker)  eps = —          sigma = —       (not tracked)
Node  16 (attacker)  eps = —          sigma = —       (not tracked)
Node  17 (attacker)  eps = —          sigma = —       (not tracked)
Node  18 (attacker)  eps = —          sigma = —       (not tracked)
Node  19 (attacker)  eps = —          sigma = —       (not tracked)
Node  20 (attacker)  eps = —          sigma = —       (not tracked)
Node  21 (attacker)  eps = —          sigma = —       (not tracked)
Node  22 (attacker)  eps = —          sigma = —       (not tracked)
Node  23 (attacker)  eps = —          sigma = —       (not tracked)
Node  24 (attacker)  eps = —          sigma = —       (not tracked)
Node  25 (attacker)  eps = —          sigma = —       (not tracked)
Node  26 (attacker)  eps = —          sigma = —       (not tracked)
Node  27 (attacker)  eps = —          sigma = —       (not tracked)
Node  28 (attacker)  eps = —          sigma = —       (not tracked)
Node  29 (attacker)  eps = —          sigma = —       (not tracked)
Node  30 (attacker)  eps = —          sigma = —       (not tracked)
Node  31 (attacker)  eps = —          sigma = —       (not tracked)
Node  32 (attacker)  eps = —          sigma = —       (not tracked)
Node  33 (attacker)  eps = —          sigma = —       (not tracked)
Node  34 (attacker)  eps = —          sigma = —       (not tracked)
Node  35 (attacker)  eps = —          sigma = —       (not tracked)
Node  36 (attacker)  eps = —          sigma = —       (not tracked)
Node  37 (attacker)  eps = —          sigma = —       (not tracked)
Node  38 (attacker)  eps = —          sigma = —       (not tracked)
Node  39 (attacker)  eps = —          sigma = —       (not tracked)
Node  40 (attacker)  eps = —          sigma = —       (not tracked)
Node  41 (attacker)  eps = —          sigma = —       (not tracked)
Node  42 (attacker)  eps = —          sigma = —       (not tracked)
Node  43 (attacker)  eps = —          sigma = —       (not tracked)
Node  44 (attacker)  eps = —          sigma = —       (not tracked)
Node  45 (attacker)  eps = —          sigma = —       (not tracked)
Node  46 (attacker)  eps = —          sigma = —       (not tracked)
Node  47 (attacker)  eps = —          sigma = —       (not tracked)
Node  48 (attacker)  eps = —          sigma = —       (not tracked)
Node  49 (attacker)  eps = —          sigma = —       (not tracked)
Node  50 (attacker)  eps = —          sigma = —       (not tracked)
Node  51 (attacker)  eps = —          sigma = —       (not tracked)
Node  52 (attacker)  eps = —          sigma = —       (not tracked)
Node  53 (attacker)  eps = —          sigma = —       (not tracked)
Node  54 (attacker)  eps = —          sigma = —       (not tracked)
Node  55 (attacker)  eps = —          sigma = —       (not tracked)
Node  56 (attacker)  eps = —          sigma = —       (not tracked)
Node  57 (attacker)  eps = —          sigma = —       (not tracked)
Node  58 (attacker)  eps = —          sigma = —       (not tracked)
Node  59 (attacker)  eps = —          sigma = —       (not tracked)
Node  60 (honest  )  eps =  71.2463  sigma =  0.000  frozen = False
Node  61 (honest  )  eps =  73.7342  sigma =  0.000  frozen = False
Node  62 (honest  )  eps =  81.9403  sigma =  0.000  frozen = False
Node  63 (honest  )  eps =  68.4769  sigma =  0.000  frozen = False
Node  64 (honest  )  eps =  63.4508  sigma =  0.000  frozen = False
Node  65 (honest  )  eps =  66.3033  sigma =  0.000  frozen = False
Node  66 (honest  )  eps =  69.6611  sigma =  0.000  frozen = False
Node  67 (honest  )  eps =  73.6233  sigma =  0.000  frozen = False
Node  68 (honest  )  eps =  79.7648  sigma =  0.000  frozen = False
Node  69 (honest  )  eps =  73.2449  sigma =  0.000  frozen = False
Node  70 (honest  )  eps =  66.5395  sigma =  0.000  frozen = False
Node  71 (honest  )  eps =  77.4863  sigma =  0.000  frozen = False
Node  72 (honest  )  eps =  63.5769  sigma =  0.000  frozen = False
Node  73 (honest  )  eps =  53.7402  sigma =  0.000  frozen = False
Node  74 (honest  )  eps =  68.6466  sigma =  0.000  frozen = False
Node  75 (honest  )  eps =  69.8692  sigma =  0.000  frozen = False
Node  76 (honest  )  eps =  65.6770  sigma =  0.000  frozen = False
Node  77 (honest  )  eps =  83.0512  sigma =  0.000  frozen = False
Node  78 (honest  )  eps =  82.7233  sigma =  0.000  frozen = False
Node  79 (honest  )  eps =  68.6320  sigma =  0.000  frozen = False
Node  80 (honest  )  eps =  59.2570  sigma =  0.000  frozen = False
Node  81 (honest  )  eps =  83.4885  sigma =  0.000  frozen = False
Node  82 (honest  )  eps =  58.0308  sigma =  0.000  frozen = False
Node  83 (honest  )  eps =  69.7788  sigma =  0.000  frozen = False
Node  84 (honest  )  eps =  63.9114  sigma =  0.000  frozen = False
Node  85 (honest  )  eps =  74.8428  sigma =  0.000  frozen = False
Node  86 (honest  )  eps =  66.0311  sigma =  0.000  frozen = False
Node  87 (honest  )  eps =  78.5596  sigma =  0.000  frozen = False
Node  88 (honest  )  eps =  83.6334  sigma =  0.000  frozen = False
Node  89 (honest  )  eps =  87.8353  sigma =  0.000  frozen = False
Node  90 (honest  )  eps =  65.3025  sigma =  0.000  frozen = False
Node  91 (honest  )  eps =  72.5603  sigma =  0.000  frozen = False
Node  92 (honest  )  eps =  62.6439  sigma =  0.000  frozen = False
Node  93 (honest  )  eps =  67.1309  sigma =  0.000  frozen = False
Node  94 (honest  )  eps =  63.9978  sigma =  0.000  frozen = False
Node  95 (honest  )  eps =  86.6084  sigma =  0.000  frozen = False
Node  96 (honest  )  eps =  77.1387  sigma =  0.000  frozen = False
Node  97 (honest  )  eps =  65.8111  sigma =  0.000  frozen = False
Node  98 (honest  )  eps =  84.0236  sigma =  0.000  frozen = False
Node  99 (honest  )  eps =  85.1366  sigma =  0.000  frozen = False
Node 100 (honest  )  eps =  64.0045  sigma =  0.000  frozen = False
Node 101 (honest  )  eps =  69.7893  sigma =  0.000  frozen = False
Node 102 (honest  )  eps =  93.8048  sigma =  0.000  frozen = False
Node 103 (honest  )  eps =  77.8897  sigma =  0.000  frozen = False
Node 104 (honest  )  eps =  72.9862  sigma =  0.000  frozen = False
Node 105 (honest  )  eps =  75.9050  sigma =  0.000  frozen = False
Node 106 (honest  )  eps =  62.4196  sigma =  0.000  frozen = False
Node 107 (honest  )  eps =  75.1326  sigma =  0.000  frozen = False
Node 108 (honest  )  eps =  76.1151  sigma =  0.000  frozen = False
Node 109 (honest  )  eps =  63.2225  sigma =  0.000  frozen = False
Node 110 (honest  )  eps =  66.8283  sigma =  0.000  frozen = False
Node 111 (honest  )  eps =  67.5423  sigma =  0.000  frozen = False
Node 112 (honest  )  eps =  63.4952  sigma =  0.000  frozen = False
Node 113 (honest  )  eps =  65.7323  sigma =  0.000  frozen = False
Node 114 (honest  )  eps =  88.6347  sigma =  0.000  frozen = False
Node 115 (honest  )  eps =  65.8516  sigma =  0.000  frozen = False
Node 116 (honest  )  eps =  63.1076  sigma =  0.000  frozen = False
Node 117 (honest  )  eps =  82.6232  sigma =  0.000  frozen = False
Node 118 (honest  )  eps =  66.8932  sigma =  0.000  frozen = False
Node 119 (honest  )  eps =  81.0941  sigma =  0.000  frozen = False
Node 120 (honest  )  eps =  64.4124  sigma =  0.000  frozen = False
Node 121 (honest  )  eps =  73.2803  sigma =  0.000  frozen = False
Node 122 (honest  )  eps =  69.3190  sigma =  0.000  frozen = False
Node 123 (honest  )  eps =  66.0676  sigma =  0.000  frozen = False
Node 124 (honest  )  eps =  71.2545  sigma =  0.000  frozen = False
Node 125 (honest  )  eps =  61.3509  sigma =  0.000  frozen = False
Node 126 (honest  )  eps =  51.7644  sigma =  0.000  frozen = False
Node 127 (honest  )  eps =  69.7335  sigma =  0.000  frozen = False
Node 128 (honest  )  eps =  72.7938  sigma =  0.000  frozen = False
Node 129 (honest  )  eps =  72.5842  sigma =  0.000  frozen = False
Node 130 (honest  )  eps =  75.0817  sigma =  0.000  frozen = False
Node 131 (honest  )  eps =  73.9555  sigma =  0.000  frozen = False
Node 132 (honest  )  eps =  86.3648  sigma =  0.000  frozen = False
Node 133 (honest  )  eps =  64.4451  sigma =  0.000  frozen = False
Node 134 (honest  )  eps =  63.6201  sigma =  0.000  frozen = False
Node 135 (honest  )  eps =  88.2296  sigma =  0.000  frozen = False
Node 136 (honest  )  eps =  70.3813  sigma =  0.000  frozen = False
Node 137 (honest  )  eps =  78.0782  sigma =  0.000  frozen = False
Node 138 (honest  )  eps =  81.5224  sigma =  0.000  frozen = False
Node 139 (honest  )  eps = 103.9690  sigma =  0.000  frozen = False
Node 140 (honest  )  eps =  65.7672  sigma =  0.000  frozen = False
Node 141 (honest  )  eps =  97.1350  sigma =  0.000  frozen = False
Node 142 (honest  )  eps =  91.4059  sigma =  0.000  frozen = False
Node 143 (honest  )  eps =  74.5504  sigma =  0.000  frozen = False
Node 144 (honest  )  eps =  72.1958  sigma =  0.000  frozen = False
Node 145 (honest  )  eps =  67.3088  sigma =  0.000  frozen = False
Node 146 (honest  )  eps =  82.4539  sigma =  0.000  frozen = False
Node 147 (honest  )  eps =  98.6876  sigma =  0.000  frozen = False
Node 148 (honest  )  eps =  80.6702  sigma =  0.000  frozen = False
Node 149 (honest  )  eps =  50.0375  sigma =  0.000  frozen = False
Node 150 (honest  )  eps =  86.2126  sigma =  0.000  frozen = False
Node 151 (honest  )  eps =  95.8403  sigma =  0.000  frozen = False
Node 152 (honest  )  eps =  58.3547  sigma =  0.000  frozen = False
Node 153 (honest  )  eps =  78.1498  sigma =  0.000  frozen = False
Node 154 (honest  )  eps =  62.5133  sigma =  0.000  frozen = False
Node 155 (honest  )  eps =  93.9776  sigma =  0.000  frozen = False
Node 156 (honest  )  eps =  69.5534  sigma =  0.000  frozen = False
Node 157 (honest  )  eps =  67.4290  sigma =  0.000  frozen = False
Node 158 (honest  )  eps =  95.2684  sigma =  0.000  frozen = False
Node 159 (honest  )  eps =  64.9131  sigma =  0.000  frozen = False
Node 160 (honest  )  eps =  62.8097  sigma =  0.000  frozen = False
Node 161 (honest  )  eps =  62.6182  sigma =  0.000  frozen = False
Node 162 (honest  )  eps =  70.4710  sigma =  0.000  frozen = False
Node 163 (honest  )  eps =  76.3937  sigma =  0.000  frozen = False
Node 164 (honest  )  eps =  62.7948  sigma =  0.000  frozen = False
Node 165 (honest  )  eps =  69.2170  sigma =  0.000  frozen = False
Node 166 (honest  )  eps =  79.6681  sigma =  0.000  frozen = False
Node 167 (honest  )  eps =  67.2418  sigma =  0.000  frozen = False
Node 168 (honest  )  eps =  95.5323  sigma =  0.000  frozen = False
Node 169 (honest  )  eps =  98.5923  sigma =  0.000  frozen = False
Node 170 (honest  )  eps =  71.3491  sigma =  0.000  frozen = False
Node 171 (honest  )  eps =  67.2533  sigma =  0.000  frozen = False
Node 172 (honest  )  eps =  82.5796  sigma =  0.000  frozen = False
Node 173 (honest  )  eps =  66.0017  sigma =  0.000  frozen = False
Node 174 (honest  )  eps =  92.5583  sigma =  0.000  frozen = False
Node 175 (honest  )  eps =  80.9383  sigma =  0.000  frozen = False
Node 176 (honest  )  eps =  68.5073  sigma =  0.000  frozen = False
Node 177 (honest  )  eps =  75.0059  sigma =  0.000  frozen = False
Node 178 (honest  )  eps =  74.0560  sigma =  0.000  frozen = False
Node 179 (honest  )  eps =  74.0758  sigma =  0.000  frozen = False
Node 180 (honest  )  eps =  79.6278  sigma =  0.000  frozen = False
Node 181 (honest  )  eps =  76.0707  sigma =  0.000  frozen = False
Node 182 (honest  )  eps =  72.1226  sigma =  0.000  frozen = False
Node 183 (honest  )  eps =  71.0820  sigma =  0.000  frozen = False
Node 184 (honest  )  eps =  86.0871  sigma =  0.000  frozen = False
Node 185 (honest  )  eps =  83.6859  sigma =  0.000  frozen = False
Node 186 (honest  )  eps = 114.0515  sigma =  0.000  frozen = False
Node 187 (honest  )  eps =  83.3912  sigma =  0.000  frozen = False
Node 188 (honest  )  eps =  73.1424  sigma =  0.000  frozen = False
Node 189 (honest  )  eps =  66.9717  sigma =  0.000  frozen = False
Node 190 (honest  )  eps =  76.1740  sigma =  0.000  frozen = False
Node 191 (honest  )  eps =  70.5739  sigma =  0.000  frozen = False
Node 192 (honest  )  eps =  65.1693  sigma =  0.000  frozen = False
Node 193 (honest  )  eps =  73.8900  sigma =  0.000  frozen = False
Node 194 (honest  )  eps =  98.9746  sigma =  0.000  frozen = False
Node 195 (honest  )  eps = 102.4305  sigma =  0.000  frozen = False
Node 196 (honest  )  eps =  72.1106  sigma =  0.000  frozen = False
Node 197 (honest  )  eps =  89.8673  sigma =  0.000  frozen = False
Node 198 (honest  )  eps =  79.3774  sigma =  0.000  frozen = False
Node 199 (honest  )  eps =  74.2823  sigma =  0.000  frozen = False
Node 200 (honest  )  eps =  63.7237  sigma =  0.000  frozen = False
Node 201 (honest  )  eps =  65.3835  sigma =  0.000  frozen = False
Node 202 (honest  )  eps =  75.6320  sigma =  0.000  frozen = False
Node 203 (honest  )  eps =  70.2318  sigma =  0.000  frozen = False
Node 204 (honest  )  eps =  65.8213  sigma =  0.000  frozen = False
Node 205 (honest  )  eps =  84.1478  sigma =  0.000  frozen = False
Node 206 (honest  )  eps =  87.1774  sigma =  0.000  frozen = False
Node 207 (honest  )  eps =  83.8691  sigma =  0.000  frozen = False
Node 208 (honest  )  eps =  95.4116  sigma =  0.000  frozen = False
Node 209 (honest  )  eps =  69.3954  sigma =  0.000  frozen = False
Node 210 (honest  )  eps =  62.8991  sigma =  0.000  frozen = False
Node 211 (honest  )  eps =  90.9272  sigma =  0.000  frozen = False
Node 212 (honest  )  eps =  69.1640  sigma =  0.000  frozen = False
Node 213 (honest  )  eps =  56.6404  sigma =  0.000  frozen = False
Node 214 (honest  )  eps =  82.9992  sigma =  0.000  frozen = False
Node 215 (honest  )  eps =  60.8703  sigma =  0.000  frozen = False
Node 216 (honest  )  eps =  65.0418  sigma =  0.000  frozen = False
Node 217 (honest  )  eps =  72.7485  sigma =  0.000  frozen = False
Node 218 (honest  )  eps =  47.5783  sigma =  0.000  frozen = False
Node 219 (honest  )  eps =  69.1733  sigma =  0.000  frozen = False
Node 220 (honest  )  eps =  78.4279  sigma =  0.000  frozen = False
Node 221 (honest  )  eps =  67.2286  sigma =  0.000  frozen = False
Node 222 (honest  )  eps =  93.4318  sigma =  0.000  frozen = False
Node 223 (honest  )  eps =  78.0373  sigma =  0.000  frozen = False
Node 224 (honest  )  eps =  62.5120  sigma =  0.000  frozen = False
Node 225 (honest  )  eps =  78.5228  sigma =  0.000  frozen = False
Node 226 (honest  )  eps =  69.2406  sigma =  0.000  frozen = False
Node 227 (honest  )  eps =  82.4706  sigma =  0.000  frozen = False
Node 228 (honest  )  eps =  96.1373  sigma =  0.000  frozen = False
Node 229 (honest  )  eps =  55.3381  sigma =  0.000  frozen = False
Node 230 (honest  )  eps =  72.6081  sigma =  0.000  frozen = False
Node 231 (honest  )  eps =  75.8992  sigma =  0.000  frozen = False
Node 232 (honest  )  eps =  75.4713  sigma =  0.000  frozen = False
Node 233 (honest  )  eps =  82.4937  sigma =  0.000  frozen = False
Node 234 (honest  )  eps =  65.6160  sigma =  0.000  frozen = False
Node 235 (honest  )  eps =  59.8747  sigma =  0.000  frozen = False
Node 236 (honest  )  eps =  66.0879  sigma =  0.000  frozen = False
Node 237 (honest  )  eps =  73.1672  sigma =  0.000  frozen = False
Node 238 (honest  )  eps =  76.4912  sigma =  0.000  frozen = False
Node 239 (honest  )  eps =  79.7475  sigma =  0.000  frozen = False
Node 240 (honest  )  eps =  65.3912  sigma =  0.000  frozen = False
Node 241 (honest  )  eps =  62.8476  sigma =  0.000  frozen = False
Node 242 (honest  )  eps =  71.8568  sigma =  0.000  frozen = False
Node 243 (honest  )  eps =  67.1581  sigma =  0.000  frozen = False
Node 244 (honest  )  eps =  62.7653  sigma =  0.000  frozen = False
Node 245 (honest  )  eps =  86.8510  sigma =  0.000  frozen = False
Node 246 (honest  )  eps =  62.9585  sigma =  0.000  frozen = False
Node 247 (honest  )  eps =  61.1493  sigma =  0.000  frozen = False
Node 248 (honest  )  eps =  71.7778  sigma =  0.000  frozen = False
Node 249 (honest  )  eps =  69.3399  sigma =  0.000  frozen = False
Node 250 (honest  )  eps =  69.4753  sigma =  0.000  frozen = False
Node 251 (honest  )  eps =  69.9669  sigma =  0.000  frozen = False
Node 252 (honest  )  eps =  68.8826  sigma =  0.000  frozen = False
Node 253 (honest  )  eps =  67.4066  sigma =  0.000  frozen = False
Node 254 (honest  )  eps =  73.0404  sigma =  0.000  frozen = False
Node 255 (honest  )  eps =  65.3440  sigma =  0.000  frozen = False
Node 256 (honest  )  eps =  66.2682  sigma =  0.000  frozen = False
Node 257 (honest  )  eps =  62.1717  sigma =  0.000  frozen = False
Node 258 (honest  )  eps =  74.9021  sigma =  0.000  frozen = False
Node 259 (honest  )  eps =  73.3014  sigma =  0.000  frozen = False
Node 260 (honest  )  eps =  57.5010  sigma =  0.000  frozen = False
Node 261 (honest  )  eps =  64.3650  sigma =  0.000  frozen = False
Node 262 (honest  )  eps =  48.5270  sigma =  0.000  frozen = False
Node 263 (honest  )  eps =  95.5646  sigma =  0.000  frozen = False
Node 264 (honest  )  eps =  72.4999  sigma =  0.000  frozen = False
Node 265 (honest  )  eps =  75.8972  sigma =  0.000  frozen = False
Node 266 (honest  )  eps =  61.5681  sigma =  0.000  frozen = False
Node 267 (honest  )  eps =  79.4604  sigma =  0.000  frozen = False
Node 268 (honest  )  eps =  72.5755  sigma =  0.000  frozen = False
Node 269 (honest  )  eps =  65.9873  sigma =  0.000  frozen = False
Node 270 (honest  )  eps =  84.3832  sigma =  0.000  frozen = False
Node 271 (honest  )  eps =  74.7516  sigma =  0.000  frozen = False
Node 272 (honest  )  eps =  72.0666  sigma =  0.000  frozen = False
Node 273 (honest  )  eps =  75.7161  sigma =  0.000  frozen = False
Node 274 (honest  )  eps =  75.3935  sigma =  0.000  frozen = False
Node 275 (honest  )  eps =  72.4129  sigma =  0.000  frozen = False
Node 276 (honest  )  eps =  73.0449  sigma =  0.000  frozen = False
Node 277 (honest  )  eps =  61.7218  sigma =  0.000  frozen = False
Node 278 (honest  )  eps =  51.6625  sigma =  0.000  frozen = False
Node 279 (honest  )  eps =  65.3453  sigma =  0.000  frozen = False
Node 280 (honest  )  eps =  76.9126  sigma =  0.000  frozen = False
Node 281 (honest  )  eps =  75.6374  sigma =  0.000  frozen = False
Node 282 (honest  )  eps =  94.1522  sigma =  0.000  frozen = False
Node 283 (honest  )  eps =  70.8698  sigma =  0.000  frozen = False
Node 284 (honest  )  eps =  40.1169  sigma =  0.000  frozen = False
Node 285 (honest  )  eps =  61.0187  sigma =  0.000  frozen = False
Node 286 (honest  )  eps =  77.7184  sigma =  0.000  frozen = False
Node 287 (honest  )  eps =  92.5655  sigma =  0.000  frozen = False
Node 288 (honest  )  eps =  78.4911  sigma =  0.000  frozen = False
Node 289 (honest  )  eps =  76.7814  sigma =  0.000  frozen = False
Node 290 (honest  )  eps =  78.3088  sigma =  0.000  frozen = False
Node 291 (honest  )  eps =  78.3994  sigma =  0.000  frozen = False
Node 292 (honest  )  eps =  69.4490  sigma =  0.000  frozen = False
Node 293 (honest  )  eps =  71.6435  sigma =  0.000  frozen = False
Node 294 (honest  )  eps =  71.4393  sigma =  0.000  frozen = False
Node 295 (honest  )  eps =  69.2805  sigma =  0.000  frozen = False
Node 296 (honest  )  eps =  79.0053  sigma =  0.000  frozen = False
Node 297 (honest  )  eps =  61.2089  sigma =  0.000  frozen = False
Node 298 (honest  )  eps =  73.2960  sigma =  0.000  frozen = False
Node 299 (honest  )  eps =  81.2906  sigma =  0.000  frozen = False
------------------------------------------------------------
eps_system (max honest): 114.0515
eps_avg (honest):        73.4004
eps_std (honest):        10.8988
n_frozen:                0/240
============================================================
