2026-05-01 15:23:17 | INFO    | dpfl | Experiment start: algorithm=trust_d2b, dataset=mnist, model=mlp, device=cuda
2026-05-01 15:23:17 | INFO    | dpfl | Config: nodes=50, attackers=10, rounds=50, noise_mode=none, attack=scale
2026-05-01 15:23:17 | INFO    | dpfl.data.mnist_dataset | Loading MNIST dataset...
2026-05-01 15:23:17 | INFO    | dpfl.data.mnist_dataset | MNIST loaded: 60000 train, 10000 test samples
2026-05-01 15:23:59 | INFO    | dpfl.core.base_simulator | Vectorized state ready: param_spec.D=79510, X_test=(10000, 1, 28, 28), train clients N=50, max_n_samples=1200
2026-05-01 15:23:59 | INFO    | dpfl.core.base_simulator | Setup complete: 50 nodes (10 attackers), param_dim=79510, split=iid
2026-05-01 15:23:59 | DEBUG   | dpfl.core.base_simulator | Attacker IDs: {0, 1, 2, 3, 4, 5, 6, 7, 8, 9}
2026-05-01 15:23:59 | INFO    | dpfl.algorithms.trust_aware.simulator | Trust-Aware D2B-DP: rounds=50, n_workers=5, layers=4, ρ∈[0.500,10.000]
2026-05-01 15:24:00 | DEBUG   | dpfl.algorithms.trust_aware.simulator | Round 0 Phase 1+2: 0.27s
2026-05-01 15:24:00 | INFO    | dpfl.core.base_simulator | Round   1/50 | Acc: 0.1755 | Loss: 2.2721 | eps_max: 4.75 eps_avg: 4.75 | P: 1.00 R: 0.00 F1: 0.00
2026-05-01 15:24:00 | DEBUG   | dpfl.core.base_simulator | Update norms — honest: ['0.11', '0.11', '0.11', '0.11', '0.11'], attacker: ['0.11', '0.11', '0.11', '0.11', '0.11']
2026-05-01 15:24:00 | DEBUG   | dpfl.algorithms.trust_aware.simulator | Round 1 Phase 1+2: 0.05s
2026-05-01 15:24:00 | INFO    | dpfl.core.base_simulator | Round   2/50 | Acc: 0.2199 | Loss: 2.2490 | eps_max: 8.09 eps_avg: 8.09 | P: 1.00 R: 0.00 F1: 0.00
2026-05-01 15:24:00 | DEBUG   | dpfl.core.base_simulator | Update norms — honest: ['0.11', '0.11', '0.11', '0.11', '0.11'], attacker: ['0.11', '0.11', '0.11', '0.11', '0.11']
2026-05-01 15:24:00 | WARNING | dpfl.algorithms.trust_aware.simulator | Round   2/50 | Budget exceeded (eps_max=8.09 > 5.00)
2026-05-01 15:24:01 | INFO    | dpfl | Experiment complete in 43.4s
============================================================
REPORT: DP-SGD Decentralized Federated Learning
============================================================
Timestamp:                  20260501_152317
Rounds completed:           2
Attack-active rounds:       0  (from round 99)
Final accuracy:             0.2199
Final test loss:            2.2490
Final epsilon (max honest): 8.09
Final epsilon (avg honest): 8.09
Best alpha:                 1000.0
Avg precision:              0.0000
Avg recall:                 0.0000
Avg F1 score:               0.0000
Avg update norm (honest):   0.1122
Avg update norm (attacker): 0.1119

=== PER-NODE PRIVACY COST (final round) ===
Node   0 (attacker)  eps = —          sigma = —       (not tracked)
Node   1 (attacker)  eps = —          sigma = —       (not tracked)
Node   2 (attacker)  eps = —          sigma = —       (not tracked)
Node   3 (attacker)  eps = —          sigma = —       (not tracked)
Node   4 (attacker)  eps = —          sigma = —       (not tracked)
Node   5 (attacker)  eps = —          sigma = —       (not tracked)
Node   6 (attacker)  eps = —          sigma = —       (not tracked)
Node   7 (attacker)  eps = —          sigma = —       (not tracked)
Node   8 (attacker)  eps = —          sigma = —       (not tracked)
Node   9 (attacker)  eps = —          sigma = —       (not tracked)
Node  10 (honest  )  eps =   8.0879  sigma =  0.000  frozen = False
Node  11 (honest  )  eps =   8.0879  sigma =  0.000  frozen = False
Node  12 (honest  )  eps =   8.0879  sigma =  0.000  frozen = False
Node  13 (honest  )  eps =   8.0879  sigma =  0.000  frozen = False
Node  14 (honest  )  eps =   8.0879  sigma =  0.000  frozen = False
Node  15 (honest  )  eps =   8.0879  sigma =  0.000  frozen = False
Node  16 (honest  )  eps =   8.0879  sigma =  0.000  frozen = False
Node  17 (honest  )  eps =   8.0879  sigma =  0.000  frozen = False
Node  18 (honest  )  eps =   8.0879  sigma =  0.000  frozen = False
Node  19 (honest  )  eps =   8.0879  sigma =  0.000  frozen = False
Node  20 (honest  )  eps =   8.0879  sigma =  0.000  frozen = False
Node  21 (honest  )  eps =   8.0879  sigma =  0.000  frozen = False
Node  22 (honest  )  eps =   8.0879  sigma =  0.000  frozen = False
Node  23 (honest  )  eps =   8.0879  sigma =  0.000  frozen = False
Node  24 (honest  )  eps =   8.0879  sigma =  0.000  frozen = False
Node  25 (honest  )  eps =   8.0879  sigma =  0.000  frozen = False
Node  26 (honest  )  eps =   8.0879  sigma =  0.000  frozen = False
Node  27 (honest  )  eps =   8.0879  sigma =  0.000  frozen = False
Node  28 (honest  )  eps =   8.0879  sigma =  0.000  frozen = False
Node  29 (honest  )  eps =   8.0879  sigma =  0.000  frozen = False
Node  30 (honest  )  eps =   8.0879  sigma =  0.000  frozen = False
Node  31 (honest  )  eps =   8.0879  sigma =  0.000  frozen = False
Node  32 (honest  )  eps =   8.0879  sigma =  0.000  frozen = False
Node  33 (honest  )  eps =   8.0879  sigma =  0.000  frozen = False
Node  34 (honest  )  eps =   8.0879  sigma =  0.000  frozen = False
Node  35 (honest  )  eps =   8.0879  sigma =  0.000  frozen = False
Node  36 (honest  )  eps =   8.0879  sigma =  0.000  frozen = False
Node  37 (honest  )  eps =   8.0879  sigma =  0.000  frozen = False
Node  38 (honest  )  eps =   8.0879  sigma =  0.000  frozen = False
Node  39 (honest  )  eps =   8.0879  sigma =  0.000  frozen = False
Node  40 (honest  )  eps =   8.0879  sigma =  0.000  frozen = False
Node  41 (honest  )  eps =   8.0879  sigma =  0.000  frozen = False
Node  42 (honest  )  eps =   8.0879  sigma =  0.000  frozen = False
Node  43 (honest  )  eps =   8.0879  sigma =  0.000  frozen = False
Node  44 (honest  )  eps =   8.0879  sigma =  0.000  frozen = False
Node  45 (honest  )  eps =   8.0879  sigma =  0.000  frozen = False
Node  46 (honest  )  eps =   8.0879  sigma =  0.000  frozen = False
Node  47 (honest  )  eps =   8.0879  sigma =  0.000  frozen = False
Node  48 (honest  )  eps =   8.0879  sigma =  0.000  frozen = False
Node  49 (honest  )  eps =   8.0879  sigma =  0.000  frozen = False
------------------------------------------------------------
eps_system (max honest): 8.0879
eps_avg (honest):        8.0879
eps_std (honest):        0.0000
n_frozen:                0/40
============================================================
