2026-05-02 14:46:39 | INFO    | dpfl | Experiment start: algorithm=dp_fedavg, dataset=fashion_mnist, model=mlp, device=cuda
2026-05-02 14:46:39 | INFO    | dpfl | Config: nodes=500, attackers=150, rounds=300, noise_mode=post_training, attack=label_flip
2026-05-02 14:46:39 | INFO    | dpfl.data.fashion_mnist_dataset | Loading Fashion-MNIST dataset...
2026-05-02 14:46:39 | INFO    | dpfl.data.fashion_mnist_dataset | Fashion-MNIST loaded: 60000 train, 10000 test samples
2026-05-02 14:49:43 | INFO    | dpfl.core.base_simulator | Vectorized state ready: param_spec.D=50890, X_test=(10000, 1, 28, 28), train clients N=500, max_n_samples=7000
2026-05-02 14:49:43 | INFO    | dpfl.core.base_simulator | Setup complete: 500 nodes (150 attackers), param_dim=50890, split=iid
2026-05-02 14:49:43 | DEBUG   | dpfl.core.base_simulator | Attacker IDs: {0, 1, 2, 3, 4, 5, 6, 7, 8, 9, 10, 11, 12, 13, 14, 15, 16, 17, 18, 19, 20, 21, 22, 23, 24, 25, 26, 27, 28, 29, 30, 31, 32, 33, 34, 35, 36, 37, 38, 39, 40, 41, 42, 43, 44, 45, 46, 47, 48, 49, 50, 51, 52, 53, 54, 55, 56, 57, 58, 59, 60, 61, 62, 63, 64, 65, 66, 67, 68, 69, 70, 71, 72, 73, 74, 75, 76, 77, 78, 79, 80, 81, 82, 83, 84, 85, 86, 87, 88, 89, 90, 91, 92, 93, 94, 95, 96, 97, 98, 99, 100, 101, 102, 103, 104, 105, 106, 107, 108, 109, 110, 111, 112, 113, 114, 115, 116, 117, 118, 119, 120, 121, 122, 123, 124, 125, 126, 127, 128, 129, 130, 131, 132, 133, 134, 135, 136, 137, 138, 139, 140, 141, 142, 143, 144, 145, 146, 147, 148, 149}
2026-05-02 14:49:43 | INFO    | dpfl.core.base_simulator | Data poisoning active: LabelFlipAttack
2026-05-02 14:49:43 | INFO    | dpfl.algorithms.fedavg.simulator | FedAvg data_sizes set: min=7000, max=7000, total=3500000
2026-05-02 14:49:44 | INFO    | dpfl.core.base_simulator | Round   1/300 | Acc: 0.1081 | Loss: 2.3181 | eps: 6.34 | P: 1.00 R: 0.00 F1: 0.00
2026-05-02 14:49:44 | DEBUG   | dpfl.core.base_simulator | Update norms — honest: ['2.63', '2.65', '2.65', '2.63', '2.65'], attacker: ['2.63', '2.65', '2.64', '2.65', '2.64']
2026-05-02 14:49:45 | INFO    | dpfl.core.base_simulator | Round   2/300 | Acc: 0.1295 | Loss: 2.2988 | eps: 7.53 | P: 1.00 R: 0.00 F1: 0.00
2026-05-02 14:49:45 | DEBUG   | dpfl.core.base_simulator | Update norms — honest: ['2.65', '2.63', '2.64', '2.63', '2.64'], attacker: ['2.64', '2.64', '2.64', '2.63', '2.65']
2026-05-02 14:49:46 | INFO    | dpfl.core.base_simulator | Round   3/300 | Acc: 0.1493 | Loss: 2.2776 | eps: 8.01 | P: 1.00 R: 0.00 F1: 0.00
2026-05-02 14:49:46 | DEBUG   | dpfl.core.base_simulator | Update norms — honest: ['2.65', '2.63', '2.64', '2.63', '2.64'], attacker: ['2.64', '2.64', '2.64', '2.66', '2.65']
2026-05-02 14:49:47 | INFO    | dpfl.core.base_simulator | Round   4/300 | Acc: 0.1674 | Loss: 2.2550 | eps: 8.50 | P: 1.00 R: 0.00 F1: 0.00
2026-05-02 14:49:47 | DEBUG   | dpfl.core.base_simulator | Update norms — honest: ['2.64', '2.65', '2.64', '2.64', '2.65'], attacker: ['2.64', '2.64', '2.64', '2.66', '2.64']
2026-05-02 14:49:47 | INFO    | dpfl.core.base_simulator | Round   5/300 | Acc: 0.1814 | Loss: 2.2337 | eps: 8.99 | P: 1.00 R: 0.00 F1: 0.00
2026-05-02 14:49:47 | DEBUG   | dpfl.core.base_simulator | Update norms — honest: ['2.62', '2.64', '2.63', '2.63', '2.64'], attacker: ['2.64', '2.63', '2.64', '2.64', '2.64']
2026-05-02 14:49:48 | INFO    | dpfl.core.base_simulator | Round   6/300 | Acc: 0.1952 | Loss: 2.2133 | eps: 9.47 | P: 1.00 R: 0.00 F1: 0.00
2026-05-02 14:49:48 | DEBUG   | dpfl.core.base_simulator | Update norms — honest: ['2.63', '2.62', '2.63', '2.64', '2.65'], attacker: ['2.63', '2.64', '2.63', '2.64', '2.64']
2026-05-02 14:49:49 | INFO    | dpfl.core.base_simulator | Round   7/300 | Acc: 0.2061 | Loss: 2.1902 | eps: 9.96 | P: 1.00 R: 0.00 F1: 0.00
2026-05-02 14:49:49 | DEBUG   | dpfl.core.base_simulator | Update norms — honest: ['2.64', '2.63', '2.63', '2.64', '2.64'], attacker: ['2.64', '2.64', '2.65', '2.64', '2.63']
2026-05-02 14:49:50 | INFO    | dpfl.core.base_simulator | Round   8/300 | Acc: 0.2203 | Loss: 2.1663 | eps: 10.45 | P: 1.00 R: 0.00 F1: 0.00
2026-05-02 14:49:50 | DEBUG   | dpfl.core.base_simulator | Update norms — honest: ['2.64', '2.63', '2.65', '2.64', '2.64'], attacker: ['2.63', '2.63', '2.65', '2.63', '2.65']
2026-05-02 14:49:51 | INFO    | dpfl.core.base_simulator | Round   9/300 | Acc: 0.2308 | Loss: 2.1446 | eps: 10.93 | P: 1.00 R: 0.00 F1: 0.00
2026-05-02 14:49:51 | DEBUG   | dpfl.core.base_simulator | Update norms — honest: ['2.64', '2.64', '2.63', '2.64', '2.64'], attacker: ['2.62', '2.64', '2.65', '2.63', '2.64']
2026-05-02 14:49:51 | INFO    | dpfl.core.base_simulator | Round  10/300 | Acc: 0.2428 | Loss: 2.1221 | eps: 11.38 | P: 1.00 R: 0.00 F1: 0.00
2026-05-02 14:49:51 | DEBUG   | dpfl.core.base_simulator | Update norms — honest: ['2.64', '2.63', '2.64', '2.64', '2.64'], attacker: ['2.64', '2.65', '2.64', '2.63', '2.64']
2026-05-02 14:49:52 | INFO    | dpfl.core.base_simulator | Round  11/300 | Acc: 0.2547 | Loss: 2.0990 | eps: 11.51 | P: 1.00 R: 0.00 F1: 0.00
2026-05-02 14:49:52 | DEBUG   | dpfl.core.base_simulator | Update norms — honest: ['2.64', '2.63', '2.62', '2.64', '2.63'], attacker: ['2.62', '2.65', '2.63', '2.63', '2.64']
2026-05-02 14:49:53 | INFO    | dpfl.core.base_simulator | Round  12/300 | Acc: 0.2663 | Loss: 2.0743 | eps: 11.64 | P: 1.00 R: 0.00 F1: 0.00
2026-05-02 14:49:53 | DEBUG   | dpfl.core.base_simulator | Update norms — honest: ['2.65', '2.64', '2.63', '2.63', '2.66'], attacker: ['2.65', '2.64', '2.65', '2.64', '2.64']
2026-05-02 14:49:54 | INFO    | dpfl.core.base_simulator | Round  13/300 | Acc: 0.2770 | Loss: 2.0517 | eps: 11.76 | P: 1.00 R: 0.00 F1: 0.00
2026-05-02 14:49:54 | DEBUG   | dpfl.core.base_simulator | Update norms — honest: ['2.64', '2.66', '2.63', '2.62', '2.64'], attacker: ['2.65', '2.64', '2.64', '2.63', '2.64']
2026-05-02 14:49:55 | INFO    | dpfl.core.base_simulator | Round  14/300 | Acc: 0.2871 | Loss: 2.0265 | eps: 11.89 | P: 1.00 R: 0.00 F1: 0.00
2026-05-02 14:49:55 | DEBUG   | dpfl.core.base_simulator | Update norms — honest: ['2.65', '2.66', '2.64', '2.65', '2.65'], attacker: ['2.64', '2.65', '2.64', '2.64', '2.63']
2026-05-02 14:49:55 | INFO    | dpfl.core.base_simulator | Round  15/300 | Acc: 0.2965 | Loss: 2.0044 | eps: 12.01 | P: 1.00 R: 0.00 F1: 0.00
2026-05-02 14:49:55 | DEBUG   | dpfl.core.base_simulator | Update norms — honest: ['2.64', '2.63', '2.64', '2.64', '2.63'], attacker: ['2.64', '2.63', '2.63', '2.63', '2.63']
2026-05-02 14:49:56 | INFO    | dpfl.core.base_simulator | Round  16/300 | Acc: 0.3067 | Loss: 1.9825 | eps: 12.14 | P: 1.00 R: 0.00 F1: 0.00
2026-05-02 14:49:56 | DEBUG   | dpfl.core.base_simulator | Update norms — honest: ['2.65', '2.64', '2.65', '2.64', '2.65'], attacker: ['2.65', '2.62', '2.64', '2.65', '2.66']
2026-05-02 14:49:57 | INFO    | dpfl.core.base_simulator | Round  17/300 | Acc: 0.3174 | Loss: 1.9568 | eps: 12.26 | P: 1.00 R: 0.00 F1: 0.00
2026-05-02 14:49:57 | DEBUG   | dpfl.core.base_simulator | Update norms — honest: ['2.64', '2.64', '2.64', '2.63', '2.64'], attacker: ['2.64', '2.63', '2.62', '2.64', '2.64']
2026-05-02 14:49:58 | INFO    | dpfl.core.base_simulator | Round  18/300 | Acc: 0.3257 | Loss: 1.9344 | eps: 12.39 | P: 1.00 R: 0.00 F1: 0.00
2026-05-02 14:49:58 | DEBUG   | dpfl.core.base_simulator | Update norms — honest: ['2.64', '2.63', '2.65', '2.63', '2.65'], attacker: ['2.64', '2.62', '2.63', '2.65', '2.63']
2026-05-02 14:49:59 | INFO    | dpfl.core.base_simulator | Round  19/300 | Acc: 0.3362 | Loss: 1.9119 | eps: 12.52 | P: 1.00 R: 0.00 F1: 0.00
2026-05-02 14:49:59 | DEBUG   | dpfl.core.base_simulator | Update norms — honest: ['2.63', '2.63', '2.65', '2.64', '2.66'], attacker: ['2.63', '2.63', '2.64', '2.64', '2.65']
2026-05-02 14:50:00 | INFO    | dpfl.core.base_simulator | Round  20/300 | Acc: 0.3439 | Loss: 1.8882 | eps: 12.64 | P: 1.00 R: 0.00 F1: 0.00
2026-05-02 14:50:00 | DEBUG   | dpfl.core.base_simulator | Update norms — honest: ['2.65', '2.64', '2.64', '2.64', '2.65'], attacker: ['2.64', '2.63', '2.63', '2.65', '2.64']
2026-05-02 14:50:00 | INFO    | dpfl.core.base_simulator | Round  21/300 | Acc: 0.3519 | Loss: 1.8679 | eps: 12.77 | P: 1.00 R: 0.00 F1: 0.00
2026-05-02 14:50:00 | DEBUG   | dpfl.core.base_simulator | Update norms — honest: ['2.65', '2.65', '2.62', '2.64', '2.63'], attacker: ['2.64', '2.65', '2.65', '2.64', '2.64']
2026-05-02 14:50:01 | INFO    | dpfl.core.base_simulator | Round  22/300 | Acc: 0.3617 | Loss: 1.8442 | eps: 12.89 | P: 1.00 R: 0.00 F1: 0.00
2026-05-02 14:50:01 | DEBUG   | dpfl.core.base_simulator | Update norms — honest: ['2.63', '2.63', '2.64', '2.63', '2.64'], attacker: ['2.64', '2.65', '2.63', '2.64', '2.64']
2026-05-02 14:50:02 | INFO    | dpfl.core.base_simulator | Round  23/300 | Acc: 0.3701 | Loss: 1.8201 | eps: 13.02 | P: 1.00 R: 0.00 F1: 0.00
2026-05-02 14:50:02 | DEBUG   | dpfl.core.base_simulator | Update norms — honest: ['2.62', '2.65', '2.62', '2.63', '2.64'], attacker: ['2.63', '2.65', '2.64', '2.64', '2.64']
2026-05-02 14:50:03 | INFO    | dpfl.core.base_simulator | Round  24/300 | Acc: 0.3797 | Loss: 1.7960 | eps: 13.14 | P: 1.00 R: 0.00 F1: 0.00
2026-05-02 14:50:03 | DEBUG   | dpfl.core.base_simulator | Update norms — honest: ['2.65', '2.63', '2.64', '2.64', '2.64'], attacker: ['2.63', '2.64', '2.64', '2.65', '2.64']
2026-05-02 14:50:04 | INFO    | dpfl.core.base_simulator | Round  25/300 | Acc: 0.3878 | Loss: 1.7707 | eps: 13.27 | P: 1.00 R: 0.00 F1: 0.00
2026-05-02 14:50:04 | DEBUG   | dpfl.core.base_simulator | Update norms — honest: ['2.65', '2.65', '2.63', '2.63', '2.65'], attacker: ['2.65', '2.63', '2.63', '2.64', '2.64']
2026-05-02 14:50:05 | INFO    | dpfl.core.base_simulator | Round  26/300 | Acc: 0.3953 | Loss: 1.7491 | eps: 13.40 | P: 1.00 R: 0.00 F1: 0.00
2026-05-02 14:50:05 | DEBUG   | dpfl.core.base_simulator | Update norms — honest: ['2.64', '2.64', '2.63', '2.63', '2.63'], attacker: ['2.62', '2.65', '2.64', '2.63', '2.65']
2026-05-02 14:50:05 | INFO    | dpfl.core.base_simulator | Round  27/300 | Acc: 0.4014 | Loss: 1.7277 | eps: 13.52 | P: 1.00 R: 0.00 F1: 0.00
2026-05-02 14:50:05 | DEBUG   | dpfl.core.base_simulator | Update norms — honest: ['2.65', '2.65', '2.64', '2.64', '2.64'], attacker: ['2.64', '2.65', '2.65', '2.64', '2.65']
2026-05-02 14:50:06 | INFO    | dpfl.core.base_simulator | Round  28/300 | Acc: 0.4106 | Loss: 1.7053 | eps: 13.65 | P: 1.00 R: 0.00 F1: 0.00
2026-05-02 14:50:06 | DEBUG   | dpfl.core.base_simulator | Update norms — honest: ['2.64', '2.63', '2.63', '2.63', '2.64'], attacker: ['2.65', '2.65', '2.63', '2.66', '2.63']
2026-05-02 14:50:07 | INFO    | dpfl.core.base_simulator | Round  29/300 | Acc: 0.4182 | Loss: 1.6860 | eps: 13.77 | P: 1.00 R: 0.00 F1: 0.00
2026-05-02 14:50:07 | DEBUG   | dpfl.core.base_simulator | Update norms — honest: ['2.63', '2.64', '2.64', '2.65', '2.64'], attacker: ['2.65', '2.64', '2.64', '2.64', '2.63']
2026-05-02 14:50:08 | INFO    | dpfl.core.base_simulator | Round  30/300 | Acc: 0.4256 | Loss: 1.6669 | eps: 13.90 | P: 1.00 R: 0.00 F1: 0.00
2026-05-02 14:50:08 | DEBUG   | dpfl.core.base_simulator | Update norms — honest: ['2.63', '2.65', '2.63', '2.65', '2.64'], attacker: ['2.66', '2.64', '2.64', '2.64', '2.64']
2026-05-02 14:50:09 | INFO    | dpfl.core.base_simulator | Round  31/300 | Acc: 0.4322 | Loss: 1.6475 | eps: 14.02 | P: 1.00 R: 0.00 F1: 0.00
2026-05-02 14:50:09 | DEBUG   | dpfl.core.base_simulator | Update norms — honest: ['2.64', '2.65', '2.64', '2.64', '2.65'], attacker: ['2.65', '2.65', '2.65', '2.65', '2.64']
2026-05-02 14:50:09 | INFO    | dpfl.core.base_simulator | Round  32/300 | Acc: 0.4388 | Loss: 1.6280 | eps: 14.15 | P: 1.00 R: 0.00 F1: 0.00
2026-05-02 14:50:09 | DEBUG   | dpfl.core.base_simulator | Update norms — honest: ['2.64', '2.64', '2.64', '2.63', '2.63'], attacker: ['2.65', '2.65', '2.62', '2.63', '2.63']
2026-05-02 14:50:10 | INFO    | dpfl.core.base_simulator | Round  33/300 | Acc: 0.4440 | Loss: 1.6109 | eps: 14.28 | P: 1.00 R: 0.00 F1: 0.00
2026-05-02 14:50:10 | DEBUG   | dpfl.core.base_simulator | Update norms — honest: ['2.65', '2.65', '2.65', '2.64', '2.63'], attacker: ['2.64', '2.63', '2.64', '2.64', '2.66']
2026-05-02 14:50:11 | INFO    | dpfl.core.base_simulator | Round  34/300 | Acc: 0.4504 | Loss: 1.5913 | eps: 14.40 | P: 1.00 R: 0.00 F1: 0.00
2026-05-02 14:50:11 | DEBUG   | dpfl.core.base_simulator | Update norms — honest: ['2.65', '2.63', '2.64', '2.64', '2.65'], attacker: ['2.64', '2.64', '2.64', '2.64', '2.64']
2026-05-02 14:50:12 | INFO    | dpfl.core.base_simulator | Round  35/300 | Acc: 0.4578 | Loss: 1.5717 | eps: 14.53 | P: 1.00 R: 0.00 F1: 0.00
2026-05-02 14:50:12 | DEBUG   | dpfl.core.base_simulator | Update norms — honest: ['2.63', '2.63', '2.64', '2.64', '2.63'], attacker: ['2.65', '2.64', '2.64', '2.63', '2.64']
2026-05-02 14:50:13 | INFO    | dpfl.core.base_simulator | Round  36/300 | Acc: 0.4644 | Loss: 1.5526 | eps: 14.65 | P: 1.00 R: 0.00 F1: 0.00
2026-05-02 14:50:13 | DEBUG   | dpfl.core.base_simulator | Update norms — honest: ['2.64', '2.63', '2.65', '2.63', '2.63'], attacker: ['2.63', '2.65', '2.63', '2.64', '2.62']
2026-05-02 14:50:13 | INFO    | dpfl.core.base_simulator | Round  37/300 | Acc: 0.4707 | Loss: 1.5349 | eps: 14.78 | P: 1.00 R: 0.00 F1: 0.00
2026-05-02 14:50:13 | DEBUG   | dpfl.core.base_simulator | Update norms — honest: ['2.62', '2.64', '2.64', '2.65', '2.64'], attacker: ['2.64', '2.64', '2.63', '2.63', '2.63']
2026-05-02 14:50:14 | INFO    | dpfl.core.base_simulator | Round  38/300 | Acc: 0.4750 | Loss: 1.5196 | eps: 14.91 | P: 1.00 R: 0.00 F1: 0.00
2026-05-02 14:50:14 | DEBUG   | dpfl.core.base_simulator | Update norms — honest: ['2.64', '2.65', '2.63', '2.64', '2.64'], attacker: ['2.64', '2.63', '2.63', '2.63', '2.65']
2026-05-02 14:50:15 | INFO    | dpfl.core.base_simulator | Round  39/300 | Acc: 0.4821 | Loss: 1.5004 | eps: 15.03 | P: 1.00 R: 0.00 F1: 0.00
2026-05-02 14:50:15 | DEBUG   | dpfl.core.base_simulator | Update norms — honest: ['2.64', '2.64', '2.64', '2.64', '2.64'], attacker: ['2.63', '2.62', '2.62', '2.66', '2.64']
2026-05-02 14:50:16 | INFO    | dpfl.core.base_simulator | Round  40/300 | Acc: 0.4877 | Loss: 1.4830 | eps: 15.16 | P: 1.00 R: 0.00 F1: 0.00
2026-05-02 14:50:16 | DEBUG   | dpfl.core.base_simulator | Update norms — honest: ['2.64', '2.64', '2.64', '2.63', '2.64'], attacker: ['2.64', '2.65', '2.64', '2.64', '2.64']
2026-05-02 14:50:17 | INFO    | dpfl.core.base_simulator | Round  41/300 | Acc: 0.4920 | Loss: 1.4677 | eps: 15.28 | P: 1.00 R: 0.00 F1: 0.00
2026-05-02 14:50:17 | DEBUG   | dpfl.core.base_simulator | Update norms — honest: ['2.63', '2.63', '2.65', '2.64', '2.64'], attacker: ['2.63', '2.63', '2.64', '2.64', '2.64']
2026-05-02 14:50:17 | INFO    | dpfl.core.base_simulator | Round  42/300 | Acc: 0.4957 | Loss: 1.4554 | eps: 15.41 | P: 1.00 R: 0.00 F1: 0.00
2026-05-02 14:50:17 | DEBUG   | dpfl.core.base_simulator | Update norms — honest: ['2.64', '2.64', '2.64', '2.64', '2.64'], attacker: ['2.64', '2.64', '2.63', '2.65', '2.65']
2026-05-02 14:50:18 | INFO    | dpfl.core.base_simulator | Round  43/300 | Acc: 0.5023 | Loss: 1.4372 | eps: 15.53 | P: 1.00 R: 0.00 F1: 0.00
2026-05-02 14:50:18 | DEBUG   | dpfl.core.base_simulator | Update norms — honest: ['2.63', '2.64', '2.65', '2.62', '2.64'], attacker: ['2.64', '2.64', '2.63', '2.64', '2.64']
2026-05-02 14:50:19 | INFO    | dpfl.core.base_simulator | Round  44/300 | Acc: 0.5053 | Loss: 1.4244 | eps: 15.66 | P: 1.00 R: 0.00 F1: 0.00
2026-05-02 14:50:19 | DEBUG   | dpfl.core.base_simulator | Update norms — honest: ['2.65', '2.64', '2.64', '2.62', '2.63'], attacker: ['2.66', '2.64', '2.63', '2.62', '2.63']
2026-05-02 14:50:20 | INFO    | dpfl.core.base_simulator | Round  45/300 | Acc: 0.5106 | Loss: 1.4089 | eps: 15.79 | P: 1.00 R: 0.00 F1: 0.00
2026-05-02 14:50:20 | DEBUG   | dpfl.core.base_simulator | Update norms — honest: ['2.63', '2.63', '2.66', '2.65', '2.63'], attacker: ['2.62', '2.63', '2.63', '2.64', '2.64']
2026-05-02 14:50:21 | INFO    | dpfl.core.base_simulator | Round  46/300 | Acc: 0.5149 | Loss: 1.3946 | eps: 15.91 | P: 1.00 R: 0.00 F1: 0.00
2026-05-02 14:50:21 | DEBUG   | dpfl.core.base_simulator | Update norms — honest: ['2.64', '2.64', '2.65', '2.63', '2.63'], attacker: ['2.64', '2.63', '2.64', '2.64', '2.63']
2026-05-02 14:50:21 | INFO    | dpfl.core.base_simulator | Round  47/300 | Acc: 0.5205 | Loss: 1.3796 | eps: 16.04 | P: 1.00 R: 0.00 F1: 0.00
2026-05-02 14:50:21 | DEBUG   | dpfl.core.base_simulator | Update norms — honest: ['2.63', '2.65', '2.64', '2.63', '2.63'], attacker: ['2.64', '2.64', '2.65', '2.63', '2.63']
2026-05-02 14:50:21 | WARNING | dpfl.algorithms.fedavg.simulator | Round  47/300 | Budget exceeded (eps=16.04)
2026-05-02 14:50:23 | INFO    | dpfl | Experiment complete in 222.4s
============================================================
REPORT: DP-SGD Decentralized Federated Learning
============================================================
Timestamp:                  20260502_144639
Rounds completed:           47
Attack-active rounds:       0  (from round 50)
Final accuracy:             0.5205
Final test loss:            1.3796
Final epsilon:              16.04
Best alpha:                 2.0
Avg precision:              0.0000
Avg recall:                 0.0000
Avg F1 score:               0.0000
Avg update norm (honest):   2.6393
Avg update norm (attacker): 2.6394
============================================================
