2026-05-02 14:01:01 | INFO    | dpfl | Experiment start: algorithm=dp_fedavg, dataset=mnist, model=mlp, device=cuda
2026-05-02 14:01:01 | INFO    | dpfl | Config: nodes=500, attackers=150, rounds=300, noise_mode=post_training, attack=label_flip
2026-05-02 14:01:01 | INFO    | dpfl.data.mnist_dataset | Loading MNIST dataset...
2026-05-02 14:01:01 | INFO    | dpfl.data.mnist_dataset | MNIST loaded: 60000 train, 10000 test samples
2026-05-02 14:04:06 | INFO    | dpfl.core.base_simulator | Vectorized state ready: param_spec.D=50890, X_test=(10000, 1, 28, 28), train clients N=500, max_n_samples=7000
2026-05-02 14:04:06 | INFO    | dpfl.core.base_simulator | Setup complete: 500 nodes (150 attackers), param_dim=50890, split=iid
2026-05-02 14:04:06 | DEBUG   | dpfl.core.base_simulator | Attacker IDs: {0, 1, 2, 3, 4, 5, 6, 7, 8, 9, 10, 11, 12, 13, 14, 15, 16, 17, 18, 19, 20, 21, 22, 23, 24, 25, 26, 27, 28, 29, 30, 31, 32, 33, 34, 35, 36, 37, 38, 39, 40, 41, 42, 43, 44, 45, 46, 47, 48, 49, 50, 51, 52, 53, 54, 55, 56, 57, 58, 59, 60, 61, 62, 63, 64, 65, 66, 67, 68, 69, 70, 71, 72, 73, 74, 75, 76, 77, 78, 79, 80, 81, 82, 83, 84, 85, 86, 87, 88, 89, 90, 91, 92, 93, 94, 95, 96, 97, 98, 99, 100, 101, 102, 103, 104, 105, 106, 107, 108, 109, 110, 111, 112, 113, 114, 115, 116, 117, 118, 119, 120, 121, 122, 123, 124, 125, 126, 127, 128, 129, 130, 131, 132, 133, 134, 135, 136, 137, 138, 139, 140, 141, 142, 143, 144, 145, 146, 147, 148, 149}
2026-05-02 14:04:06 | INFO    | dpfl.core.base_simulator | Data poisoning active: LabelFlipAttack
2026-05-02 14:04:06 | INFO    | dpfl.algorithms.fedavg.simulator | FedAvg data_sizes set: min=7000, max=7000, total=3500000
2026-05-02 14:04:07 | INFO    | dpfl.core.base_simulator | Round   1/300 | Acc: 0.1465 | Loss: 2.2793 | eps: 6.34 | P: 1.00 R: 0.00 F1: 0.00
2026-05-02 14:04:07 | DEBUG   | dpfl.core.base_simulator | Update norms — honest: ['2.63', '2.65', '2.65', '2.63', '2.65'], attacker: ['2.63', '2.65', '2.64', '2.65', '2.64']
2026-05-02 14:04:08 | INFO    | dpfl.core.base_simulator | Round   2/300 | Acc: 0.1572 | Loss: 2.2663 | eps: 7.53 | P: 1.00 R: 0.00 F1: 0.00
2026-05-02 14:04:08 | DEBUG   | dpfl.core.base_simulator | Update norms — honest: ['2.65', '2.63', '2.64', '2.63', '2.64'], attacker: ['2.64', '2.64', '2.64', '2.63', '2.65']
2026-05-02 14:04:08 | INFO    | dpfl.core.base_simulator | Round   3/300 | Acc: 0.1679 | Loss: 2.2522 | eps: 8.01 | P: 1.00 R: 0.00 F1: 0.00
2026-05-02 14:04:08 | DEBUG   | dpfl.core.base_simulator | Update norms — honest: ['2.65', '2.63', '2.64', '2.63', '2.64'], attacker: ['2.64', '2.65', '2.64', '2.66', '2.65']
2026-05-02 14:04:09 | INFO    | dpfl.core.base_simulator | Round   4/300 | Acc: 0.1770 | Loss: 2.2384 | eps: 8.50 | P: 1.00 R: 0.00 F1: 0.00
2026-05-02 14:04:09 | DEBUG   | dpfl.core.base_simulator | Update norms — honest: ['2.64', '2.65', '2.64', '2.64', '2.65'], attacker: ['2.64', '2.64', '2.64', '2.66', '2.64']
2026-05-02 14:04:10 | INFO    | dpfl.core.base_simulator | Round   5/300 | Acc: 0.1862 | Loss: 2.2264 | eps: 8.99 | P: 1.00 R: 0.00 F1: 0.00
2026-05-02 14:04:10 | DEBUG   | dpfl.core.base_simulator | Update norms — honest: ['2.62', '2.64', '2.63', '2.63', '2.64'], attacker: ['2.64', '2.63', '2.64', '2.64', '2.64']
2026-05-02 14:04:11 | INFO    | dpfl.core.base_simulator | Round   6/300 | Acc: 0.1962 | Loss: 2.2118 | eps: 9.47 | P: 1.00 R: 0.00 F1: 0.00
2026-05-02 14:04:11 | DEBUG   | dpfl.core.base_simulator | Update norms — honest: ['2.63', '2.62', '2.63', '2.64', '2.65'], attacker: ['2.63', '2.64', '2.63', '2.64', '2.64']
2026-05-02 14:04:12 | INFO    | dpfl.core.base_simulator | Round   7/300 | Acc: 0.2058 | Loss: 2.1970 | eps: 9.96 | P: 1.00 R: 0.00 F1: 0.00
2026-05-02 14:04:12 | DEBUG   | dpfl.core.base_simulator | Update norms — honest: ['2.64', '2.63', '2.63', '2.64', '2.64'], attacker: ['2.64', '2.64', '2.64', '2.64', '2.63']
2026-05-02 14:04:13 | INFO    | dpfl.core.base_simulator | Round   8/300 | Acc: 0.2162 | Loss: 2.1813 | eps: 10.45 | P: 1.00 R: 0.00 F1: 0.00
2026-05-02 14:04:13 | DEBUG   | dpfl.core.base_simulator | Update norms — honest: ['2.64', '2.63', '2.65', '2.64', '2.64'], attacker: ['2.63', '2.63', '2.65', '2.63', '2.64']
2026-05-02 14:04:13 | INFO    | dpfl.core.base_simulator | Round   9/300 | Acc: 0.2249 | Loss: 2.1658 | eps: 10.93 | P: 1.00 R: 0.00 F1: 0.00
2026-05-02 14:04:13 | DEBUG   | dpfl.core.base_simulator | Update norms — honest: ['2.64', '2.64', '2.63', '2.64', '2.64'], attacker: ['2.62', '2.64', '2.65', '2.63', '2.64']
2026-05-02 14:04:14 | INFO    | dpfl.core.base_simulator | Round  10/300 | Acc: 0.2314 | Loss: 2.1526 | eps: 11.38 | P: 1.00 R: 0.00 F1: 0.00
2026-05-02 14:04:14 | DEBUG   | dpfl.core.base_simulator | Update norms — honest: ['2.64', '2.63', '2.64', '2.64', '2.64'], attacker: ['2.64', '2.65', '2.64', '2.63', '2.64']
2026-05-02 14:04:15 | INFO    | dpfl.core.base_simulator | Round  11/300 | Acc: 0.2384 | Loss: 2.1389 | eps: 11.51 | P: 1.00 R: 0.00 F1: 0.00
2026-05-02 14:04:15 | DEBUG   | dpfl.core.base_simulator | Update norms — honest: ['2.64', '2.63', '2.62', '2.64', '2.63'], attacker: ['2.62', '2.65', '2.63', '2.63', '2.64']
2026-05-02 14:04:16 | INFO    | dpfl.core.base_simulator | Round  12/300 | Acc: 0.2470 | Loss: 2.1238 | eps: 11.64 | P: 1.00 R: 0.00 F1: 0.00
2026-05-02 14:04:16 | DEBUG   | dpfl.core.base_simulator | Update norms — honest: ['2.65', '2.64', '2.63', '2.63', '2.66'], attacker: ['2.65', '2.64', '2.65', '2.64', '2.64']
2026-05-02 14:04:17 | INFO    | dpfl.core.base_simulator | Round  13/300 | Acc: 0.2562 | Loss: 2.1059 | eps: 11.76 | P: 1.00 R: 0.00 F1: 0.00
2026-05-02 14:04:17 | DEBUG   | dpfl.core.base_simulator | Update norms — honest: ['2.64', '2.66', '2.63', '2.62', '2.63'], attacker: ['2.65', '2.64', '2.64', '2.63', '2.64']
2026-05-02 14:04:18 | INFO    | dpfl.core.base_simulator | Round  14/300 | Acc: 0.2646 | Loss: 2.0892 | eps: 11.89 | P: 1.00 R: 0.00 F1: 0.00
2026-05-02 14:04:18 | DEBUG   | dpfl.core.base_simulator | Update norms — honest: ['2.65', '2.66', '2.64', '2.65', '2.65'], attacker: ['2.64', '2.65', '2.64', '2.64', '2.63']
2026-05-02 14:04:18 | INFO    | dpfl.core.base_simulator | Round  15/300 | Acc: 0.2722 | Loss: 2.0725 | eps: 12.01 | P: 1.00 R: 0.00 F1: 0.00
2026-05-02 14:04:18 | DEBUG   | dpfl.core.base_simulator | Update norms — honest: ['2.64', '2.63', '2.64', '2.64', '2.63'], attacker: ['2.64', '2.63', '2.63', '2.63', '2.63']
2026-05-02 14:04:19 | INFO    | dpfl.core.base_simulator | Round  16/300 | Acc: 0.2799 | Loss: 2.0569 | eps: 12.14 | P: 1.00 R: 0.00 F1: 0.00
2026-05-02 14:04:19 | DEBUG   | dpfl.core.base_simulator | Update norms — honest: ['2.65', '2.64', '2.65', '2.64', '2.65'], attacker: ['2.65', '2.62', '2.64', '2.65', '2.66']
2026-05-02 14:04:20 | INFO    | dpfl.core.base_simulator | Round  17/300 | Acc: 0.2892 | Loss: 2.0382 | eps: 12.26 | P: 1.00 R: 0.00 F1: 0.00
2026-05-02 14:04:20 | DEBUG   | dpfl.core.base_simulator | Update norms — honest: ['2.64', '2.64', '2.64', '2.63', '2.64'], attacker: ['2.64', '2.63', '2.62', '2.64', '2.64']
2026-05-02 14:04:21 | INFO    | dpfl.core.base_simulator | Round  18/300 | Acc: 0.2964 | Loss: 2.0217 | eps: 12.39 | P: 1.00 R: 0.00 F1: 0.00
2026-05-02 14:04:21 | DEBUG   | dpfl.core.base_simulator | Update norms — honest: ['2.64', '2.63', '2.65', '2.63', '2.65'], attacker: ['2.64', '2.62', '2.63', '2.65', '2.63']
2026-05-02 14:04:21 | INFO    | dpfl.core.base_simulator | Round  19/300 | Acc: 0.3034 | Loss: 2.0053 | eps: 12.52 | P: 1.00 R: 0.00 F1: 0.00
2026-05-02 14:04:21 | DEBUG   | dpfl.core.base_simulator | Update norms — honest: ['2.63', '2.63', '2.65', '2.64', '2.65'], attacker: ['2.63', '2.63', '2.64', '2.64', '2.65']
2026-05-02 14:04:22 | INFO    | dpfl.core.base_simulator | Round  20/300 | Acc: 0.3103 | Loss: 1.9892 | eps: 12.64 | P: 1.00 R: 0.00 F1: 0.00
2026-05-02 14:04:22 | DEBUG   | dpfl.core.base_simulator | Update norms — honest: ['2.65', '2.64', '2.64', '2.64', '2.65'], attacker: ['2.64', '2.63', '2.63', '2.65', '2.64']
2026-05-02 14:04:23 | INFO    | dpfl.core.base_simulator | Round  21/300 | Acc: 0.3181 | Loss: 1.9735 | eps: 12.77 | P: 1.00 R: 0.00 F1: 0.00
2026-05-02 14:04:23 | DEBUG   | dpfl.core.base_simulator | Update norms — honest: ['2.65', '2.65', '2.62', '2.64', '2.63'], attacker: ['2.64', '2.65', '2.65', '2.64', '2.64']
2026-05-02 14:04:24 | INFO    | dpfl.core.base_simulator | Round  22/300 | Acc: 0.3257 | Loss: 1.9555 | eps: 12.89 | P: 1.00 R: 0.00 F1: 0.00
2026-05-02 14:04:24 | DEBUG   | dpfl.core.base_simulator | Update norms — honest: ['2.63', '2.63', '2.64', '2.63', '2.64'], attacker: ['2.64', '2.65', '2.63', '2.64', '2.64']
2026-05-02 14:04:25 | INFO    | dpfl.core.base_simulator | Round  23/300 | Acc: 0.3331 | Loss: 1.9366 | eps: 13.02 | P: 1.00 R: 0.00 F1: 0.00
2026-05-02 14:04:25 | DEBUG   | dpfl.core.base_simulator | Update norms — honest: ['2.62', '2.65', '2.62', '2.63', '2.64'], attacker: ['2.63', '2.65', '2.64', '2.64', '2.64']
2026-05-02 14:04:26 | INFO    | dpfl.core.base_simulator | Round  24/300 | Acc: 0.3389 | Loss: 1.9194 | eps: 13.14 | P: 1.00 R: 0.00 F1: 0.00
2026-05-02 14:04:26 | DEBUG   | dpfl.core.base_simulator | Update norms — honest: ['2.65', '2.63', '2.64', '2.64', '2.63'], attacker: ['2.63', '2.64', '2.64', '2.65', '2.64']
2026-05-02 14:04:26 | INFO    | dpfl.core.base_simulator | Round  25/300 | Acc: 0.3463 | Loss: 1.9011 | eps: 13.27 | P: 1.00 R: 0.00 F1: 0.00
2026-05-02 14:04:26 | DEBUG   | dpfl.core.base_simulator | Update norms — honest: ['2.65', '2.65', '2.63', '2.63', '2.65'], attacker: ['2.65', '2.63', '2.63', '2.64', '2.64']
2026-05-02 14:04:27 | INFO    | dpfl.core.base_simulator | Round  26/300 | Acc: 0.3531 | Loss: 1.8839 | eps: 13.40 | P: 1.00 R: 0.00 F1: 0.00
2026-05-02 14:04:27 | DEBUG   | dpfl.core.base_simulator | Update norms — honest: ['2.64', '2.64', '2.63', '2.63', '2.63'], attacker: ['2.62', '2.65', '2.64', '2.63', '2.65']
2026-05-02 14:04:28 | INFO    | dpfl.core.base_simulator | Round  27/300 | Acc: 0.3582 | Loss: 1.8686 | eps: 13.52 | P: 1.00 R: 0.00 F1: 0.00
2026-05-02 14:04:28 | DEBUG   | dpfl.core.base_simulator | Update norms — honest: ['2.65', '2.65', '2.64', '2.64', '2.64'], attacker: ['2.64', '2.65', '2.65', '2.64', '2.65']
2026-05-02 14:04:29 | INFO    | dpfl.core.base_simulator | Round  28/300 | Acc: 0.3663 | Loss: 1.8499 | eps: 13.65 | P: 1.00 R: 0.00 F1: 0.00
2026-05-02 14:04:29 | DEBUG   | dpfl.core.base_simulator | Update norms — honest: ['2.64', '2.63', '2.63', '2.63', '2.64'], attacker: ['2.65', '2.65', '2.63', '2.66', '2.63']
2026-05-02 14:04:29 | INFO    | dpfl.core.base_simulator | Round  29/300 | Acc: 0.3723 | Loss: 1.8341 | eps: 13.77 | P: 1.00 R: 0.00 F1: 0.00
2026-05-02 14:04:29 | DEBUG   | dpfl.core.base_simulator | Update norms — honest: ['2.63', '2.64', '2.64', '2.65', '2.64'], attacker: ['2.65', '2.64', '2.64', '2.64', '2.63']
2026-05-02 14:04:30 | INFO    | dpfl.core.base_simulator | Round  30/300 | Acc: 0.3793 | Loss: 1.8170 | eps: 13.90 | P: 1.00 R: 0.00 F1: 0.00
2026-05-02 14:04:30 | DEBUG   | dpfl.core.base_simulator | Update norms — honest: ['2.63', '2.65', '2.63', '2.65', '2.64'], attacker: ['2.66', '2.64', '2.64', '2.64', '2.64']
2026-05-02 14:04:31 | INFO    | dpfl.core.base_simulator | Round  31/300 | Acc: 0.3860 | Loss: 1.7982 | eps: 14.02 | P: 1.00 R: 0.00 F1: 0.00
2026-05-02 14:04:31 | DEBUG   | dpfl.core.base_simulator | Update norms — honest: ['2.64', '2.65', '2.64', '2.64', '2.65'], attacker: ['2.65', '2.65', '2.65', '2.65', '2.64']
2026-05-02 14:04:32 | INFO    | dpfl.core.base_simulator | Round  32/300 | Acc: 0.3916 | Loss: 1.7828 | eps: 14.15 | P: 1.00 R: 0.00 F1: 0.00
2026-05-02 14:04:32 | DEBUG   | dpfl.core.base_simulator | Update norms — honest: ['2.64', '2.64', '2.64', '2.63', '2.63'], attacker: ['2.65', '2.65', '2.62', '2.63', '2.63']
2026-05-02 14:04:33 | INFO    | dpfl.core.base_simulator | Round  33/300 | Acc: 0.3967 | Loss: 1.7683 | eps: 14.28 | P: 1.00 R: 0.00 F1: 0.00
2026-05-02 14:04:33 | DEBUG   | dpfl.core.base_simulator | Update norms — honest: ['2.65', '2.65', '2.65', '2.64', '2.63'], attacker: ['2.64', '2.63', '2.64', '2.64', '2.66']
2026-05-02 14:04:33 | INFO    | dpfl.core.base_simulator | Round  34/300 | Acc: 0.4035 | Loss: 1.7512 | eps: 14.40 | P: 1.00 R: 0.00 F1: 0.00
2026-05-02 14:04:33 | DEBUG   | dpfl.core.base_simulator | Update norms — honest: ['2.65', '2.63', '2.64', '2.64', '2.65'], attacker: ['2.64', '2.64', '2.64', '2.64', '2.64']
2026-05-02 14:04:34 | INFO    | dpfl.core.base_simulator | Round  35/300 | Acc: 0.4097 | Loss: 1.7350 | eps: 14.53 | P: 1.00 R: 0.00 F1: 0.00
2026-05-02 14:04:34 | DEBUG   | dpfl.core.base_simulator | Update norms — honest: ['2.63', '2.63', '2.64', '2.64', '2.63'], attacker: ['2.65', '2.64', '2.64', '2.63', '2.64']
2026-05-02 14:04:35 | INFO    | dpfl.core.base_simulator | Round  36/300 | Acc: 0.4151 | Loss: 1.7206 | eps: 14.65 | P: 1.00 R: 0.00 F1: 0.00
2026-05-02 14:04:35 | DEBUG   | dpfl.core.base_simulator | Update norms — honest: ['2.64', '2.63', '2.65', '2.63', '2.63'], attacker: ['2.63', '2.65', '2.63', '2.64', '2.62']
2026-05-02 14:04:36 | INFO    | dpfl.core.base_simulator | Round  37/300 | Acc: 0.4213 | Loss: 1.7037 | eps: 14.78 | P: 1.00 R: 0.00 F1: 0.00
2026-05-02 14:04:36 | DEBUG   | dpfl.core.base_simulator | Update norms — honest: ['2.62', '2.64', '2.64', '2.65', '2.64'], attacker: ['2.64', '2.64', '2.63', '2.63', '2.63']
2026-05-02 14:04:37 | INFO    | dpfl.core.base_simulator | Round  38/300 | Acc: 0.4258 | Loss: 1.6902 | eps: 14.91 | P: 1.00 R: 0.00 F1: 0.00
2026-05-02 14:04:37 | DEBUG   | dpfl.core.base_simulator | Update norms — honest: ['2.64', '2.65', '2.63', '2.64', '2.64'], attacker: ['2.64', '2.63', '2.63', '2.63', '2.65']
2026-05-02 14:04:37 | INFO    | dpfl.core.base_simulator | Round  39/300 | Acc: 0.4312 | Loss: 1.6754 | eps: 15.03 | P: 1.00 R: 0.00 F1: 0.00
2026-05-02 14:04:37 | DEBUG   | dpfl.core.base_simulator | Update norms — honest: ['2.64', '2.64', '2.64', '2.64', '2.64'], attacker: ['2.63', '2.62', '2.62', '2.66', '2.64']
2026-05-02 14:04:38 | INFO    | dpfl.core.base_simulator | Round  40/300 | Acc: 0.4377 | Loss: 1.6581 | eps: 15.16 | P: 1.00 R: 0.00 F1: 0.00
2026-05-02 14:04:38 | DEBUG   | dpfl.core.base_simulator | Update norms — honest: ['2.64', '2.64', '2.64', '2.63', '2.64'], attacker: ['2.64', '2.65', '2.64', '2.64', '2.64']
2026-05-02 14:04:39 | INFO    | dpfl.core.base_simulator | Round  41/300 | Acc: 0.4438 | Loss: 1.6413 | eps: 15.28 | P: 1.00 R: 0.00 F1: 0.00
2026-05-02 14:04:39 | DEBUG   | dpfl.core.base_simulator | Update norms — honest: ['2.63', '2.63', '2.65', '2.64', '2.64'], attacker: ['2.63', '2.63', '2.64', '2.64', '2.64']
2026-05-02 14:04:40 | INFO    | dpfl.core.base_simulator | Round  42/300 | Acc: 0.4492 | Loss: 1.6269 | eps: 15.41 | P: 1.00 R: 0.00 F1: 0.00
2026-05-02 14:04:40 | DEBUG   | dpfl.core.base_simulator | Update norms — honest: ['2.64', '2.64', '2.64', '2.64', '2.64'], attacker: ['2.64', '2.64', '2.63', '2.65', '2.65']
2026-05-02 14:04:41 | INFO    | dpfl.core.base_simulator | Round  43/300 | Acc: 0.4564 | Loss: 1.6089 | eps: 15.53 | P: 1.00 R: 0.00 F1: 0.00
2026-05-02 14:04:41 | DEBUG   | dpfl.core.base_simulator | Update norms — honest: ['2.63', '2.64', '2.65', '2.62', '2.64'], attacker: ['2.64', '2.64', '2.63', '2.64', '2.64']
2026-05-02 14:04:41 | INFO    | dpfl.core.base_simulator | Round  44/300 | Acc: 0.4600 | Loss: 1.5977 | eps: 15.66 | P: 1.00 R: 0.00 F1: 0.00
2026-05-02 14:04:41 | DEBUG   | dpfl.core.base_simulator | Update norms — honest: ['2.65', '2.64', '2.64', '2.62', '2.63'], attacker: ['2.66', '2.64', '2.63', '2.62', '2.63']
2026-05-02 14:04:42 | INFO    | dpfl.core.base_simulator | Round  45/300 | Acc: 0.4641 | Loss: 1.5850 | eps: 15.79 | P: 1.00 R: 0.00 F1: 0.00
2026-05-02 14:04:42 | DEBUG   | dpfl.core.base_simulator | Update norms — honest: ['2.63', '2.63', '2.66', '2.65', '2.63'], attacker: ['2.62', '2.63', '2.63', '2.64', '2.64']
2026-05-02 14:04:43 | INFO    | dpfl.core.base_simulator | Round  46/300 | Acc: 0.4691 | Loss: 1.5709 | eps: 15.91 | P: 1.00 R: 0.00 F1: 0.00
2026-05-02 14:04:43 | DEBUG   | dpfl.core.base_simulator | Update norms — honest: ['2.64', '2.64', '2.65', '2.63', '2.63'], attacker: ['2.64', '2.64', '2.64', '2.64', '2.63']
2026-05-02 14:04:44 | INFO    | dpfl.core.base_simulator | Round  47/300 | Acc: 0.4751 | Loss: 1.5545 | eps: 16.04 | P: 1.00 R: 0.00 F1: 0.00
2026-05-02 14:04:44 | DEBUG   | dpfl.core.base_simulator | Update norms — honest: ['2.63', '2.65', '2.64', '2.63', '2.63'], attacker: ['2.64', '2.64', '2.65', '2.63', '2.63']
2026-05-02 14:04:44 | WARNING | dpfl.algorithms.fedavg.simulator | Round  47/300 | Budget exceeded (eps=16.04)
2026-05-02 14:04:45 | INFO    | dpfl | Experiment complete in 222.3s
============================================================
REPORT: DP-SGD Decentralized Federated Learning
============================================================
Timestamp:                  20260502_140101
Rounds completed:           47
Attack-active rounds:       0  (from round 50)
Final accuracy:             0.4751
Final test loss:            1.5545
Final epsilon:              16.04
Best alpha:                 2.0
Avg precision:              0.0000
Avg recall:                 0.0000
Avg F1 score:               0.0000
Avg update norm (honest):   2.6393
Avg update norm (attacker): 2.6394
============================================================
